
RCS file: /cvs/xconq/xconq/kernel/atype.def,v
Working file: atype.def
head: 1.3
branch:
locks: strict
access list:
symbolic names:
	xconq-7_4_1-release: 1.3
	xconq-7_4-branch: 1.3.0.4
	xconq-7_4-branchpoint: 1.3
	xtconq-pre-removal: 1.3
	xconq-7_3_3-release: 1.3
	xconq-7_3_2-release: 1.3
	xconq-7_3_1-release: 1.3
	xconq-7_3-branch: 1.3.0.2
	xconq-7_3-branchpoint: 1.3
keyword substitution: kv
total revisions: 3;	selected revisions: 3
description:
----------------------------
revision 1.3
date: 2000/04/07 17:23:26;  author: shebs;  state: Exp;  lines: +0 -8
	* atype.def (char, occurrence): Remove, never used.
	* help.c (describe_game_design): Remove ref to a_char.
	(describe_utype): Add more info about production tables.
----------------------------
revision 1.2
date: 1999/05/04 05:08:49;  author: shebs;  state: Exp;  lines: +0 -4
        * atype.def, mtype.def, ttype.def (available): Remove.
        * utype.def (available): Allow negative values, as doc'ed.
        * keyword.def (battle, silhouette): Remove.
        * actions.c (distribute_material): Check for unit trust.
        * imf.h (Image style): Remove.
        (ImageFamily preferred_style): Remove.
        * imf.c: Remove style references everywhere.
        (interp_image): No longer recognize silhouette keyword.
        * ui.c: Ditto.
        * init.c (check_game_validity): Remove availability checks,
        add test of u_wrecked_type value.
        * nlang.c (task_desc): Describe pickup task.
        * read.c: Remove recognition of K_BATTLE.
        * run2.c (run_economy): Rewrite to scan needy units in second
        pass.
        (need_left, try_sharing_need): New functions.
        * world.c (search_and_apply): Terminate early if pred fails.
----------------------------
revision 1.1
date: 1999/04/28 19:36:22;  author: shebs;  state: Exp;
Initial checkin.
=============================================================================
