
RCS file: /cvs/xconq/xconq/kernel/config.h,v
Working file: config.h
head: 1.28
branch:
locks: strict
access list:
symbolic names:
	xconq-7_4_1-release: 1.9
	xconq-7_4-branch: 1.9.0.2
	xconq-7_4-branchpoint: 1.9
	xtconq-pre-removal: 1.7
	xconq-7_3_3-release: 1.4
	xconq-7_3_2-release: 1.4
	xconq-7_3_1-release: 1.4
	xconq-7_3-branch: 1.4.0.2
	xconq-7_3-branchpoint: 1.4
keyword substitution: kv
total revisions: 28;	selected revisions: 28
description:
----------------------------
revision 1.28
date: 2004/07/16 00:35:42;  author: ronne;  state: Exp;  lines: +7 -0
Improve the blurb code.
----------------------------
revision 1.27
date: 2004/07/05 16:54:15;  author: mcdonald;  state: Exp;  lines: +1 -1
Help Cygwin build Tkconq using ActiveTcl.
Continue remodel of configure/make system.
----------------------------
revision 1.26
date: 2004/07/05 00:21:09;  author: mcdonald;  state: Exp;  lines: +5 -0
Improvements to and remodeling of the configure/make system.
----------------------------
revision 1.25
date: 2004/06/19 21:53:13;  author: mcdonald;  state: Exp;  lines: +6 -0
Transplant type-based ACP computations to more ubiquitously cited files.
Make a substitute implementation of 'offsetof' more widely available.
More improvements to the help system.
Add a TODO note regarding ACP computations.
----------------------------
revision 1.24
date: 2004/05/02 22:19:18;  author: mcdonald;  state: Exp;  lines: +0 -14
Revert to the pathfinder in use prior to 2003/11/13.
Add appropriate replacements for useful elements of post-2003/11/13 pathfinder.
----------------------------
revision 1.23
date: 2004/01/19 21:07:36;  author: mcdonald;  state: Exp;  lines: +5 -2
Improve victim rating computation.
Improve performance of non-networked games.
Add new macro routines for debugging.
Add new search algorithm.
----------------------------
revision 1.22
date: 2004/01/16 06:33:10;  author: mcdonald;  state: Exp;  lines: +4 -1
Unify victim finding for capturing, firing, and attacking.
Make new victim finder the one and only.
Fix bug in UI move-to checking.
----------------------------
revision 1.21
date: 2004/01/10 20:49:10;  author: mcdonald;  state: Exp;  lines: +4 -0
Add new files for general AI/UI utility functions.
Start adding more AI-related functions to "ai_" namespace.
Include 'assert.h' in a master header instead of various and sundry sources.
Rewrite 'could_hit' in terms of new functions.
Begin migrating general AI/UI utility functions to 'aiutil'.
Create some new general AI/UI utility functions in 'aiutil'.
Improve victim finder by rejecting unreachable targets.
----------------------------
revision 1.20
date: 2003/12/28 20:53:24;  author: mcdonald;  state: Exp;  lines: +12 -1
Remove unneeded subtarget for making tarballs.
Implement tables of packed booleans.
Provide a toggle-switch for long-range pathfinding.
Improve efficiency of movement/pathfinding code on average.
Improve AI victim-finding to prevent concentrating too many units on 1 target.
----------------------------
revision 1.19
date: 2003/12/26 06:02:35;  author: mcdonald;  state: Exp;  lines: +5 -0
Rewritten victim-finding code for the AI.
The start of better resupply logic.
Improve and add some segfault prevention code.
Cosmetic improvements to some code.
Enhancements to Bellum Aeternum.
----------------------------
revision 1.18
date: 2003/12/14 03:37:47;  author: ronne;  state: Exp;  lines: +19 -20
Add support for network games in file saving code.
----------------------------
revision 1.17
date: 2003/12/13 18:03:16;  author: mcdonald;  state: Exp;  lines: +43 -0
Start conversion to new file naming schema.
Fix typos in aclocal.m4.
----------------------------
revision 1.16
date: 2003/11/30 22:25:21;  author: mcdonald;  state: Exp;  lines: +5 -0
Address another possible Tcl/Tk buffer overrun.
Plug a possible memory leak in Tcl/Tk map code.
----------------------------
revision 1.15
date: 2003/11/21 04:28:37;  author: mcdonald;  state: Exp;  lines: +1 -10
Fix some breakage related to timestuff transplant.
----------------------------
revision 1.14
date: 2003/11/19 05:00:07;  author: mcdonald;  state: Exp;  lines: +12 -0
Move time-related missing implementations to new 'missing/util' dir.
Miscellaneous improvements to the configure system.
Minor tweak to Bellum Aeternum.
----------------------------
revision 1.13
date: 2003/11/10 00:28:31;  author: mcdonald;  state: Exp;  lines: +10 -0
Finish hooking in missing functions support.
Provide buffer overflow protection in Xconq's tprintf() functions.
Cosmetic fix to configure.in.
----------------------------
revision 1.12
date: 2002/08/11 21:46:00;  author: ronne;  state: Exp;  lines: +4 -0
Fix MAXSIDES-related crashes. Improve firing code.
----------------------------
revision 1.11
date: 2002/07/31 20:40:08;  author: ronne;  state: Exp;  lines: +65 -35
Add Doxygen comments to kernel includes.
----------------------------
revision 1.10
date: 2000/12/18 16:50:48;  author: shebs;  state: Exp;  lines: +0 -27
	Eliminate the macros MAXUTYPES, MAXTTYPES, MAXMTYPES, and
	MAXATYPES, size all type handling dynamically.
	* config.h (MAXUTYPES, MAXTTYPES, MAXMTYPES, MAXATYPES): Remove.
	* game.h (NONUTYPE, NONTTYPE, NONMTYPE, NONATYPE): Define to be -1.
	(count_terrain_subtypes, numcelltypes, numbordtypes, numconntypes,
	numcoattypes): Declare here instead of in world.h.
	(tmp_u_array, tmp_t_array): Declare.
	* gvar.def (edge-terrain, river-sink-terrain): Don't use type
	bounds.
	* table.def (adjacent-terrain-effect, terrain-exhaustion-type): Ditto.
	* utype.def (obsolete, wrecked-type): Ditto.
	* generic.c (count_terrain_subtypes, numcelltypes, etc): Move here
	from world.c.
	(tmp_u_array, tmp_t_array): New globals.
	(curmaxutypes, curmaxmtypes, curmaxttypes, curmaxatypes): Set to
	defaults convenient for the first allocation.
	(create_unit_type): New function.
	(disallow_more_unit_types, disallow_more_terrain_types): New functions.
	(allocate_table): Use them.
	* help.c (tm_table_row_desc): Remove, never used.
	* init.c (check_game_validity): Call disallow_* to make sure
	some type arrays are computed and cached.
	(calculate_globals): Ditto.
	(make_initial_materials): Use tmp_t_array.
	* mkrivers.c (make_up_river_borders): Ditto.
	* mkterr.c (elev_range, elev_lo, elev_hi, raw_range, raw_lo,
	raw_hi): New static globals.
	(compose_area, compose_earthlike_area): Use them.
	(make_random_terrain, fix_adjacent_terrain,
	flatten_liquid_terrain): Use tmp_t_array.
	* mkunits.c (make_countries): Dynalloc local arrays.
	(country_is_complete, make_independent_units): Use tmp_u_array.
	* nlang.c (ohd_nums, ohd_incomplete): New static globals.
	(others_here_desc, occupants_desc): Use them.
	* plan.c (plan_colonize_support): Use tmp_u_array.
	(gctc_supply): New static global.
	(good_cell_to_colonize): Use it.
	* ps.c (summary_of_seen_units_at): Use tmp_u_array.
	* read.c (default_supply): Remove, no longer to use.
	(init_predefined_symbols): Remove its setup.
	(interp_unit_default): Similarly.
	(interp_unit): Don't use default_supply.
	(interp_utype): Remove test for too many types, call
	create_unit_type.
	(interp_ttype, interp_mtype, interp_atype): Remove tests
	for too many types.
	(too_many_types): Remove, no longer needed.
	(rd_u_arr): New static global.
	(interp_standing_order, read_utype_doctrine): Use it.
	* run.c (rau_incrs): New static global.
	(run_advanced_units): Use it.
	(apr_type): New static global.
	(auto_pick_unit_research, auto_pick_side_research): Use it.
	(auto_pick_new_build_task): Use tmp_u_array.
	* run2.c (ttotals, uttotals): New static globals.
	(run_economy): Use them.
	* score.c (sum_property): Use tmp_u_array.
	* side.c (new_doctrine): Call disallow_more_unit_types.
	* supply.c (mad): New static global.
	(init_supply_system): Set it up.
	* unit.c (create_unit): Allocate numlivebytype and completenesses.
	(oc_numtypes): New static global.
	(can_occupy_unit): Use it.
	(toc_numtypes, type_can_occupy_cell): Similarly.
	(ocw_numtypes, can_occupy_cell_without): Similarly.
	(tocw_numtypes, type_can_occupy_cell_without): Similarly.
	(conn_num_types, can_occupy_conn_1): Similarly.
	(can_carry, type_can_occupy): Use tmp_u_array.
	(num_each_type, shared_each_type): New static globals.
	(eject_excess_occupants): Use them.
	(shortest_unique_name): Dynalloc firstuniq, use it as flag
	instead of shortestdone.
	(shortest_generic_name): Similarly.
	* write.c (write_table): Increase histogram size.

	* ai.c (atc_type): New static global.
	(assign_to_colonize): Use it.
	(pbt_prefs, pbt_fringe_terrain, pbt_enemy_types,
	pbt_num_to_transport): New static globals.
	(preferred_build_type): Use them.
	* ai.h (Strategy): Declare strengths etc as arrays of pointers
	instead of 2D arrays, unitlist and unitlistcount as pointers.
	(Theater): Similarly for numassigned, numneeded, etc.
	(strength_est, etc): New macros (not used yet).
	* iplayer.c (iru_numoffensive, iru_numdefensive): New static globals.
	(iplayer_review_units): Use them.
	* mplayer.c (mplayer_create_strategy): Allocate strength arrays.
	(create_theater): Dynalloc numassigned etc fields.
	(estimate_strengths, mplayer_read_strengths, mplayer_save_state):
	Change to pointer-to-pointer refs.
	(mru_numoffensive, mru_numdefensive): New static globals.
	(mplayer_review_units): Use them.
	* oplayer.c: Similarly.

	* cmd.c (gt_amts, gt_rslts): New static globals.
	(do_one_give, do_one_take): Use them.
	* ui.h (VP draw_materials): Make into a pointer.
	* ui.c (new_vp): Allocate draw_materials field.

	* maccmd.c (do_one_add_terrain): Use tmp_t_array.
	* macwins.c (side_research_dialog): Make participants static global.

	* tkconq.h (UI material_color, etc): Change from array to pointer.
	(UI cell_color, cell_shades): Rename from cellcolor and cellshades.
	(UI best_timages): Similarly.
	(UI unitpics, unitmasks, bestmimages): Remove, not used.
	(Map uvec, ustr, tvec, tstr): Change from array to pointer.
	* tkcmd.c (do_add_terrain, do_remove_terrain): Use tmp_t_array.
	(do_build): Use tmp_u_array.
	* tkinit.c (utype_indexes, mtype_indexes): Change to pointers.
	(init_display): Remove inits of unused fields, alloc space for
	cell_shades and material_color.
	(init_material_images): Remove setup of bestmimages.
	(init_terrain_images): Allocate for best_timages and terrpics.
	(init_shades): Use array-of-array refs to cell_shades.
	* tkmain.c (last_num_units_in_play, last_num_units_incomplete):
	Change from arrays to pointers.
	(init_redraws, update_unit_type_list): Allocate them.
	(create_map): Alloc map uvec, ustr, etc.
	* tkmap.c: Update refs to renamed fields.
	(MapW draw_aux_terrain, draw_materials): Make into pointers.

	* ccmd.c (do_build): Use tmp_u_array.
	* cconq.c (init_display): Use numutypes to size allocs.
	(ask_unit_type, ask_terrain_type): Use array of int instead of short.
	* cdraw.c (draw_type_list_entry): Init lasttypevisible from numutypes.

	* cconq.c (do_dir_2): Fix a variable name.
	* cconq.h: Use #else instead of #elif.
----------------------------
revision 1.9
date: 2000/11/27 15:33:21;  author: shebs;  state: Exp;  lines: +5 -6
	Remove wired-in list of AI types.
	* config.h (numaitypes): Remove.
	(MAXAITYPES): New macro.
	* ai.h (enum AIType): Remove.
	(AI_ops): Move back to here from conq.h.
	(Strategy type): Remove field.
	* ai.c (mplayer_ops, iplayer_ops, oplayer_ops): Remove.
	(numaitypes): New global.
	(all_ai_ops): Make static array of ops, instead of pointers to ops.
	(init_ai_types): Call registration functions.
	(ai_type_name): Re-enable.
	(next_ai_type_name, ai_type_help, etc): Fix refs to all_ai_ops.
	(next_ai_type_name, init_ai, etc): Fix AI type iteration.
	* iplayer.c (register_iplayer): New function.
	(iplayer_ops): Remove.
	(iplayer_create_strategy): Don't init type.
	* mplayer.c (register_mplayer): New function.
	(mplayer_ops): Remove.
	(mplayer_create_strategy): Don't init type.
	* oplayer.c (register_oplayer): New function.
	(oplayer_ops): Remove.
	(oplayer_create_strategy): Don't init type.

	* macmenus.c (build_ai_type_menu): Use next_ai_type_name to
	iterate over AI types.
	(adjust_menus): Iterate over AI type menu entries instead of
	using numaitypes.

	* ai.c (ai_go_after_victim, etc): Don't assume mplayer in debug
	output.
	(unit_strength): Remove, never used.
----------------------------
revision 1.8
date: 2000/11/05 19:47:01;  author: shebs;  state: Exp;  lines: +1 -1
	Add an old copy of the mplayer for comparison purposes, call it
	"oplayer".
	* kernel/oplayer.c: New file, 7.3.3 version of mplayer, updated.
	* kernel/Makefile.in (OBJS): Add oplayer.o.
	* config.h (numaitypes): Increment.
	* ai.h (oplayertype): New enum value.
	* ai.c (init_ai_types): Add oplayer.

	Add help info for AI types.
	* ai.h (AI_ops help): New field, brief info about AI.
	* ai.c (ai_type_name, ai_type_help): New functions.
	* iplayer.c (iplayer_ops): Add help field.
	* mplayer.c (mplayer_ops): Ditto.

	* mplayer.c: Use side->id instead of side_number() throughout.
	(rethink_plan): Sit still if we found a transport to accelerate
	with.
	* tp.c (net_push_sentry_task): New function.
----------------------------
revision 1.7
date: 2000/08/11 03:16:04;  author: shebs;  state: Exp;  lines: +0 -9
	* config.h (INITMAXUTYPES, etc): Remove, never used.
	* game.h (for_all_possible_unit_types, etc): Ditto.
	* help.c (u_histogram, t_histogram, etc): New globals.
	(u_property_desc, t_property_desc, uu_table_row_desc, etc): Use as
	dynalloced space instead of fixed-size arrays.
	* unit.h (Unit uihook): Remove, never used.
	* ui.h (VP aux_terrain_types): Remove, made into global.
	(VP draw_aux_terrain): Make into a pointer.
	(VP newest_to_show, fade_terrain, lowest_altitude,
	highest_altitude): Remove, never used.
	* ui.c (new_vp): Allocate vp->draw_aux_terrain.
	* world.c (aux_terrain_type_index): New global.
	(count_terrain_subtypes): Alloc and fill in.

	* macmap.c (create_map): Remove set of vp->aux_terrain_types.
	* macmenus.c (do_menu_command): Use aux_terrain_type_index to
	set terrain type submenu.

	* tkmap.c (Map aux_terrain_types): Remove, never used.
----------------------------
revision 1.6
date: 2000/07/03 16:43:37;  author: shebs;  state: Exp;  lines: +0 -5
	Change unit viewing to use view objects instead of a layer.
	* unit.h (UnitView): New struct.
	* side.h (Side unitview, unitviewdate): Remove.
	(Side unit_views): New field.
	(for_all_view_stack): New macro.
	(unit_view, set_unit_view, builduview, vside, vtype, vhp, EMPTY,
	appears_empty, vside_indep, unit_view_date, set_unit_view_date):
	Remove, no longer used.
	* config.h (MAXVIEWHISTORY): Remove, no longer used.
	* side.c (init_view): Remove unit view layer init.
	(unit_view_at, unit_view_next, add_unit_view, remove_unit_view,
	mistake_view): New functions.
	(fn_set_unit_view, fn_set_unit_view_date): Remove.
	(side_sees_image, all_see_leave, reset_all_views,
	react_to_seen_unit, see_cell, see_exact, paint_view_1): Rewrite to
	use view objects.
	* ai.c (enemies_present): Ditto.
	* iplayer.c (preferred_build_type): Ditto.
	* mkroads.c (unit_sees_other_unit): Ditto.
	* mplayer.c (review_theaters, estimate_strengths,
	preferred_build_type): Ditto.
	* plan.c (alternate_target_here, victim_here, target_here,
	indep_captureable_here, useful_captureable_here,
	can_capture_neighbor): Ditto.
	* ps.c (sideno_of_seen_unit_at): Ditto.
	* run2.c (unit_revolt, visible_to): Ditto.
	* task.c (target_visible): Ditto.
	* ui.c (oneliner, dump_text_view
	* cdraw.c (draw_units, draw_legend, show_closeup): Ditto.
	* xdraw.c (draw_map_info, etc): Ditto.
	* macdesign.c (apply_designer_tool): Ditto.
	* macrow.c (draw_units): Ditto.
	* tkmain.c (update_mouseover): Ditto.
	* tkmap.c (draw_units, handle_designer_mouse_down): Ditto.
	(x_xform_unit_view): New function.

	* init.c (init_all_views): Fold in init_view_2, comment out
	unit view clearing.
	* plan.c (threat, usable_cell): Comment out, not used apparently.
	* read.c (fill_in_side): Comment out unit view reading.
	* ui.c, ui.h (xform_unit_view_: New function.
	(utype_seen_at): Comment out unit view case.
	* write.c (fn_unit_view, fn_unit_view_date): Remove.
	(write_side_view): Write unit view list instead of layer.

	* cmdline.h (make_default_player_spec): Move decl to here
	from cmdline.c.
	* skelconq.c, wconq.c, xconq.c, xtconq.c, xtmain.c: Remove decls
	that are in cmdline.h.
	* tkmain.c: Ditto, and include cmdline.h.
	* cconq.c (make_default_player_spec): New function.

	* tkmain.c (tk_reset_popup_flag): New tcl command.

	* nlang.c (medium_long_unit_handle): Remove unused local.
----------------------------
revision 1.5
date: 2000/06/20 16:23:43;  author: shebs;  state: Exp;  lines: +0 -9
	* config.h: Remove ANSI_PROTOTYPES and __STDC__ conditionals.
	* misc.h (PARAMS): Remove decl.
	* obstack.h, obstack.c: Remove uses of PARAMS and ANSI_PROTOTYPES.
	* macinit.c, macmenus.c, macmouse.c: Ditto.
	* xcmd.c, xdesign.c, xhelp.c, ximf.c, xinit.c, xprint.c, xtmain.c:
	Ditto.

	* iplayer.c, mkrivers.c, mplayer.c, run.c, util.c, write.c: Remove
	some redundant function decls.
	* macwins.c: Ditto.
	* tkimf.c: Remove unused decl.
----------------------------
revision 1.4
date: 1999/11/18 03:36:40;  author: shebs;  state: Exp;  lines: +9 -11
	* config.h (SCOREFILE): Now default to scores.xcq.
	(STATSFILE): Now default to stats.txt.
	(SAVEFILE): Now default to save.xcq.
	(CHECKPOINTFILE): Now default to check.xcq.
	(ERRORFILE): Now default to ERRsave.xcq.
	(PREFERENCESFILE): Define here instead of in unix.c and win32.c.
	* unix.c (PREFERENCESFILE): Remove defn.
	* win32.c (PREFERENCESFILE, SCOREFILE): Remove defns.
----------------------------
revision 1.3
date: 1999/10/28 23:19:49;  author: ronne;  state: Exp;  lines: +1 -1
Add iplayer.
----------------------------
revision 1.2
date: 1999/06/01 19:39:38;  author: shebs;  state: Exp;  lines: +6 -1
Tue Jun  1 18:41:59 1999  Hans Ronne  <ronne@bmc.uu.se>
	* combat.c, conq.h, game.h, help.c, init.c, keyword.def,
 	mkunits.c, move.c, mplayer.c, plan.def, read.c, run.c, run2.c,
 	score.c, side.h, supply.c, table.def, ui.c, unit.c, unit.h,
 	utype.def, world.c, world.h, write.c, maccmd.c, maccolors.c,
 	macconq.h, macdefs.h, macdraw.c, macinit.c. maclist.c, macmap.c,
 	macmenus.c, macmouse.c, macprefs.c, macrow.c. macwins.c: Remove
 	old change markers.
	* actions.c (transfer_supply): Disable use of indepside treasury.
	(do_create_in_action): Make separate call to has_advance_to_build.
	(do_create_in_action): Use the builders stash of cps if allowed.
	(do_create_in_action): Fix null side treasury crashes.
	(check_create_common): Make separate call to has_advance_to_build.
	(check_create_common): Fix null side treasury crashes.
	(set_created_unit_props): Turn on automation for indeps & AI
 	controlled sides.
	(do_create_at_action): Make separate call to has_advance_to_build.
	(do_create_at_action): Use the builders stash of cps if allowed.
	(do_create_at_action): Fix null side treasury crashes.
	(make_unit_complete): Fix null actionvector crashes at turn zero.
	(do_transfer_part_action): Make separate call to
 	has_advance_to_build.
	(check_change_type_action): Add separate call to
 	has_advance_to_build.
	* ai.c (numaitypes): Move to config.h to make it globally
 	accessible.
	(set_side_ai): Turn on automation for indeps & AI controlled
 	sides.
	(ai_update_plan): New function.
	(goal_truth): Handle GOAL_UNIT_OCCUPIED and GOAL_COLONIZE.
	(ai_init_shared): Call set_u_is_ground_mobile etc.
	(ai_init_shared): Set u_colonizer.
	(ai_init_shared): Call set_u_offensive_worth etc.
	(ai_init_shared): Set u_naval_mobile, u_ground_mobile and
 	u_facility.
	(offensive_worth): New function.
	(defensive_worth): New function.
	(exploring_worth): New function.
	(colonizing_worth): New function.
	(facility_worth): New function.
	(siege_worth): New function.
	(random_worth): New function.
	(set_u_offensive_worth): New function.
	(set_u_defensive_worth): New function.
	(set_u_explorer_worth): New function.
	(set_u_colonizer_worth): New function.
	(set_u_facility_worth): New unction.
	(set_u_random_worth): New function.
	(set_u_siege_worth): New function.
	(set_u_is_ground_mobile): New function.
	(set_u_is_naval_mobile): New function.
	(set_u_is_air_mobile): New function.
	(set_u_is_advanced): New function.
	(set_u_is_colonizer): New function.
	(set_u_is_facility): New function.
	* ai.h (a_ai_op): Add (*to_update_plan).
	(ai_update_plan): Prototype new function.
	(offensive_worth, defensive_worth, etc): New prototype.
	* combat.c (do_overrun_action): Make ovverun after fire possible.
	(check_overrun_action): Make overrun after fire & into empty cell
 	possible.
	(do_fire_at_action): Use SideMask code to handle fire display.
	(do_fire_at_action): Permit attempt to capture after fire from
 	adjacent cell.
	(do_fire_into_action): Use SideMask code to handle fire display.
	(maybe_hit_unit): Support uu_cellwide_protection_against.
	(maybe_hit_unit): Support uu_cellwide_protection_for.
	(maybe_hit_unit): Use SideMask code to handle hit display.
	(maybe_hit_unit): Fix occupant recursion bug.
	(attempt_to_capture_unit): Support uu_cellwide_protection_against.
	(attempt_to_capture_unit): Support uu_cellwide_protection_for.
	(detonate_on_cell): Use for_all_stack_with_occs instead of
 	for_all_stack.
	(can_capture_directly): New function.
	(type_can_capture_directly): New function.
	(type_can_carry): New function.
	(occ_can_defend_transport): New function.
	* config.h (MAXATYPES): Increase to 254.
	(numaitypes): Move here from ai.c to make it globally accessible.
	* conq.h (advanced_utypes etc): Remove.
	(numadv etc): Remove.
	(can_extract_at): Prototype.
	(can_load_at): Prototype.
	(can_capture_directly): Prototype.
	(type_can_capture_directly): Prototype.
	(type_can_carry): Prototype.
	(occ_can_defend_transport): Prototype.
	(has_advance_to_build): Prototype.
	(unit_actually_visible): New prototype.
	* game.h (for_all_advanced_utypes, etc): Remove.
	* goal.def (GOAL_UNIT_OCCUPIED, GOAL_COLONIZE): New goals.
	* gvar.def (g_default_runlength): New name for
 	g_ai_build_runlength.
	(g_disable_standard_economy): New gvar.
	(g_disband_unfinished_units): New gvar.
	(g_salvage_unfinished_cps): New gvar.
	(g_salvage_unfinished_materials): New gvar.
	(g_ai_advanced_unit_separation): New gvar.
	(g_ai_badtask_remove_chance): New gvar.
	(g_ai_badtask_max_retries): New gvar.
	(g_ai_badtask_reserve_chance): New gvar.
	(g_units_may_go_into_reserve): New gvar.
	(g_units_may_go_to_sleep): New gvar.
	* help.c (may_detonate): Prototype.
	(describe_utype): Make display of Material Handling conditional.
	(describe_utype): Add "None" option to required advances code.
	(u_property_desc, etc): Add spaces after commas to permit new
 	lines.
	(append_help_phrase): Add more dashes and an extra linefeed.
	* imf.c (interp_image): Disable palette run warning on the Mac.
	* init.c (advanced_utypes etc): Remove.
	(final_init): Remove call to setup_utype_vectors.
	(setup_utype_vectors): Remove function.
	* kernel.h (go_after_captive): New prototype.
	(attack_can_damage_or_capture): New prototype.
	(fire_can_damage_or_capture): New prototype.
	(real_capture_chance): New prototype.
	* keyword.def (K_AUTOPLAN): New keyword.
	(K_CP_STASH): New keyword.
	* kpublic.h (net_resume_build_task): New extern prototype.
	* mac.c: Include MacTypes.h ifdef NEW_HEADERS, else include
 	Types.h.
	* mkunits.c (make_countries): Add separate call to
 	has_advance_to_build.
	(place_unit): Add separate call to has_advance_to_build.
	* move.c (do_move_action): Fix u2->nu2 typo & remove nu2
 	declaration.
	(do_enter_action): Fix u2->nu2 typo & remove nu2 declaration.
	* mplayer.c: Include kernel.h.
	(assign_to_defend_unit): Prototype new function.
	(assign_to_defend_cell): Prototype new function.
	(assign_to_defend_vicinity): Prototype new function.
	(mplayer_update_plan): Prototype new function.
	(defended_by_occupants): Prototype new function.
	(mplayer_ops): Add mplayer_update_plan.
	(update_unit_plans_randomly): Support g_units_may_go_into_reserve.
	(update_unit_plans_randomly): Support g_units_may_go_to_sleep.
	(mplayer_decide_plan): Skip for advanced units.
	(mplayer_decide_plan): Use u_colonizer_worth instead of
 	u_colonizer.
	(mplayer_update_plan): New function.
	(need_this_type_to_build_explorers): Check that we can build the
 	desired type.
	(assign_to_colonize): Rewrite. Use GOAL_COLONIZE and
 	PLAN_COLONIZING.
	(assign_to_improve): Clear task agenda and set NULL goal.
	(type_can_build_attackers): Check that we can build the desired
 	type.
	(type_can_build_colonizers): Add separate call to
 	has_advance_to_build.
	(type_can_build_colonizers): Use u_colonizer_worth instead of
 	u_colonizer.
	(preferred_build_type): Also count enemy occs by using
 	for_all_stack_with_occs.
	(preferred_build_type): Add separate call to has_advance_to_build.
	(preferred_build_type): Use u_colonizer_worth instead of
 	u_colonizer.
	(defended_by_occupants): New function.
	(assign_to_defense): Rewrite. Handle defense of units.
	(assign_to_defend_unit): New function.
	(assign_to_defend_cell): New function.
	(assign_to_defend_vicinity): New function.
	(assign_to_defend_theater): New function.
	(mplayer_adjust_plan): Skip for advanced units.
	(mplayer_adjust_plan): Add PLAN_COLONIZING & PLAN_IMPROVING.
	(mplayer_adjust_plan): Support g_units_may_go_into_reserve.
	(build_base_for_self): Check that we can build the desired type.
	(build_base_for_others): Check that we can build the desired type.
	(build_depot_for_self): Check that we can build the desired type.
	(rethink_plan): Support g_units_may_go_into_reserve.
	* plan.c: (execute_plan): Skip for advanced units.
	(execute_plan): Mark obsolete try code.
	(execute_plan): Support g_units_may_go_into_reserve.
	(execute_plan): Call ai_update_plan before execution.
	(plan_offense): Handle GOAL_UNIT_OCCUPIED and GOAL_CELL_OCCUPIED.
	(plan_offense): Support g_units_may_go_into_reserve.
	(plan_offense): Support g_units_may_go_to_sleep.
	(self_build_base_for_self): Check that we can build the desired
 	type.
	(plan_offense_support): Check that we can build the desired type.
	(plan_defense): Handle GOAL_UNIT_OCCUPIED and GOAL_CELL_OCCUPIED.
	(plan_defense): Call go_after_victim also for unit that can fire.
	(plan_defense): Use u_ai_tactical_range.
	(plan_defense): Support g_units_may_go_into_reserve.
	(plan_colonize): Rewrite. Use GOAL_COLONIZE.
	(plan_colonizer_support): Add separate call to
 	has_advance_to_build (2 times).
	(plan_colonizer_support): Use u_colonizer_worth instead of
 	u_colonizer.
 	(plan_improve): Add separate call to has_advance_to_build (2
 	times).
 	(good_cell_to_colonize): Rewrite. Check for presence of other
 	unit.  Check size goal for ALL advanced utypes. Remove check for
 	nearby enemy units.
	(plan_exploration): Support g_units_may_go_into_reserve.
	(plan_exploration): Handle GOAL_UNIT_OCCUPIED and
 	GOAL_CELL_OCCUPIED.
	(plan_exploration): Support g_units_may_go_to_sleep.
	(plan_explorer_support): Check that we can build the desired type.
	(victim_here): Also count with damage by fire and damage to occs.
	(victim_here): Give large size units higher rating.
	(victim_here): Give independent units lower rating.
	(victim_here): Give units that threaten our advanced units higher
 	rating.
	(go_after_captive): New function.
	(target_here): Also count with damage by fire and damage to occs.
	(target_here): Give large size units higher rating.
	(target_here): Give independent units lower rating.
	(target_here): Give units that threaten our advanced units higher
 	rating.
 	(capture_indep_if_nearby): Use u_ai_tactical_range.
 	(capture_useful_if_nearby): Use u_ai_tactical_range.
	* read.c (interp_unit): Restore code where ids start at 1 instead
 	of 0.
	(interp_unit): Add K_CP_STASH & K_AUTOPLAN.
	* run.c (unit_plan_dialog): New extern prototype.
	(net_resume_build_task): New extern prototype.
	(has_advance_to_research): New prototype.
	(select_by_weight): Prototype extern.
	(unit_build_dialog): Change prototype so that it returns int.
	(has_advance_to_build): Remove prototype.
	(create_selected_unit): Remove function and prototype.
	(auto_pick_new_plan): New function and prototype.
	(set_new_build_task): Remove function and prototype.
	(run_advanced_units): Enable run_construction for UNIX again.
	(run_population): Fix indepside crashes.
	(run_construction): Completely rewritten & extensively debugged.
	(auto_pick_new_research): Rewrite so that random task is picked.
	(auto_pick_new_build_task): Rewrite. Call auto_pick_new_plan.
	(auto_pick_new_plan): New function.
	* run2.c (vary_winds): Prototype.
	(update_area_display): Prototype extern.
	(run_turn_start): Check g_disable_standard_economy.
	* side.c (update_area_display): Prototype extern.
	(create_side): Fix toggle AI bug by initializing
 	newside->prefixarg.
	(side_controls_unit): Give debuggers full control.
	(side_sees_unit): Include trusted side, debuggers, g_peek_at_enemy
 	and endofgame.
	* side.h (has_advance): Fix null side crashes.
	* table.def (uu_builder_can_reuse_cp): New table.
	(uu_cellwide_protection_against): New table.
	(uu_cellwide_protection_for): New table.
	* task.c (attack_can_damage_or_capture): Move prototype to
 	kernel.h.
	(do_hit_unit_task): Count with fire and capture at pointblank
 	range.
	(do_hit_unit_task): Fix firing range bug.
	(do_hit_unit_task): Move in to capture if unit is undefended.
	(attack_can_damage_or_capture): Do attack if occ can be damaged.
	(fire_can_damage): Do attack if occ can be damaged.
	(fire_can_damage_or_capture):New function.
	(real_capture_chance): New function.
	(execute_task): Support g_ai_badtask_remove_chance.
	(execute_task): Support g_ai_badtask_max_retries.
	(execute_task): Support g_ai_badtask_reserve_chance.
	(execute_task): Support g_units_may_go_into_reserve.
	(set_build_task): Rewrite. Optionally disband any salvage
 	unfinished unit.
	(push_build_task): Rewrite. Optionally disband any salvage
 	unfinished unit.
	(set_occupy_task): New function.
	* tp.c (net_resume_build_task): New function (prototyped in
 	kpublic.h).
	* ui.c: Include MacTypes.h ifdef NEW_HEADERS, else include
 	Types.h.
	(xform_cell): Move core calculations to new function
 	xform_cell_flat.
	(xform_cell_flat): New function.
	(xform_cell_fractional_flat): New function.
	(favored_type): Check that we can build the desired type.
	* ui.h (xform_cell_flat, xform_cell_fractional_flat): New
 	prototypes.
	* unit.c (default_size): Change from 0 to 1.
	(has_advance_to_build): Remove prototype.
	(create_unit): Initialize unit->autoplan.
	(create_unit): Initialize unit->cp_stash.
	(can_carry): Check for u_facility_total_max & u_mobile_total_max.
	(type_can_occupy): Check for u_facility_total_max &
 	u_mobile_total_max.
	(type_allowed_on_side): Remove call to has_advance_to_build.
	(set_unit_side): Turn on autobuild & autoresearch if side is under
 	AI control.
	* unit.h (a_unit): Add unit->cp_stash.
	(a_unit): Add unit->autoplan.
	(for_all_occs_with_occs): Define new macro.
	(type_ever_available): Prototype extern.
	* utype.def (u_offensive_worth): New utype property.
	(u_defensive_worth): New utype property.
	(u_explorer_worth): New utype property.
	(u_colonizer_worth): New utype property.
	(u_facility_worth): New utype property.
	(u_random_worth): New utype property.
	(u_siege_worth): New utype property.
	(u_offensive): Change default from 1 to 0.
	(u_explorer): Change default from 1 to 0.
	(u_besieger): New utype property.
	(u_ship): New utype property.
	(u_ground): New utype property.
	(u_air): New utype property.
	(u_facility_total_max): New utype property.
	(u_mobile_total_max): New utype property.
	(u_ai_min_defenders) : Ner utype property.
	(u_ai_tactival_range): New utype property.
	* world.c (latlong_to_xy): Fix meridian drawing bug.
	* world.h (cell_is_within_n_steps): Rename to
 	cell_is_within_range.
	(for_all_cells_within_n_steps): Rename to
 	for_all_cells_within_range.
	(for_all_stack_with_occs): Define new macro.
	* write.c (write_area_users): Change so that nextid starts at 1
 	instead of 0.
	(write_units): Restore old code so that nextid starts at 1 instead
 	of 0.
	(write_unit_properties): Add K_AUTOPLAN & K_CP_STASH.
	* macadv.c: (MAX_DISPLAYED_FACS): New macro constant.
	(MAX_DISPLAYED_OCCS): New macro constant.
	(CLEAR_AGENDA): New macro constant.
	(unit_build_dialog): Change prototype.
	(has_advance_to_build): Remove prototype.
	(create_selected_unit): Remove prototype.
	(copy_rect_from_gworld): New function and prototype.
	(city_dialog): Rewrite. Many bug fixes and improvements.
	Most important ones:  Add conditional call to draw_unit_info.
	Use backcolor to draw region outside the area in the city map.
	Use copy_rect_from_gworld to do the offscreen graphics.
	Disable all auto checkboxes when dside is under AI control.
	Check that unit has a plan. Add new Plan Type popup menu.
	Add new Autoplan checkbox. Add new AI control checkbox.
	Split occupant panel into facilities and garrison panels.
	Fix runlength bug and limit it to CLEAR_AGENDA.
	Call net_clear_task_agenda & net_set_unit_asleep for idle units.
	Add separate call to has_advance_to_build.
	(draw_city_statistics): Rewrite. Many bug fixes and improvements.
	Most important ones: Add drawing of unit icon.
	Fix sporadic name bug by call to side_adjective.
	Fix parenthesis bug in construction status field.
	Fix crashing bug in occupant display code.
	Use u_facility_worth instead of !mobile to identify facilities.
	Add AI control info text field.	 Add new facilities and garrison
	panels.
	Fix bugs in construction status.
	Use white background color with unit icons.
	Add cps to occupant names when debugging.
	(draw_landuse_near_unit): Rename macro to for_all_cells_within_range.
	(unit_build_dialog): Rewrite. Many bug fixes. return int instead
	of *unit.
	Add separate call to has_advance_to_build.
	(unit_plan_dialog): New function and prototype.
	(global_advance_dialog): Fix autoresearch bug.
	Fix crashes due to incorrect oldprojects[] array size.
	Move SetPort call to position after conditional return.
	Fix sporadic name bug by two calls to side_adjective.
	* maccmd.c (do_set_view_angle): Only set vertscale if given a
 	valid prefixarg.
	* maccolors.c (default_draw_ai): Initialize to TRUE.
	(alert_256_colors): Initialize to TRUE.
	* macconq.c (main): Move check_screen_depths after get files and
 	make conditional.
	(update_area_display): Prototype extern. Add Side parameter.
	* macconq.h: Include MacWindows.h ifdef NEW_HEADERS, else include
 	Windows.h.
	(a_map): Add map->draw_ai.
	(default_draw_ai): New extern.
	(alert_256_colors): New extern.
	(xform_fractional): Move prototype here.
	(xform_flat): New prototype.
	(xform_fractional_flat): New prototype.
	* macdefs.h: (mPlanTypePopup): New menu.
	(miPlanTypeColonizing): New menu item.
	(miPlanTypeImproving): New menu item.
	(miPlanTypeRandom): New menu item.
	(diPrefsAIRegions): New dialog item.
	(diPrefs256colors): New dialog item.
	(dCity): All dialog items renumbered and renamed.
	(dPlan): New dialog with 3 dialog items.
	* macdraw.c (draw_unit_image): Rewrite. Support sidecolors in
 	closeups etc.
	(draw_unit_image): Restore colors BEFORE calling gray_out_rect (2
 	times).
	(draw_unit_image): Fix emblem bug due to new emblem_position code.
	* maclist.c (create_list): Use GetNewCWindow if hasColorQD.
	(draw_unit_list_entry): Fix task_desc prototype error.
	* macmap.c (xform_fractional): Move prototype to macconq.h.
	(xform_flat): New function.
	(xform_fractional_flat): New function.
	(adjust_latlong_interval): New function and prototype.
	(create_map): Use default_draw_ai.
	(create_map): Call adjust_latlong_interval.
	(set_map_power): Call adjust_latlong_interval.
	(set_map_angle): Compute a suitable vertscale.
	(draw_meridians): Fix sporadic longitude top error.
	(draw_meridians): Call xform_fractional_flat instead of
 	xform_fractional.
	(draw_selections_at): Fix (x,y) bug.
	(draw_selected_unit): Draw enemy units in red.
	(draw_selection_animation): Draw enemy units in red.
	(update_cell): Make DestRect larger to include row below.
	(update_cell): Use UNWRAP_RECT for meridians & feature names.
	* macmenus.c: (all_ai_ops): Prototype extern for use in
 	build_ai_type_menu.
	(query_position_modally): Unselect all selected units outside our
 	control.
	(do_closeup_mi): Prototype extern for use in ctrl-clicking of
 	unit.
	(build_ai_type_menu): Load AIs dynamically to the menu.
	(do_menu_command): Add support for dynamically loaded AIs.
	(do_menu_command): Support PLAN_COLONIZING & PLAN_IMPROVING.
	(apply_to_all_selected): Don't apply to selected units that we
 	don't control.
	(do_closeup_mi): Remove static declaration.
	(adjust_menus): Add support for dynamically loaded AIs.
	(adjust_menus): Don't enable commands for enemy unit closeups.
	(enable_commands_for_unit): Support PLAN_COLONIZING &
 	PLAN_IMPROVING.
	(enable_commands_for_unit): Fix menu number bug that disables More
 	menu items.
	* macmouse.c (do_closeup_mi): Prototype extern for use in
 	ctrl-clicking of unit.
	(do_mouse_down_map_content): Disable move and fire cmds for
 	selected enemy units.
	(do_mouse_down_map_content): Rewrite ctrl-clicking code using
 	side_sees_unit.  Call do_closeup_mi if ctrl-clicking non-advanced
 	unit, else call city_dialog.
	(select_all_units_in_rect): Always permit this if side_sees_unit.
	* macprefs.c (interp_mac_ui_data): Support default_draw_ai &
 	alert_256_colors.
	(ui_update_state): Support default_draw_ai & alert_256_colors.
	(set_preferences): Add case diPrefsAIRegions & diPrefs256colors.
	(set_preferences): Support default_draw_ai & alert_256_colors.
	(add_preferences_topic_items): Support default_draw_ai &
 	alert_256_colors.
	* macrow.c (draw_cliffs): Fix ouside-area crashes.
	(draw_contours): Trigger unwrapping 1 hex from right edge.
	(draw_gridlines): Trigger unwrapping 1 hex from right edge.
	(draw_shorelines): Trigger unwrapping 1 hex from right edge.
	(draw_feature_boundary_simple): Trigger unwrapping 1 hex from
 	right edge.
	* macwins.c (closeupwinwid): Change to 340.
	(init_construction_lists): Add separate call to
 	has_advance_to_build.
	(adjust_construction_controls): Check that we can build the
 	desired type.
	(side_rename_dialog): Fix colorscheme bug.
	(preferred_closeup_size): Add 4 pixels at bottom.
	(draw_unit_closeup): Make sure this is the selected unit on all
 	maps.
	(draw_unit_closeup): Optionally permit peeking at enemy units.
	(draw_unit_closeup): Fix duplicate goal_desc problem.
	(draw_unit_closeup): Align goal_desc and remove flanking junk.
	(draw_unit_closeup): Align task_desc and write "Task".
	(do_mouse_down_unit_closeup): Make sure this is the selected unit
 	on all maps.
	(destroy_unit_closeup): Make sure this is the selected unit on all
 	maps.
	* XconqProj.rsrc: (DITL 803 "City"): Extensively modified.
	(DITL 702 "Preferences Map Items"): Add AI regions checkbox.
	(DITL 704 "Preferences Offscreen Items"): Add recommend 256 colors
 	checkbox.
	(DITL 804 "City Research"): Minor changes.
	(DITL 805 "Global Science"): Minor changes.
	(DITL 807 "City Build"): Minor changes.
	(DITL 808 "City Plan"): New dialog item list.
	(DLOG 808 "City Plan"): New dialog.
	(MENU 206 "AI Types"): Remove static AI items.
	(MENU 249 "Plan Types"): Restore damaged resource. Add 3 new
 	items.
	* Xconq.r: Update from XconqProj.rsrc.
	* xconq.c (unit_build_dialog): Rewrite. Fix argument error.
	(unit_plan_dialog): New function.
----------------------------
revision 1.1
date: 1999/04/28 19:36:23;  author: shebs;  state: Exp;
Initial checkin.
=============================================================================
