
RCS file: /cvs/xconq/xconq/kernel/gvar.def,v
Working file: gvar.def
head: 1.37
branch:
locks: strict
access list:
symbolic names:
	xconq-7_4_1-release: 1.21
	xconq-7_4-branch: 1.21.0.2
	xconq-7_4-branchpoint: 1.21
	xtconq-pre-removal: 1.18
	xconq-7_3_3-release: 1.16
	xconq-7_3_2-release: 1.16
	xconq-7_3_1-release: 1.16
	xconq-7_3-branch: 1.16.0.2
	xconq-7_3-branchpoint: 1.16
keyword substitution: kv
total revisions: 37;	selected revisions: 37
description:
----------------------------
revision 1.37
date: 2004/08/16 00:11:26;  author: ronne;  state: Exp;  lines: +4 -0
Add new gvar g_terrain_transitions.
----------------------------
revision 1.36
date: 2004/07/19 03:45:34;  author: mcdonald;  state: Exp;  lines: +1 -1
Improve way that default lists for GDL globals are set.
More improvements to the help system.
----------------------------
revision 1.35
date: 2004/06/26 15:45:37;  author: ronne;  state: Exp;  lines: +1 -1
Various bug fixes and improvements to the kernel.
----------------------------
revision 1.34
date: 2004/06/23 22:13:22;  author: ronne;  state: Exp;  lines: +4 -0
Fixes to build code and new setup option for indepside.
----------------------------
revision 1.33
date: 2004/06/15 04:14:21;  author: mcdonald;  state: Exp;  lines: +5 -0
Update player documentation.
Extend night and occupant effects on ACP.
Provide universal ACP arithmetic.
Update games in library to use some replacement tables.
Provide true capture prevention/allowance tables.
Provide toggle for use of combat protection tables in capture computations.
Allow units to change type on capture. Add new table for this.
Improvements and modifications to help system.
Improvements to and comments about type changing code.
Some housekeeping of the table definitions.
Source formatting improvments.
New version of Wreckreation.
----------------------------
revision 1.32
date: 2003/10/18 16:59:40;  author: ronne;  state: Exp;  lines: +5 -0
Overhaul of material handling code.
----------------------------
revision 1.31
date: 2003/08/09 22:03:24;  author: ronne;  state: Exp;  lines: +8 -0
Improve side naming and fix player setup bugs.
----------------------------
revision 1.30
date: 2003/01/22 23:01:05;  author: ronne;  state: Exp;  lines: +1 -5
Fixes to imaging and build code.
----------------------------
revision 1.29
date: 2002/12/25 22:54:39;  author: ronne;  state: Exp;  lines: +1 -1
Further fixes to the border drawing code.
----------------------------
revision 1.28
date: 2002/12/25 19:32:38;  author: ronne;  state: Exp;  lines: +14 -0
Add 3 new gvars for display control.
----------------------------
revision 1.27
date: 2002/08/31 21:59:41;  author: ronne;  state: Exp;  lines: +2 -2
More tcltk interface improvements.
----------------------------
revision 1.26
date: 2002/07/05 22:30:13;  author: ronne;  state: Exp;  lines: +0 -4
Fixes to reserve and sleep code.
----------------------------
revision 1.25
date: 2002/06/16 21:17:31;  author: ronne;  state: Exp;  lines: +21 -0
Various fixes to the tcltk interface.
----------------------------
revision 1.24
date: 2002/05/08 23:51:17;  author: ronne;  state: Exp;  lines: +12 -12
Make sources C++ compatible.
----------------------------
revision 1.23
date: 2001/01/19 18:06:21;  author: shebs;  state: Exp;  lines: +12 -0
	Add support for multiple cursors specified by GDL, also some
	general simplification and cleanup for commands.  (Much of the
	code is adapted from the tcltk interface.)

	* gvar.def (attack-cursor, generic-cursor, survey-cursor): New
	globals.

	* sdlconq.h (enum mapmode): Add no_mode value.
	(Cursor): New structure.
	(UI cursors): New field.
	(Map cursor): New field.
	(Map modalhandler): Remove useless side argument.
	(curs): Remove, no longer used.
	* sdlinit.c (init_display): Add cursor setup, report of
	missing images.
	(get_cursor): New function, creates a cursor from image name.
	(init_other_images): Improve image desc for blasts and transitions.
	(sdl_describe_image): Implement.
	(report_missing_images): New function.
	* sdlmain.c (default_cursor_name, generic_cursor, use_cursors):
	New globals.
	(initial_ui_init): Use get_cursor to set up generic cursor,
	set up imf_interp_hook earlier.
	(handle_event): Use add_update and update_mouseover_x.
	(interp_key): Add modal handler and prefix code from tcltk version.
	(update_mouseover_x): New function, handle cursor change.
	(could_attack): New function.
	(update_mouseover): New function.
	(ask_unit_type, grok_unit_type, help_unit_type, etc): Make all
	these work by printing the prompts to stdout for now, remove
	useless side argument.
	(set_tool_cursor): Implement.
	* sdlmap.c (open_sdl_window): Set initial values for map mode,
	etc.
	(redraw_map): Use add_update.
	(update_map): Use map->cursor instead of global, account for
	cursor hotspot position.
	(draw_random_color_rect): Remove, change callers to use
	draw_rect with random_color.
	(add_update): Detect overflow of update buffer and redraw.
	* sdlcmd.c: Remove useless side argument from all modal
	handlers, use dside where necessary instead, also change
	calls to ask_ and grok_ functions.
	* sdlimf.c (sdl_load_imf): Remove, not needed.
	(sdl_interp_image_1): Remove unused local namebuf.
	(sdl_copy_color_image): Declare static void, remove unused local.

	* lib/cursors.imf: New file, cursor image families.
	* images/cursors.gif: New file, cursor images.
	* images/cursor.bmp: Remove, no longer needed.
	* imf.dir: Record them.
----------------------------
revision 1.22
date: 2000/12/18 16:50:48;  author: shebs;  state: Exp;  lines: +2 -2
	Eliminate the macros MAXUTYPES, MAXTTYPES, MAXMTYPES, and
	MAXATYPES, size all type handling dynamically.
	* config.h (MAXUTYPES, MAXTTYPES, MAXMTYPES, MAXATYPES): Remove.
	* game.h (NONUTYPE, NONTTYPE, NONMTYPE, NONATYPE): Define to be -1.
	(count_terrain_subtypes, numcelltypes, numbordtypes, numconntypes,
	numcoattypes): Declare here instead of in world.h.
	(tmp_u_array, tmp_t_array): Declare.
	* gvar.def (edge-terrain, river-sink-terrain): Don't use type
	bounds.
	* table.def (adjacent-terrain-effect, terrain-exhaustion-type): Ditto.
	* utype.def (obsolete, wrecked-type): Ditto.
	* generic.c (count_terrain_subtypes, numcelltypes, etc): Move here
	from world.c.
	(tmp_u_array, tmp_t_array): New globals.
	(curmaxutypes, curmaxmtypes, curmaxttypes, curmaxatypes): Set to
	defaults convenient for the first allocation.
	(create_unit_type): New function.
	(disallow_more_unit_types, disallow_more_terrain_types): New functions.
	(allocate_table): Use them.
	* help.c (tm_table_row_desc): Remove, never used.
	* init.c (check_game_validity): Call disallow_* to make sure
	some type arrays are computed and cached.
	(calculate_globals): Ditto.
	(make_initial_materials): Use tmp_t_array.
	* mkrivers.c (make_up_river_borders): Ditto.
	* mkterr.c (elev_range, elev_lo, elev_hi, raw_range, raw_lo,
	raw_hi): New static globals.
	(compose_area, compose_earthlike_area): Use them.
	(make_random_terrain, fix_adjacent_terrain,
	flatten_liquid_terrain): Use tmp_t_array.
	* mkunits.c (make_countries): Dynalloc local arrays.
	(country_is_complete, make_independent_units): Use tmp_u_array.
	* nlang.c (ohd_nums, ohd_incomplete): New static globals.
	(others_here_desc, occupants_desc): Use them.
	* plan.c (plan_colonize_support): Use tmp_u_array.
	(gctc_supply): New static global.
	(good_cell_to_colonize): Use it.
	* ps.c (summary_of_seen_units_at): Use tmp_u_array.
	* read.c (default_supply): Remove, no longer to use.
	(init_predefined_symbols): Remove its setup.
	(interp_unit_default): Similarly.
	(interp_unit): Don't use default_supply.
	(interp_utype): Remove test for too many types, call
	create_unit_type.
	(interp_ttype, interp_mtype, interp_atype): Remove tests
	for too many types.
	(too_many_types): Remove, no longer needed.
	(rd_u_arr): New static global.
	(interp_standing_order, read_utype_doctrine): Use it.
	* run.c (rau_incrs): New static global.
	(run_advanced_units): Use it.
	(apr_type): New static global.
	(auto_pick_unit_research, auto_pick_side_research): Use it.
	(auto_pick_new_build_task): Use tmp_u_array.
	* run2.c (ttotals, uttotals): New static globals.
	(run_economy): Use them.
	* score.c (sum_property): Use tmp_u_array.
	* side.c (new_doctrine): Call disallow_more_unit_types.
	* supply.c (mad): New static global.
	(init_supply_system): Set it up.
	* unit.c (create_unit): Allocate numlivebytype and completenesses.
	(oc_numtypes): New static global.
	(can_occupy_unit): Use it.
	(toc_numtypes, type_can_occupy_cell): Similarly.
	(ocw_numtypes, can_occupy_cell_without): Similarly.
	(tocw_numtypes, type_can_occupy_cell_without): Similarly.
	(conn_num_types, can_occupy_conn_1): Similarly.
	(can_carry, type_can_occupy): Use tmp_u_array.
	(num_each_type, shared_each_type): New static globals.
	(eject_excess_occupants): Use them.
	(shortest_unique_name): Dynalloc firstuniq, use it as flag
	instead of shortestdone.
	(shortest_generic_name): Similarly.
	* write.c (write_table): Increase histogram size.

	* ai.c (atc_type): New static global.
	(assign_to_colonize): Use it.
	(pbt_prefs, pbt_fringe_terrain, pbt_enemy_types,
	pbt_num_to_transport): New static globals.
	(preferred_build_type): Use them.
	* ai.h (Strategy): Declare strengths etc as arrays of pointers
	instead of 2D arrays, unitlist and unitlistcount as pointers.
	(Theater): Similarly for numassigned, numneeded, etc.
	(strength_est, etc): New macros (not used yet).
	* iplayer.c (iru_numoffensive, iru_numdefensive): New static globals.
	(iplayer_review_units): Use them.
	* mplayer.c (mplayer_create_strategy): Allocate strength arrays.
	(create_theater): Dynalloc numassigned etc fields.
	(estimate_strengths, mplayer_read_strengths, mplayer_save_state):
	Change to pointer-to-pointer refs.
	(mru_numoffensive, mru_numdefensive): New static globals.
	(mplayer_review_units): Use them.
	* oplayer.c: Similarly.

	* cmd.c (gt_amts, gt_rslts): New static globals.
	(do_one_give, do_one_take): Use them.
	* ui.h (VP draw_materials): Make into a pointer.
	* ui.c (new_vp): Allocate draw_materials field.

	* maccmd.c (do_one_add_terrain): Use tmp_t_array.
	* macwins.c (side_research_dialog): Make participants static global.

	* tkconq.h (UI material_color, etc): Change from array to pointer.
	(UI cell_color, cell_shades): Rename from cellcolor and cellshades.
	(UI best_timages): Similarly.
	(UI unitpics, unitmasks, bestmimages): Remove, not used.
	(Map uvec, ustr, tvec, tstr): Change from array to pointer.
	* tkcmd.c (do_add_terrain, do_remove_terrain): Use tmp_t_array.
	(do_build): Use tmp_u_array.
	* tkinit.c (utype_indexes, mtype_indexes): Change to pointers.
	(init_display): Remove inits of unused fields, alloc space for
	cell_shades and material_color.
	(init_material_images): Remove setup of bestmimages.
	(init_terrain_images): Allocate for best_timages and terrpics.
	(init_shades): Use array-of-array refs to cell_shades.
	* tkmain.c (last_num_units_in_play, last_num_units_incomplete):
	Change from arrays to pointers.
	(init_redraws, update_unit_type_list): Allocate them.
	(create_map): Alloc map uvec, ustr, etc.
	* tkmap.c: Update refs to renamed fields.
	(MapW draw_aux_terrain, draw_materials): Make into pointers.

	* ccmd.c (do_build): Use tmp_u_array.
	* cconq.c (init_display): Use numutypes to size allocs.
	(ask_unit_type, ask_terrain_type): Use array of int instead of short.
	* cdraw.c (draw_type_list_entry): Init lasttypevisible from numutypes.

	* cconq.c (do_dir_2): Fix a variable name.
	* cconq.h: Use #else instead of #elif.
----------------------------
revision 1.21
date: 2000/10/12 23:57:43;  author: shebs;  state: Exp;  lines: +0 -4
	* gvar.def (default-runlength): Remove, is redundant with
	construction run doctrine.
	* unit.h (construction_run_doctrine): New macro.
	* macunit.c (draw_advanced_closeup, hit_closeup_dialog,
	hit_unit_build_dialog): Use it instead of default-runlength.
	* macwins.c (adjust_construction_controls): Ditto.
	* tkcmd.c (impl_build): Use construction_run_doctrine.
----------------------------
revision 1.20
date: 2000/10/09 16:30:22;  author: shebs;  state: Exp;  lines: +0 -8
	Clean up obscure GDL discrepancies.
	* gvar.def (action-narratives, feature-colors): Remove, unused
	and unimplemented.
	* table.def (control-range): Set max to 0.
	(fire-attack-terrain-effect, fire-defend-terrain-effect): Default
	to -1.
	(keep-control-range): Remove, unimplemented.
	* utype.def (advanced-auto-construct, advanced-auto-research):
	Remove, no longer implemented or used.
	* combat.c (maybe_hit_unit): Use ut_fire_attack_terrain_effect
	and ut_fire_defend_terrain_effect.
	* run2.c (run_environment_effects): Use uu_temp_protect.
----------------------------
revision 1.19
date: 2000/09/29 17:49:30;  author: ronne;  state: Exp;  lines: +0 -4
Fix units getting stuck in sleep mode.
----------------------------
revision 1.18
date: 2000/07/30 13:06:43;  author: ronne;  state: Exp;  lines: +5 -0
Cache research and build vectors, make ai resignation optional.
----------------------------
revision 1.17
date: 2000/06/21 00:21:43;  author: ronne;  state: Exp;  lines: +3 -0
Fix IMFApp problems, prepare use of big icons.
----------------------------
revision 1.16
date: 2000/05/30 18:45:45;  author: ronne;  state: Exp;  lines: +4 -0
Fix some more indepside problems.
----------------------------
revision 1.15
date: 2000/05/21 12:50:32;  author: ronne;  state: Exp;  lines: +0 -6
Fix various unit visibility and display problems.
----------------------------
revision 1.14
date: 2000/04/02 23:10:24;  author: shebs;  state: Exp;  lines: +1 -1
	* gvar.def (unit-name-color): Change default to white.
	* history.def (blocking-zoc): New action failure type.
	* keyword.def (transition): New keyword.

	* imf.c (interp_image, write_image): Use transition keyword.
	* move.c (check_move_action): Return distinct failure code
	if blocked by ZOC.
	(in_blocking_zoc): Fix typos, add traverse-blocking case.
	(unit_traverse_blockable_by, any_friendly_at): New functions.
----------------------------
revision 1.13
date: 2000/03/16 17:04:13;  author: shebs;  state: Exp;  lines: +3 -3
	* gvar.def (side-color-library): Rename from side-colors.
	* lisp.c, lisp.h (choose_from_weighted_list): Move to here
	from mknames.c.
	* mkunits.c: Remove decl of fn.
	* mknames.c (total_color_weights): New global.
	(make_up_side_name): Add choice of random color scheme.
	(name_in_use): Test for color scheme in use.
	* ui.c (get_emblem_images): Allow use of color scheme as emblem.
	(contour_lines_at): Handle elevation range changes.
----------------------------
revision 1.12
date: 2000/02/06 21:56:41;  author: ronne;  state: Exp;  lines: +1 -1
Fix commit error.
----------------------------
revision 1.11
date: 2000/02/06 21:54:50;  author: ronne;  state: Exp;  lines: +1 -1
Various mac interface improvements.
----------------------------
revision 1.10
date: 1999/12/08 03:13:10;  author: shebs;  state: Exp;  lines: +24 -25
	* gvar.def (side-can-research): New global.
	* table.def (conversion): New material-material table.
	* utype.def (advanced-auto-construct, advanced-auto-research,
	use-own-cell): New properties.
	* cmd.c (do_research): Use new global, test for more cases.
	* iplayer.c (iplayer_save_state): Removed unneeded code.
	* kpublic.h (net_set_side_research): Declare.
	* nlang.c (UsualDateStepRange): New struct.
	(date_step_ranges): New array, was datesteptype.
	(init_calendar): Handle ranges of turns for date steps.
	(parse_date_step_range): New function.
	(parse_usual_date): Add arg, change all callers.
	(usual_date_string): Search ranges to find right step type.
	* plan.c (execute_plan): Comment out advanced unit escape.
	* run.c (run_advanced_units): Add material conversion step.
	(run_population): Use unit_handle.
	(allocate_used_cells): Make extra cell usage optional, don't
	handle inside search loop.
	* run2.c (run_side_research): Use material consumption.
	* tp.c (net_set_side_research): New function.
	(receive_side_prop): Handle side research packet.
----------------------------
revision 1.9
date: 1999/12/01 04:08:08;  author: shebs;  state: Exp;  lines: +4 -0
	* gvar.def (combat-model): New global.
	* utype.def (attack, defend, obsolete): New unit properties.
----------------------------
revision 1.8
date: 1999/10/25 21:10:41;  author: ronne;  state: Exp;  lines: +4 -0
Clean out NULL side stuff, fix some bugs.
----------------------------
revision 1.7
date: 1999/10/24 11:20:09;  author: ronne;  state: Exp;  lines: +38 -7
Add new indepside code, fix various bugs.
----------------------------
revision 1.6
date: 1999/07/17 15:06:41;  author: ronne;  state: Exp;  lines: +1 -1
Fix commit mistake, restore old file.
----------------------------
revision 1.5
date: 1999/07/17 14:35:21;  author: ronne;  state: Exp;  lines: +1 -1
Change fopen to open_file.
----------------------------
revision 1.4
date: 1999/07/11 16:09:28;  author: ronne;  state: Exp;  lines: +1 -1
Fix some kernel bugs.
----------------------------
revision 1.3
date: 1999/07/03 12:43:49;  author: ronne;  state: Exp;  lines: +0 -12
Clean up file, remove old change markers.
----------------------------
revision 1.2
date: 1999/06/01 19:39:42;  author: shebs;  state: Exp;  lines: +55 -3
Tue Jun  1 18:41:59 1999  Hans Ronne  <ronne@bmc.uu.se>
	* combat.c, conq.h, game.h, help.c, init.c, keyword.def,
 	mkunits.c, move.c, mplayer.c, plan.def, read.c, run.c, run2.c,
 	score.c, side.h, supply.c, table.def, ui.c, unit.c, unit.h,
 	utype.def, world.c, world.h, write.c, maccmd.c, maccolors.c,
 	macconq.h, macdefs.h, macdraw.c, macinit.c. maclist.c, macmap.c,
 	macmenus.c, macmouse.c, macprefs.c, macrow.c. macwins.c: Remove
 	old change markers.
	* actions.c (transfer_supply): Disable use of indepside treasury.
	(do_create_in_action): Make separate call to has_advance_to_build.
	(do_create_in_action): Use the builders stash of cps if allowed.
	(do_create_in_action): Fix null side treasury crashes.
	(check_create_common): Make separate call to has_advance_to_build.
	(check_create_common): Fix null side treasury crashes.
	(set_created_unit_props): Turn on automation for indeps & AI
 	controlled sides.
	(do_create_at_action): Make separate call to has_advance_to_build.
	(do_create_at_action): Use the builders stash of cps if allowed.
	(do_create_at_action): Fix null side treasury crashes.
	(make_unit_complete): Fix null actionvector crashes at turn zero.
	(do_transfer_part_action): Make separate call to
 	has_advance_to_build.
	(check_change_type_action): Add separate call to
 	has_advance_to_build.
	* ai.c (numaitypes): Move to config.h to make it globally
 	accessible.
	(set_side_ai): Turn on automation for indeps & AI controlled
 	sides.
	(ai_update_plan): New function.
	(goal_truth): Handle GOAL_UNIT_OCCUPIED and GOAL_COLONIZE.
	(ai_init_shared): Call set_u_is_ground_mobile etc.
	(ai_init_shared): Set u_colonizer.
	(ai_init_shared): Call set_u_offensive_worth etc.
	(ai_init_shared): Set u_naval_mobile, u_ground_mobile and
 	u_facility.
	(offensive_worth): New function.
	(defensive_worth): New function.
	(exploring_worth): New function.
	(colonizing_worth): New function.
	(facility_worth): New function.
	(siege_worth): New function.
	(random_worth): New function.
	(set_u_offensive_worth): New function.
	(set_u_defensive_worth): New function.
	(set_u_explorer_worth): New function.
	(set_u_colonizer_worth): New function.
	(set_u_facility_worth): New unction.
	(set_u_random_worth): New function.
	(set_u_siege_worth): New function.
	(set_u_is_ground_mobile): New function.
	(set_u_is_naval_mobile): New function.
	(set_u_is_air_mobile): New function.
	(set_u_is_advanced): New function.
	(set_u_is_colonizer): New function.
	(set_u_is_facility): New function.
	* ai.h (a_ai_op): Add (*to_update_plan).
	(ai_update_plan): Prototype new function.
	(offensive_worth, defensive_worth, etc): New prototype.
	* combat.c (do_overrun_action): Make ovverun after fire possible.
	(check_overrun_action): Make overrun after fire & into empty cell
 	possible.
	(do_fire_at_action): Use SideMask code to handle fire display.
	(do_fire_at_action): Permit attempt to capture after fire from
 	adjacent cell.
	(do_fire_into_action): Use SideMask code to handle fire display.
	(maybe_hit_unit): Support uu_cellwide_protection_against.
	(maybe_hit_unit): Support uu_cellwide_protection_for.
	(maybe_hit_unit): Use SideMask code to handle hit display.
	(maybe_hit_unit): Fix occupant recursion bug.
	(attempt_to_capture_unit): Support uu_cellwide_protection_against.
	(attempt_to_capture_unit): Support uu_cellwide_protection_for.
	(detonate_on_cell): Use for_all_stack_with_occs instead of
 	for_all_stack.
	(can_capture_directly): New function.
	(type_can_capture_directly): New function.
	(type_can_carry): New function.
	(occ_can_defend_transport): New function.
	* config.h (MAXATYPES): Increase to 254.
	(numaitypes): Move here from ai.c to make it globally accessible.
	* conq.h (advanced_utypes etc): Remove.
	(numadv etc): Remove.
	(can_extract_at): Prototype.
	(can_load_at): Prototype.
	(can_capture_directly): Prototype.
	(type_can_capture_directly): Prototype.
	(type_can_carry): Prototype.
	(occ_can_defend_transport): Prototype.
	(has_advance_to_build): Prototype.
	(unit_actually_visible): New prototype.
	* game.h (for_all_advanced_utypes, etc): Remove.
	* goal.def (GOAL_UNIT_OCCUPIED, GOAL_COLONIZE): New goals.
	* gvar.def (g_default_runlength): New name for
 	g_ai_build_runlength.
	(g_disable_standard_economy): New gvar.
	(g_disband_unfinished_units): New gvar.
	(g_salvage_unfinished_cps): New gvar.
	(g_salvage_unfinished_materials): New gvar.
	(g_ai_advanced_unit_separation): New gvar.
	(g_ai_badtask_remove_chance): New gvar.
	(g_ai_badtask_max_retries): New gvar.
	(g_ai_badtask_reserve_chance): New gvar.
	(g_units_may_go_into_reserve): New gvar.
	(g_units_may_go_to_sleep): New gvar.
	* help.c (may_detonate): Prototype.
	(describe_utype): Make display of Material Handling conditional.
	(describe_utype): Add "None" option to required advances code.
	(u_property_desc, etc): Add spaces after commas to permit new
 	lines.
	(append_help_phrase): Add more dashes and an extra linefeed.
	* imf.c (interp_image): Disable palette run warning on the Mac.
	* init.c (advanced_utypes etc): Remove.
	(final_init): Remove call to setup_utype_vectors.
	(setup_utype_vectors): Remove function.
	* kernel.h (go_after_captive): New prototype.
	(attack_can_damage_or_capture): New prototype.
	(fire_can_damage_or_capture): New prototype.
	(real_capture_chance): New prototype.
	* keyword.def (K_AUTOPLAN): New keyword.
	(K_CP_STASH): New keyword.
	* kpublic.h (net_resume_build_task): New extern prototype.
	* mac.c: Include MacTypes.h ifdef NEW_HEADERS, else include
 	Types.h.
	* mkunits.c (make_countries): Add separate call to
 	has_advance_to_build.
	(place_unit): Add separate call to has_advance_to_build.
	* move.c (do_move_action): Fix u2->nu2 typo & remove nu2
 	declaration.
	(do_enter_action): Fix u2->nu2 typo & remove nu2 declaration.
	* mplayer.c: Include kernel.h.
	(assign_to_defend_unit): Prototype new function.
	(assign_to_defend_cell): Prototype new function.
	(assign_to_defend_vicinity): Prototype new function.
	(mplayer_update_plan): Prototype new function.
	(defended_by_occupants): Prototype new function.
	(mplayer_ops): Add mplayer_update_plan.
	(update_unit_plans_randomly): Support g_units_may_go_into_reserve.
	(update_unit_plans_randomly): Support g_units_may_go_to_sleep.
	(mplayer_decide_plan): Skip for advanced units.
	(mplayer_decide_plan): Use u_colonizer_worth instead of
 	u_colonizer.
	(mplayer_update_plan): New function.
	(need_this_type_to_build_explorers): Check that we can build the
 	desired type.
	(assign_to_colonize): Rewrite. Use GOAL_COLONIZE and
 	PLAN_COLONIZING.
	(assign_to_improve): Clear task agenda and set NULL goal.
	(type_can_build_attackers): Check that we can build the desired
 	type.
	(type_can_build_colonizers): Add separate call to
 	has_advance_to_build.
	(type_can_build_colonizers): Use u_colonizer_worth instead of
 	u_colonizer.
	(preferred_build_type): Also count enemy occs by using
 	for_all_stack_with_occs.
	(preferred_build_type): Add separate call to has_advance_to_build.
	(preferred_build_type): Use u_colonizer_worth instead of
 	u_colonizer.
	(defended_by_occupants): New function.
	(assign_to_defense): Rewrite. Handle defense of units.
	(assign_to_defend_unit): New function.
	(assign_to_defend_cell): New function.
	(assign_to_defend_vicinity): New function.
	(assign_to_defend_theater): New function.
	(mplayer_adjust_plan): Skip for advanced units.
	(mplayer_adjust_plan): Add PLAN_COLONIZING & PLAN_IMPROVING.
	(mplayer_adjust_plan): Support g_units_may_go_into_reserve.
	(build_base_for_self): Check that we can build the desired type.
	(build_base_for_others): Check that we can build the desired type.
	(build_depot_for_self): Check that we can build the desired type.
	(rethink_plan): Support g_units_may_go_into_reserve.
	* plan.c: (execute_plan): Skip for advanced units.
	(execute_plan): Mark obsolete try code.
	(execute_plan): Support g_units_may_go_into_reserve.
	(execute_plan): Call ai_update_plan before execution.
	(plan_offense): Handle GOAL_UNIT_OCCUPIED and GOAL_CELL_OCCUPIED.
	(plan_offense): Support g_units_may_go_into_reserve.
	(plan_offense): Support g_units_may_go_to_sleep.
	(self_build_base_for_self): Check that we can build the desired
 	type.
	(plan_offense_support): Check that we can build the desired type.
	(plan_defense): Handle GOAL_UNIT_OCCUPIED and GOAL_CELL_OCCUPIED.
	(plan_defense): Call go_after_victim also for unit that can fire.
	(plan_defense): Use u_ai_tactical_range.
	(plan_defense): Support g_units_may_go_into_reserve.
	(plan_colonize): Rewrite. Use GOAL_COLONIZE.
	(plan_colonizer_support): Add separate call to
 	has_advance_to_build (2 times).
	(plan_colonizer_support): Use u_colonizer_worth instead of
 	u_colonizer.
 	(plan_improve): Add separate call to has_advance_to_build (2
 	times).
 	(good_cell_to_colonize): Rewrite. Check for presence of other
 	unit.  Check size goal for ALL advanced utypes. Remove check for
 	nearby enemy units.
	(plan_exploration): Support g_units_may_go_into_reserve.
	(plan_exploration): Handle GOAL_UNIT_OCCUPIED and
 	GOAL_CELL_OCCUPIED.
	(plan_exploration): Support g_units_may_go_to_sleep.
	(plan_explorer_support): Check that we can build the desired type.
	(victim_here): Also count with damage by fire and damage to occs.
	(victim_here): Give large size units higher rating.
	(victim_here): Give independent units lower rating.
	(victim_here): Give units that threaten our advanced units higher
 	rating.
	(go_after_captive): New function.
	(target_here): Also count with damage by fire and damage to occs.
	(target_here): Give large size units higher rating.
	(target_here): Give independent units lower rating.
	(target_here): Give units that threaten our advanced units higher
 	rating.
 	(capture_indep_if_nearby): Use u_ai_tactical_range.
 	(capture_useful_if_nearby): Use u_ai_tactical_range.
	* read.c (interp_unit): Restore code where ids start at 1 instead
 	of 0.
	(interp_unit): Add K_CP_STASH & K_AUTOPLAN.
	* run.c (unit_plan_dialog): New extern prototype.
	(net_resume_build_task): New extern prototype.
	(has_advance_to_research): New prototype.
	(select_by_weight): Prototype extern.
	(unit_build_dialog): Change prototype so that it returns int.
	(has_advance_to_build): Remove prototype.
	(create_selected_unit): Remove function and prototype.
	(auto_pick_new_plan): New function and prototype.
	(set_new_build_task): Remove function and prototype.
	(run_advanced_units): Enable run_construction for UNIX again.
	(run_population): Fix indepside crashes.
	(run_construction): Completely rewritten & extensively debugged.
	(auto_pick_new_research): Rewrite so that random task is picked.
	(auto_pick_new_build_task): Rewrite. Call auto_pick_new_plan.
	(auto_pick_new_plan): New function.
	* run2.c (vary_winds): Prototype.
	(update_area_display): Prototype extern.
	(run_turn_start): Check g_disable_standard_economy.
	* side.c (update_area_display): Prototype extern.
	(create_side): Fix toggle AI bug by initializing
 	newside->prefixarg.
	(side_controls_unit): Give debuggers full control.
	(side_sees_unit): Include trusted side, debuggers, g_peek_at_enemy
 	and endofgame.
	* side.h (has_advance): Fix null side crashes.
	* table.def (uu_builder_can_reuse_cp): New table.
	(uu_cellwide_protection_against): New table.
	(uu_cellwide_protection_for): New table.
	* task.c (attack_can_damage_or_capture): Move prototype to
 	kernel.h.
	(do_hit_unit_task): Count with fire and capture at pointblank
 	range.
	(do_hit_unit_task): Fix firing range bug.
	(do_hit_unit_task): Move in to capture if unit is undefended.
	(attack_can_damage_or_capture): Do attack if occ can be damaged.
	(fire_can_damage): Do attack if occ can be damaged.
	(fire_can_damage_or_capture):New function.
	(real_capture_chance): New function.
	(execute_task): Support g_ai_badtask_remove_chance.
	(execute_task): Support g_ai_badtask_max_retries.
	(execute_task): Support g_ai_badtask_reserve_chance.
	(execute_task): Support g_units_may_go_into_reserve.
	(set_build_task): Rewrite. Optionally disband any salvage
 	unfinished unit.
	(push_build_task): Rewrite. Optionally disband any salvage
 	unfinished unit.
	(set_occupy_task): New function.
	* tp.c (net_resume_build_task): New function (prototyped in
 	kpublic.h).
	* ui.c: Include MacTypes.h ifdef NEW_HEADERS, else include
 	Types.h.
	(xform_cell): Move core calculations to new function
 	xform_cell_flat.
	(xform_cell_flat): New function.
	(xform_cell_fractional_flat): New function.
	(favored_type): Check that we can build the desired type.
	* ui.h (xform_cell_flat, xform_cell_fractional_flat): New
 	prototypes.
	* unit.c (default_size): Change from 0 to 1.
	(has_advance_to_build): Remove prototype.
	(create_unit): Initialize unit->autoplan.
	(create_unit): Initialize unit->cp_stash.
	(can_carry): Check for u_facility_total_max & u_mobile_total_max.
	(type_can_occupy): Check for u_facility_total_max &
 	u_mobile_total_max.
	(type_allowed_on_side): Remove call to has_advance_to_build.
	(set_unit_side): Turn on autobuild & autoresearch if side is under
 	AI control.
	* unit.h (a_unit): Add unit->cp_stash.
	(a_unit): Add unit->autoplan.
	(for_all_occs_with_occs): Define new macro.
	(type_ever_available): Prototype extern.
	* utype.def (u_offensive_worth): New utype property.
	(u_defensive_worth): New utype property.
	(u_explorer_worth): New utype property.
	(u_colonizer_worth): New utype property.
	(u_facility_worth): New utype property.
	(u_random_worth): New utype property.
	(u_siege_worth): New utype property.
	(u_offensive): Change default from 1 to 0.
	(u_explorer): Change default from 1 to 0.
	(u_besieger): New utype property.
	(u_ship): New utype property.
	(u_ground): New utype property.
	(u_air): New utype property.
	(u_facility_total_max): New utype property.
	(u_mobile_total_max): New utype property.
	(u_ai_min_defenders) : Ner utype property.
	(u_ai_tactival_range): New utype property.
	* world.c (latlong_to_xy): Fix meridian drawing bug.
	* world.h (cell_is_within_n_steps): Rename to
 	cell_is_within_range.
	(for_all_cells_within_n_steps): Rename to
 	for_all_cells_within_range.
	(for_all_stack_with_occs): Define new macro.
	* write.c (write_area_users): Change so that nextid starts at 1
 	instead of 0.
	(write_units): Restore old code so that nextid starts at 1 instead
 	of 0.
	(write_unit_properties): Add K_AUTOPLAN & K_CP_STASH.
	* macadv.c: (MAX_DISPLAYED_FACS): New macro constant.
	(MAX_DISPLAYED_OCCS): New macro constant.
	(CLEAR_AGENDA): New macro constant.
	(unit_build_dialog): Change prototype.
	(has_advance_to_build): Remove prototype.
	(create_selected_unit): Remove prototype.
	(copy_rect_from_gworld): New function and prototype.
	(city_dialog): Rewrite. Many bug fixes and improvements.
	Most important ones:  Add conditional call to draw_unit_info.
	Use backcolor to draw region outside the area in the city map.
	Use copy_rect_from_gworld to do the offscreen graphics.
	Disable all auto checkboxes when dside is under AI control.
	Check that unit has a plan. Add new Plan Type popup menu.
	Add new Autoplan checkbox. Add new AI control checkbox.
	Split occupant panel into facilities and garrison panels.
	Fix runlength bug and limit it to CLEAR_AGENDA.
	Call net_clear_task_agenda & net_set_unit_asleep for idle units.
	Add separate call to has_advance_to_build.
	(draw_city_statistics): Rewrite. Many bug fixes and improvements.
	Most important ones: Add drawing of unit icon.
	Fix sporadic name bug by call to side_adjective.
	Fix parenthesis bug in construction status field.
	Fix crashing bug in occupant display code.
	Use u_facility_worth instead of !mobile to identify facilities.
	Add AI control info text field.	 Add new facilities and garrison
	panels.
	Fix bugs in construction status.
	Use white background color with unit icons.
	Add cps to occupant names when debugging.
	(draw_landuse_near_unit): Rename macro to for_all_cells_within_range.
	(unit_build_dialog): Rewrite. Many bug fixes. return int instead
	of *unit.
	Add separate call to has_advance_to_build.
	(unit_plan_dialog): New function and prototype.
	(global_advance_dialog): Fix autoresearch bug.
	Fix crashes due to incorrect oldprojects[] array size.
	Move SetPort call to position after conditional return.
	Fix sporadic name bug by two calls to side_adjective.
	* maccmd.c (do_set_view_angle): Only set vertscale if given a
 	valid prefixarg.
	* maccolors.c (default_draw_ai): Initialize to TRUE.
	(alert_256_colors): Initialize to TRUE.
	* macconq.c (main): Move check_screen_depths after get files and
 	make conditional.
	(update_area_display): Prototype extern. Add Side parameter.
	* macconq.h: Include MacWindows.h ifdef NEW_HEADERS, else include
 	Windows.h.
	(a_map): Add map->draw_ai.
	(default_draw_ai): New extern.
	(alert_256_colors): New extern.
	(xform_fractional): Move prototype here.
	(xform_flat): New prototype.
	(xform_fractional_flat): New prototype.
	* macdefs.h: (mPlanTypePopup): New menu.
	(miPlanTypeColonizing): New menu item.
	(miPlanTypeImproving): New menu item.
	(miPlanTypeRandom): New menu item.
	(diPrefsAIRegions): New dialog item.
	(diPrefs256colors): New dialog item.
	(dCity): All dialog items renumbered and renamed.
	(dPlan): New dialog with 3 dialog items.
	* macdraw.c (draw_unit_image): Rewrite. Support sidecolors in
 	closeups etc.
	(draw_unit_image): Restore colors BEFORE calling gray_out_rect (2
 	times).
	(draw_unit_image): Fix emblem bug due to new emblem_position code.
	* maclist.c (create_list): Use GetNewCWindow if hasColorQD.
	(draw_unit_list_entry): Fix task_desc prototype error.
	* macmap.c (xform_fractional): Move prototype to macconq.h.
	(xform_flat): New function.
	(xform_fractional_flat): New function.
	(adjust_latlong_interval): New function and prototype.
	(create_map): Use default_draw_ai.
	(create_map): Call adjust_latlong_interval.
	(set_map_power): Call adjust_latlong_interval.
	(set_map_angle): Compute a suitable vertscale.
	(draw_meridians): Fix sporadic longitude top error.
	(draw_meridians): Call xform_fractional_flat instead of
 	xform_fractional.
	(draw_selections_at): Fix (x,y) bug.
	(draw_selected_unit): Draw enemy units in red.
	(draw_selection_animation): Draw enemy units in red.
	(update_cell): Make DestRect larger to include row below.
	(update_cell): Use UNWRAP_RECT for meridians & feature names.
	* macmenus.c: (all_ai_ops): Prototype extern for use in
 	build_ai_type_menu.
	(query_position_modally): Unselect all selected units outside our
 	control.
	(do_closeup_mi): Prototype extern for use in ctrl-clicking of
 	unit.
	(build_ai_type_menu): Load AIs dynamically to the menu.
	(do_menu_command): Add support for dynamically loaded AIs.
	(do_menu_command): Support PLAN_COLONIZING & PLAN_IMPROVING.
	(apply_to_all_selected): Don't apply to selected units that we
 	don't control.
	(do_closeup_mi): Remove static declaration.
	(adjust_menus): Add support for dynamically loaded AIs.
	(adjust_menus): Don't enable commands for enemy unit closeups.
	(enable_commands_for_unit): Support PLAN_COLONIZING &
 	PLAN_IMPROVING.
	(enable_commands_for_unit): Fix menu number bug that disables More
 	menu items.
	* macmouse.c (do_closeup_mi): Prototype extern for use in
 	ctrl-clicking of unit.
	(do_mouse_down_map_content): Disable move and fire cmds for
 	selected enemy units.
	(do_mouse_down_map_content): Rewrite ctrl-clicking code using
 	side_sees_unit.  Call do_closeup_mi if ctrl-clicking non-advanced
 	unit, else call city_dialog.
	(select_all_units_in_rect): Always permit this if side_sees_unit.
	* macprefs.c (interp_mac_ui_data): Support default_draw_ai &
 	alert_256_colors.
	(ui_update_state): Support default_draw_ai & alert_256_colors.
	(set_preferences): Add case diPrefsAIRegions & diPrefs256colors.
	(set_preferences): Support default_draw_ai & alert_256_colors.
	(add_preferences_topic_items): Support default_draw_ai &
 	alert_256_colors.
	* macrow.c (draw_cliffs): Fix ouside-area crashes.
	(draw_contours): Trigger unwrapping 1 hex from right edge.
	(draw_gridlines): Trigger unwrapping 1 hex from right edge.
	(draw_shorelines): Trigger unwrapping 1 hex from right edge.
	(draw_feature_boundary_simple): Trigger unwrapping 1 hex from
 	right edge.
	* macwins.c (closeupwinwid): Change to 340.
	(init_construction_lists): Add separate call to
 	has_advance_to_build.
	(adjust_construction_controls): Check that we can build the
 	desired type.
	(side_rename_dialog): Fix colorscheme bug.
	(preferred_closeup_size): Add 4 pixels at bottom.
	(draw_unit_closeup): Make sure this is the selected unit on all
 	maps.
	(draw_unit_closeup): Optionally permit peeking at enemy units.
	(draw_unit_closeup): Fix duplicate goal_desc problem.
	(draw_unit_closeup): Align goal_desc and remove flanking junk.
	(draw_unit_closeup): Align task_desc and write "Task".
	(do_mouse_down_unit_closeup): Make sure this is the selected unit
 	on all maps.
	(destroy_unit_closeup): Make sure this is the selected unit on all
 	maps.
	* XconqProj.rsrc: (DITL 803 "City"): Extensively modified.
	(DITL 702 "Preferences Map Items"): Add AI regions checkbox.
	(DITL 704 "Preferences Offscreen Items"): Add recommend 256 colors
 	checkbox.
	(DITL 804 "City Research"): Minor changes.
	(DITL 805 "Global Science"): Minor changes.
	(DITL 807 "City Build"): Minor changes.
	(DITL 808 "City Plan"): New dialog item list.
	(DLOG 808 "City Plan"): New dialog.
	(MENU 206 "AI Types"): Remove static AI items.
	(MENU 249 "Plan Types"): Restore damaged resource. Add 3 new
 	items.
	* Xconq.r: Update from XconqProj.rsrc.
	* xconq.c (unit_build_dialog): Rewrite. Fix argument error.
	(unit_plan_dialog): New function.
----------------------------
revision 1.1
date: 1999/04/28 19:36:25;  author: shebs;  state: Exp;
Initial checkin.
=============================================================================
