
RCS file: /cvs/xconq/xconq/kernel/history.c,v
Working file: history.c
head: 1.9
branch:
locks: strict
access list:
symbolic names:
	xconq-7_4_1-release: 1.6
	xconq-7_4-branch: 1.6.0.2
	xconq-7_4-branchpoint: 1.6
	xtconq-pre-removal: 1.5
	xconq-7_3_3-release: 1.5
	xconq-7_3_2-release: 1.5
	xconq-7_3_1-release: 1.5
	xconq-7_3-branch: 1.5.0.2
	xconq-7_3-branchpoint: 1.5
keyword substitution: kv
total revisions: 9;	selected revisions: 9
description:
----------------------------
revision 1.9
date: 2004/06/06 05:55:51;  author: mcdonald;  state: Exp;  lines: +12 -0
Add new possibilities for unit wrecking behavior.
Apply unit starvation patch from Matthew Skala. (Thanks Matthew.)
Define and handle new event types related to unit destruction.
Fix serious bug with model 0 attack/fire hit damage computation.
Improve efficiency of attrition applicator that runs at turn start.
Address nasty parsing order issue.
Add simple, new game that showcases the new wrecking functionality.
----------------------------
revision 1.8
date: 2002/05/08 23:51:17;  author: ronne;  state: Exp;  lines: +1 -1
Make sources C++ compatible.
----------------------------
revision 1.7
date: 2002/03/17 21:02:00;  author: ronne;  state: Exp;  lines: +1 -1
Tweak notification output.
----------------------------
revision 1.6
date: 2000/11/06 21:58:46;  author: ronne;  state: Exp;  lines: +0 -7
Massive cleanup of prototypes.
----------------------------
revision 1.5
date: 2000/05/24 12:22:28;  author: shebs;  state: Exp;  lines: +82 -90
	* history.c (record_event): Allow unit ids to refer to dead units.
also some additional comments
----------------------------
revision 1.4
date: 1999/10/02 00:49:34;  author: shebs;  state: Exp;  lines: +9 -24
	* ccmd.c, cconq.c, help.c, history.c, read.c, util.c, xinit.c:
 	Remove __STDC__ conditionals.
----------------------------
revision 1.3
date: 1999/08/21 12:16:38;  author: shebs;  state: Exp;  lines: +17 -17
        Eliminate still more warnings.
        * cmd.c, help.c, history.c, mknames.c, mkterr.c, mkunits.c,
        nlang.c, read.c, read2.c, score.c, side.c, supply.c, tp.c, ui.c,
        unit.c, unit.h, world.c, write.c: Remove PARAMS usages, remove
        unused variables, add missing function decls, comment out unused
        functions, etc.
        * obstack.h (obstack_begin): Add parameter types to fn pointer.
        * mknames.c (propose_unit_name): Fix "junky" naming method.
        * read.c (find_unit_spec_by_name, find_unit_spec_by_number):
        Use PARSE_PROPERTY_RETURN instead of PARSE_PROPERTY.
        * score.c (all_sides_draw): Assign result of add_side_to_set.
        * side.c: Include ai.h.
----------------------------
revision 1.2
date: 1999/07/17 14:35:21;  author: ronne;  state: Exp;  lines: +1 -1
Change fopen to open_file.
----------------------------
revision 1.1
date: 1999/04/28 19:36:25;  author: shebs;  state: Exp;
Initial checkin.
=============================================================================
