
RCS file: /cvs/xconq/xconq/kernel/imf2imf.c,v
Working file: imf2imf.c
head: 1.3
branch:
locks: strict
access list:
symbolic names:
	xconq-7_4_1-release: 1.3
	xconq-7_4-branch: 1.3.0.4
	xconq-7_4-branchpoint: 1.3
	xtconq-pre-removal: 1.3
	xconq-7_3_3-release: 1.3
	xconq-7_3_2-release: 1.3
	xconq-7_3_1-release: 1.3
	xconq-7_3-branch: 1.3.0.2
	xconq-7_3-branchpoint: 1.3
keyword substitution: kv
total revisions: 3;	selected revisions: 3
description:
----------------------------
revision 1.3
date: 1999/12/02 03:09:01;  author: shebs;  state: Exp;  lines: +0 -7
	* imf2imf.c (keyword_value): Remove, never used.
----------------------------
revision 1.2
date: 1999/08/28 23:22:44;  author: shebs;  state: Exp;  lines: +17 -33
        * configure.in: Add --enable-build-warnings to control extra
        warnings, choose which subdirs to configure based on Unix vs
        Windows.
        * configure: Regenerate.
        * Makefile.in: Eliminate refs to lib-x11.
        * x11/Makefile.in: Ditto.
        * curses/Makefile.in, kernel/Makefile.in, tcltk/Makefile.in,
        x11/Makefile.in: Change UNIX_CFLAGS to autoconf-using HFLAGS,
        remove WARNING_CFLAGS.
        * actions.c, ai.c, ai.h, cmdline.c, cmdline.h, conq.h, generic.c,
        help.h, imf.c, imf.h, imf2imf.c, lisp.c, lisp.h, misc.h, system.h,
        imf2x.c, xcutil.h: Remove PARAMS usages.
        * gif.c, help.c, imf.c, imf2imf.c, lisp.c, unix.c, tkmain.c,
        wimfapp.c, imf2x.c, x2imf.c, xconq.c, xcutil.c: Remove unused
        variables, add prototypes, etc.
        * run2.c, side.c, macconq.c: Remove decl of update_area_display.
        * skelconq.c: Declare _dialog functions.
        * tkcmd.c: Remove exit_xconq decl.
        * wconq.c (check_player_displays): Remove uses.
        * xconq.c: Include tkconq.h.

        * tkconq.h (IMFLIB): Remove.
        (exit_xconq): Declare.
        * tkimf.c, tkinit.c: Remove imflib uses.
        * xconq.h, xcutil.c: Ditto.
        * ximf.c, xinit.c: Ditto.
        * PROJECTS: Remove lib-x11 item.
----------------------------
revision 1.1
date: 1999/04/28 19:36:26;  author: shebs;  state: Exp;
Initial checkin.
=============================================================================
