
RCS file: /cvs/xconq/xconq/kernel/lisp.h,v
Working file: lisp.h
head: 1.14
branch:
locks: strict
access list:
symbolic names:
	xconq-7_4_1-release: 1.6
	xconq-7_4-branch: 1.6.0.2
	xconq-7_4-branchpoint: 1.6
	xtconq-pre-removal: 1.4
	xconq-7_3_3-release: 1.4
	xconq-7_3_2-release: 1.4
	xconq-7_3_1-release: 1.4
	xconq-7_3-branch: 1.4.0.2
	xconq-7_3-branchpoint: 1.4
keyword substitution: kv
total revisions: 14;	selected revisions: 14
description:
----------------------------
revision 1.14
date: 2004/07/18 18:49:48;  author: ronne;  state: Exp;  lines: +1 -0
Add support for multiple and unique unit images.
----------------------------
revision 1.13
date: 2004/07/06 02:43:59;  author: mcdonald;  state: Exp;  lines: +1 -1
Disable another compiler warning.
Clean up a horde of warnings.
----------------------------
revision 1.12
date: 2004/06/25 03:38:48;  author: mcdonald;  state: Exp;  lines: +1 -0
Add 'remove-list' GDL function and an autotest for it.
Improve formatting of parts of the autotester.
----------------------------
revision 1.11
date: 2004/06/21 06:16:57;  author: mcdonald;  state: Exp;  lines: +1 -0
Add the four basic arithmetic operators to the GDL interpreter.
Update games library to remove any potential conflicts with new operators.
Provide some unsophisticated illustrations of new operators in Wreckreation.
----------------------------
revision 1.10
date: 2003/07/07 02:31:44;  author: mcdonald;  state: Exp;  lines: +1 -0
Fix segfault due to writing past end of buffer. Fix comment.
----------------------------
revision 1.9
date: 2003/01/18 16:41:15;  author: ronne;  state: Exp;  lines: +1 -1
Update Doxygen comments.
----------------------------
revision 1.8
date: 2002/07/31 20:40:08;  author: ronne;  state: Exp;  lines: +101 -57
Add Doxygen comments to kernel includes.
----------------------------
revision 1.7
date: 2002/05/08 23:51:17;  author: ronne;  state: Exp;  lines: +1 -1
Make sources C++ compatible.
----------------------------
revision 1.6
date: 2000/11/24 06:12:12;  author: kingdon;  state: Exp;  lines: +1 -1
	* tp.h, conq.h, history.h, lisp.h, plan.c, unit.h, utype.def: Add
	newline to end of file (shuts up GCC warnings on unix).
----------------------------
revision 1.5
date: 2000/11/12 00:39:53;  author: ronne;  state: Exp;  lines: +2 -1
General cleanup of kernel prototypes - part 1.
----------------------------
revision 1.4
date: 2000/04/18 11:57:39;  author: shebs;  state: Exp;  lines: +1 -1
	* lisp.c, lisp.h (choose_from_weighted_list): Add argument to
	allow "flat" lists of weights and values.
	* mknames.c (gen_from_rule): Use it.
	* combat.c, mknames.c, mkunits.c: Update callers.

	* warn.g: Add tests for namer warnings.
----------------------------
revision 1.3
date: 2000/03/16 17:04:13;  author: shebs;  state: Exp;  lines: +2 -1
	* gvar.def (side-color-library): Rename from side-colors.
	* lisp.c, lisp.h (choose_from_weighted_list): Move to here
	from mknames.c.
	* mkunits.c: Remove decl of fn.
	* mknames.c (total_color_weights): New global.
	(make_up_side_name): Add choice of random color scheme.
	(name_in_use): Test for color scheme in use.
	* ui.c (get_emblem_images): Allow use of color scheme as emblem.
	(contour_lines_at): Handle elevation range changes.
----------------------------
revision 1.2
date: 1999/08/28 23:22:44;  author: shebs;  state: Exp;  lines: +89 -83
        * configure.in: Add --enable-build-warnings to control extra
        warnings, choose which subdirs to configure based on Unix vs
        Windows.
        * configure: Regenerate.
        * Makefile.in: Eliminate refs to lib-x11.
        * x11/Makefile.in: Ditto.
        * curses/Makefile.in, kernel/Makefile.in, tcltk/Makefile.in,
        x11/Makefile.in: Change UNIX_CFLAGS to autoconf-using HFLAGS,
        remove WARNING_CFLAGS.
        * actions.c, ai.c, ai.h, cmdline.c, cmdline.h, conq.h, generic.c,
        help.h, imf.c, imf.h, imf2imf.c, lisp.c, lisp.h, misc.h, system.h,
        imf2x.c, xcutil.h: Remove PARAMS usages.
        * gif.c, help.c, imf.c, imf2imf.c, lisp.c, unix.c, tkmain.c,
        wimfapp.c, imf2x.c, x2imf.c, xconq.c, xcutil.c: Remove unused
        variables, add prototypes, etc.
        * run2.c, side.c, macconq.c: Remove decl of update_area_display.
        * skelconq.c: Declare _dialog functions.
        * tkcmd.c: Remove exit_xconq decl.
        * wconq.c (check_player_displays): Remove uses.
        * xconq.c: Include tkconq.h.

        * tkconq.h (IMFLIB): Remove.
        (exit_xconq): Declare.
        * tkimf.c, tkinit.c: Remove imflib uses.
        * xconq.h, xcutil.c: Ditto.
        * ximf.c, xinit.c: Ditto.
        * PROJECTS: Remove lib-x11 item.
----------------------------
revision 1.1
date: 1999/04/28 19:36:27;  author: shebs;  state: Exp;
Initial checkin.
=============================================================================
