
RCS file: /cvs/xconq/xconq/kernel/mknames.c,v
Working file: mknames.c
head: 1.12
branch:
locks: strict
access list:
symbolic names:
	xconq-7_4_1-release: 1.10
	xconq-7_4-branch: 1.10.0.2
	xconq-7_4-branchpoint: 1.10
	xtconq-pre-removal: 1.7
	xconq-7_3_3-release: 1.7
	xconq-7_3_2-release: 1.7
	xconq-7_3_1-release: 1.7
	xconq-7_3-branch: 1.7.0.2
	xconq-7_3-branchpoint: 1.7
keyword substitution: kv
total revisions: 12;	selected revisions: 12
description:
----------------------------
revision 1.12
date: 2003/08/09 22:03:24;  author: ronne;  state: Exp;  lines: +52 -18
Improve side naming and fix player setup bugs.
----------------------------
revision 1.11
date: 2003/08/06 00:18:20;  author: ronne;  state: Exp;  lines: +33 -3
Improve repair, resupply, AI and namer code.
----------------------------
revision 1.10
date: 2000/11/12 00:39:53;  author: ronne;  state: Exp;  lines: +4 -0
General cleanup of kernel prototypes - part 1.
----------------------------
revision 1.9
date: 2000/10/01 17:49:46;  author: shebs;  state: Exp;  lines: +69 -26
	* keyword.def (any): Remove keyword, redundant with "or" in namers.
	(text): Remove, never used.
	* lisp.c (hash_name): Hash on whole string, handle 8-bit chars
	correctly.
	* mknames.c (gen_name): Add comments.
	(gen_from_rule): Rewrite to handle reject form, issue better
	warnings.
	* read.c (init_predefined_symbols): Don't make K_REJECT eval to
	self.
	(interp_text_generator): Remove, never used.
	(interp_form): Remove call to it.

	* refman.texi: Update documentation of name grammars to reflect
	the actual code.

	* warn.g: Add tests for new grammar warnings.
----------------------------
revision 1.8
date: 2000/09/26 16:04:42;  author: shebs;  state: Exp;  lines: +1 -1
	* mknames.c (gen_from_rule): Don't include the "or" when
	choosing an alternative.

	* ng-english.g: Capitalize multi-word names properly. (noticed by
	Gaute Strokkenes)
----------------------------
revision 1.7
date: 2000/04/18 16:56:22;  author: shebs;  state: Exp;  lines: +4 -0
	* mknames.c (gen_from_rule): Use it, add case for string
	leading rule.
----------------------------
revision 1.6
date: 2000/04/18 11:57:39;  author: shebs;  state: Exp;  lines: +38 -68
	* lisp.c, lisp.h (choose_from_weighted_list): Add argument to
	allow "flat" lists of weights and values.
	* mknames.c (gen_from_rule): Use it.
	* combat.c, mknames.c, mkunits.c: Update callers.

	* warn.g: Add tests for namer warnings.
----------------------------
revision 1.5
date: 2000/03/16 17:04:13;  author: shebs;  state: Exp;  lines: +37 -45
	* gvar.def (side-color-library): Rename from side-colors.
	* lisp.c, lisp.h (choose_from_weighted_list): Move to here
	from mknames.c.
	* mkunits.c: Remove decl of fn.
	* mknames.c (total_color_weights): New global.
	(make_up_side_name): Add choice of random color scheme.
	(name_in_use): Test for color scheme in use.
	* ui.c (get_emblem_images): Allow use of color scheme as emblem.
	(contour_lines_at): Handle elevation range changes.
----------------------------
revision 1.4
date: 1999/10/25 23:11:05;  author: ronne;  state: Exp;  lines: +1 -2
Clean out more NULL side stuff.
----------------------------
revision 1.3
date: 1999/10/24 11:20:10;  author: ronne;  state: Exp;  lines: +1 -1
Add new indepside code, fix various bugs.
----------------------------
revision 1.2
date: 1999/08/21 12:16:38;  author: shebs;  state: Exp;  lines: +11 -10
        Eliminate still more warnings.
        * cmd.c, help.c, history.c, mknames.c, mkterr.c, mkunits.c,
        nlang.c, read.c, read2.c, score.c, side.c, supply.c, tp.c, ui.c,
        unit.c, unit.h, world.c, write.c: Remove PARAMS usages, remove
        unused variables, add missing function decls, comment out unused
        functions, etc.
        * obstack.h (obstack_begin): Add parameter types to fn pointer.
        * mknames.c (propose_unit_name): Fix "junky" naming method.
        * read.c (find_unit_spec_by_name, find_unit_spec_by_number):
        Use PARSE_PROPERTY_RETURN instead of PARSE_PROPERTY.
        * score.c (all_sides_draw): Assign result of add_side_to_set.
        * side.c: Include ai.h.
----------------------------
revision 1.1
date: 1999/04/28 19:36:28;  author: shebs;  state: Exp;
Initial checkin.
=============================================================================
