
RCS file: /cvs/xconq/xconq/kernel/mkroads.c,v
Working file: mkroads.c
head: 1.4
branch:
locks: strict
access list:
symbolic names:
	xconq-7_4_1-release: 1.4
	xconq-7_4-branch: 1.4.0.2
	xconq-7_4-branchpoint: 1.4
	xtconq-pre-removal: 1.4
	xconq-7_3_3-release: 1.3
	xconq-7_3_2-release: 1.3
	xconq-7_3_1-release: 1.3
	xconq-7_3-branch: 1.3.0.2
	xconq-7_3-branchpoint: 1.3
keyword substitution: kv
total revisions: 4;	selected revisions: 4
description:
----------------------------
revision 1.4
date: 2000/07/03 16:43:37;  author: shebs;  state: Exp;  lines: +6 -3
	Change unit viewing to use view objects instead of a layer.
	* unit.h (UnitView): New struct.
	* side.h (Side unitview, unitviewdate): Remove.
	(Side unit_views): New field.
	(for_all_view_stack): New macro.
	(unit_view, set_unit_view, builduview, vside, vtype, vhp, EMPTY,
	appears_empty, vside_indep, unit_view_date, set_unit_view_date):
	Remove, no longer used.
	* config.h (MAXVIEWHISTORY): Remove, no longer used.
	* side.c (init_view): Remove unit view layer init.
	(unit_view_at, unit_view_next, add_unit_view, remove_unit_view,
	mistake_view): New functions.
	(fn_set_unit_view, fn_set_unit_view_date): Remove.
	(side_sees_image, all_see_leave, reset_all_views,
	react_to_seen_unit, see_cell, see_exact, paint_view_1): Rewrite to
	use view objects.
	* ai.c (enemies_present): Ditto.
	* iplayer.c (preferred_build_type): Ditto.
	* mkroads.c (unit_sees_other_unit): Ditto.
	* mplayer.c (review_theaters, estimate_strengths,
	preferred_build_type): Ditto.
	* plan.c (alternate_target_here, victim_here, target_here,
	indep_captureable_here, useful_captureable_here,
	can_capture_neighbor): Ditto.
	* ps.c (sideno_of_seen_unit_at): Ditto.
	* run2.c (unit_revolt, visible_to): Ditto.
	* task.c (target_visible): Ditto.
	* ui.c (oneliner, dump_text_view
	* cdraw.c (draw_units, draw_legend, show_closeup): Ditto.
	* xdraw.c (draw_map_info, etc): Ditto.
	* macdesign.c (apply_designer_tool): Ditto.
	* macrow.c (draw_units): Ditto.
	* tkmain.c (update_mouseover): Ditto.
	* tkmap.c (draw_units, handle_designer_mouse_down): Ditto.
	(x_xform_unit_view): New function.

	* init.c (init_all_views): Fold in init_view_2, comment out
	unit view clearing.
	* plan.c (threat, usable_cell): Comment out, not used apparently.
	* read.c (fill_in_side): Comment out unit view reading.
	* ui.c, ui.h (xform_unit_view_: New function.
	(utype_seen_at): Comment out unit view case.
	* write.c (fn_unit_view, fn_unit_view_date): Remove.
	(write_side_view): Write unit view list instead of layer.

	* cmdline.h (make_default_player_spec): Move decl to here
	from cmdline.c.
	* skelconq.c, wconq.c, xconq.c, xtconq.c, xtmain.c: Remove decls
	that are in cmdline.h.
	* tkmain.c: Ditto, and include cmdline.h.
	* cconq.c (make_default_player_spec): New function.

	* tkmain.c (tk_reset_popup_flag): New tcl command.

	* nlang.c (medium_long_unit_handle): Remove unused local.
----------------------------
revision 1.3
date: 2000/03/11 17:13:17;  author: shebs;  state: Exp;  lines: +19 -23
	* mkroads.c (make_roads): Use actual value of K_ROAD_X.
----------------------------
revision 1.2
date: 1999/09/16 02:47:45;  author: shebs;  state: Exp;  lines: +9 -11
	* conq.h, init.c, module.c, tp.c (typesdefined): Remove, never
 	actually used.

	* conq.h (enum setup_stage): New enum.
	(current_stage): New global.

	* imf.c, imf.h (get_img): Remove unused argument.
	* imf.c, ui.c, xcutil.c, ximf.c, maccolors.c, macimf.c, macinit.c,
 	tkimf.c: Fix all callers.

	* init.c, mac.c, mkrivers.c, mkroads.c, module.c. ps.c, score.c,
 	task.c: Remove PARAMS usages.

	* mac.c, win32.c (tmprid): Remove decl, never used.
	* cconq.c (hosting): Remove decl, never used.

	* tp.c (download_game_module): New function, split out from
	download_to_player.
	(broadcast_game_module): New function.
	(broadcast_variants_chosen, broadcast_players_assigned): New
 	functions.
	(receive_packet): Don't do trial assignments here, interpret
	'a' and 'v' packets.

	* tkconq.tcl (selected_game_title): Init to a default value.
	* tkmain.c (tk_start_new_game): Broadcast game module to other
	programs.
	(tk_launch_game): Broadcast that variants have been chosen.
	(tk_launch_game_2): Broadcast that players have been assigned.
	(last_stage): New global.
	(check_network): Call tcl commands to move dialogs through
	stages of game setup.
----------------------------
revision 1.1
date: 1999/04/28 19:36:28;  author: shebs;  state: Exp;
Initial checkin.
=============================================================================
