
RCS file: /cvs/xconq/xconq/kernel/plan.def,v
Working file: plan.def
head: 1.3
branch:
locks: strict
access list:
symbolic names:
	xconq-7_4_1-release: 1.3
	xconq-7_4-branch: 1.3.0.2
	xconq-7_4-branchpoint: 1.3
	xtconq-pre-removal: 1.2
	xconq-7_3_3-release: 1.2
	xconq-7_3_2-release: 1.2
	xconq-7_3_1-release: 1.2
	xconq-7_3-branch: 1.2.0.2
	xconq-7_3-branchpoint: 1.2
keyword substitution: kv
total revisions: 3;	selected revisions: 3
description:
----------------------------
revision 1.3
date: 2000/10/29 21:10:37;  author: ronne;  state: Exp;  lines: +8 -8
Improve ai planning. More support for combat model 1.
----------------------------
revision 1.2
date: 1999/06/02 18:55:46;  author: shebs;  state: Exp;  lines: +0 -4
Remove some old change comments
----------------------------
revision 1.1
date: 1999/04/28 19:36:30;  author: shebs;  state: Exp;
Initial checkin.
=============================================================================
