
RCS file: /cvs/xconq/xconq/kernel/plan.c,v
Working file: plan.c
head: 1.106
branch:
locks: strict
access list:
symbolic names:
	xconq-7_4_1-release: 1.45
	xconq-7_4-branch: 1.45.0.2
	xconq-7_4-branchpoint: 1.45
	xtconq-pre-removal: 1.33
	xconq-7_3_3-release: 1.23
	xconq-7_3_2-release: 1.23
	xconq-7_3_1-release: 1.23
	xconq-7_3-branch: 1.23.0.2
	xconq-7_3-branchpoint: 1.23
keyword substitution: kv
total revisions: 106;	selected revisions: 106
description:
----------------------------
revision 1.106
date: 2004/08/21 20:31:52;  author: mcdonald;  state: Exp;  lines: +25 -0
Fix scheduling bug exacerbated by the use of formations.
Fix crash from attempting to update a display with a NULL 'dside'.
----------------------------
revision 1.105
date: 2004/08/20 23:26:11;  author: ronne;  state: Exp;  lines: +7 -15
Improved combat code part 1: TASK_ATTACK, TASK_FIRE, unit view clearance.
----------------------------
revision 1.104
date: 2004/08/19 00:58:56;  author: ronne;  state: Exp;  lines: +41 -18
Many bug fixes, some new features.
----------------------------
revision 1.103
date: 2004/07/19 22:36:57;  author: ronne;  state: Exp;  lines: +170 -297
Improve rearm and repair code.
----------------------------
revision 1.102
date: 2004/07/18 18:49:48;  author: ronne;  state: Exp;  lines: +8 -7
Add support for multiple and unique unit images.
----------------------------
revision 1.101
date: 2004/07/14 21:02:06;  author: ronne;  state: Exp;  lines: +1 -7
Improve drawing of feature legends.
----------------------------
revision 1.100
date: 2004/07/12 23:31:21;  author: ronne;  state: Exp;  lines: +96 -95
Improvements to resupply code and victim finding code.
----------------------------
revision 1.99
date: 2004/07/06 22:49:08;  author: ronne;  state: Exp;  lines: +12 -12
Simplify the hit-unit task code.
----------------------------
revision 1.98
date: 2004/07/01 23:18:55;  author: ronne;  state: Exp;  lines: +11 -3
More fixes to the unit view code.
----------------------------
revision 1.97
date: 2004/06/27 01:05:30;  author: ronne;  state: Exp;  lines: +2 -2
Improvements to ai performance and combat reporting.
----------------------------
revision 1.96
date: 2004/06/26 20:15:10;  author: mcdonald;  state: Exp;  lines: +27 -15
Reinstate turns from enemy penalty in victim scoring.
Mark sidenote comments with a different char.
----------------------------
revision 1.95
date: 2004/06/26 15:45:37;  author: ronne;  state: Exp;  lines: +21 -25
Various bug fixes and improvements to the kernel.
----------------------------
revision 1.94
date: 2004/06/20 17:23:05;  author: mcdonald;  state: Exp;  lines: +3 -2
Cache results of recently added ACP and MP artithmetic functions.
Finish replacing 'u_acp' and 'u_speed' calls in the kerenl, where appropriate.
Minor fix to the help system.
New option for Wreckreation.
----------------------------
revision 1.93
date: 2004/06/15 04:14:21;  author: mcdonald;  state: Exp;  lines: +13 -10
Update player documentation.
Extend night and occupant effects on ACP.
Provide universal ACP arithmetic.
Update games in library to use some replacement tables.
Provide true capture prevention/allowance tables.
Provide toggle for use of combat protection tables in capture computations.
Allow units to change type on capture. Add new table for this.
Improvements and modifications to help system.
Improvements to and comments about type changing code.
Some housekeeping of the table definitions.
Source formatting improvments.
New version of Wreckreation.
----------------------------
revision 1.92
date: 2004/06/12 20:41:09;  author: ronne;  state: Exp;  lines: +3 -0
Various build and move related interface fixes.
----------------------------
revision 1.91
date: 2004/06/07 00:40:25;  author: mcdonald;  state: Exp;  lines: +5 -0
Fix some poor judgement in the victim seeker.
----------------------------
revision 1.90
date: 2004/05/29 21:04:37;  author: mcdonald;  state: Exp;  lines: +1 -1
Improve formation handling in Tcl/Tk interface.
Fix memory leak in formation movement code.
----------------------------
revision 1.89
date: 2004/05/16 23:44:17;  author: mcdonald;  state: Exp;  lines: +4 -2
Fix display update bug reported by Tom Low-Shang.
----------------------------
revision 1.88
date: 2004/05/14 04:53:30;  author: mcdonald;  state: Exp;  lines: +9 -12
Fix construction run length bug reported by "Ed." on the mailing list.
Remove some assinity I recently introduced into the unit wake behavior.
----------------------------
revision 1.87
date: 2004/05/13 04:15:39;  author: mcdonald;  state: Exp;  lines: +46 -3
Add a patch (modified; from Matthew Skala) to give control over recursive wake behavior.
Make units wake if assailed.
----------------------------
revision 1.86
date: 2004/05/02 22:19:19;  author: mcdonald;  state: Exp;  lines: +3 -4
Revert to the pathfinder in use prior to 2003/11/13.
Add appropriate replacements for useful elements of post-2003/11/13 pathfinder.
----------------------------
revision 1.85
date: 2004/02/15 10:45:55;  author: ronne;  state: Exp;  lines: +3 -22
Fix some minor build problems.
----------------------------
revision 1.84
date: 2004/01/26 02:02:17;  author: mcdonald;  state: Exp;  lines: +140 -60
Improve victim rating calculation.
Fix some bugs in victim seeking code.
Prepare for making AI more intelligent wrt resupply.
Fix strange movement bug.
Make Random plan more intelligent about certain task assignments.
Cancel a movement/resupply task combo, if it is no longer needed.
----------------------------
revision 1.83
date: 2004/01/19 21:07:36;  author: mcdonald;  state: Exp;  lines: +74 -38
Improve victim rating computation.
Improve performance of non-networked games.
Add new macro routines for debugging.
Add new search algorithm.
----------------------------
revision 1.82
date: 2004/01/17 03:54:01;  author: mcdonald;  state: Exp;  lines: +22 -19
Fix somewhat latent network sync error introduced by previous patch.
----------------------------
revision 1.81
date: 2004/01/16 06:33:10;  author: mcdonald;  state: Exp;  lines: +515 -207
Unify victim finding for capturing, firing, and attacking.
Make new victim finder the one and only.
Fix bug in UI move-to checking.
----------------------------
revision 1.80
date: 2004/01/10 20:49:10;  author: mcdonald;  state: Exp;  lines: +51 -155
Add new files for general AI/UI utility functions.
Start adding more AI-related functions to "ai_" namespace.
Include 'assert.h' in a master header instead of various and sundry sources.
Rewrite 'could_hit' in terms of new functions.
Begin migrating general AI/UI utility functions to 'aiutil'.
Create some new general AI/UI utility functions in 'aiutil'.
Improve victim finder by rejecting unreachable targets.
----------------------------
revision 1.79
date: 2004/01/05 23:36:37;  author: ronne;  state: Exp;  lines: +0 -2
Add pre-flight checks of move commands to the ui code.
----------------------------
revision 1.78
date: 2003/12/31 22:39:22;  author: kingdon;  state: Exp;  lines: +8 -8
	* kernel/plan.c (victim_here): Change 0,1 captstatus to boolean
	can_be_captured.
	(victim_here): Move occstatus inside the block where it is used/set.
----------------------------
revision 1.77
date: 2003/12/31 00:42:32;  author: kingdon;  state: Exp;  lines: +16 -13
	* kernel/plan.c (victim_here): Use enum rather than 0,1,2,3 for
	occstatus.
----------------------------
revision 1.76
date: 2003/12/29 21:42:41;  author: mcdonald;  state: Exp;  lines: +47 -9
Make AI more intelligent regarding victim selection.
Add new function for searching a unit for particular task type.
----------------------------
revision 1.75
date: 2003/12/28 20:53:24;  author: mcdonald;  state: Exp;  lines: +56 -1
Remove unneeded subtarget for making tarballs.
Implement tables of packed booleans.
Provide a toggle-switch for long-range pathfinding.
Improve efficiency of movement/pathfinding code on average.
Improve AI victim-finding to prevent concentrating too many units on 1 target.
----------------------------
revision 1.74
date: 2003/12/27 03:55:59;  author: mcdonald;  state: Exp;  lines: +5 -4
Fix configure/build system so that only 1 interface makes 'xconq'.
Make broader test for valid unit in xform_unit.
New macro to calculate how many cells are swept by a radius.
Small cosmetic touchups to code.
Improved images for a number of Bellum Aeternum units.
----------------------------
revision 1.73
date: 2003/12/26 09:51:48;  author: ronne;  state: Exp;  lines: +27 -2
Fix some build problems.
----------------------------
revision 1.72
date: 2003/12/26 06:02:35;  author: mcdonald;  state: Exp;  lines: +306 -86
Rewritten victim-finding code for the AI.
The start of better resupply logic.
Improve and add some segfault prevention code.
Cosmetic improvements to some code.
Enhancements to Bellum Aeternum.
----------------------------
revision 1.71
date: 2003/12/20 23:46:13;  author: mcdonald;  state: Exp;  lines: +15 -1
Make the AI more intelligent wrt target selection.
----------------------------
revision 1.70
date: 2003/08/18 20:13:41;  author: ronne;  state: Exp;  lines: +1 -1
Various cleanups and bug fixes.
----------------------------
revision 1.69
date: 2003/08/17 00:41:56;  author: ronne;  state: Exp;  lines: +122 -29
Further fixes to resupply and repair code.
----------------------------
revision 1.68
date: 2003/08/11 22:34:16;  author: ronne;  state: Exp;  lines: +118 -57
Further improvements to resupply and repair code.
----------------------------
revision 1.67
date: 2003/08/06 23:43:41;  author: ronne;  state: Exp;  lines: +0 -1
More auto-repair related fixes.
----------------------------
revision 1.66
date: 2003/08/06 00:18:20;  author: ronne;  state: Exp;  lines: +105 -31
Improve repair, resupply, AI and namer code.
----------------------------
revision 1.65
date: 2003/07/26 21:54:36;  author: ronne;  state: Exp;  lines: +1 -1
Various bug fixes and improvements.
----------------------------
revision 1.64
date: 2003/06/18 20:46:36;  author: ronne;  state: Exp;  lines: +6 -6
Fix restore of saved unit views.
----------------------------
revision 1.63
date: 2003/04/26 16:03:17;  author: ronne;  state: Exp;  lines: +20 -20
Improve struct UnitView and clean out obsolete macros.
----------------------------
revision 1.62
date: 2003/02/19 22:20:34;  author: ronne;  state: Exp;  lines: +2 -2
Fix drawing bug in tcltk and sdl interfaces.
----------------------------
revision 1.61
date: 2003/02/15 00:20:56;  author: ronne;  state: Exp;  lines: +32 -65
Make the classic build code smarter.
----------------------------
revision 1.60
date: 2003/02/14 22:23:14;  author: ronne;  state: Exp;  lines: +1 -1
Fix bug in kernel build code.
----------------------------
revision 1.59
date: 2002/12/30 20:58:20;  author: ronne;  state: Exp;  lines: +8 -7
Expurgate wrapx from the interfaces.
----------------------------
revision 1.58
date: 2002/07/27 20:32:06;  author: ronne;  state: Exp;  lines: +1 -1
Fix unit view weirdness bug.
----------------------------
revision 1.57
date: 2002/07/24 23:03:03;  author: ronne;  state: Exp;  lines: +6 -3
Add improved explorer code. Fixes to unit view code.
----------------------------
revision 1.56
date: 2002/07/21 22:15:24;  author: ronne;  state: Exp;  lines: +2 -2
More ai bug fixes.
----------------------------
revision 1.55
date: 2002/07/18 21:09:25;  author: kingdon;  state: Exp;  lines: +1 -3
	* kernel/run2.c: Move declarations of run_people and friends from
	run2.c and run.c to kernel.h
	* kernel/plan.c: Include ai.h instead of declaring variables
	explicitly.
----------------------------
revision 1.54
date: 2002/07/17 23:05:38;  author: ronne;  state: Exp;  lines: +29 -2
Fixes to the AI build code.
----------------------------
revision 1.53
date: 2002/07/16 22:27:48;  author: ronne;  state: Exp;  lines: +48 -24
Major fixes to the AI code.
----------------------------
revision 1.52
date: 2002/07/05 22:30:13;  author: ronne;  state: Exp;  lines: +5 -5
Fixes to reserve and sleep code.
----------------------------
revision 1.51
date: 2002/05/08 23:51:17;  author: ronne;  state: Exp;  lines: +5 -8
Make sources C++ compatible.
----------------------------
revision 1.50
date: 2002/03/29 17:45:19;  author: ronne;  state: Exp;  lines: +21 -19
Streamline network code.
----------------------------
revision 1.49
date: 2002/02/17 00:25:43;  author: ronne;  state: Exp;  lines: +10 -0
Fix sync errors and lockups in network code.
----------------------------
revision 1.48
date: 2001/01/23 16:36:53;  author: shebs;  state: Exp;  lines: +2 -2
	Eliminate a few minor warnings, minor tweaks.
	* plan.c (plan_offense_support, plan_explorer_support): Remove
	unused locals.
	* read.c (interp_unit_defaults): Remove unused local m.
	* tkcmd.c (do_fire): Removed unused local rslt.
	* tkconq.h, tkmain.c (init_all_display): Make static.
	* tkinit.c (toplevel_display_used): Remove unused global.
	(report_missing_images): Report correct side for emblems.
	(init_other_images): Fix debug reports.
	* tkmain.c (update_mouseover): Use unit_could_attack, remove
	copy of could_attack.
----------------------------
revision 1.47
date: 2000/12/28 16:04:08;  author: shebs;  state: Exp;  lines: +14 -17
	Streamline handling of can-build testing, add cases for
	can-develop.
	* side.h (Side candevelop): New field.
	(side_can_develop): New macro.
	* side.c (create_side): Allocate candevelop.
	* run.c (update_canbuild_vector): Fill in candevelop vector too.
	* unit.c (unit_can_build_type): New function.
	* plan.c (plan_offense_support, plan_colonize_support,
	plan_explorer_support): Use it.
	* macunit.c (build_construction_menu): Ditto.
	* tkcmd.c (do_build): Ditto.
	* ccmd.c (do_build): Ditto.

	* tkcmd.c (do_fire, aux_fire_at): Rewrite to use same code for
	keyboard and menu select cases.
	(common_fire_at): New function.
	(do_fire_into, aux_fire_into, common_fire_into): Similarly.

	* macwins.c (adjust_construction_controls): Use could_create
	and could_develop.
----------------------------
revision 1.46
date: 2000/12/18 16:50:48;  author: shebs;  state: Exp;  lines: +13 -9
	Eliminate the macros MAXUTYPES, MAXTTYPES, MAXMTYPES, and
	MAXATYPES, size all type handling dynamically.
	* config.h (MAXUTYPES, MAXTTYPES, MAXMTYPES, MAXATYPES): Remove.
	* game.h (NONUTYPE, NONTTYPE, NONMTYPE, NONATYPE): Define to be -1.
	(count_terrain_subtypes, numcelltypes, numbordtypes, numconntypes,
	numcoattypes): Declare here instead of in world.h.
	(tmp_u_array, tmp_t_array): Declare.
	* gvar.def (edge-terrain, river-sink-terrain): Don't use type
	bounds.
	* table.def (adjacent-terrain-effect, terrain-exhaustion-type): Ditto.
	* utype.def (obsolete, wrecked-type): Ditto.
	* generic.c (count_terrain_subtypes, numcelltypes, etc): Move here
	from world.c.
	(tmp_u_array, tmp_t_array): New globals.
	(curmaxutypes, curmaxmtypes, curmaxttypes, curmaxatypes): Set to
	defaults convenient for the first allocation.
	(create_unit_type): New function.
	(disallow_more_unit_types, disallow_more_terrain_types): New functions.
	(allocate_table): Use them.
	* help.c (tm_table_row_desc): Remove, never used.
	* init.c (check_game_validity): Call disallow_* to make sure
	some type arrays are computed and cached.
	(calculate_globals): Ditto.
	(make_initial_materials): Use tmp_t_array.
	* mkrivers.c (make_up_river_borders): Ditto.
	* mkterr.c (elev_range, elev_lo, elev_hi, raw_range, raw_lo,
	raw_hi): New static globals.
	(compose_area, compose_earthlike_area): Use them.
	(make_random_terrain, fix_adjacent_terrain,
	flatten_liquid_terrain): Use tmp_t_array.
	* mkunits.c (make_countries): Dynalloc local arrays.
	(country_is_complete, make_independent_units): Use tmp_u_array.
	* nlang.c (ohd_nums, ohd_incomplete): New static globals.
	(others_here_desc, occupants_desc): Use them.
	* plan.c (plan_colonize_support): Use tmp_u_array.
	(gctc_supply): New static global.
	(good_cell_to_colonize): Use it.
	* ps.c (summary_of_seen_units_at): Use tmp_u_array.
	* read.c (default_supply): Remove, no longer to use.
	(init_predefined_symbols): Remove its setup.
	(interp_unit_default): Similarly.
	(interp_unit): Don't use default_supply.
	(interp_utype): Remove test for too many types, call
	create_unit_type.
	(interp_ttype, interp_mtype, interp_atype): Remove tests
	for too many types.
	(too_many_types): Remove, no longer needed.
	(rd_u_arr): New static global.
	(interp_standing_order, read_utype_doctrine): Use it.
	* run.c (rau_incrs): New static global.
	(run_advanced_units): Use it.
	(apr_type): New static global.
	(auto_pick_unit_research, auto_pick_side_research): Use it.
	(auto_pick_new_build_task): Use tmp_u_array.
	* run2.c (ttotals, uttotals): New static globals.
	(run_economy): Use them.
	* score.c (sum_property): Use tmp_u_array.
	* side.c (new_doctrine): Call disallow_more_unit_types.
	* supply.c (mad): New static global.
	(init_supply_system): Set it up.
	* unit.c (create_unit): Allocate numlivebytype and completenesses.
	(oc_numtypes): New static global.
	(can_occupy_unit): Use it.
	(toc_numtypes, type_can_occupy_cell): Similarly.
	(ocw_numtypes, can_occupy_cell_without): Similarly.
	(tocw_numtypes, type_can_occupy_cell_without): Similarly.
	(conn_num_types, can_occupy_conn_1): Similarly.
	(can_carry, type_can_occupy): Use tmp_u_array.
	(num_each_type, shared_each_type): New static globals.
	(eject_excess_occupants): Use them.
	(shortest_unique_name): Dynalloc firstuniq, use it as flag
	instead of shortestdone.
	(shortest_generic_name): Similarly.
	* write.c (write_table): Increase histogram size.

	* ai.c (atc_type): New static global.
	(assign_to_colonize): Use it.
	(pbt_prefs, pbt_fringe_terrain, pbt_enemy_types,
	pbt_num_to_transport): New static globals.
	(preferred_build_type): Use them.
	* ai.h (Strategy): Declare strengths etc as arrays of pointers
	instead of 2D arrays, unitlist and unitlistcount as pointers.
	(Theater): Similarly for numassigned, numneeded, etc.
	(strength_est, etc): New macros (not used yet).
	* iplayer.c (iru_numoffensive, iru_numdefensive): New static globals.
	(iplayer_review_units): Use them.
	* mplayer.c (mplayer_create_strategy): Allocate strength arrays.
	(create_theater): Dynalloc numassigned etc fields.
	(estimate_strengths, mplayer_read_strengths, mplayer_save_state):
	Change to pointer-to-pointer refs.
	(mru_numoffensive, mru_numdefensive): New static globals.
	(mplayer_review_units): Use them.
	* oplayer.c: Similarly.

	* cmd.c (gt_amts, gt_rslts): New static globals.
	(do_one_give, do_one_take): Use them.
	* ui.h (VP draw_materials): Make into a pointer.
	* ui.c (new_vp): Allocate draw_materials field.

	* maccmd.c (do_one_add_terrain): Use tmp_t_array.
	* macwins.c (side_research_dialog): Make participants static global.

	* tkconq.h (UI material_color, etc): Change from array to pointer.
	(UI cell_color, cell_shades): Rename from cellcolor and cellshades.
	(UI best_timages): Similarly.
	(UI unitpics, unitmasks, bestmimages): Remove, not used.
	(Map uvec, ustr, tvec, tstr): Change from array to pointer.
	* tkcmd.c (do_add_terrain, do_remove_terrain): Use tmp_t_array.
	(do_build): Use tmp_u_array.
	* tkinit.c (utype_indexes, mtype_indexes): Change to pointers.
	(init_display): Remove inits of unused fields, alloc space for
	cell_shades and material_color.
	(init_material_images): Remove setup of bestmimages.
	(init_terrain_images): Allocate for best_timages and terrpics.
	(init_shades): Use array-of-array refs to cell_shades.
	* tkmain.c (last_num_units_in_play, last_num_units_incomplete):
	Change from arrays to pointers.
	(init_redraws, update_unit_type_list): Allocate them.
	(create_map): Alloc map uvec, ustr, etc.
	* tkmap.c: Update refs to renamed fields.
	(MapW draw_aux_terrain, draw_materials): Make into pointers.

	* ccmd.c (do_build): Use tmp_u_array.
	* cconq.c (init_display): Use numutypes to size allocs.
	(ask_unit_type, ask_terrain_type): Use array of int instead of short.
	* cdraw.c (draw_type_list_entry): Init lasttypevisible from numutypes.

	* cconq.c (do_dir_2): Fix a variable name.
	* cconq.h: Use #else instead of #elif.
----------------------------
revision 1.45
date: 2000/12/03 23:36:20;  author: ronne;  state: Exp;  lines: +9 -5
Fix some problems with capture code.
----------------------------
revision 1.44
date: 2000/11/30 17:08:26;  author: shebs;  state: Exp;  lines: +1 -1
	* unit.h (ai_controlled): New macro.
	* ai.c, iplayer.c, mplayer.c, plan.c, run.c, macunit.c: Use it
	everywhere.

	* ai.c (offensive_worth, defensive_worth): Break complicated
	expressions into several statements.
	* iplayer.c (iplayerinited): Remove, never used.
	(iplayer_react_to_new_side, iplayer_save_state,
	iplayer_theater_at, iplayer_at_desig): Remove, never used.
	* run.c (move_one_unit_multiple): Rework test of AI units
	needing to run task reactions.
	* task.c (execute_task): Don't skip to task reaction if unit
	is not AI controlled.
----------------------------
revision 1.43
date: 2000/11/28 22:38:38;  author: ronne;  state: Exp;  lines: +1 -0
Fix sporadic end-of-turn problems.
----------------------------
revision 1.42
date: 2000/11/25 16:05:10;  author: shebs;  state: Exp;  lines: +19 -32
	* plan.c: Cosmetic improvements, add some comments.
	(adj_unit): Remove, useless.
----------------------------
revision 1.41
date: 2000/11/24 06:12:12;  author: kingdon;  state: Exp;  lines: +1 -1
	* tp.h, conq.h, history.h, lisp.h, plan.c, unit.h, utype.def: Add
	newline to end of file (shuts up GCC warnings on unix).
----------------------------
revision 1.40
date: 2000/11/16 23:33:12;  author: ronne;  state: Exp;  lines: +63 -107
General cleanup of kernel prototypes - part 2.
----------------------------
revision 1.39
date: 2000/11/12 00:39:54;  author: ronne;  state: Exp;  lines: +2 -94
General cleanup of kernel prototypes - part 1.
----------------------------
revision 1.38
date: 2000/10/29 21:10:37;  author: ronne;  state: Exp;  lines: +5 -1
Improve ai planning. More support for combat model 1.
----------------------------
revision 1.37
date: 2000/10/20 14:00:09;  author: shebs;  state: Exp;  lines: +30 -67
	* plan.c (plan_offense, plan_defense, plan_colonize,
	plan_exploration): Check existence of unit in unit-occupied goal
	before testing occupancy.
----------------------------
revision 1.36
date: 2000/10/12 22:04:58;  author: ronne;  state: Exp;  lines: +6 -0
Rewrite new model 1 attack code.
----------------------------
revision 1.35
date: 2000/10/10 21:46:02;  author: ronne;  state: Exp;  lines: +8 -12
Clean up args in good_cell_to_colonize.
----------------------------
revision 1.34
date: 2000/09/29 17:49:30;  author: ronne;  state: Exp;  lines: +0 -9
Fix units getting stuck in sleep mode.
----------------------------
revision 1.33
date: 2000/08/20 20:25:05;  author: ronne;  state: Exp;  lines: +7 -18
More changes to construction and research.
----------------------------
revision 1.32
date: 2000/08/18 23:42:55;  author: ronne;  state: Exp;  lines: +16 -4
Move acp-indep builds to normal execution code.
----------------------------
revision 1.31
date: 2000/08/15 23:42:55;  author: ronne;  state: Exp;  lines: +3 -9
Clean up and simplify advanced unit code.
----------------------------
revision 1.30
date: 2000/08/13 15:21:00;  author: shebs;  state: Exp;  lines: +0 -2
	Fix various bugs in unit viewing, especially for see_all case.
	* iplayer.c (can_see_actual_units): Remove, no longer used.
	(preferred_build_type): Test side->see_all.
	* mplayer.c (can_see_actual_units): Remove, no longer used.
	(review_theaters, estimate_strengths, preferred_build_type): Fix
	!side->see_all cases.
	* plan.c (victim_here): Remove a comment.
	* side.c (become_designer, become_nondesigner): Add notices
	to all sides.
	(unit_view_at, unit_view_next): Handle side->see_all case by
	faking view objects.
	(add_unit_view): Record the date of the unit view.
	* side.h: Add some comments.
	* task.c (do_hit_unit_task): Always use unit views.
	(parse_unit): Remove redundant see_all test.
----------------------------
revision 1.29
date: 2000/08/11 03:21:31;  author: shebs;  state: Exp;  lines: +3 -8
	* unit.h (UnitView size, date): New fields.
	* side.h (view_size): New macro.
	* plan.c (victim_here, target_here): Use view size.
	* side.c (side_sees_unit, side_sees_image): Return true if
	side->show_all.
	(add_unit_view): Fill in view of unit size.
----------------------------
revision 1.28
date: 2000/08/10 22:30:49;  author: ronne;  state: Exp;  lines: +4 -1
Fix buzzing and speed problems with indepside and iplayer.
----------------------------
revision 1.27
date: 2000/08/08 17:11:52;  author: shebs;  state: Exp;  lines: +24 -0
	* nlang.c (tooling_desc): New function.
	(notify_doctrine): List contents of all doctrines.
	(notify_doctrine_1): List construction run lengths.
	* plan.c (est_completion_time): Move to here from nlang.c.
	* read.c (read_default_doctrine): Rename from read_general_doctrine,
	don't try to handle property values here.
	(read_utype_doctrine): Similarly.
	(utype_from_name): Handle empty strings.
	* read2.c (interp_utype_list): Move to here from unit.c.
	* side.h (Side numlive): Remove field, never used.
	(for_all_doctrines): New macro.
	* side.c (init_sides): Set next_doctrine_id to 1, so save/restore
	doesn't get confused.
	(create_side): Don't alloc space for numlive.
	(become_designer): Don't enable may_set_show_all if see_all.
	(cover_area): Test side->see_all instead of g_see_all.
	(new_doctrine): Ensure new doctrine has unique id.
	(clone_doctrine): Comment out, never used.
	* unit.c (set_unit_side): Remove adjust of numlive.
	(find_unit_name): Remove, unused and useless.
	(num_occupants, num_units_at, get_x_property_by_name): Comment
	out, never used.
	* write.c: Cosmetic improvements.
	* conq.h, unit.h: Update to reflect movements.
----------------------------
revision 1.26
date: 2000/07/23 13:55:03;  author: shebs;  state: Exp;  lines: +8 -17
	Increase unit ids to 32 bits in size.
	* unit.h (Unit id): Declare as int instead of short.
	(UnitView id): Ditto.
	(Action actee, args): Ditto.
	(Task args): Ditto.
	* history.h (HistEvent data): Ditto.
	(PastUnit id): Ditto.
	* world.h (Area user): Ditto.
	* tkconq.h (Map curunit_id, argunitid): Ditto.
	* xtconq.h (Map argunitid): Ditto.
	* plan.c (make_plausible_random_args): Declare args arg as int.
	* task.c (do_approach_subtask): Declare statep arg as int.
	* unit.c (create_unit): Add note about id overflow.
----------------------------
revision 1.25
date: 2000/07/08 12:20:34;  author: shebs;  state: Exp;  lines: +121 -110
	* combat.c: Tweak formatting.
	* plan.c (victim_here): Loop over unit views, comment out
	test of unit size since it looks at unit directly.
	(victim_x, victim_y, victim_rating, etc): Rename from victimx etc.
	(target_here): Loop over unit views.
	(target_x, target_y, target_rating, etc): Rename from targetx etc.
	* iplayer.c (iplayer_go_after_victim, iplayer_fire_at_opportunity,
	enemy_close_by): Declare victim_rating etc in scope of functions.
	* mplayer.c: Ditto.
	* task.c (do_hit_unit_task): Add notes about views.
	* ui.c (find_unit_or_occ_view, find_unit_view_at,
	nearest_unit_view): New functions.
	(oneliner): Call nearest_unit_view, test for unit views instead
	of units_visible.
	(dump_text_view): Similarly.

	* tkmain.c (update_mouseover): Use unit views to decide whether
	cursor is over an attackable unit.
	* tkmap.c (draw_units): Almost always use unit views (exception is
	vp->show_all).
----------------------------
revision 1.24
date: 2000/07/03 16:43:37;  author: shebs;  state: Exp;  lines: +90 -157
	Change unit viewing to use view objects instead of a layer.
	* unit.h (UnitView): New struct.
	* side.h (Side unitview, unitviewdate): Remove.
	(Side unit_views): New field.
	(for_all_view_stack): New macro.
	(unit_view, set_unit_view, builduview, vside, vtype, vhp, EMPTY,
	appears_empty, vside_indep, unit_view_date, set_unit_view_date):
	Remove, no longer used.
	* config.h (MAXVIEWHISTORY): Remove, no longer used.
	* side.c (init_view): Remove unit view layer init.
	(unit_view_at, unit_view_next, add_unit_view, remove_unit_view,
	mistake_view): New functions.
	(fn_set_unit_view, fn_set_unit_view_date): Remove.
	(side_sees_image, all_see_leave, reset_all_views,
	react_to_seen_unit, see_cell, see_exact, paint_view_1): Rewrite to
	use view objects.
	* ai.c (enemies_present): Ditto.
	* iplayer.c (preferred_build_type): Ditto.
	* mkroads.c (unit_sees_other_unit): Ditto.
	* mplayer.c (review_theaters, estimate_strengths,
	preferred_build_type): Ditto.
	* plan.c (alternate_target_here, victim_here, target_here,
	indep_captureable_here, useful_captureable_here,
	can_capture_neighbor): Ditto.
	* ps.c (sideno_of_seen_unit_at): Ditto.
	* run2.c (unit_revolt, visible_to): Ditto.
	* task.c (target_visible): Ditto.
	* ui.c (oneliner, dump_text_view
	* cdraw.c (draw_units, draw_legend, show_closeup): Ditto.
	* xdraw.c (draw_map_info, etc): Ditto.
	* macdesign.c (apply_designer_tool): Ditto.
	* macrow.c (draw_units): Ditto.
	* tkmain.c (update_mouseover): Ditto.
	* tkmap.c (draw_units, handle_designer_mouse_down): Ditto.
	(x_xform_unit_view): New function.

	* init.c (init_all_views): Fold in init_view_2, comment out
	unit view clearing.
	* plan.c (threat, usable_cell): Comment out, not used apparently.
	* read.c (fill_in_side): Comment out unit view reading.
	* ui.c, ui.h (xform_unit_view_: New function.
	(utype_seen_at): Comment out unit view case.
	* write.c (fn_unit_view, fn_unit_view_date): Remove.
	(write_side_view): Write unit view list instead of layer.

	* cmdline.h (make_default_player_spec): Move decl to here
	from cmdline.c.
	* skelconq.c, wconq.c, xconq.c, xtconq.c, xtmain.c: Remove decls
	that are in cmdline.h.
	* tkmain.c: Ditto, and include cmdline.h.
	* cconq.c (make_default_player_spec): New function.

	* tkmain.c (tk_reset_popup_flag): New tcl command.

	* nlang.c (medium_long_unit_handle): Remove unused local.
----------------------------
revision 1.23
date: 2000/05/30 16:00:43;  author: shebs;  state: Exp;  lines: +13 -22
	* plan.c (set_formation): NULL leader clears formation.
	* tkcmd.c (aux_set_formation): Add user feedback, option
	to clear formation.
	(do_quit): Don't confirm if game over.
	(do_save, do_survey): Don't allow after game is over.
----------------------------
revision 1.22
date: 2000/04/07 17:19:35;  author: shebs;  state: Exp;  lines: +18 -26
	* ai.c (next_ai_type): Simplify.
	* conq.h (has_advance_to_research): Declare here.
	* cmd.c, run.c, macunit.c, macwins.c: ...instead of here.
	* combat.c: Cosmetic changes.
	* iplayer.c: Remove more unused code, elim warnings.
	* mplayer.c (mp_collect_here): Declare.
	* plan.c: Comment out unused code.
	* supply.c: Remove unused globals.
----------------------------
revision 1.21
date: 2000/04/02 23:26:10;  author: shebs;  state: Exp;  lines: +1 -1
	* plan.c, run.c, ui.c: Confirm that user layer exists before
	calling user_at.
	* run.c (run_advanced_units): Allocate user layer here.
	* ui.c (collect_possible_games): Remove Mac-specific code, never
	used.
	(oneliner): Use apparent_unit_handle to describe some units.
----------------------------
revision 1.20
date: 2000/03/11 17:22:29;  author: shebs;  state: Exp;  lines: +43 -58
	* mplayer.c (update_side_strategy): Add per-side research
	decision.
	(add_goal): Warn about goal overflow.
	(mplayer_decide_plan): Use for advanced units unless auto
	constructing/researching, decide to collect materials if
	there is a goal to have some.
	(mplayer_adjust_plan): Similarly, plus add a goal to get
	materials if units to be constructed need them.
	(assign_to_collection, mp_collect_here,
	assign_to_colonization support): New functions.
	* plan.c (execute_plan): Use for advanced units unless auto
	constructing/researching.
	(plan_colonize): Call plan_colonize_support if unit not
	a mobile type.
----------------------------
revision 1.19
date: 2000/03/05 15:32:48;  author: shebs;  state: Exp;  lines: +16 -15
	* task.def (TASK_BUILD): Add args for location at which to build.
	* task.c (do_build_task): Pass location to create-at action.
	* iplayer.c, mplayer.c, kpublic.h, plan.c, task.c, tp.c,
	ccmd.c, macunit.c, macwins.c, tkcmd.c, xcmd.c: Update all calls.

	* task.def (TASK_DO_ACTION): Remove, never used.
	* task.c (do_action_task): Remove.
	* xcloseup.c: Remove ref.
----------------------------
revision 1.18
date: 2000/02/06 21:54:50;  author: ronne;  state: Exp;  lines: +36 -1
Various mac interface improvements.
----------------------------
revision 1.17
date: 2000/01/05 21:53:50;  author: ronne;  state: Exp;  lines: +6 -1
Fix bug in plan_improve.
----------------------------
revision 1.16
date: 1999/12/25 13:52:21;  author: shebs;  state: Exp;  lines: +122 -119
        * plan.c (good_cell_to_colonize): Use production_at.
        * side.c (create_side): Initialize conversion rates to defaults.
        * ui.c (toggle_user_at): New function.
        (advance_to_cell): Use it, for immobile advanced units.
----------------------------
revision 1.15
date: 1999/12/08 03:13:10;  author: shebs;  state: Exp;  lines: +2 -0
	* gvar.def (side-can-research): New global.
	* table.def (conversion): New material-material table.
	* utype.def (advanced-auto-construct, advanced-auto-research,
	use-own-cell): New properties.
	* cmd.c (do_research): Use new global, test for more cases.
	* iplayer.c (iplayer_save_state): Removed unneeded code.
	* kpublic.h (net_set_side_research): Declare.
	* nlang.c (UsualDateStepRange): New struct.
	(date_step_ranges): New array, was datesteptype.
	(init_calendar): Handle ranges of turns for date steps.
	(parse_date_step_range): New function.
	(parse_usual_date): Add arg, change all callers.
	(usual_date_string): Search ranges to find right step type.
	* plan.c (execute_plan): Comment out advanced unit escape.
	* run.c (run_advanced_units): Add material conversion step.
	(run_population): Use unit_handle.
	(allocate_used_cells): Make extra cell usage optional, don't
	handle inside search loop.
	* run2.c (run_side_research): Use material consumption.
	* tp.c (net_set_side_research): New function.
	(receive_side_prop): Handle side research packet.
----------------------------
revision 1.14
date: 1999/12/02 03:14:54;  author: shebs;  state: Exp;  lines: +0 -14
	* kernel.h, plan.c, tp.c (reserve_unit): Ditto.
	* kpublic.h, tp.c (net_reserve_unit): Ditto.
----------------------------
revision 1.13
date: 1999/10/30 14:40:08;  author: shebs;  state: Exp;  lines: +3 -3
        * plan.c (plan_passive): Make intro game build infantry in
        towns also.

        * intro.g: Give players towns instead of cities initially.
----------------------------
revision 1.12
date: 1999/10/26 15:32:09;  author: shebs;  state: Exp;  lines: +7 -10
        Reorganize see-all handling, add separate concept of show-all
        that only affects display.
        * side.h (Side show_all): New field.
        (Side may_set_show_all): Rename from may_set_see_all.
        * ui.h (VP show_all): Rename from see_all.
        * init.c (init_all_views): Use new field, don't set all_see_all.
        * actions.c, ai.c. combat.c, mplayer.c, nlang.c, plan.c, ps.c,
        read.c, run.c, run2.c, score.c, side.c, side.h, ui.c, unit.c,
        write.c: Use g_see_all() or side->see_all instead of all_see_all,
        side->may_set_show_all instead of side->may_set_see_all.
        * macconq.c, macdesign.c, macmap.c, macmouse.c, macrow.c: Ditto.
        * tkcmd.c, tkmain.c, tkmap.c: Ditto.
        * xcmd.c, xmap.c, xtmain.c: Ditto.
        * run.c (end_the_game): Set side->show_all.
        * side.c (become_designer, become_nondesigner): Ditto.

        * tkcmd.c (aux_design, really_do_design): Call set_show_all and
        update_show_all_info.
        * tkconq.tcl (may_set_show_all): Rename from may_set_see_all.
        (default_map_options): New global array, use everywhere instead
        of map_options.
        (map_options): Index by map widget also.
        (update_view_controls_info): Don't set may_set_show_all.
        (update_show_all_info, update_show_all): New procs.
        * tkinit.c (init_display): Update show_all info.
        * tkmain.c (update_turn_display): Set show_all.
        * tkmap.c (m_terrain_visible, m_units_visible): New macros, use
        everywhere.
        (set_show_all): New function.

        * combat.c (do_overrun_action): Fix call to do_fire_at_action
        to not shoot at self(!).

        * side.c (paint_view_1): Add special case to do exact view.

        * unix.c (score_file_pathname): Look for env var XCONQ_SCORES
        instead of XCONQSCORES.

        * tkconq.h (UI told_outcome): Remove, never used.
        * tkmain.c (told_outcome): Make static local.
        * tkconq.tcl (disable_move_mode): New proc.
        (popup_game_over_dialog): Use it.
        (popup_design_palette): Add view painting button.
        (make_view_paint_frame): New proc.
        (make_terrain_paint_frame): Increase size of terrain samples.
        (make_people_paint_frame, make_control_paint_frame): Turn on
        people/control display in all maps.
        * tkinit.c (init_bitmaps): Add paint_view bitmap.
        * tkmap.c (handle_designer_mouse_down, paint_on_drag): Rewrite
        view painting.
----------------------------
revision 1.11
date: 1999/10/25 21:10:41;  author: ronne;  state: Exp;  lines: +2 -5
Clean out NULL side stuff, fix some bugs.
----------------------------
revision 1.10
date: 1999/10/24 11:20:10;  author: ronne;  state: Exp;  lines: +6 -0
Add new indepside code, fix various bugs.
----------------------------
revision 1.9
date: 1999/10/07 02:27:04;  author: shebs;  state: Exp;  lines: +2 -3
	* unit.h (has_acp_left): New macro, accounts for acp-min.
	* plan.c (occupant_can_capture_neighbor): Use it.
	* run.c (side_move_some_units, unit_still_acting,
	unit_still_acting_no_plan, move_one_unit_multiple): Ditto.
	* side.c (find_next_mover, find_prev_mover, find_next_awake_mover,
 	find_prev_awake_mover): Ditto.
	* ui.c (could_be_next_unit): Ditto.
	* macconq.c (maybe_select_next_unit): Ditto.
	* macmap.c (draw_selected_unit, draw_selection_animation): Ditto.
	* macmouse.c (select_another): Ditto.
	* tkmain.c (tk_run_game_idle): Ditto.
	* tkmap.c (draw_current): Ditto.
	* xcloseup.c (build_unit_list): Ditto.
	* xdraw.c (draw_current): Ditto.
	* cconq.c (maybe_handle_input): Ditto.
	* cdraw.c (draw_unit_list_entry): Ditto.

	* run.c (num_local_ais): New global.
	(run_local_ai): Use it to decide whether to run.

	* tkmain.c (tk_run_game): Return a smaller re-run interval.
	(tk_animate_selection): Record in activity trace.
----------------------------
revision 1.8
date: 1999/09/09 22:26:57;  author: ronne;  state: Exp;  lines: +9 -1
Move new ai code to action_reaction hook, fix some bugs.
----------------------------
revision 1.7
date: 1999/08/19 12:49:19;  author: shebs;  state: Exp;  lines: +6 -7
        * run.c (run_local_ai): Comment out plan update and emergency
        handling code, need to refigure how to do.
        (run_game): Add execute_plan result to planexecs.
        * plan.c (execute_plan): Return number of plan executions.
        * task.c: Tweak comments.
----------------------------
revision 1.6
date: 1999/08/17 12:29:42;  author: shebs;  state: Exp;  lines: +33 -31
        Eliminate more compiler warnings.
        * unit.h (ActionDefn dofn, checkfn): Remove fields.
        * actions.c (execute_action): Dispatch on action type directly,
        instead of using checkfn and dofn fields.
        * actions.c, init.c, task.c: Remove unused vars.
        * game.h, skelconq.c, unit.h: Convert to pure standard C
        * kernel.h: Move decls of attack_can_damage_or_capture, etc.
        * misc.h: Remove decl of getenv.
        * obstack.h, obstack.c: Prototype fn argument of obstack_begin.
        * plan.c: Make static vars extern.
        (find_closest_unit): Prototype fn argument.
----------------------------
revision 1.5
date: 1999/08/12 03:15:07;  author: shebs;  state: Exp;  lines: +17 -37
	* run.c: Remove some unused decls, pass only one arg to
 	execute_plan.
	(move_some_units): Compute result as sum, not max.
	(run_local_ai): Move AI calls here from execute_plan.
	* plan.c (execute_plan, plan_passive): Remove second arg.
	(execute_plan): Remove AI calls, can't do from inside kernel.
	(self_build_base_for_self): Tweak paren grouping.
	(plan_colonizer_support): Comment out, not used.
----------------------------
revision 1.4
date: 1999/07/11 16:09:31;  author: ronne;  state: Exp;  lines: +8 -5
Fix some kernel bugs.
----------------------------
revision 1.3
date: 1999/07/03 12:44:00;  author: ronne;  state: Exp;  lines: +17 -225
Clean up file, remove old change markers.
----------------------------
revision 1.2
date: 1999/06/01 19:39:55;  author: shebs;  state: Exp;  lines: +489 -106
Tue Jun  1 18:41:59 1999  Hans Ronne  <ronne@bmc.uu.se>
	* combat.c, conq.h, game.h, help.c, init.c, keyword.def,
 	mkunits.c, move.c, mplayer.c, plan.def, read.c, run.c, run2.c,
 	score.c, side.h, supply.c, table.def, ui.c, unit.c, unit.h,
 	utype.def, world.c, world.h, write.c, maccmd.c, maccolors.c,
 	macconq.h, macdefs.h, macdraw.c, macinit.c. maclist.c, macmap.c,
 	macmenus.c, macmouse.c, macprefs.c, macrow.c. macwins.c: Remove
 	old change markers.
	* actions.c (transfer_supply): Disable use of indepside treasury.
	(do_create_in_action): Make separate call to has_advance_to_build.
	(do_create_in_action): Use the builders stash of cps if allowed.
	(do_create_in_action): Fix null side treasury crashes.
	(check_create_common): Make separate call to has_advance_to_build.
	(check_create_common): Fix null side treasury crashes.
	(set_created_unit_props): Turn on automation for indeps & AI
 	controlled sides.
	(do_create_at_action): Make separate call to has_advance_to_build.
	(do_create_at_action): Use the builders stash of cps if allowed.
	(do_create_at_action): Fix null side treasury crashes.
	(make_unit_complete): Fix null actionvector crashes at turn zero.
	(do_transfer_part_action): Make separate call to
 	has_advance_to_build.
	(check_change_type_action): Add separate call to
 	has_advance_to_build.
	* ai.c (numaitypes): Move to config.h to make it globally
 	accessible.
	(set_side_ai): Turn on automation for indeps & AI controlled
 	sides.
	(ai_update_plan): New function.
	(goal_truth): Handle GOAL_UNIT_OCCUPIED and GOAL_COLONIZE.
	(ai_init_shared): Call set_u_is_ground_mobile etc.
	(ai_init_shared): Set u_colonizer.
	(ai_init_shared): Call set_u_offensive_worth etc.
	(ai_init_shared): Set u_naval_mobile, u_ground_mobile and
 	u_facility.
	(offensive_worth): New function.
	(defensive_worth): New function.
	(exploring_worth): New function.
	(colonizing_worth): New function.
	(facility_worth): New function.
	(siege_worth): New function.
	(random_worth): New function.
	(set_u_offensive_worth): New function.
	(set_u_defensive_worth): New function.
	(set_u_explorer_worth): New function.
	(set_u_colonizer_worth): New function.
	(set_u_facility_worth): New unction.
	(set_u_random_worth): New function.
	(set_u_siege_worth): New function.
	(set_u_is_ground_mobile): New function.
	(set_u_is_naval_mobile): New function.
	(set_u_is_air_mobile): New function.
	(set_u_is_advanced): New function.
	(set_u_is_colonizer): New function.
	(set_u_is_facility): New function.
	* ai.h (a_ai_op): Add (*to_update_plan).
	(ai_update_plan): Prototype new function.
	(offensive_worth, defensive_worth, etc): New prototype.
	* combat.c (do_overrun_action): Make ovverun after fire possible.
	(check_overrun_action): Make overrun after fire & into empty cell
 	possible.
	(do_fire_at_action): Use SideMask code to handle fire display.
	(do_fire_at_action): Permit attempt to capture after fire from
 	adjacent cell.
	(do_fire_into_action): Use SideMask code to handle fire display.
	(maybe_hit_unit): Support uu_cellwide_protection_against.
	(maybe_hit_unit): Support uu_cellwide_protection_for.
	(maybe_hit_unit): Use SideMask code to handle hit display.
	(maybe_hit_unit): Fix occupant recursion bug.
	(attempt_to_capture_unit): Support uu_cellwide_protection_against.
	(attempt_to_capture_unit): Support uu_cellwide_protection_for.
	(detonate_on_cell): Use for_all_stack_with_occs instead of
 	for_all_stack.
	(can_capture_directly): New function.
	(type_can_capture_directly): New function.
	(type_can_carry): New function.
	(occ_can_defend_transport): New function.
	* config.h (MAXATYPES): Increase to 254.
	(numaitypes): Move here from ai.c to make it globally accessible.
	* conq.h (advanced_utypes etc): Remove.
	(numadv etc): Remove.
	(can_extract_at): Prototype.
	(can_load_at): Prototype.
	(can_capture_directly): Prototype.
	(type_can_capture_directly): Prototype.
	(type_can_carry): Prototype.
	(occ_can_defend_transport): Prototype.
	(has_advance_to_build): Prototype.
	(unit_actually_visible): New prototype.
	* game.h (for_all_advanced_utypes, etc): Remove.
	* goal.def (GOAL_UNIT_OCCUPIED, GOAL_COLONIZE): New goals.
	* gvar.def (g_default_runlength): New name for
 	g_ai_build_runlength.
	(g_disable_standard_economy): New gvar.
	(g_disband_unfinished_units): New gvar.
	(g_salvage_unfinished_cps): New gvar.
	(g_salvage_unfinished_materials): New gvar.
	(g_ai_advanced_unit_separation): New gvar.
	(g_ai_badtask_remove_chance): New gvar.
	(g_ai_badtask_max_retries): New gvar.
	(g_ai_badtask_reserve_chance): New gvar.
	(g_units_may_go_into_reserve): New gvar.
	(g_units_may_go_to_sleep): New gvar.
	* help.c (may_detonate): Prototype.
	(describe_utype): Make display of Material Handling conditional.
	(describe_utype): Add "None" option to required advances code.
	(u_property_desc, etc): Add spaces after commas to permit new
 	lines.
	(append_help_phrase): Add more dashes and an extra linefeed.
	* imf.c (interp_image): Disable palette run warning on the Mac.
	* init.c (advanced_utypes etc): Remove.
	(final_init): Remove call to setup_utype_vectors.
	(setup_utype_vectors): Remove function.
	* kernel.h (go_after_captive): New prototype.
	(attack_can_damage_or_capture): New prototype.
	(fire_can_damage_or_capture): New prototype.
	(real_capture_chance): New prototype.
	* keyword.def (K_AUTOPLAN): New keyword.
	(K_CP_STASH): New keyword.
	* kpublic.h (net_resume_build_task): New extern prototype.
	* mac.c: Include MacTypes.h ifdef NEW_HEADERS, else include
 	Types.h.
	* mkunits.c (make_countries): Add separate call to
 	has_advance_to_build.
	(place_unit): Add separate call to has_advance_to_build.
	* move.c (do_move_action): Fix u2->nu2 typo & remove nu2
 	declaration.
	(do_enter_action): Fix u2->nu2 typo & remove nu2 declaration.
	* mplayer.c: Include kernel.h.
	(assign_to_defend_unit): Prototype new function.
	(assign_to_defend_cell): Prototype new function.
	(assign_to_defend_vicinity): Prototype new function.
	(mplayer_update_plan): Prototype new function.
	(defended_by_occupants): Prototype new function.
	(mplayer_ops): Add mplayer_update_plan.
	(update_unit_plans_randomly): Support g_units_may_go_into_reserve.
	(update_unit_plans_randomly): Support g_units_may_go_to_sleep.
	(mplayer_decide_plan): Skip for advanced units.
	(mplayer_decide_plan): Use u_colonizer_worth instead of
 	u_colonizer.
	(mplayer_update_plan): New function.
	(need_this_type_to_build_explorers): Check that we can build the
 	desired type.
	(assign_to_colonize): Rewrite. Use GOAL_COLONIZE and
 	PLAN_COLONIZING.
	(assign_to_improve): Clear task agenda and set NULL goal.
	(type_can_build_attackers): Check that we can build the desired
 	type.
	(type_can_build_colonizers): Add separate call to
 	has_advance_to_build.
	(type_can_build_colonizers): Use u_colonizer_worth instead of
 	u_colonizer.
	(preferred_build_type): Also count enemy occs by using
 	for_all_stack_with_occs.
	(preferred_build_type): Add separate call to has_advance_to_build.
	(preferred_build_type): Use u_colonizer_worth instead of
 	u_colonizer.
	(defended_by_occupants): New function.
	(assign_to_defense): Rewrite. Handle defense of units.
	(assign_to_defend_unit): New function.
	(assign_to_defend_cell): New function.
	(assign_to_defend_vicinity): New function.
	(assign_to_defend_theater): New function.
	(mplayer_adjust_plan): Skip for advanced units.
	(mplayer_adjust_plan): Add PLAN_COLONIZING & PLAN_IMPROVING.
	(mplayer_adjust_plan): Support g_units_may_go_into_reserve.
	(build_base_for_self): Check that we can build the desired type.
	(build_base_for_others): Check that we can build the desired type.
	(build_depot_for_self): Check that we can build the desired type.
	(rethink_plan): Support g_units_may_go_into_reserve.
	* plan.c: (execute_plan): Skip for advanced units.
	(execute_plan): Mark obsolete try code.
	(execute_plan): Support g_units_may_go_into_reserve.
	(execute_plan): Call ai_update_plan before execution.
	(plan_offense): Handle GOAL_UNIT_OCCUPIED and GOAL_CELL_OCCUPIED.
	(plan_offense): Support g_units_may_go_into_reserve.
	(plan_offense): Support g_units_may_go_to_sleep.
	(self_build_base_for_self): Check that we can build the desired
 	type.
	(plan_offense_support): Check that we can build the desired type.
	(plan_defense): Handle GOAL_UNIT_OCCUPIED and GOAL_CELL_OCCUPIED.
	(plan_defense): Call go_after_victim also for unit that can fire.
	(plan_defense): Use u_ai_tactical_range.
	(plan_defense): Support g_units_may_go_into_reserve.
	(plan_colonize): Rewrite. Use GOAL_COLONIZE.
	(plan_colonizer_support): Add separate call to
 	has_advance_to_build (2 times).
	(plan_colonizer_support): Use u_colonizer_worth instead of
 	u_colonizer.
 	(plan_improve): Add separate call to has_advance_to_build (2
 	times).
 	(good_cell_to_colonize): Rewrite. Check for presence of other
 	unit.  Check size goal for ALL advanced utypes. Remove check for
 	nearby enemy units.
	(plan_exploration): Support g_units_may_go_into_reserve.
	(plan_exploration): Handle GOAL_UNIT_OCCUPIED and
 	GOAL_CELL_OCCUPIED.
	(plan_exploration): Support g_units_may_go_to_sleep.
	(plan_explorer_support): Check that we can build the desired type.
	(victim_here): Also count with damage by fire and damage to occs.
	(victim_here): Give large size units higher rating.
	(victim_here): Give independent units lower rating.
	(victim_here): Give units that threaten our advanced units higher
 	rating.
	(go_after_captive): New function.
	(target_here): Also count with damage by fire and damage to occs.
	(target_here): Give large size units higher rating.
	(target_here): Give independent units lower rating.
	(target_here): Give units that threaten our advanced units higher
 	rating.
 	(capture_indep_if_nearby): Use u_ai_tactical_range.
 	(capture_useful_if_nearby): Use u_ai_tactical_range.
	* read.c (interp_unit): Restore code where ids start at 1 instead
 	of 0.
	(interp_unit): Add K_CP_STASH & K_AUTOPLAN.
	* run.c (unit_plan_dialog): New extern prototype.
	(net_resume_build_task): New extern prototype.
	(has_advance_to_research): New prototype.
	(select_by_weight): Prototype extern.
	(unit_build_dialog): Change prototype so that it returns int.
	(has_advance_to_build): Remove prototype.
	(create_selected_unit): Remove function and prototype.
	(auto_pick_new_plan): New function and prototype.
	(set_new_build_task): Remove function and prototype.
	(run_advanced_units): Enable run_construction for UNIX again.
	(run_population): Fix indepside crashes.
	(run_construction): Completely rewritten & extensively debugged.
	(auto_pick_new_research): Rewrite so that random task is picked.
	(auto_pick_new_build_task): Rewrite. Call auto_pick_new_plan.
	(auto_pick_new_plan): New function.
	* run2.c (vary_winds): Prototype.
	(update_area_display): Prototype extern.
	(run_turn_start): Check g_disable_standard_economy.
	* side.c (update_area_display): Prototype extern.
	(create_side): Fix toggle AI bug by initializing
 	newside->prefixarg.
	(side_controls_unit): Give debuggers full control.
	(side_sees_unit): Include trusted side, debuggers, g_peek_at_enemy
 	and endofgame.
	* side.h (has_advance): Fix null side crashes.
	* table.def (uu_builder_can_reuse_cp): New table.
	(uu_cellwide_protection_against): New table.
	(uu_cellwide_protection_for): New table.
	* task.c (attack_can_damage_or_capture): Move prototype to
 	kernel.h.
	(do_hit_unit_task): Count with fire and capture at pointblank
 	range.
	(do_hit_unit_task): Fix firing range bug.
	(do_hit_unit_task): Move in to capture if unit is undefended.
	(attack_can_damage_or_capture): Do attack if occ can be damaged.
	(fire_can_damage): Do attack if occ can be damaged.
	(fire_can_damage_or_capture):New function.
	(real_capture_chance): New function.
	(execute_task): Support g_ai_badtask_remove_chance.
	(execute_task): Support g_ai_badtask_max_retries.
	(execute_task): Support g_ai_badtask_reserve_chance.
	(execute_task): Support g_units_may_go_into_reserve.
	(set_build_task): Rewrite. Optionally disband any salvage
 	unfinished unit.
	(push_build_task): Rewrite. Optionally disband any salvage
 	unfinished unit.
	(set_occupy_task): New function.
	* tp.c (net_resume_build_task): New function (prototyped in
 	kpublic.h).
	* ui.c: Include MacTypes.h ifdef NEW_HEADERS, else include
 	Types.h.
	(xform_cell): Move core calculations to new function
 	xform_cell_flat.
	(xform_cell_flat): New function.
	(xform_cell_fractional_flat): New function.
	(favored_type): Check that we can build the desired type.
	* ui.h (xform_cell_flat, xform_cell_fractional_flat): New
 	prototypes.
	* unit.c (default_size): Change from 0 to 1.
	(has_advance_to_build): Remove prototype.
	(create_unit): Initialize unit->autoplan.
	(create_unit): Initialize unit->cp_stash.
	(can_carry): Check for u_facility_total_max & u_mobile_total_max.
	(type_can_occupy): Check for u_facility_total_max &
 	u_mobile_total_max.
	(type_allowed_on_side): Remove call to has_advance_to_build.
	(set_unit_side): Turn on autobuild & autoresearch if side is under
 	AI control.
	* unit.h (a_unit): Add unit->cp_stash.
	(a_unit): Add unit->autoplan.
	(for_all_occs_with_occs): Define new macro.
	(type_ever_available): Prototype extern.
	* utype.def (u_offensive_worth): New utype property.
	(u_defensive_worth): New utype property.
	(u_explorer_worth): New utype property.
	(u_colonizer_worth): New utype property.
	(u_facility_worth): New utype property.
	(u_random_worth): New utype property.
	(u_siege_worth): New utype property.
	(u_offensive): Change default from 1 to 0.
	(u_explorer): Change default from 1 to 0.
	(u_besieger): New utype property.
	(u_ship): New utype property.
	(u_ground): New utype property.
	(u_air): New utype property.
	(u_facility_total_max): New utype property.
	(u_mobile_total_max): New utype property.
	(u_ai_min_defenders) : Ner utype property.
	(u_ai_tactival_range): New utype property.
	* world.c (latlong_to_xy): Fix meridian drawing bug.
	* world.h (cell_is_within_n_steps): Rename to
 	cell_is_within_range.
	(for_all_cells_within_n_steps): Rename to
 	for_all_cells_within_range.
	(for_all_stack_with_occs): Define new macro.
	* write.c (write_area_users): Change so that nextid starts at 1
 	instead of 0.
	(write_units): Restore old code so that nextid starts at 1 instead
 	of 0.
	(write_unit_properties): Add K_AUTOPLAN & K_CP_STASH.
	* macadv.c: (MAX_DISPLAYED_FACS): New macro constant.
	(MAX_DISPLAYED_OCCS): New macro constant.
	(CLEAR_AGENDA): New macro constant.
	(unit_build_dialog): Change prototype.
	(has_advance_to_build): Remove prototype.
	(create_selected_unit): Remove prototype.
	(copy_rect_from_gworld): New function and prototype.
	(city_dialog): Rewrite. Many bug fixes and improvements.
	Most important ones:  Add conditional call to draw_unit_info.
	Use backcolor to draw region outside the area in the city map.
	Use copy_rect_from_gworld to do the offscreen graphics.
	Disable all auto checkboxes when dside is under AI control.
	Check that unit has a plan. Add new Plan Type popup menu.
	Add new Autoplan checkbox. Add new AI control checkbox.
	Split occupant panel into facilities and garrison panels.
	Fix runlength bug and limit it to CLEAR_AGENDA.
	Call net_clear_task_agenda & net_set_unit_asleep for idle units.
	Add separate call to has_advance_to_build.
	(draw_city_statistics): Rewrite. Many bug fixes and improvements.
	Most important ones: Add drawing of unit icon.
	Fix sporadic name bug by call to side_adjective.
	Fix parenthesis bug in construction status field.
	Fix crashing bug in occupant display code.
	Use u_facility_worth instead of !mobile to identify facilities.
	Add AI control info text field.	 Add new facilities and garrison
	panels.
	Fix bugs in construction status.
	Use white background color with unit icons.
	Add cps to occupant names when debugging.
	(draw_landuse_near_unit): Rename macro to for_all_cells_within_range.
	(unit_build_dialog): Rewrite. Many bug fixes. return int instead
	of *unit.
	Add separate call to has_advance_to_build.
	(unit_plan_dialog): New function and prototype.
	(global_advance_dialog): Fix autoresearch bug.
	Fix crashes due to incorrect oldprojects[] array size.
	Move SetPort call to position after conditional return.
	Fix sporadic name bug by two calls to side_adjective.
	* maccmd.c (do_set_view_angle): Only set vertscale if given a
 	valid prefixarg.
	* maccolors.c (default_draw_ai): Initialize to TRUE.
	(alert_256_colors): Initialize to TRUE.
	* macconq.c (main): Move check_screen_depths after get files and
 	make conditional.
	(update_area_display): Prototype extern. Add Side parameter.
	* macconq.h: Include MacWindows.h ifdef NEW_HEADERS, else include
 	Windows.h.
	(a_map): Add map->draw_ai.
	(default_draw_ai): New extern.
	(alert_256_colors): New extern.
	(xform_fractional): Move prototype here.
	(xform_flat): New prototype.
	(xform_fractional_flat): New prototype.
	* macdefs.h: (mPlanTypePopup): New menu.
	(miPlanTypeColonizing): New menu item.
	(miPlanTypeImproving): New menu item.
	(miPlanTypeRandom): New menu item.
	(diPrefsAIRegions): New dialog item.
	(diPrefs256colors): New dialog item.
	(dCity): All dialog items renumbered and renamed.
	(dPlan): New dialog with 3 dialog items.
	* macdraw.c (draw_unit_image): Rewrite. Support sidecolors in
 	closeups etc.
	(draw_unit_image): Restore colors BEFORE calling gray_out_rect (2
 	times).
	(draw_unit_image): Fix emblem bug due to new emblem_position code.
	* maclist.c (create_list): Use GetNewCWindow if hasColorQD.
	(draw_unit_list_entry): Fix task_desc prototype error.
	* macmap.c (xform_fractional): Move prototype to macconq.h.
	(xform_flat): New function.
	(xform_fractional_flat): New function.
	(adjust_latlong_interval): New function and prototype.
	(create_map): Use default_draw_ai.
	(create_map): Call adjust_latlong_interval.
	(set_map_power): Call adjust_latlong_interval.
	(set_map_angle): Compute a suitable vertscale.
	(draw_meridians): Fix sporadic longitude top error.
	(draw_meridians): Call xform_fractional_flat instead of
 	xform_fractional.
	(draw_selections_at): Fix (x,y) bug.
	(draw_selected_unit): Draw enemy units in red.
	(draw_selection_animation): Draw enemy units in red.
	(update_cell): Make DestRect larger to include row below.
	(update_cell): Use UNWRAP_RECT for meridians & feature names.
	* macmenus.c: (all_ai_ops): Prototype extern for use in
 	build_ai_type_menu.
	(query_position_modally): Unselect all selected units outside our
 	control.
	(do_closeup_mi): Prototype extern for use in ctrl-clicking of
 	unit.
	(build_ai_type_menu): Load AIs dynamically to the menu.
	(do_menu_command): Add support for dynamically loaded AIs.
	(do_menu_command): Support PLAN_COLONIZING & PLAN_IMPROVING.
	(apply_to_all_selected): Don't apply to selected units that we
 	don't control.
	(do_closeup_mi): Remove static declaration.
	(adjust_menus): Add support for dynamically loaded AIs.
	(adjust_menus): Don't enable commands for enemy unit closeups.
	(enable_commands_for_unit): Support PLAN_COLONIZING &
 	PLAN_IMPROVING.
	(enable_commands_for_unit): Fix menu number bug that disables More
 	menu items.
	* macmouse.c (do_closeup_mi): Prototype extern for use in
 	ctrl-clicking of unit.
	(do_mouse_down_map_content): Disable move and fire cmds for
 	selected enemy units.
	(do_mouse_down_map_content): Rewrite ctrl-clicking code using
 	side_sees_unit.  Call do_closeup_mi if ctrl-clicking non-advanced
 	unit, else call city_dialog.
	(select_all_units_in_rect): Always permit this if side_sees_unit.
	* macprefs.c (interp_mac_ui_data): Support default_draw_ai &
 	alert_256_colors.
	(ui_update_state): Support default_draw_ai & alert_256_colors.
	(set_preferences): Add case diPrefsAIRegions & diPrefs256colors.
	(set_preferences): Support default_draw_ai & alert_256_colors.
	(add_preferences_topic_items): Support default_draw_ai &
 	alert_256_colors.
	* macrow.c (draw_cliffs): Fix ouside-area crashes.
	(draw_contours): Trigger unwrapping 1 hex from right edge.
	(draw_gridlines): Trigger unwrapping 1 hex from right edge.
	(draw_shorelines): Trigger unwrapping 1 hex from right edge.
	(draw_feature_boundary_simple): Trigger unwrapping 1 hex from
 	right edge.
	* macwins.c (closeupwinwid): Change to 340.
	(init_construction_lists): Add separate call to
 	has_advance_to_build.
	(adjust_construction_controls): Check that we can build the
 	desired type.
	(side_rename_dialog): Fix colorscheme bug.
	(preferred_closeup_size): Add 4 pixels at bottom.
	(draw_unit_closeup): Make sure this is the selected unit on all
 	maps.
	(draw_unit_closeup): Optionally permit peeking at enemy units.
	(draw_unit_closeup): Fix duplicate goal_desc problem.
	(draw_unit_closeup): Align goal_desc and remove flanking junk.
	(draw_unit_closeup): Align task_desc and write "Task".
	(do_mouse_down_unit_closeup): Make sure this is the selected unit
 	on all maps.
	(destroy_unit_closeup): Make sure this is the selected unit on all
 	maps.
	* XconqProj.rsrc: (DITL 803 "City"): Extensively modified.
	(DITL 702 "Preferences Map Items"): Add AI regions checkbox.
	(DITL 704 "Preferences Offscreen Items"): Add recommend 256 colors
 	checkbox.
	(DITL 804 "City Research"): Minor changes.
	(DITL 805 "Global Science"): Minor changes.
	(DITL 807 "City Build"): Minor changes.
	(DITL 808 "City Plan"): New dialog item list.
	(DLOG 808 "City Plan"): New dialog.
	(MENU 206 "AI Types"): Remove static AI items.
	(MENU 249 "Plan Types"): Restore damaged resource. Add 3 new
 	items.
	* Xconq.r: Update from XconqProj.rsrc.
	* xconq.c (unit_build_dialog): Rewrite. Fix argument error.
	(unit_plan_dialog): New function.
----------------------------
revision 1.1
date: 1999/04/28 19:36:30;  author: shebs;  state: Exp;
Initial checkin.
=============================================================================
