
RCS file: /cvs/xconq/xconq/kernel/print.h,v
Working file: print.h
head: 1.2
branch:
locks: strict
access list:
symbolic names:
	xconq-7_4_1-release: 1.2
	xconq-7_4-branch: 1.2.0.4
	xconq-7_4-branchpoint: 1.2
	xtconq-pre-removal: 1.2
	xconq-7_3_3-release: 1.2
	xconq-7_3_2-release: 1.2
	xconq-7_3_1-release: 1.2
	xconq-7_3-branch: 1.2.0.2
	xconq-7_3-branchpoint: 1.2
keyword substitution: kv
total revisions: 2;	selected revisions: 2
description:
----------------------------
revision 1.2
date: 1999/09/04 13:40:55;  author: shebs;  state: Exp;  lines: +3 -3
        * history.h, kpublic.h, module.h, player.h, print.h, score.h,
        side.h, tp.h, ui.h, world.h: Remove PARAMS usages.
----------------------------
revision 1.1
date: 1999/04/28 19:36:30;  author: shebs;  state: Exp;
Initial checkin.
=============================================================================
