
RCS file: /cvs/xconq/xconq/kernel/ps.c,v
Working file: ps.c
head: 1.17
branch:
locks: strict
access list:
symbolic names:
	xconq-7_4_1-release: 1.8
	xconq-7_4-branch: 1.8.0.2
	xconq-7_4-branchpoint: 1.8
	xtconq-pre-removal: 1.8
	xconq-7_3_3-release: 1.6
	xconq-7_3_2-release: 1.6
	xconq-7_3_1-release: 1.6
	xconq-7_3-branch: 1.6.0.2
	xconq-7_3-branchpoint: 1.6
keyword substitution: kv
total revisions: 17;	selected revisions: 17
description:
----------------------------
revision 1.17
date: 2004/07/18 18:49:48;  author: ronne;  state: Exp;  lines: +2 -2
Add support for multiple and unique unit images.
----------------------------
revision 1.16
date: 2004/07/06 02:43:59;  author: mcdonald;  state: Exp;  lines: +9 -9
Disable another compiler warning.
Clean up a horde of warnings.
----------------------------
revision 1.15
date: 2003/11/30 23:31:01;  author: mcdonald;  state: Exp;  lines: +0 -21
Make the Xconq apps compile with strict ANSI C compliance.
----------------------------
revision 1.14
date: 2003/06/18 20:46:36;  author: ronne;  state: Exp;  lines: +1 -1
Fix restore of saved unit views.
----------------------------
revision 1.13
date: 2003/04/26 16:03:17;  author: ronne;  state: Exp;  lines: +1 -1
Improve struct UnitView and clean out obsolete macros.
----------------------------
revision 1.12
date: 2002/12/30 20:58:20;  author: ronne;  state: Exp;  lines: +8 -20
Expurgate wrapx from the interfaces.
----------------------------
revision 1.11
date: 2002/08/11 21:46:00;  author: ronne;  state: Exp;  lines: +1 -1
Fix MAXSIDES-related crashes. Improve firing code.
----------------------------
revision 1.10
date: 2002/05/08 23:51:17;  author: ronne;  state: Exp;  lines: +42 -43
Make sources C++ compatible.
----------------------------
revision 1.9
date: 2000/12/18 16:50:48;  author: shebs;  state: Exp;  lines: +8 -10
	Eliminate the macros MAXUTYPES, MAXTTYPES, MAXMTYPES, and
	MAXATYPES, size all type handling dynamically.
	* config.h (MAXUTYPES, MAXTTYPES, MAXMTYPES, MAXATYPES): Remove.
	* game.h (NONUTYPE, NONTTYPE, NONMTYPE, NONATYPE): Define to be -1.
	(count_terrain_subtypes, numcelltypes, numbordtypes, numconntypes,
	numcoattypes): Declare here instead of in world.h.
	(tmp_u_array, tmp_t_array): Declare.
	* gvar.def (edge-terrain, river-sink-terrain): Don't use type
	bounds.
	* table.def (adjacent-terrain-effect, terrain-exhaustion-type): Ditto.
	* utype.def (obsolete, wrecked-type): Ditto.
	* generic.c (count_terrain_subtypes, numcelltypes, etc): Move here
	from world.c.
	(tmp_u_array, tmp_t_array): New globals.
	(curmaxutypes, curmaxmtypes, curmaxttypes, curmaxatypes): Set to
	defaults convenient for the first allocation.
	(create_unit_type): New function.
	(disallow_more_unit_types, disallow_more_terrain_types): New functions.
	(allocate_table): Use them.
	* help.c (tm_table_row_desc): Remove, never used.
	* init.c (check_game_validity): Call disallow_* to make sure
	some type arrays are computed and cached.
	(calculate_globals): Ditto.
	(make_initial_materials): Use tmp_t_array.
	* mkrivers.c (make_up_river_borders): Ditto.
	* mkterr.c (elev_range, elev_lo, elev_hi, raw_range, raw_lo,
	raw_hi): New static globals.
	(compose_area, compose_earthlike_area): Use them.
	(make_random_terrain, fix_adjacent_terrain,
	flatten_liquid_terrain): Use tmp_t_array.
	* mkunits.c (make_countries): Dynalloc local arrays.
	(country_is_complete, make_independent_units): Use tmp_u_array.
	* nlang.c (ohd_nums, ohd_incomplete): New static globals.
	(others_here_desc, occupants_desc): Use them.
	* plan.c (plan_colonize_support): Use tmp_u_array.
	(gctc_supply): New static global.
	(good_cell_to_colonize): Use it.
	* ps.c (summary_of_seen_units_at): Use tmp_u_array.
	* read.c (default_supply): Remove, no longer to use.
	(init_predefined_symbols): Remove its setup.
	(interp_unit_default): Similarly.
	(interp_unit): Don't use default_supply.
	(interp_utype): Remove test for too many types, call
	create_unit_type.
	(interp_ttype, interp_mtype, interp_atype): Remove tests
	for too many types.
	(too_many_types): Remove, no longer needed.
	(rd_u_arr): New static global.
	(interp_standing_order, read_utype_doctrine): Use it.
	* run.c (rau_incrs): New static global.
	(run_advanced_units): Use it.
	(apr_type): New static global.
	(auto_pick_unit_research, auto_pick_side_research): Use it.
	(auto_pick_new_build_task): Use tmp_u_array.
	* run2.c (ttotals, uttotals): New static globals.
	(run_economy): Use them.
	* score.c (sum_property): Use tmp_u_array.
	* side.c (new_doctrine): Call disallow_more_unit_types.
	* supply.c (mad): New static global.
	(init_supply_system): Set it up.
	* unit.c (create_unit): Allocate numlivebytype and completenesses.
	(oc_numtypes): New static global.
	(can_occupy_unit): Use it.
	(toc_numtypes, type_can_occupy_cell): Similarly.
	(ocw_numtypes, can_occupy_cell_without): Similarly.
	(tocw_numtypes, type_can_occupy_cell_without): Similarly.
	(conn_num_types, can_occupy_conn_1): Similarly.
	(can_carry, type_can_occupy): Use tmp_u_array.
	(num_each_type, shared_each_type): New static globals.
	(eject_excess_occupants): Use them.
	(shortest_unique_name): Dynalloc firstuniq, use it as flag
	instead of shortestdone.
	(shortest_generic_name): Similarly.
	* write.c (write_table): Increase histogram size.

	* ai.c (atc_type): New static global.
	(assign_to_colonize): Use it.
	(pbt_prefs, pbt_fringe_terrain, pbt_enemy_types,
	pbt_num_to_transport): New static globals.
	(preferred_build_type): Use them.
	* ai.h (Strategy): Declare strengths etc as arrays of pointers
	instead of 2D arrays, unitlist and unitlistcount as pointers.
	(Theater): Similarly for numassigned, numneeded, etc.
	(strength_est, etc): New macros (not used yet).
	* iplayer.c (iru_numoffensive, iru_numdefensive): New static globals.
	(iplayer_review_units): Use them.
	* mplayer.c (mplayer_create_strategy): Allocate strength arrays.
	(create_theater): Dynalloc numassigned etc fields.
	(estimate_strengths, mplayer_read_strengths, mplayer_save_state):
	Change to pointer-to-pointer refs.
	(mru_numoffensive, mru_numdefensive): New static globals.
	(mplayer_review_units): Use them.
	* oplayer.c: Similarly.

	* cmd.c (gt_amts, gt_rslts): New static globals.
	(do_one_give, do_one_take): Use them.
	* ui.h (VP draw_materials): Make into a pointer.
	* ui.c (new_vp): Allocate draw_materials field.

	* maccmd.c (do_one_add_terrain): Use tmp_t_array.
	* macwins.c (side_research_dialog): Make participants static global.

	* tkconq.h (UI material_color, etc): Change from array to pointer.
	(UI cell_color, cell_shades): Rename from cellcolor and cellshades.
	(UI best_timages): Similarly.
	(UI unitpics, unitmasks, bestmimages): Remove, not used.
	(Map uvec, ustr, tvec, tstr): Change from array to pointer.
	* tkcmd.c (do_add_terrain, do_remove_terrain): Use tmp_t_array.
	(do_build): Use tmp_u_array.
	* tkinit.c (utype_indexes, mtype_indexes): Change to pointers.
	(init_display): Remove inits of unused fields, alloc space for
	cell_shades and material_color.
	(init_material_images): Remove setup of bestmimages.
	(init_terrain_images): Allocate for best_timages and terrpics.
	(init_shades): Use array-of-array refs to cell_shades.
	* tkmain.c (last_num_units_in_play, last_num_units_incomplete):
	Change from arrays to pointers.
	(init_redraws, update_unit_type_list): Allocate them.
	(create_map): Alloc map uvec, ustr, etc.
	* tkmap.c: Update refs to renamed fields.
	(MapW draw_aux_terrain, draw_materials): Make into pointers.

	* ccmd.c (do_build): Use tmp_u_array.
	* cconq.c (init_display): Use numutypes to size allocs.
	(ask_unit_type, ask_terrain_type): Use array of int instead of short.
	* cdraw.c (draw_type_list_entry): Init lasttypevisible from numutypes.

	* cconq.c (do_dir_2): Fix a variable name.
	* cconq.h: Use #else instead of #elif.
----------------------------
revision 1.8
date: 2000/08/21 21:34:35;  author: ronne;  state: Exp;  lines: +2 -2
Consolidate for_all_sides macros.
----------------------------
revision 1.7
date: 2000/07/03 16:43:37;  author: shebs;  state: Exp;  lines: +4 -4
	Change unit viewing to use view objects instead of a layer.
	* unit.h (UnitView): New struct.
	* side.h (Side unitview, unitviewdate): Remove.
	(Side unit_views): New field.
	(for_all_view_stack): New macro.
	(unit_view, set_unit_view, builduview, vside, vtype, vhp, EMPTY,
	appears_empty, vside_indep, unit_view_date, set_unit_view_date):
	Remove, no longer used.
	* config.h (MAXVIEWHISTORY): Remove, no longer used.
	* side.c (init_view): Remove unit view layer init.
	(unit_view_at, unit_view_next, add_unit_view, remove_unit_view,
	mistake_view): New functions.
	(fn_set_unit_view, fn_set_unit_view_date): Remove.
	(side_sees_image, all_see_leave, reset_all_views,
	react_to_seen_unit, see_cell, see_exact, paint_view_1): Rewrite to
	use view objects.
	* ai.c (enemies_present): Ditto.
	* iplayer.c (preferred_build_type): Ditto.
	* mkroads.c (unit_sees_other_unit): Ditto.
	* mplayer.c (review_theaters, estimate_strengths,
	preferred_build_type): Ditto.
	* plan.c (alternate_target_here, victim_here, target_here,
	indep_captureable_here, useful_captureable_here,
	can_capture_neighbor): Ditto.
	* ps.c (sideno_of_seen_unit_at): Ditto.
	* run2.c (unit_revolt, visible_to): Ditto.
	* task.c (target_visible): Ditto.
	* ui.c (oneliner, dump_text_view
	* cdraw.c (draw_units, draw_legend, show_closeup): Ditto.
	* xdraw.c (draw_map_info, etc): Ditto.
	* macdesign.c (apply_designer_tool): Ditto.
	* macrow.c (draw_units): Ditto.
	* tkmain.c (update_mouseover): Ditto.
	* tkmap.c (draw_units, handle_designer_mouse_down): Ditto.
	(x_xform_unit_view): New function.

	* init.c (init_all_views): Fold in init_view_2, comment out
	unit view clearing.
	* plan.c (threat, usable_cell): Comment out, not used apparently.
	* read.c (fill_in_side): Comment out unit view reading.
	* ui.c, ui.h (xform_unit_view_: New function.
	(utype_seen_at): Comment out unit view case.
	* write.c (fn_unit_view, fn_unit_view_date): Remove.
	(write_side_view): Write unit view list instead of layer.

	* cmdline.h (make_default_player_spec): Move decl to here
	from cmdline.c.
	* skelconq.c, wconq.c, xconq.c, xtconq.c, xtmain.c: Remove decls
	that are in cmdline.h.
	* tkmain.c: Ditto, and include cmdline.h.
	* cconq.c (make_default_player_spec): New function.

	* tkmain.c (tk_reset_popup_flag): New tcl command.

	* nlang.c (medium_long_unit_handle): Remove unused local.
----------------------------
revision 1.6
date: 2000/04/19 15:17:02;  author: shebs;  state: Exp;  lines: +2 -6
	* world.c, world.h (numfeatures): New global.
	* world.c (init_features, create_feature, destroy_feature): Update
	it.
	(num_features): Remove.
	* ps.c (dump_ps_view): Use numfeatures global.

	* tkconq.h (UI numfeatures): Remove.
	* tkcmd.c, tkmain.c, tkmap.c: Use numfeatures global.
	* tkconq.tcl (adjust_view_menu): Use view_option_names for
	strings, use numfeatures to enable/disable feature view control.
	(popup_help_dialog): Enable Help and Back buttons, increase
	default size of text area.
	* tkmain.c (describe_map): Add more info.
	(node_stack, etc): New globals.
	(tk_help_goto): Maintain and use stack of visited nodes.

	* xdraw.c, xmap.c: Use numfeatures global.
----------------------------
revision 1.5
date: 2000/04/06 13:09:12;  author: shebs;  state: Exp;  lines: +4 -4
	* game.h (for_all_border_types, for_all_connection_types): Move
	to here from supply.c.
	* generic.c (first_bord_type, next_bord_type, first_conn_type,
	next_conn_type): New globals.
	* world.c (count_terrain_subtypes): Calculate values for these.
	* supply.c (optimize_terrain): Remove, no longer needed.
	* move.c, nlang.c, ps.c, run.c, task.c, ui.c, unit.c, macrow.c:
	Use the macros everywhere.
	* nlang.c (linear_desc): Comment out info about directions.
	(location_desc): Attach linear desc to terrain name only.
	* ui.c (toggle_user_at): Add error messages for failures.
----------------------------
revision 1.4
date: 1999/10/26 15:32:09;  author: shebs;  state: Exp;  lines: +2 -2
        Reorganize see-all handling, add separate concept of show-all
        that only affects display.
        * side.h (Side show_all): New field.
        (Side may_set_show_all): Rename from may_set_see_all.
        * ui.h (VP show_all): Rename from see_all.
        * init.c (init_all_views): Use new field, don't set all_see_all.
        * actions.c, ai.c. combat.c, mplayer.c, nlang.c, plan.c, ps.c,
        read.c, run.c, run2.c, score.c, side.c, side.h, ui.c, unit.c,
        write.c: Use g_see_all() or side->see_all instead of all_see_all,
        side->may_set_show_all instead of side->may_set_see_all.
        * macconq.c, macdesign.c, macmap.c, macmouse.c, macrow.c: Ditto.
        * tkcmd.c, tkmain.c, tkmap.c: Ditto.
        * xcmd.c, xmap.c, xtmain.c: Ditto.
        * run.c (end_the_game): Set side->show_all.
        * side.c (become_designer, become_nondesigner): Ditto.

        * tkcmd.c (aux_design, really_do_design): Call set_show_all and
        update_show_all_info.
        * tkconq.tcl (may_set_show_all): Rename from may_set_see_all.
        (default_map_options): New global array, use everywhere instead
        of map_options.
        (map_options): Index by map widget also.
        (update_view_controls_info): Don't set may_set_show_all.
        (update_show_all_info, update_show_all): New procs.
        * tkinit.c (init_display): Update show_all info.
        * tkmain.c (update_turn_display): Set show_all.
        * tkmap.c (m_terrain_visible, m_units_visible): New macros, use
        everywhere.
        (set_show_all): New function.

        * combat.c (do_overrun_action): Fix call to do_fire_at_action
        to not shoot at self(!).

        * side.c (paint_view_1): Add special case to do exact view.

        * unix.c (score_file_pathname): Look for env var XCONQ_SCORES
        instead of XCONQSCORES.

        * tkconq.h (UI told_outcome): Remove, never used.
        * tkmain.c (told_outcome): Make static local.
        * tkconq.tcl (disable_move_mode): New proc.
        (popup_game_over_dialog): Use it.
        (popup_design_palette): Add view painting button.
        (make_view_paint_frame): New proc.
        (make_terrain_paint_frame): Increase size of terrain samples.
        (make_people_paint_frame, make_control_paint_frame): Turn on
        people/control display in all maps.
        * tkinit.c (init_bitmaps): Add paint_view bitmap.
        * tkmap.c (handle_designer_mouse_down, paint_on_drag): Rewrite
        view painting.
----------------------------
revision 1.3
date: 1999/09/16 02:47:45;  author: shebs;  state: Exp;  lines: +18 -18
	* conq.h, init.c, module.c, tp.c (typesdefined): Remove, never
 	actually used.

	* conq.h (enum setup_stage): New enum.
	(current_stage): New global.

	* imf.c, imf.h (get_img): Remove unused argument.
	* imf.c, ui.c, xcutil.c, ximf.c, maccolors.c, macimf.c, macinit.c,
 	tkimf.c: Fix all callers.

	* init.c, mac.c, mkrivers.c, mkroads.c, module.c. ps.c, score.c,
 	task.c: Remove PARAMS usages.

	* mac.c, win32.c (tmprid): Remove decl, never used.
	* cconq.c (hosting): Remove decl, never used.

	* tp.c (download_game_module): New function, split out from
	download_to_player.
	(broadcast_game_module): New function.
	(broadcast_variants_chosen, broadcast_players_assigned): New
 	functions.
	(receive_packet): Don't do trial assignments here, interpret
	'a' and 'v' packets.

	* tkconq.tcl (selected_game_title): Init to a default value.
	* tkmain.c (tk_start_new_game): Broadcast game module to other
	programs.
	(tk_launch_game): Broadcast that variants have been chosen.
	(tk_launch_game_2): Broadcast that players have been assigned.
	(last_stage): New global.
	(check_network): Call tcl commands to move dialogs through
	stages of game setup.
----------------------------
revision 1.2
date: 1999/07/17 14:35:22;  author: ronne;  state: Exp;  lines: +1 -1
Change fopen to open_file.
----------------------------
revision 1.1
date: 1999/04/28 19:36:30;  author: shebs;  state: Exp;
Initial checkin.
=============================================================================
