
RCS file: /cvs/xconq/xconq/kernel/side.c,v
Working file: side.c
head: 1.86
branch:
locks: strict
access list:
symbolic names:
	xconq-7_4_1-release: 1.47
	xconq-7_4-branch: 1.47.0.2
	xconq-7_4-branchpoint: 1.47
	xtconq-pre-removal: 1.36
	xconq-7_3_3-release: 1.23
	xconq-7_3_2-release: 1.23
	xconq-7_3_1-release: 1.23
	xconq-7_3-branch: 1.23.0.2
	xconq-7_3-branchpoint: 1.23
keyword substitution: kv
total revisions: 86;	selected revisions: 86
description:
----------------------------
revision 1.86
date: 2004/08/20 23:26:11;  author: ronne;  state: Exp;  lines: +12 -20
Improved combat code part 1: TASK_ATTACK, TASK_FIRE, unit view clearance.
----------------------------
revision 1.85
date: 2004/08/19 00:58:57;  author: ronne;  state: Exp;  lines: +44 -14
Many bug fixes, some new features.
----------------------------
revision 1.84
date: 2004/08/06 17:43:14;  author: ronne;  state: Exp;  lines: +2 -0
Fix save/restore of indepside ai.
----------------------------
revision 1.83
date: 2004/07/23 19:24:17;  author: ronne;  state: Exp;  lines: +1 -1
Add/improve version string.
----------------------------
revision 1.82
date: 2004/07/18 18:49:48;  author: ronne;  state: Exp;  lines: +32 -5
Add support for multiple and unique unit images.
----------------------------
revision 1.81
date: 2004/07/14 21:02:07;  author: ronne;  state: Exp;  lines: +2 -0
Improve drawing of feature legends.
----------------------------
revision 1.80
date: 2004/07/12 23:31:21;  author: ronne;  state: Exp;  lines: +1 -1
Improvements to resupply code and victim finding code.
----------------------------
revision 1.79
date: 2004/07/12 17:57:21;  author: ronne;  state: Exp;  lines: +2 -1
Fix unit view bug for good this time.
----------------------------
revision 1.78
date: 2004/07/08 07:25:59;  author: ronne;  state: Exp;  lines: +86 -23
Further improvements to the unit view code.
----------------------------
revision 1.77
date: 2004/07/01 23:18:56;  author: ronne;  state: Exp;  lines: +143 -46
More fixes to the unit view code.
----------------------------
revision 1.76
date: 2004/06/26 21:57:45;  author: ronne;  state: Exp;  lines: +12 -66
Fix unit view code so that it works with see-all games.
----------------------------
revision 1.75
date: 2004/06/26 15:45:37;  author: ronne;  state: Exp;  lines: +4 -0
Various bug fixes and improvements to the kernel.
----------------------------
revision 1.74
date: 2004/06/06 05:55:51;  author: mcdonald;  state: Exp;  lines: +7 -0
Add new possibilities for unit wrecking behavior.
Apply unit starvation patch from Matthew Skala. (Thanks Matthew.)
Define and handle new event types related to unit destruction.
Fix serious bug with model 0 attack/fire hit damage computation.
Improve efficiency of attrition applicator that runs at turn start.
Address nasty parsing order issue.
Add simple, new game that showcases the new wrecking functionality.
----------------------------
revision 1.73
date: 2004/05/13 04:15:39;  author: mcdonald;  state: Exp;  lines: +4 -2
Add a patch (modified; from Matthew Skala) to give control over recursive wake behavior.
Make units wake if assailed.
----------------------------
revision 1.72
date: 2004/01/05 23:36:37;  author: ronne;  state: Exp;  lines: +1 -0
Add pre-flight checks of move commands to the ui code.
----------------------------
revision 1.71
date: 2003/12/24 03:43:13;  author: ronne;  state: Exp;  lines: +12 -0
Fixes to mplayer sync bug and ai toggling code.
----------------------------
revision 1.70
date: 2003/11/16 05:36:29;  author: mcdonald;  state: Exp;  lines: +1 -1
Long overdue security fixes. Close up buffer overflow exploits.
----------------------------
revision 1.69
date: 2003/10/20 04:01:57;  author: mcdonald;  state: Exp;  lines: +17 -2
Provide temporary fix to kernel lib dependency problem.
Add compound terrain visibility effects to Xconq.
Fix up game modules to properly use the new visibility calculation.
----------------------------
revision 1.68
date: 2003/10/18 16:59:40;  author: ronne;  state: Exp;  lines: +88 -5
Overhaul of material handling code.
----------------------------
revision 1.67
date: 2003/08/06 00:18:20;  author: ronne;  state: Exp;  lines: +1 -0
Improve repair, resupply, AI and namer code.
----------------------------
revision 1.66
date: 2003/07/26 21:54:36;  author: ronne;  state: Exp;  lines: +4 -2
Various bug fixes and improvements.
----------------------------
revision 1.65
date: 2003/07/01 19:16:17;  author: ronne;  state: Exp;  lines: +13 -10
Fix dead self unit bug.
----------------------------
revision 1.64
date: 2003/06/21 23:02:28;  author: ronne;  state: Exp;  lines: +1 -1
Fix bugs in connection code.
----------------------------
revision 1.63
date: 2003/06/18 20:46:36;  author: ronne;  state: Exp;  lines: +8 -8
Fix restore of saved unit views.
----------------------------
revision 1.62
date: 2003/05/01 19:20:27;  author: ronne;  state: Exp;  lines: +161 -39
Rewrite and improve unit view code.
----------------------------
revision 1.61
date: 2003/04/26 16:03:17;  author: ronne;  state: Exp;  lines: +40 -19
Improve struct UnitView and clean out obsolete macros.
----------------------------
revision 1.60
date: 2003/02/25 23:25:14;  author: ronne;  state: Exp;  lines: +4 -0
Comment out agreement code. Fix some bugs.
----------------------------
revision 1.59
date: 2002/12/30 20:58:20;  author: ronne;  state: Exp;  lines: +30 -32
Expurgate wrapx from the interfaces.
----------------------------
revision 1.58
date: 2002/12/27 21:19:47;  author: ronne;  state: Exp;  lines: +14 -0
Fix sunrise view update bug.
----------------------------
revision 1.57
date: 2002/08/31 21:59:41;  author: ronne;  state: Exp;  lines: +58 -11
More tcltk interface improvements.
----------------------------
revision 1.56
date: 2002/08/28 20:38:45;  author: ronne;  state: Exp;  lines: +1 -2
Improved feature naming and research bug fix.
----------------------------
revision 1.55
date: 2002/08/11 21:46:00;  author: ronne;  state: Exp;  lines: +1 -1
Fix MAXSIDES-related crashes. Improve firing code.
----------------------------
revision 1.54
date: 2002/07/27 20:32:06;  author: ronne;  state: Exp;  lines: +3 -3
Fix unit view weirdness bug.
----------------------------
revision 1.53
date: 2002/07/24 23:03:03;  author: ronne;  state: Exp;  lines: +36 -25
Add improved explorer code. Fixes to unit view code.
----------------------------
revision 1.52
date: 2002/07/20 13:55:01;  author: ronne;  state: Exp;  lines: +14 -2
Improve handling of self units.
----------------------------
revision 1.51
date: 2002/05/08 23:51:17;  author: ronne;  state: Exp;  lines: +8 -13
Make sources C++ compatible.
----------------------------
revision 1.50
date: 2001/08/27 16:25:41;  author: kingdon;  state: Exp;  lines: +5 -0
	* kernel/side.c (see_cell): When we first get the terrain view, if
	there is a see-always unit there, add to coverage.
	* kernel/combat.c (capture_unit_2): When we get information on a
	u_see_always unit, add to coverage.  Also, when we get information
	on terrain, see see_always units.
----------------------------
revision 1.49
date: 2000/12/28 16:04:08;  author: shebs;  state: Exp;  lines: +1 -0
	Streamline handling of can-build testing, add cases for
	can-develop.
	* side.h (Side candevelop): New field.
	(side_can_develop): New macro.
	* side.c (create_side): Allocate candevelop.
	* run.c (update_canbuild_vector): Fill in candevelop vector too.
	* unit.c (unit_can_build_type): New function.
	* plan.c (plan_offense_support, plan_colonize_support,
	plan_explorer_support): Use it.
	* macunit.c (build_construction_menu): Ditto.
	* tkcmd.c (do_build): Ditto.
	* ccmd.c (do_build): Ditto.

	* tkcmd.c (do_fire, aux_fire_at): Rewrite to use same code for
	keyboard and menu select cases.
	(common_fire_at): New function.
	(do_fire_into, aux_fire_into, common_fire_into): Similarly.

	* macwins.c (adjust_construction_controls): Use could_create
	and could_develop.
----------------------------
revision 1.48
date: 2000/12/18 16:50:48;  author: shebs;  state: Exp;  lines: +1 -1
	Eliminate the macros MAXUTYPES, MAXTTYPES, MAXMTYPES, and
	MAXATYPES, size all type handling dynamically.
	* config.h (MAXUTYPES, MAXTTYPES, MAXMTYPES, MAXATYPES): Remove.
	* game.h (NONUTYPE, NONTTYPE, NONMTYPE, NONATYPE): Define to be -1.
	(count_terrain_subtypes, numcelltypes, numbordtypes, numconntypes,
	numcoattypes): Declare here instead of in world.h.
	(tmp_u_array, tmp_t_array): Declare.
	* gvar.def (edge-terrain, river-sink-terrain): Don't use type
	bounds.
	* table.def (adjacent-terrain-effect, terrain-exhaustion-type): Ditto.
	* utype.def (obsolete, wrecked-type): Ditto.
	* generic.c (count_terrain_subtypes, numcelltypes, etc): Move here
	from world.c.
	(tmp_u_array, tmp_t_array): New globals.
	(curmaxutypes, curmaxmtypes, curmaxttypes, curmaxatypes): Set to
	defaults convenient for the first allocation.
	(create_unit_type): New function.
	(disallow_more_unit_types, disallow_more_terrain_types): New functions.
	(allocate_table): Use them.
	* help.c (tm_table_row_desc): Remove, never used.
	* init.c (check_game_validity): Call disallow_* to make sure
	some type arrays are computed and cached.
	(calculate_globals): Ditto.
	(make_initial_materials): Use tmp_t_array.
	* mkrivers.c (make_up_river_borders): Ditto.
	* mkterr.c (elev_range, elev_lo, elev_hi, raw_range, raw_lo,
	raw_hi): New static globals.
	(compose_area, compose_earthlike_area): Use them.
	(make_random_terrain, fix_adjacent_terrain,
	flatten_liquid_terrain): Use tmp_t_array.
	* mkunits.c (make_countries): Dynalloc local arrays.
	(country_is_complete, make_independent_units): Use tmp_u_array.
	* nlang.c (ohd_nums, ohd_incomplete): New static globals.
	(others_here_desc, occupants_desc): Use them.
	* plan.c (plan_colonize_support): Use tmp_u_array.
	(gctc_supply): New static global.
	(good_cell_to_colonize): Use it.
	* ps.c (summary_of_seen_units_at): Use tmp_u_array.
	* read.c (default_supply): Remove, no longer to use.
	(init_predefined_symbols): Remove its setup.
	(interp_unit_default): Similarly.
	(interp_unit): Don't use default_supply.
	(interp_utype): Remove test for too many types, call
	create_unit_type.
	(interp_ttype, interp_mtype, interp_atype): Remove tests
	for too many types.
	(too_many_types): Remove, no longer needed.
	(rd_u_arr): New static global.
	(interp_standing_order, read_utype_doctrine): Use it.
	* run.c (rau_incrs): New static global.
	(run_advanced_units): Use it.
	(apr_type): New static global.
	(auto_pick_unit_research, auto_pick_side_research): Use it.
	(auto_pick_new_build_task): Use tmp_u_array.
	* run2.c (ttotals, uttotals): New static globals.
	(run_economy): Use them.
	* score.c (sum_property): Use tmp_u_array.
	* side.c (new_doctrine): Call disallow_more_unit_types.
	* supply.c (mad): New static global.
	(init_supply_system): Set it up.
	* unit.c (create_unit): Allocate numlivebytype and completenesses.
	(oc_numtypes): New static global.
	(can_occupy_unit): Use it.
	(toc_numtypes, type_can_occupy_cell): Similarly.
	(ocw_numtypes, can_occupy_cell_without): Similarly.
	(tocw_numtypes, type_can_occupy_cell_without): Similarly.
	(conn_num_types, can_occupy_conn_1): Similarly.
	(can_carry, type_can_occupy): Use tmp_u_array.
	(num_each_type, shared_each_type): New static globals.
	(eject_excess_occupants): Use them.
	(shortest_unique_name): Dynalloc firstuniq, use it as flag
	instead of shortestdone.
	(shortest_generic_name): Similarly.
	* write.c (write_table): Increase histogram size.

	* ai.c (atc_type): New static global.
	(assign_to_colonize): Use it.
	(pbt_prefs, pbt_fringe_terrain, pbt_enemy_types,
	pbt_num_to_transport): New static globals.
	(preferred_build_type): Use them.
	* ai.h (Strategy): Declare strengths etc as arrays of pointers
	instead of 2D arrays, unitlist and unitlistcount as pointers.
	(Theater): Similarly for numassigned, numneeded, etc.
	(strength_est, etc): New macros (not used yet).
	* iplayer.c (iru_numoffensive, iru_numdefensive): New static globals.
	(iplayer_review_units): Use them.
	* mplayer.c (mplayer_create_strategy): Allocate strength arrays.
	(create_theater): Dynalloc numassigned etc fields.
	(estimate_strengths, mplayer_read_strengths, mplayer_save_state):
	Change to pointer-to-pointer refs.
	(mru_numoffensive, mru_numdefensive): New static globals.
	(mplayer_review_units): Use them.
	* oplayer.c: Similarly.

	* cmd.c (gt_amts, gt_rslts): New static globals.
	(do_one_give, do_one_take): Use them.
	* ui.h (VP draw_materials): Make into a pointer.
	* ui.c (new_vp): Allocate draw_materials field.

	* maccmd.c (do_one_add_terrain): Use tmp_t_array.
	* macwins.c (side_research_dialog): Make participants static global.

	* tkconq.h (UI material_color, etc): Change from array to pointer.
	(UI cell_color, cell_shades): Rename from cellcolor and cellshades.
	(UI best_timages): Similarly.
	(UI unitpics, unitmasks, bestmimages): Remove, not used.
	(Map uvec, ustr, tvec, tstr): Change from array to pointer.
	* tkcmd.c (do_add_terrain, do_remove_terrain): Use tmp_t_array.
	(do_build): Use tmp_u_array.
	* tkinit.c (utype_indexes, mtype_indexes): Change to pointers.
	(init_display): Remove inits of unused fields, alloc space for
	cell_shades and material_color.
	(init_material_images): Remove setup of bestmimages.
	(init_terrain_images): Allocate for best_timages and terrpics.
	(init_shades): Use array-of-array refs to cell_shades.
	* tkmain.c (last_num_units_in_play, last_num_units_incomplete):
	Change from arrays to pointers.
	(init_redraws, update_unit_type_list): Allocate them.
	(create_map): Alloc map uvec, ustr, etc.
	* tkmap.c: Update refs to renamed fields.
	(MapW draw_aux_terrain, draw_materials): Make into pointers.

	* ccmd.c (do_build): Use tmp_u_array.
	* cconq.c (init_display): Use numutypes to size allocs.
	(ask_unit_type, ask_terrain_type): Use array of int instead of short.
	* cdraw.c (draw_type_list_entry): Init lasttypevisible from numutypes.

	* cconq.c (do_dir_2): Fix a variable name.
	* cconq.h: Use #else instead of #elif.
----------------------------
revision 1.47
date: 2000/11/16 23:33:12;  author: ronne;  state: Exp;  lines: +2 -3
General cleanup of kernel prototypes - part 2.
----------------------------
revision 1.46
date: 2000/11/12 00:39:54;  author: ronne;  state: Exp;  lines: +1 -4
General cleanup of kernel prototypes - part 1.
----------------------------
revision 1.45
date: 2000/10/30 16:28:29;  author: shebs;  state: Exp;  lines: +2 -2
	* goal.def (DEF_GOAL): Add a separate display name for each goal.
	* unit.h (GoalDefn): New field display_name.
	* unit.h, ai.c: Update uses of DEF_GOAL.
	* task.def (DEF_TASK): Add a separate display name for each task.
	* unit.h (TaskDefn): New field display_name.
	* kernel.h, kpublic.h, unit.h, task.c: Update uses of DEF_TASK.
	* nlang.c (task_desc): Use display name instead of internal name.
	(goal_desc): Likewise.
	* side.c (standing_order_desc): Likewise.
----------------------------
revision 1.44
date: 2000/10/27 12:58:03;  author: shebs;  state: Exp;  lines: +13 -1
	Fix a save/restore discrepancy caused by units being woken up
	when restoring a game.
	* side.c (suppress_see_wakeup): New global.
	(cover_area_1): Test it before calling react_to_seen_unit.
	* init.c (init_all_views): Set and clear it.
----------------------------
revision 1.43
date: 2000/10/06 15:53:49;  author: shebs;  state: Exp;  lines: +0 -1
	* side.h (Side numadvances): Remove field, never used.
	* side.c (create_side): Don't set.
	* read.c (fill_in_side): Don't interpret numadv.
	(interp_unit_plan): Make creation turn optional as documented.
	(interp_task): Be more flexible about syntax.
	* write.c (write_side_properties): Don't write side->numadvances.
	* table.def (hp-on-completion): Remove, never used.

	* mkunits.c (make_independent_units): Add a comment.
----------------------------
revision 1.42
date: 2000/09/25 15:39:40;  author: shebs;  state: Exp;  lines: +15 -3
	* init.c (final_init): Display size of history objects.
	(calculate_globals): Make first call to
	update_canbuild_vector here...
	* side.c (create_side): ... instead of here.

	* side.c, side.h (actual_advantage): New function.
	* mkunits.c (make_countries): Use it, also remove incorrect call
	to side_can_build (breaks no-building games).
	(place_units): Simplify, remove side_can_build test.
	* score.c (record_into_scorefile): Use actual_advantage.
----------------------------
revision 1.41
date: 2000/09/03 22:46:02;  author: shebs;  state: Exp;  lines: +4 -2
	General overhaul and cleanup of networking support, including
	fixed command-line -host/-join handling and ability to load
	a module directly instead of sending across the net.
	* cmdline.c (game_chosen): Remove, no longer used.
	(parse_command_line): Name -h <n> players as "?@" instead of "x@",
	remove warning messages.
	(set_players_from_options): Update remote programs with info
	about players.
	* init.c, conq.h (start_game_load_stage,
	start_variant_setup_stage, start_player_pre_setup_stage,
	start_player_setup_stage, start_game_ready_stage): New functions,
	control over game setup stages.
	* side.c: Add a couple comments.
	* socket.c (wait_for): Comment out excessive output.
	* tp.c (add_remote_players): Fill in existing players named "?"
	before creating new players.
	(net_update_player): New function.
	(download_game_module): Add case to download module name only.
	(broadcast_start_variant_setup, broadcast_start_player_setup):
	New functions.
	(send_packet): Change timeout warning to a notice.
	(receive_data): Dump no-op loop counts once/second only.
	(receive_packet): Handle new stage start packets.
	(receive_game_checksum): Notify instead of warn about checksum
	failures.
	(receive_assignment_setting): Handle player spec packet.
	* tp.h: Declare new functions.

	* tkconq.tcl (master_rid): New global, use everywhere instead
	of assuming master's rid is 1.
	(set_variant): Change stage only if master.
	(update_player_entry, update_allplayer_buttons): Don't run if
	no dialog.
	(popup_chat): Handle mid-game first-time popup correctly.
	* tkinit.c: (init_ui): Handle repeated calls.
	* tkmain.c (TclCmdFn): New function typedef, use for all
	tcl commands.
	(tcl_cmd): New function.
	(initial_ui_init): Use to set up all generic tcl commands.
	(tk_start_player_setup_stage): New tcl command.
	(add_remote_locally): Set master_rid.
	(launch_game_2): Merge into launch_game.

	* xconq.c (main): Reorganize to handle command-line and
	interactive setup more uniformly.
----------------------------
revision 1.40
date: 2000/08/25 15:54:27;  author: shebs;  state: Exp;  lines: +9 -6
	(see_cell): Fix viewing of stacks with variable see-chance.
----------------------------
revision 1.39
date: 2000/08/25 11:19:47;  author: shebs;  state: Exp;  lines: +4 -2
	* side.c (create_side): Initialize side->canbuild after advances
	set up.
----------------------------
revision 1.38
date: 2000/08/25 03:57:13;  author: shebs;  state: Exp;  lines: +2 -2
	* side.c (create_side): Always initialize side->canbuild.
----------------------------
revision 1.37
date: 2000/08/24 01:00:49;  author: ronne;  state: Exp;  lines: +3 -3
Flip around blue and cyan.
----------------------------
revision 1.36
date: 2000/08/22 11:37:24;  author: ronne;  state: Exp;  lines: +25 -0
Improve handling of default solid color emblems.
----------------------------
revision 1.35
date: 2000/08/20 13:37:02;  author: shebs;  state: Exp;  lines: +14 -9
	Change occupant-vision from a boolean to a percentage, fix
	other vision-related behavior.
	* table.def (occupant-vision): Tweak default, change fn name.
	* help.c (describe_utype): Update help info.
	* side.c (cover_area): Update usage.
	(see_cell): Also test for viewers exactly at the given location.
	(test_for_successful_viewer): Iterate over occupants, change
	to multiply see chance with uu_occ_vision.

	* refman.texi: Document the change.
----------------------------
revision 1.34
date: 2000/08/15 16:13:53;  author: shebs;  state: Exp;  lines: +14 -14
	* side.c (init_view): Don't allocate unit view hash table.
	(add_unit_view): Test for existence of view hash table.
	(add_unit_view_raw): Allocate hash table if needed.
	(remove_unit_view): Skip if no hash table present.
----------------------------
revision 1.33
date: 2000/08/13 15:21:00;  author: shebs;  state: Exp;  lines: +59 -39
	Fix various bugs in unit viewing, especially for see_all case.
	* iplayer.c (can_see_actual_units): Remove, no longer used.
	(preferred_build_type): Test side->see_all.
	* mplayer.c (can_see_actual_units): Remove, no longer used.
	(review_theaters, estimate_strengths, preferred_build_type): Fix
	!side->see_all cases.
	* plan.c (victim_here): Remove a comment.
	* side.c (become_designer, become_nondesigner): Add notices
	to all sides.
	(unit_view_at, unit_view_next): Handle side->see_all case by
	faking view objects.
	(add_unit_view): Record the date of the unit view.
	* side.h: Add some comments.
	* task.c (do_hit_unit_task): Always use unit views.
	(parse_unit): Remove redundant see_all test.
----------------------------
revision 1.32
date: 2000/08/11 03:21:31;  author: shebs;  state: Exp;  lines: +8 -5
	* unit.h (UnitView size, date): New fields.
	* side.h (view_size): New macro.
	* plan.c (victim_here, target_here): Use view size.
	* side.c (side_sees_unit, side_sees_image): Return true if
	side->show_all.
	(add_unit_view): Fill in view of unit size.
----------------------------
revision 1.31
date: 2000/08/08 17:11:52;  author: shebs;  state: Exp;  lines: +30 -16
	* nlang.c (tooling_desc): New function.
	(notify_doctrine): List contents of all doctrines.
	(notify_doctrine_1): List construction run lengths.
	* plan.c (est_completion_time): Move to here from nlang.c.
	* read.c (read_default_doctrine): Rename from read_general_doctrine,
	don't try to handle property values here.
	(read_utype_doctrine): Similarly.
	(utype_from_name): Handle empty strings.
	* read2.c (interp_utype_list): Move to here from unit.c.
	* side.h (Side numlive): Remove field, never used.
	(for_all_doctrines): New macro.
	* side.c (init_sides): Set next_doctrine_id to 1, so save/restore
	doesn't get confused.
	(create_side): Don't alloc space for numlive.
	(become_designer): Don't enable may_set_show_all if see_all.
	(cover_area): Test side->see_all instead of g_see_all.
	(new_doctrine): Ensure new doctrine has unique id.
	(clone_doctrine): Comment out, never used.
	* unit.c (set_unit_side): Remove adjust of numlive.
	(find_unit_name): Remove, unused and useless.
	(num_occupants, num_units_at, get_x_property_by_name): Comment
	out, never used.
	* write.c: Cosmetic improvements.
	* conq.h, unit.h: Update to reflect movements.
----------------------------
revision 1.30
date: 2000/08/01 16:17:13;  author: shebs;  state: Exp;  lines: +70 -36
	Use a hash table for unit views.
	* side.h (Side unit_views): Declare as pointer to pointer.
	* side.c (VIEW_HASH_SIZE): New macro.
	(init_view): Allocate hash table.
	(unit_view_at, add_unit_view, remove_unit_view): Use hash table.
	(add_unit_view_raw): New function.
	* read.c (interp_unit_views): Call it.
	* write.c (write_side_view): Iterate over area to find unit views.
----------------------------
revision 1.29
date: 2000/07/30 13:06:43;  author: ronne;  state: Exp;  lines: +5 -1
Cache research and build vectors, make ai resignation optional.
----------------------------
revision 1.28
date: 2000/07/24 21:35:45;  author: ronne;  state: Exp;  lines: +1 -1
Fix some compile problems and segfaults.
----------------------------
revision 1.27
date: 2000/07/12 15:24:22;  author: shebs;  state: Exp;  lines: +14 -3
	* side.c (add_unit_view): Add views in id order.
	* ui.c (find_unit_or_occ_view, find_unit_view_at): New functions.
	(xform_unit_view): Don't count views of occupants.
	* ui.c, ui.h (xform_unit_self_view): New function.
	* ui.h (nearest_unit_view): Declare.

	* tkinit.c, tkconq.h (any_resources): New global.
	(init_display): Compute it.
	* tkmain.c: Remove decl of nearest_unit_view.
	* tkmap.c (x_xform_unit_self_view): New function.
	(draw_row): Test any_resources.
	(draw_units): Don't subdivide views at low mags.
	(draw_current): Test any_resources, call x_xform_unit_self_view
	to get correct position of current unit, minor cleanups.
----------------------------
revision 1.26
date: 2000/07/05 16:20:06;  author: shebs;  state: Exp;  lines: +137 -83
	* run2.c, conq.h (area_lighting): New global.
	(daynight): Change to int.
	* keyword.def (unit-views): New keyword, replaces unit-view.
	* table.def (see-chance, etc): Remove upper bounds on values.
	* read.c (interp_unit_views): New function.
	(fill_in_side): Call it.
	* run2.c (compute_season): Add day/night note to curdatestr.
	(run_sun): Recognize when area's lighting is uniform, tell
	users about rising and setting of sun, also recompute cover.
	* side.c (suppress_see_cell): New global.
	(cover_area_1): Use it to skip see_cell calls sometimes.
	(reset_coverage): Set it.
	(calc_coverage): Simplify, account for controlled sides.
	(see_cell): Rewrite see-chance handling.
	(test_for_successful_viewer): Rename from test_for_viewer.
	(test_for_possible_viewer): Rename from test_for_mistaken_viewer.
	* write.c (write_side_view): Use new keyword.
----------------------------
revision 1.25
date: 2000/07/04 13:40:40;  author: shebs;  state: Exp;  lines: +53 -103
	* side.c, kernel.h (set_mutual_trust): Remove, not used and not
	useful (set_trust is always sufficient).
	* tp.c, kpublic.h (net_set_mutual_trust): Ditto.
	(receive_side_prop): Remove "mutualtrust" packet.
----------------------------
revision 1.24
date: 2000/07/03 16:43:37;  author: shebs;  state: Exp;  lines: +267 -217
	Change unit viewing to use view objects instead of a layer.
	* unit.h (UnitView): New struct.
	* side.h (Side unitview, unitviewdate): Remove.
	(Side unit_views): New field.
	(for_all_view_stack): New macro.
	(unit_view, set_unit_view, builduview, vside, vtype, vhp, EMPTY,
	appears_empty, vside_indep, unit_view_date, set_unit_view_date):
	Remove, no longer used.
	* config.h (MAXVIEWHISTORY): Remove, no longer used.
	* side.c (init_view): Remove unit view layer init.
	(unit_view_at, unit_view_next, add_unit_view, remove_unit_view,
	mistake_view): New functions.
	(fn_set_unit_view, fn_set_unit_view_date): Remove.
	(side_sees_image, all_see_leave, reset_all_views,
	react_to_seen_unit, see_cell, see_exact, paint_view_1): Rewrite to
	use view objects.
	* ai.c (enemies_present): Ditto.
	* iplayer.c (preferred_build_type): Ditto.
	* mkroads.c (unit_sees_other_unit): Ditto.
	* mplayer.c (review_theaters, estimate_strengths,
	preferred_build_type): Ditto.
	* plan.c (alternate_target_here, victim_here, target_here,
	indep_captureable_here, useful_captureable_here,
	can_capture_neighbor): Ditto.
	* ps.c (sideno_of_seen_unit_at): Ditto.
	* run2.c (unit_revolt, visible_to): Ditto.
	* task.c (target_visible): Ditto.
	* ui.c (oneliner, dump_text_view
	* cdraw.c (draw_units, draw_legend, show_closeup): Ditto.
	* xdraw.c (draw_map_info, etc): Ditto.
	* macdesign.c (apply_designer_tool): Ditto.
	* macrow.c (draw_units): Ditto.
	* tkmain.c (update_mouseover): Ditto.
	* tkmap.c (draw_units, handle_designer_mouse_down): Ditto.
	(x_xform_unit_view): New function.

	* init.c (init_all_views): Fold in init_view_2, comment out
	unit view clearing.
	* plan.c (threat, usable_cell): Comment out, not used apparently.
	* read.c (fill_in_side): Comment out unit view reading.
	* ui.c, ui.h (xform_unit_view_: New function.
	(utype_seen_at): Comment out unit view case.
	* write.c (fn_unit_view, fn_unit_view_date): Remove.
	(write_side_view): Write unit view list instead of layer.

	* cmdline.h (make_default_player_spec): Move decl to here
	from cmdline.c.
	* skelconq.c, wconq.c, xconq.c, xtconq.c, xtmain.c: Remove decls
	that are in cmdline.h.
	* tkmain.c: Ditto, and include cmdline.h.
	* cconq.c (make_default_player_spec): New function.

	* tkmain.c (tk_reset_popup_flag): New tcl command.

	* nlang.c (medium_long_unit_handle): Remove unused local.
----------------------------
revision 1.23
date: 2000/05/30 18:45:45;  author: ronne;  state: Exp;  lines: +0 -1
Fix some more indepside problems.
----------------------------
revision 1.22
date: 2000/05/26 12:49:32;  author: shebs;  state: Exp;  lines: +21 -22
	* run2.c (update_cell_display_all_sides): Update if terrain is
	seen (thus updating people and control view).
	* side.c (cover_area): Don't let inactive sides inform their
	allies of view changes (prevents transitive bizarrities).
----------------------------
revision 1.21
date: 2000/05/21 12:50:32;  author: ronne;  state: Exp;  lines: +0 -3
Fix various unit visibility and display problems.
----------------------------
revision 1.20
date: 2000/04/24 13:04:09;  author: shebs;  state: Exp;  lines: +3 -1
	* run.c, side.c: Cosmetic improvements.
----------------------------
revision 1.19
date: 2000/04/08 14:58:22;  author: ronne;  state: Exp;  lines: +11 -0
Add side->autoresearch option.
----------------------------
revision 1.18
date: 2000/04/02 23:35:12;  author: shebs;  state: Exp;  lines: +18 -17
	* read.c, side.c, unit.h, write.c: Cosmetic changes.
	* iplayer.c: Remove unused code.
----------------------------
revision 1.17
date: 2000/01/05 21:52:15;  author: ronne;  state: Exp;  lines: +3 -0
Fix mtype bug in create_side.
----------------------------
revision 1.16
date: 1999/12/25 13:52:21;  author: shebs;  state: Exp;  lines: +26 -12
        * plan.c (good_cell_to_colonize): Use production_at.
        * side.c (create_side): Initialize conversion rates to defaults.
        * ui.c (toggle_user_at): New function.
        (advance_to_cell): Use it, for immobile advanced units.
----------------------------
revision 1.15
date: 1999/12/01 04:14:44;  author: shebs;  state: Exp;  lines: +7 -0
	* nlang.c (size_desc): New function.
	* run.c (run_construction): Handle missing unit plan.
	(allocate_used_cells): Use main city cell for free, test for
	independence correctly.
	* run2.c (run_side_research): New function.
	(run_turn_start): Call it.
	* side.h (Side research_topic): New field.
	* side.c (create_side): Set it.
	(set_side_research): New function.
	* ui.c (oneliner): Describe usage of cell.
	* unit.c (has_advance_to_build): Remove type if obsolete.
----------------------------
revision 1.14
date: 1999/11/10 03:10:31;  author: shebs;  state: Exp;  lines: +10 -34
	* side.c (side_sees_unit): Remove commented-out code.
	* ui.c (unit_visible): Add designer case.
	* unit.c (designer_teleport): Use change_cell to move, add
	explicit updates for observers.
----------------------------
revision 1.13
date: 1999/10/30 14:41:46;  author: shebs;  state: Exp;  lines: +26 -17
        * combat.c (mobile_enemy_thread): Use side_sees_image instead of
        unit_actually_visible.
        * run.c (auto_pick_new_build_task, etc): Ditto.
        * task.c: Ditto.
        * side.c (side_sees_unit): Add side->see_all case, remove
        designer and debugging cases.
        (side_sees_image): Error if NULL side, add view-matching case.
        * ui.c (unit_actually_visible): Comment out.
        (unit_visible, occupants_visible): New function.
        (cell_terrain): Remove, fold code into oneliner.
        (oneliner): Test vp->show_all.
        * ui.h: Declare new functions.

        * conq.h (gameinited, warnings_logged): Declare.
        (add_remote_players, etc): Ditto.
        * cmd.c, cmdline.h, init.c, read.c, read2.c, side.c, unit.c,
        util.c: Remove unneeded decls.
        * misc.h (log_warning): Declare.
----------------------------
revision 1.12
date: 1999/10/26 15:32:09;  author: shebs;  state: Exp;  lines: +43 -35
        Reorganize see-all handling, add separate concept of show-all
        that only affects display.
        * side.h (Side show_all): New field.
        (Side may_set_show_all): Rename from may_set_see_all.
        * ui.h (VP show_all): Rename from see_all.
        * init.c (init_all_views): Use new field, don't set all_see_all.
        * actions.c, ai.c. combat.c, mplayer.c, nlang.c, plan.c, ps.c,
        read.c, run.c, run2.c, score.c, side.c, side.h, ui.c, unit.c,
        write.c: Use g_see_all() or side->see_all instead of all_see_all,
        side->may_set_show_all instead of side->may_set_see_all.
        * macconq.c, macdesign.c, macmap.c, macmouse.c, macrow.c: Ditto.
        * tkcmd.c, tkmain.c, tkmap.c: Ditto.
        * xcmd.c, xmap.c, xtmain.c: Ditto.
        * run.c (end_the_game): Set side->show_all.
        * side.c (become_designer, become_nondesigner): Ditto.

        * tkcmd.c (aux_design, really_do_design): Call set_show_all and
        update_show_all_info.
        * tkconq.tcl (may_set_show_all): Rename from may_set_see_all.
        (default_map_options): New global array, use everywhere instead
        of map_options.
        (map_options): Index by map widget also.
        (update_view_controls_info): Don't set may_set_show_all.
        (update_show_all_info, update_show_all): New procs.
        * tkinit.c (init_display): Update show_all info.
        * tkmain.c (update_turn_display): Set show_all.
        * tkmap.c (m_terrain_visible, m_units_visible): New macros, use
        everywhere.
        (set_show_all): New function.

        * combat.c (do_overrun_action): Fix call to do_fire_at_action
        to not shoot at self(!).

        * side.c (paint_view_1): Add special case to do exact view.

        * unix.c (score_file_pathname): Look for env var XCONQ_SCORES
        instead of XCONQSCORES.

        * tkconq.h (UI told_outcome): Remove, never used.
        * tkmain.c (told_outcome): Make static local.
        * tkconq.tcl (disable_move_mode): New proc.
        (popup_game_over_dialog): Use it.
        (popup_design_palette): Add view painting button.
        (make_view_paint_frame): New proc.
        (make_terrain_paint_frame): Increase size of terrain samples.
        (make_people_paint_frame, make_control_paint_frame): Turn on
        people/control display in all maps.
        * tkinit.c (init_bitmaps): Add paint_view bitmap.
        * tkmap.c (handle_designer_mouse_down, paint_on_drag): Rewrite
        view painting.
----------------------------
revision 1.11
date: 1999/10/25 21:10:41;  author: ronne;  state: Exp;  lines: +8 -12
Clean out NULL side stuff, fix some bugs.
----------------------------
revision 1.10
date: 1999/10/24 11:20:10;  author: ronne;  state: Exp;  lines: +40 -36
Add new indepside code, fix various bugs.
----------------------------
revision 1.9
date: 1999/10/07 02:27:04;  author: shebs;  state: Exp;  lines: +13 -22
	* unit.h (has_acp_left): New macro, accounts for acp-min.
	* plan.c (occupant_can_capture_neighbor): Use it.
	* run.c (side_move_some_units, unit_still_acting,
	unit_still_acting_no_plan, move_one_unit_multiple): Ditto.
	* side.c (find_next_mover, find_prev_mover, find_next_awake_mover,
 	find_prev_awake_mover): Ditto.
	* ui.c (could_be_next_unit): Ditto.
	* macconq.c (maybe_select_next_unit): Ditto.
	* macmap.c (draw_selected_unit, draw_selection_animation): Ditto.
	* macmouse.c (select_another): Ditto.
	* tkmain.c (tk_run_game_idle): Ditto.
	* tkmap.c (draw_current): Ditto.
	* xcloseup.c (build_unit_list): Ditto.
	* xdraw.c (draw_current): Ditto.
	* cconq.c (maybe_handle_input): Ditto.
	* cdraw.c (draw_unit_list_entry): Ditto.

	* run.c (num_local_ais): New global.
	(run_local_ai): Use it to decide whether to run.

	* tkmain.c (tk_run_game): Return a smaller re-run interval.
	(tk_animate_selection): Record in activity trace.
----------------------------
revision 1.8
date: 1999/09/04 13:44:09;  author: shebs;  state: Exp;  lines: +21 -23
        * side.c (see_cell): Record unit as seen if see-always.
----------------------------
revision 1.7
date: 1999/08/28 23:22:44;  author: shebs;  state: Exp;  lines: +0 -1
        * configure.in: Add --enable-build-warnings to control extra
        warnings, choose which subdirs to configure based on Unix vs
        Windows.
        * configure: Regenerate.
        * Makefile.in: Eliminate refs to lib-x11.
        * x11/Makefile.in: Ditto.
        * curses/Makefile.in, kernel/Makefile.in, tcltk/Makefile.in,
        x11/Makefile.in: Change UNIX_CFLAGS to autoconf-using HFLAGS,
        remove WARNING_CFLAGS.
        * actions.c, ai.c, ai.h, cmdline.c, cmdline.h, conq.h, generic.c,
        help.h, imf.c, imf.h, imf2imf.c, lisp.c, lisp.h, misc.h, system.h,
        imf2x.c, xcutil.h: Remove PARAMS usages.
        * gif.c, help.c, imf.c, imf2imf.c, lisp.c, unix.c, tkmain.c,
        wimfapp.c, imf2x.c, x2imf.c, xconq.c, xcutil.c: Remove unused
        variables, add prototypes, etc.
        * run2.c, side.c, macconq.c: Remove decl of update_area_display.
        * skelconq.c: Declare _dialog functions.
        * tkcmd.c: Remove exit_xconq decl.
        * wconq.c (check_player_displays): Remove uses.
        * xconq.c: Include tkconq.h.

        * tkconq.h (IMFLIB): Remove.
        (exit_xconq): Declare.
        * tkimf.c, tkinit.c: Remove imflib uses.
        * xconq.h, xcutil.c: Ditto.
        * ximf.c, xinit.c: Ditto.
        * PROJECTS: Remove lib-x11 item.
----------------------------
revision 1.6
date: 1999/08/21 12:16:39;  author: shebs;  state: Exp;  lines: +21 -23
        Eliminate still more warnings.
        * cmd.c, help.c, history.c, mknames.c, mkterr.c, mkunits.c,
        nlang.c, read.c, read2.c, score.c, side.c, supply.c, tp.c, ui.c,
        unit.c, unit.h, world.c, write.c: Remove PARAMS usages, remove
        unused variables, add missing function decls, comment out unused
        functions, etc.
        * obstack.h (obstack_begin): Add parameter types to fn pointer.
        * mknames.c (propose_unit_name): Fix "junky" naming method.
        * read.c (find_unit_spec_by_name, find_unit_spec_by_number):
        Use PARSE_PROPERTY_RETURN instead of PARSE_PROPERTY.
        * score.c (all_sides_draw): Assign result of add_side_to_set.
        * side.c: Include ai.h.
----------------------------
revision 1.5
date: 1999/08/01 15:12:19;  author: ronne;  state: Exp;  lines: +1 -0
find_agreement: add prototype.
----------------------------
revision 1.4
date: 1999/07/03 12:44:05;  author: ronne;  state: Exp;  lines: +0 -22
Clean up file, remove old change markers.
----------------------------
revision 1.3
date: 1999/06/01 19:40:00;  author: shebs;  state: Exp;  lines: +40 -0
Tue Jun  1 18:41:59 1999  Hans Ronne  <ronne@bmc.uu.se>
	* combat.c, conq.h, game.h, help.c, init.c, keyword.def,
 	mkunits.c, move.c, mplayer.c, plan.def, read.c, run.c, run2.c,
 	score.c, side.h, supply.c, table.def, ui.c, unit.c, unit.h,
 	utype.def, world.c, world.h, write.c, maccmd.c, maccolors.c,
 	macconq.h, macdefs.h, macdraw.c, macinit.c. maclist.c, macmap.c,
 	macmenus.c, macmouse.c, macprefs.c, macrow.c. macwins.c: Remove
 	old change markers.
	* actions.c (transfer_supply): Disable use of indepside treasury.
	(do_create_in_action): Make separate call to has_advance_to_build.
	(do_create_in_action): Use the builders stash of cps if allowed.
	(do_create_in_action): Fix null side treasury crashes.
	(check_create_common): Make separate call to has_advance_to_build.
	(check_create_common): Fix null side treasury crashes.
	(set_created_unit_props): Turn on automation for indeps & AI
 	controlled sides.
	(do_create_at_action): Make separate call to has_advance_to_build.
	(do_create_at_action): Use the builders stash of cps if allowed.
	(do_create_at_action): Fix null side treasury crashes.
	(make_unit_complete): Fix null actionvector crashes at turn zero.
	(do_transfer_part_action): Make separate call to
 	has_advance_to_build.
	(check_change_type_action): Add separate call to
 	has_advance_to_build.
	* ai.c (numaitypes): Move to config.h to make it globally
 	accessible.
	(set_side_ai): Turn on automation for indeps & AI controlled
 	sides.
	(ai_update_plan): New function.
	(goal_truth): Handle GOAL_UNIT_OCCUPIED and GOAL_COLONIZE.
	(ai_init_shared): Call set_u_is_ground_mobile etc.
	(ai_init_shared): Set u_colonizer.
	(ai_init_shared): Call set_u_offensive_worth etc.
	(ai_init_shared): Set u_naval_mobile, u_ground_mobile and
 	u_facility.
	(offensive_worth): New function.
	(defensive_worth): New function.
	(exploring_worth): New function.
	(colonizing_worth): New function.
	(facility_worth): New function.
	(siege_worth): New function.
	(random_worth): New function.
	(set_u_offensive_worth): New function.
	(set_u_defensive_worth): New function.
	(set_u_explorer_worth): New function.
	(set_u_colonizer_worth): New function.
	(set_u_facility_worth): New unction.
	(set_u_random_worth): New function.
	(set_u_siege_worth): New function.
	(set_u_is_ground_mobile): New function.
	(set_u_is_naval_mobile): New function.
	(set_u_is_air_mobile): New function.
	(set_u_is_advanced): New function.
	(set_u_is_colonizer): New function.
	(set_u_is_facility): New function.
	* ai.h (a_ai_op): Add (*to_update_plan).
	(ai_update_plan): Prototype new function.
	(offensive_worth, defensive_worth, etc): New prototype.
	* combat.c (do_overrun_action): Make ovverun after fire possible.
	(check_overrun_action): Make overrun after fire & into empty cell
 	possible.
	(do_fire_at_action): Use SideMask code to handle fire display.
	(do_fire_at_action): Permit attempt to capture after fire from
 	adjacent cell.
	(do_fire_into_action): Use SideMask code to handle fire display.
	(maybe_hit_unit): Support uu_cellwide_protection_against.
	(maybe_hit_unit): Support uu_cellwide_protection_for.
	(maybe_hit_unit): Use SideMask code to handle hit display.
	(maybe_hit_unit): Fix occupant recursion bug.
	(attempt_to_capture_unit): Support uu_cellwide_protection_against.
	(attempt_to_capture_unit): Support uu_cellwide_protection_for.
	(detonate_on_cell): Use for_all_stack_with_occs instead of
 	for_all_stack.
	(can_capture_directly): New function.
	(type_can_capture_directly): New function.
	(type_can_carry): New function.
	(occ_can_defend_transport): New function.
	* config.h (MAXATYPES): Increase to 254.
	(numaitypes): Move here from ai.c to make it globally accessible.
	* conq.h (advanced_utypes etc): Remove.
	(numadv etc): Remove.
	(can_extract_at): Prototype.
	(can_load_at): Prototype.
	(can_capture_directly): Prototype.
	(type_can_capture_directly): Prototype.
	(type_can_carry): Prototype.
	(occ_can_defend_transport): Prototype.
	(has_advance_to_build): Prototype.
	(unit_actually_visible): New prototype.
	* game.h (for_all_advanced_utypes, etc): Remove.
	* goal.def (GOAL_UNIT_OCCUPIED, GOAL_COLONIZE): New goals.
	* gvar.def (g_default_runlength): New name for
 	g_ai_build_runlength.
	(g_disable_standard_economy): New gvar.
	(g_disband_unfinished_units): New gvar.
	(g_salvage_unfinished_cps): New gvar.
	(g_salvage_unfinished_materials): New gvar.
	(g_ai_advanced_unit_separation): New gvar.
	(g_ai_badtask_remove_chance): New gvar.
	(g_ai_badtask_max_retries): New gvar.
	(g_ai_badtask_reserve_chance): New gvar.
	(g_units_may_go_into_reserve): New gvar.
	(g_units_may_go_to_sleep): New gvar.
	* help.c (may_detonate): Prototype.
	(describe_utype): Make display of Material Handling conditional.
	(describe_utype): Add "None" option to required advances code.
	(u_property_desc, etc): Add spaces after commas to permit new
 	lines.
	(append_help_phrase): Add more dashes and an extra linefeed.
	* imf.c (interp_image): Disable palette run warning on the Mac.
	* init.c (advanced_utypes etc): Remove.
	(final_init): Remove call to setup_utype_vectors.
	(setup_utype_vectors): Remove function.
	* kernel.h (go_after_captive): New prototype.
	(attack_can_damage_or_capture): New prototype.
	(fire_can_damage_or_capture): New prototype.
	(real_capture_chance): New prototype.
	* keyword.def (K_AUTOPLAN): New keyword.
	(K_CP_STASH): New keyword.
	* kpublic.h (net_resume_build_task): New extern prototype.
	* mac.c: Include MacTypes.h ifdef NEW_HEADERS, else include
 	Types.h.
	* mkunits.c (make_countries): Add separate call to
 	has_advance_to_build.
	(place_unit): Add separate call to has_advance_to_build.
	* move.c (do_move_action): Fix u2->nu2 typo & remove nu2
 	declaration.
	(do_enter_action): Fix u2->nu2 typo & remove nu2 declaration.
	* mplayer.c: Include kernel.h.
	(assign_to_defend_unit): Prototype new function.
	(assign_to_defend_cell): Prototype new function.
	(assign_to_defend_vicinity): Prototype new function.
	(mplayer_update_plan): Prototype new function.
	(defended_by_occupants): Prototype new function.
	(mplayer_ops): Add mplayer_update_plan.
	(update_unit_plans_randomly): Support g_units_may_go_into_reserve.
	(update_unit_plans_randomly): Support g_units_may_go_to_sleep.
	(mplayer_decide_plan): Skip for advanced units.
	(mplayer_decide_plan): Use u_colonizer_worth instead of
 	u_colonizer.
	(mplayer_update_plan): New function.
	(need_this_type_to_build_explorers): Check that we can build the
 	desired type.
	(assign_to_colonize): Rewrite. Use GOAL_COLONIZE and
 	PLAN_COLONIZING.
	(assign_to_improve): Clear task agenda and set NULL goal.
	(type_can_build_attackers): Check that we can build the desired
 	type.
	(type_can_build_colonizers): Add separate call to
 	has_advance_to_build.
	(type_can_build_colonizers): Use u_colonizer_worth instead of
 	u_colonizer.
	(preferred_build_type): Also count enemy occs by using
 	for_all_stack_with_occs.
	(preferred_build_type): Add separate call to has_advance_to_build.
	(preferred_build_type): Use u_colonizer_worth instead of
 	u_colonizer.
	(defended_by_occupants): New function.
	(assign_to_defense): Rewrite. Handle defense of units.
	(assign_to_defend_unit): New function.
	(assign_to_defend_cell): New function.
	(assign_to_defend_vicinity): New function.
	(assign_to_defend_theater): New function.
	(mplayer_adjust_plan): Skip for advanced units.
	(mplayer_adjust_plan): Add PLAN_COLONIZING & PLAN_IMPROVING.
	(mplayer_adjust_plan): Support g_units_may_go_into_reserve.
	(build_base_for_self): Check that we can build the desired type.
	(build_base_for_others): Check that we can build the desired type.
	(build_depot_for_self): Check that we can build the desired type.
	(rethink_plan): Support g_units_may_go_into_reserve.
	* plan.c: (execute_plan): Skip for advanced units.
	(execute_plan): Mark obsolete try code.
	(execute_plan): Support g_units_may_go_into_reserve.
	(execute_plan): Call ai_update_plan before execution.
	(plan_offense): Handle GOAL_UNIT_OCCUPIED and GOAL_CELL_OCCUPIED.
	(plan_offense): Support g_units_may_go_into_reserve.
	(plan_offense): Support g_units_may_go_to_sleep.
	(self_build_base_for_self): Check that we can build the desired
 	type.
	(plan_offense_support): Check that we can build the desired type.
	(plan_defense): Handle GOAL_UNIT_OCCUPIED and GOAL_CELL_OCCUPIED.
	(plan_defense): Call go_after_victim also for unit that can fire.
	(plan_defense): Use u_ai_tactical_range.
	(plan_defense): Support g_units_may_go_into_reserve.
	(plan_colonize): Rewrite. Use GOAL_COLONIZE.
	(plan_colonizer_support): Add separate call to
 	has_advance_to_build (2 times).
	(plan_colonizer_support): Use u_colonizer_worth instead of
 	u_colonizer.
 	(plan_improve): Add separate call to has_advance_to_build (2
 	times).
 	(good_cell_to_colonize): Rewrite. Check for presence of other
 	unit.  Check size goal for ALL advanced utypes. Remove check for
 	nearby enemy units.
	(plan_exploration): Support g_units_may_go_into_reserve.
	(plan_exploration): Handle GOAL_UNIT_OCCUPIED and
 	GOAL_CELL_OCCUPIED.
	(plan_exploration): Support g_units_may_go_to_sleep.
	(plan_explorer_support): Check that we can build the desired type.
	(victim_here): Also count with damage by fire and damage to occs.
	(victim_here): Give large size units higher rating.
	(victim_here): Give independent units lower rating.
	(victim_here): Give units that threaten our advanced units higher
 	rating.
	(go_after_captive): New function.
	(target_here): Also count with damage by fire and damage to occs.
	(target_here): Give large size units higher rating.
	(target_here): Give independent units lower rating.
	(target_here): Give units that threaten our advanced units higher
 	rating.
 	(capture_indep_if_nearby): Use u_ai_tactical_range.
 	(capture_useful_if_nearby): Use u_ai_tactical_range.
	* read.c (interp_unit): Restore code where ids start at 1 instead
 	of 0.
	(interp_unit): Add K_CP_STASH & K_AUTOPLAN.
	* run.c (unit_plan_dialog): New extern prototype.
	(net_resume_build_task): New extern prototype.
	(has_advance_to_research): New prototype.
	(select_by_weight): Prototype extern.
	(unit_build_dialog): Change prototype so that it returns int.
	(has_advance_to_build): Remove prototype.
	(create_selected_unit): Remove function and prototype.
	(auto_pick_new_plan): New function and prototype.
	(set_new_build_task): Remove function and prototype.
	(run_advanced_units): Enable run_construction for UNIX again.
	(run_population): Fix indepside crashes.
	(run_construction): Completely rewritten & extensively debugged.
	(auto_pick_new_research): Rewrite so that random task is picked.
	(auto_pick_new_build_task): Rewrite. Call auto_pick_new_plan.
	(auto_pick_new_plan): New function.
	* run2.c (vary_winds): Prototype.
	(update_area_display): Prototype extern.
	(run_turn_start): Check g_disable_standard_economy.
	* side.c (update_area_display): Prototype extern.
	(create_side): Fix toggle AI bug by initializing
 	newside->prefixarg.
	(side_controls_unit): Give debuggers full control.
	(side_sees_unit): Include trusted side, debuggers, g_peek_at_enemy
 	and endofgame.
	* side.h (has_advance): Fix null side crashes.
	* table.def (uu_builder_can_reuse_cp): New table.
	(uu_cellwide_protection_against): New table.
	(uu_cellwide_protection_for): New table.
	* task.c (attack_can_damage_or_capture): Move prototype to
 	kernel.h.
	(do_hit_unit_task): Count with fire and capture at pointblank
 	range.
	(do_hit_unit_task): Fix firing range bug.
	(do_hit_unit_task): Move in to capture if unit is undefended.
	(attack_can_damage_or_capture): Do attack if occ can be damaged.
	(fire_can_damage): Do attack if occ can be damaged.
	(fire_can_damage_or_capture):New function.
	(real_capture_chance): New function.
	(execute_task): Support g_ai_badtask_remove_chance.
	(execute_task): Support g_ai_badtask_max_retries.
	(execute_task): Support g_ai_badtask_reserve_chance.
	(execute_task): Support g_units_may_go_into_reserve.
	(set_build_task): Rewrite. Optionally disband any salvage
 	unfinished unit.
	(push_build_task): Rewrite. Optionally disband any salvage
 	unfinished unit.
	(set_occupy_task): New function.
	* tp.c (net_resume_build_task): New function (prototyped in
 	kpublic.h).
	* ui.c: Include MacTypes.h ifdef NEW_HEADERS, else include
 	Types.h.
	(xform_cell): Move core calculations to new function
 	xform_cell_flat.
	(xform_cell_flat): New function.
	(xform_cell_fractional_flat): New function.
	(favored_type): Check that we can build the desired type.
	* ui.h (xform_cell_flat, xform_cell_fractional_flat): New
 	prototypes.
	* unit.c (default_size): Change from 0 to 1.
	(has_advance_to_build): Remove prototype.
	(create_unit): Initialize unit->autoplan.
	(create_unit): Initialize unit->cp_stash.
	(can_carry): Check for u_facility_total_max & u_mobile_total_max.
	(type_can_occupy): Check for u_facility_total_max &
 	u_mobile_total_max.
	(type_allowed_on_side): Remove call to has_advance_to_build.
	(set_unit_side): Turn on autobuild & autoresearch if side is under
 	AI control.
	* unit.h (a_unit): Add unit->cp_stash.
	(a_unit): Add unit->autoplan.
	(for_all_occs_with_occs): Define new macro.
	(type_ever_available): Prototype extern.
	* utype.def (u_offensive_worth): New utype property.
	(u_defensive_worth): New utype property.
	(u_explorer_worth): New utype property.
	(u_colonizer_worth): New utype property.
	(u_facility_worth): New utype property.
	(u_random_worth): New utype property.
	(u_siege_worth): New utype property.
	(u_offensive): Change default from 1 to 0.
	(u_explorer): Change default from 1 to 0.
	(u_besieger): New utype property.
	(u_ship): New utype property.
	(u_ground): New utype property.
	(u_air): New utype property.
	(u_facility_total_max): New utype property.
	(u_mobile_total_max): New utype property.
	(u_ai_min_defenders) : Ner utype property.
	(u_ai_tactival_range): New utype property.
	* world.c (latlong_to_xy): Fix meridian drawing bug.
	* world.h (cell_is_within_n_steps): Rename to
 	cell_is_within_range.
	(for_all_cells_within_n_steps): Rename to
 	for_all_cells_within_range.
	(for_all_stack_with_occs): Define new macro.
	* write.c (write_area_users): Change so that nextid starts at 1
 	instead of 0.
	(write_units): Restore old code so that nextid starts at 1 instead
 	of 0.
	(write_unit_properties): Add K_AUTOPLAN & K_CP_STASH.
	* macadv.c: (MAX_DISPLAYED_FACS): New macro constant.
	(MAX_DISPLAYED_OCCS): New macro constant.
	(CLEAR_AGENDA): New macro constant.
	(unit_build_dialog): Change prototype.
	(has_advance_to_build): Remove prototype.
	(create_selected_unit): Remove prototype.
	(copy_rect_from_gworld): New function and prototype.
	(city_dialog): Rewrite. Many bug fixes and improvements.
	Most important ones:  Add conditional call to draw_unit_info.
	Use backcolor to draw region outside the area in the city map.
	Use copy_rect_from_gworld to do the offscreen graphics.
	Disable all auto checkboxes when dside is under AI control.
	Check that unit has a plan. Add new Plan Type popup menu.
	Add new Autoplan checkbox. Add new AI control checkbox.
	Split occupant panel into facilities and garrison panels.
	Fix runlength bug and limit it to CLEAR_AGENDA.
	Call net_clear_task_agenda & net_set_unit_asleep for idle units.
	Add separate call to has_advance_to_build.
	(draw_city_statistics): Rewrite. Many bug fixes and improvements.
	Most important ones: Add drawing of unit icon.
	Fix sporadic name bug by call to side_adjective.
	Fix parenthesis bug in construction status field.
	Fix crashing bug in occupant display code.
	Use u_facility_worth instead of !mobile to identify facilities.
	Add AI control info text field.	 Add new facilities and garrison
	panels.
	Fix bugs in construction status.
	Use white background color with unit icons.
	Add cps to occupant names when debugging.
	(draw_landuse_near_unit): Rename macro to for_all_cells_within_range.
	(unit_build_dialog): Rewrite. Many bug fixes. return int instead
	of *unit.
	Add separate call to has_advance_to_build.
	(unit_plan_dialog): New function and prototype.
	(global_advance_dialog): Fix autoresearch bug.
	Fix crashes due to incorrect oldprojects[] array size.
	Move SetPort call to position after conditional return.
	Fix sporadic name bug by two calls to side_adjective.
	* maccmd.c (do_set_view_angle): Only set vertscale if given a
 	valid prefixarg.
	* maccolors.c (default_draw_ai): Initialize to TRUE.
	(alert_256_colors): Initialize to TRUE.
	* macconq.c (main): Move check_screen_depths after get files and
 	make conditional.
	(update_area_display): Prototype extern. Add Side parameter.
	* macconq.h: Include MacWindows.h ifdef NEW_HEADERS, else include
 	Windows.h.
	(a_map): Add map->draw_ai.
	(default_draw_ai): New extern.
	(alert_256_colors): New extern.
	(xform_fractional): Move prototype here.
	(xform_flat): New prototype.
	(xform_fractional_flat): New prototype.
	* macdefs.h: (mPlanTypePopup): New menu.
	(miPlanTypeColonizing): New menu item.
	(miPlanTypeImproving): New menu item.
	(miPlanTypeRandom): New menu item.
	(diPrefsAIRegions): New dialog item.
	(diPrefs256colors): New dialog item.
	(dCity): All dialog items renumbered and renamed.
	(dPlan): New dialog with 3 dialog items.
	* macdraw.c (draw_unit_image): Rewrite. Support sidecolors in
 	closeups etc.
	(draw_unit_image): Restore colors BEFORE calling gray_out_rect (2
 	times).
	(draw_unit_image): Fix emblem bug due to new emblem_position code.
	* maclist.c (create_list): Use GetNewCWindow if hasColorQD.
	(draw_unit_list_entry): Fix task_desc prototype error.
	* macmap.c (xform_fractional): Move prototype to macconq.h.
	(xform_flat): New function.
	(xform_fractional_flat): New function.
	(adjust_latlong_interval): New function and prototype.
	(create_map): Use default_draw_ai.
	(create_map): Call adjust_latlong_interval.
	(set_map_power): Call adjust_latlong_interval.
	(set_map_angle): Compute a suitable vertscale.
	(draw_meridians): Fix sporadic longitude top error.
	(draw_meridians): Call xform_fractional_flat instead of
 	xform_fractional.
	(draw_selections_at): Fix (x,y) bug.
	(draw_selected_unit): Draw enemy units in red.
	(draw_selection_animation): Draw enemy units in red.
	(update_cell): Make DestRect larger to include row below.
	(update_cell): Use UNWRAP_RECT for meridians & feature names.
	* macmenus.c: (all_ai_ops): Prototype extern for use in
 	build_ai_type_menu.
	(query_position_modally): Unselect all selected units outside our
 	control.
	(do_closeup_mi): Prototype extern for use in ctrl-clicking of
 	unit.
	(build_ai_type_menu): Load AIs dynamically to the menu.
	(do_menu_command): Add support for dynamically loaded AIs.
	(do_menu_command): Support PLAN_COLONIZING & PLAN_IMPROVING.
	(apply_to_all_selected): Don't apply to selected units that we
 	don't control.
	(do_closeup_mi): Remove static declaration.
	(adjust_menus): Add support for dynamically loaded AIs.
	(adjust_menus): Don't enable commands for enemy unit closeups.
	(enable_commands_for_unit): Support PLAN_COLONIZING &
 	PLAN_IMPROVING.
	(enable_commands_for_unit): Fix menu number bug that disables More
 	menu items.
	* macmouse.c (do_closeup_mi): Prototype extern for use in
 	ctrl-clicking of unit.
	(do_mouse_down_map_content): Disable move and fire cmds for
 	selected enemy units.
	(do_mouse_down_map_content): Rewrite ctrl-clicking code using
 	side_sees_unit.  Call do_closeup_mi if ctrl-clicking non-advanced
 	unit, else call city_dialog.
	(select_all_units_in_rect): Always permit this if side_sees_unit.
	* macprefs.c (interp_mac_ui_data): Support default_draw_ai &
 	alert_256_colors.
	(ui_update_state): Support default_draw_ai & alert_256_colors.
	(set_preferences): Add case diPrefsAIRegions & diPrefs256colors.
	(set_preferences): Support default_draw_ai & alert_256_colors.
	(add_preferences_topic_items): Support default_draw_ai &
 	alert_256_colors.
	* macrow.c (draw_cliffs): Fix ouside-area crashes.
	(draw_contours): Trigger unwrapping 1 hex from right edge.
	(draw_gridlines): Trigger unwrapping 1 hex from right edge.
	(draw_shorelines): Trigger unwrapping 1 hex from right edge.
	(draw_feature_boundary_simple): Trigger unwrapping 1 hex from
 	right edge.
	* macwins.c (closeupwinwid): Change to 340.
	(init_construction_lists): Add separate call to
 	has_advance_to_build.
	(adjust_construction_controls): Check that we can build the
 	desired type.
	(side_rename_dialog): Fix colorscheme bug.
	(preferred_closeup_size): Add 4 pixels at bottom.
	(draw_unit_closeup): Make sure this is the selected unit on all
 	maps.
	(draw_unit_closeup): Optionally permit peeking at enemy units.
	(draw_unit_closeup): Fix duplicate goal_desc problem.
	(draw_unit_closeup): Align goal_desc and remove flanking junk.
	(draw_unit_closeup): Align task_desc and write "Task".
	(do_mouse_down_unit_closeup): Make sure this is the selected unit
 	on all maps.
	(destroy_unit_closeup): Make sure this is the selected unit on all
 	maps.
	* XconqProj.rsrc: (DITL 803 "City"): Extensively modified.
	(DITL 702 "Preferences Map Items"): Add AI regions checkbox.
	(DITL 704 "Preferences Offscreen Items"): Add recommend 256 colors
 	checkbox.
	(DITL 804 "City Research"): Minor changes.
	(DITL 805 "Global Science"): Minor changes.
	(DITL 807 "City Build"): Minor changes.
	(DITL 808 "City Plan"): New dialog item list.
	(DLOG 808 "City Plan"): New dialog.
	(MENU 206 "AI Types"): Remove static AI items.
	(MENU 249 "Plan Types"): Restore damaged resource. Add 3 new
 	items.
	* Xconq.r: Update from XconqProj.rsrc.
	* xconq.c (unit_build_dialog): Rewrite. Fix argument error.
	(unit_plan_dialog): New function.
----------------------------
revision 1.2
date: 1999/05/11 19:53:54;  author: shebs;  state: Exp;  lines: +32 -14
	* cmd.def (agreement-draft, agreement-drafter, agreement-propose,
	agreement-proposer, agreement-sign, agreement-signer,
	agreement-term): New commands.
	* cmd.c (do_agreement_draft, do_agreement_drafter, etc): New
	functions.
	* cmdline.c (parse_command_line): Handle -h by creating player
	specs immediately.
	* side.h (agreement_list, etc): Rename from agreementlist etc.
	* side.c (agreement_list, etc): Ditto.
	(find_agreement): New function.
	(create_agreement): Fix.
	* ui.h (VP see_all): New slot.
	* ui.c (find_unit_or_occ): Add side arg, account for occupant
 	visibility rules.
	Change all callers.
	(calc_view_misc): Comment out hexagon_adjust, seems unneeded.
	* write.c (write_agreements): Use for_all_agreements.
----------------------------
revision 1.1
date: 1999/04/28 19:36:32;  author: shebs;  state: Exp;
Initial checkin.
=============================================================================
