
RCS file: /cvs/xconq/xconq/kernel/types.c,v
Working file: types.c
head: 1.3
branch:
locks: strict
access list:
symbolic names:
	xconq-7_4_1-release: 1.1
	xconq-7_4-branch: 1.1.0.4
	xconq-7_4-branchpoint: 1.1
	xtconq-pre-removal: 1.1
	xconq-7_3_3-release: 1.1
	xconq-7_3_2-release: 1.1
	xconq-7_3_1-release: 1.1
	xconq-7_3-branch: 1.1.0.2
	xconq-7_3-branchpoint: 1.1
keyword substitution: kv
total revisions: 3;	selected revisions: 3
description:
----------------------------
revision 1.3
date: 2004/06/19 21:53:13;  author: mcdonald;  state: Exp;  lines: +4 -0
Transplant type-based ACP computations to more ubiquitously cited files.
Make a substitute implementation of 'offsetof' more widely available.
More improvements to the help system.
Add a TODO note regarding ACP computations.
----------------------------
revision 1.2
date: 2002/05/08 23:51:17;  author: ronne;  state: Exp;  lines: +12 -12
Make sources C++ compatible.
----------------------------
revision 1.1
date: 1999/04/28 19:36:34;  author: shebs;  state: Exp;
Initial checkin.
=============================================================================
