
RCS file: /cvs/xconq/xconq/kernel/unit.h,v
Working file: unit.h
head: 1.56
branch:
locks: strict
access list:
symbolic names:
	xconq-7_4_1-release: 1.28
	xconq-7_4-branch: 1.28.0.2
	xconq-7_4-branchpoint: 1.28
	xtconq-pre-removal: 1.16
	xconq-7_3_3-release: 1.11
	xconq-7_3_2-release: 1.11
	xconq-7_3_1-release: 1.11
	xconq-7_3-branch: 1.11.0.2
	xconq-7_3-branchpoint: 1.11
keyword substitution: kv
total revisions: 56;	selected revisions: 56
description:
----------------------------
revision 1.56
date: 2004/08/19 00:58:57;  author: ronne;  state: Exp;  lines: +3 -0
Many bug fixes, some new features.
----------------------------
revision 1.55
date: 2004/07/18 18:49:48;  author: ronne;  state: Exp;  lines: +59 -50
Add support for multiple and unique unit images.
----------------------------
revision 1.54
date: 2004/07/08 07:25:59;  author: ronne;  state: Exp;  lines: +1 -0
Further improvements to the unit view code.
----------------------------
revision 1.53
date: 2004/06/26 15:45:37;  author: ronne;  state: Exp;  lines: +7 -0
Various bug fixes and improvements to the kernel.
----------------------------
revision 1.52
date: 2004/05/22 20:53:01;  author: mcdonald;  state: Exp;  lines: +3 -0
Better handle changes in the actor state resulting from a 'change-type' action.
Add new dir for non-automated tests.
Add actor state test for 'change-type' action to the manual tests.
----------------------------
revision 1.51
date: 2004/04/25 04:12:59;  author: mcdonald;  state: Exp;  lines: +54 -53
Fix "runaway creation spree" bug.
Fix harmless build glitch which allowed more CP than max.
Partially fix misdirected builds.
----------------------------
revision 1.50
date: 2004/04/24 06:40:53;  author: mcdonald;  state: Exp;  lines: +4 -1
Update documentation.
Transplant a couple of macros to a different header.
Write comments mentioning new direct treasury access capabilities.
Support direct treasury access in run_economy and unit base consumption.
Safen a macro.
----------------------------
revision 1.49
date: 2004/04/23 03:01:13;  author: mcdonald;  state: Exp;  lines: +2 -1
Fix compilation failure with SDL and Xt/Xaw interfaces.
Fix incomplete unit list issue.
Address oversight in change-type code.
----------------------------
revision 1.48
date: 2004/03/24 19:08:53;  author: ronne;  state: Exp;  lines: +5 -1
Improve common move-to and build command code.
----------------------------
revision 1.47
date: 2004/01/05 23:36:38;  author: ronne;  state: Exp;  lines: +1 -0
Add pre-flight checks of move commands to the ui code.
----------------------------
revision 1.46
date: 2003/12/31 16:48:15;  author: ronne;  state: Exp;  lines: +5 -0
Improve and generalize build interface code.
----------------------------
revision 1.45
date: 2003/12/26 06:02:35;  author: mcdonald;  state: Exp;  lines: +2 -0
Rewritten victim-finding code for the AI.
The start of better resupply logic.
Improve and add some segfault prevention code.
Cosmetic improvements to some code.
Enhancements to Bellum Aeternum.
----------------------------
revision 1.44
date: 2003/10/18 16:59:40;  author: ronne;  state: Exp;  lines: +1 -0
Overhaul of material handling code.
----------------------------
revision 1.43
date: 2003/08/24 22:53:31;  author: ronne;  state: Exp;  lines: +3 -0
Improvements to interfaces and the ai construction code.
----------------------------
revision 1.42
date: 2003/08/11 22:34:16;  author: ronne;  state: Exp;  lines: +2 -0
Further improvements to resupply and repair code.
----------------------------
revision 1.41
date: 2003/08/06 00:18:20;  author: ronne;  state: Exp;  lines: +4 -0
Improve repair, resupply, AI and namer code.
----------------------------
revision 1.40
date: 2003/06/21 23:02:28;  author: ronne;  state: Exp;  lines: +1 -1
Fix bugs in connection code.
----------------------------
revision 1.39
date: 2003/06/19 00:39:05;  author: ronne;  state: Exp;  lines: +1 -3
Fix unit build volume checking.
----------------------------
revision 1.38
date: 2003/06/18 20:46:37;  author: ronne;  state: Exp;  lines: +1 -1
Fix restore of saved unit views.
----------------------------
revision 1.37
date: 2003/05/01 19:20:28;  author: ronne;  state: Exp;  lines: +1 -1
Rewrite and improve unit view code.
----------------------------
revision 1.36
date: 2003/04/26 16:03:18;  author: ronne;  state: Exp;  lines: +17 -12
Improve struct UnitView and clean out obsolete macros.
----------------------------
revision 1.35
date: 2003/01/18 16:41:15;  author: ronne;  state: Exp;  lines: +6 -4
Update Doxygen comments.
----------------------------
revision 1.34
date: 2002/12/30 20:58:20;  author: ronne;  state: Exp;  lines: +23 -0
Expurgate wrapx from the interfaces.
----------------------------
revision 1.33
date: 2002/07/31 20:40:08;  author: ronne;  state: Exp;  lines: +408 -233
Add Doxygen comments to kernel includes.
----------------------------
revision 1.32
date: 2002/07/21 22:15:24;  author: ronne;  state: Exp;  lines: +2 -3
More ai bug fixes.
----------------------------
revision 1.31
date: 2002/07/17 23:05:39;  author: ronne;  state: Exp;  lines: +1 -0
Fixes to the AI build code.
----------------------------
revision 1.30
date: 2002/03/23 21:48:13;  author: ronne;  state: Exp;  lines: +6 -1
Implement low level double-click filter.
----------------------------
revision 1.29
date: 2000/12/30 23:35:44;  author: ronne;  state: Exp;  lines: +1 -0
Fix compile problems on the mac.
----------------------------
revision 1.28
date: 2000/12/04 17:50:21;  author: shebs;  state: Exp;  lines: +16 -6
	* task.def: Revert the mistaken task argtypes changes, add some
	comments.
	* unit.h: Add some comments.
	* task.c: Add a couple comments.
----------------------------
revision 1.27
date: 2000/11/30 17:08:26;  author: shebs;  state: Exp;  lines: +3 -0
	* unit.h (ai_controlled): New macro.
	* ai.c, iplayer.c, mplayer.c, plan.c, run.c, macunit.c: Use it
	everywhere.

	* ai.c (offensive_worth, defensive_worth): Break complicated
	expressions into several statements.
	* iplayer.c (iplayerinited): Remove, never used.
	(iplayer_react_to_new_side, iplayer_save_state,
	iplayer_theater_at, iplayer_at_desig): Remove, never used.
	* run.c (move_one_unit_multiple): Rework test of AI units
	needing to run task reactions.
	* task.c (execute_task): Don't skip to task reaction if unit
	is not AI controlled.
----------------------------
revision 1.26
date: 2000/11/26 00:33:47;  author: ronne;  state: Exp;  lines: +2 -0
General cleanup of kernel prototypes - part 5.
----------------------------
revision 1.25
date: 2000/11/24 06:12:12;  author: kingdon;  state: Exp;  lines: +1 -1
	* tp.h, conq.h, history.h, lisp.h, plan.c, unit.h, utype.def: Add
	newline to end of file (shuts up GCC warnings on unix).
----------------------------
revision 1.24
date: 2000/11/16 23:33:12;  author: ronne;  state: Exp;  lines: +32 -141
General cleanup of kernel prototypes - part 2.
----------------------------
revision 1.23
date: 2000/11/12 00:39:54;  author: ronne;  state: Exp;  lines: +38 -2
General cleanup of kernel prototypes - part 1.
----------------------------
revision 1.22
date: 2000/11/06 21:58:47;  author: ronne;  state: Exp;  lines: +5 -3
Massive cleanup of prototypes.
----------------------------
revision 1.21
date: 2000/10/30 16:28:29;  author: shebs;  state: Exp;  lines: +5 -3
	* goal.def (DEF_GOAL): Add a separate display name for each goal.
	* unit.h (GoalDefn): New field display_name.
	* unit.h, ai.c: Update uses of DEF_GOAL.
	* task.def (DEF_TASK): Add a separate display name for each task.
	* unit.h (TaskDefn): New field display_name.
	* kernel.h, kpublic.h, unit.h, task.c: Update uses of DEF_TASK.
	* nlang.c (task_desc): Use display name instead of internal name.
	(goal_desc): Likewise.
	* side.c (standing_order_desc): Likewise.
----------------------------
revision 1.20
date: 2000/10/14 17:49:53;  author: shebs;  state: Exp;  lines: +2 -8
	Eliminate pointless unit extension property, make unit's possible
	sides list into a regular property.
	* unit.h (UnitExtras hook): Replace with field sides.
	(unit_hook): Remove.
	(unit_sides): Define.
	* unit.c (init_unit_extras): Init sides.
	(get_x_property, get_x_property_by_name): Remove.
	* read.c (default_unit_hook): Remove.
	(interp_unit_defaults): Remove K_X case.
	(interp_unit): Similarly, and add K_SIDES case.
	* mkunits.c (add_preexisting_units): Use it.
	* write.c (write_unit_properties): Write sides instead of hook.

	* nat-names.g: Remove useless units properties.
	* u-e1-1998.g, u-e50-1998.g: Change "x" props to "sides".

	* refman.texi: Update manual.
----------------------------
revision 1.19
date: 2000/10/12 23:57:43;  author: shebs;  state: Exp;  lines: +3 -0
	* gvar.def (default-runlength): Remove, is redundant with
	construction run doctrine.
	* unit.h (construction_run_doctrine): New macro.
	* macunit.c (draw_advanced_closeup, hit_closeup_dialog,
	hit_unit_build_dialog): Use it instead of default-runlength.
	* macwins.c (adjust_construction_controls): Ditto.
	* tkcmd.c (impl_build): Use construction_run_doctrine.
----------------------------
revision 1.18
date: 2000/10/12 22:04:58;  author: ronne;  state: Exp;  lines: +3 -2
Rewrite new model 1 attack code.
----------------------------
revision 1.17
date: 2000/09/16 12:54:28;  author: shebs;  state: Exp;  lines: +5 -0
	* unit.h (unit_in_vector): New macro, access to unit vector.
	* ai.c (run_ai_plan_adjust): Use it.
	* cmd.c (apply_to_all_selected_units): Ditto.
	* run.c (units_still_acting, side_move_some_units): Ditto.
	* skelconq.c (list_actors): Ditto.
	* ui.c (autonext_unit, autonext_unit_inbox): Ditto.
	* maclist.c (draw_unit_list_entry, etc): Ditto.
	* macwins.c (get_selected_construction_unit, etc): Ditto.
	* cdraw.c (draw_unit_list_entry): Ditto.

	* run.c (need_ai_plan_research): Remove.
	(run_side_research): Don't set it.
	* ai.c (run_local_ai): Test numatypes instead of
	need_ai_plan_research.

	* run.c (side_move_some_units): Add more comments, use local vars
	for side->actionvector.
	(run_construction): Test side_has_ai instead of side_has_local_ai,
	fix occupant test.
----------------------------
revision 1.16
date: 2000/08/18 23:42:55;  author: ronne;  state: Exp;  lines: +15 -2
Move acp-indep builds to normal execution code.
----------------------------
revision 1.15
date: 2000/08/11 03:16:04;  author: shebs;  state: Exp;  lines: +14 -13
	* config.h (INITMAXUTYPES, etc): Remove, never used.
	* game.h (for_all_possible_unit_types, etc): Ditto.
	* help.c (u_histogram, t_histogram, etc): New globals.
	(u_property_desc, t_property_desc, uu_table_row_desc, etc): Use as
	dynalloced space instead of fixed-size arrays.
	* unit.h (Unit uihook): Remove, never used.
	* ui.h (VP aux_terrain_types): Remove, made into global.
	(VP draw_aux_terrain): Make into a pointer.
	(VP newest_to_show, fade_terrain, lowest_altitude,
	highest_altitude): Remove, never used.
	* ui.c (new_vp): Allocate vp->draw_aux_terrain.
	* world.c (aux_terrain_type_index): New global.
	(count_terrain_subtypes): Alloc and fill in.

	* macmap.c (create_map): Remove set of vp->aux_terrain_types.
	* macmenus.c (do_menu_command): Use aux_terrain_type_index to
	set terrain type submenu.

	* tkmap.c (Map aux_terrain_types): Remove, never used.
----------------------------
revision 1.14
date: 2000/08/08 17:11:52;  author: shebs;  state: Exp;  lines: +1 -1
	* nlang.c (tooling_desc): New function.
	(notify_doctrine): List contents of all doctrines.
	(notify_doctrine_1): List construction run lengths.
	* plan.c (est_completion_time): Move to here from nlang.c.
	* read.c (read_default_doctrine): Rename from read_general_doctrine,
	don't try to handle property values here.
	(read_utype_doctrine): Similarly.
	(utype_from_name): Handle empty strings.
	* read2.c (interp_utype_list): Move to here from unit.c.
	* side.h (Side numlive): Remove field, never used.
	(for_all_doctrines): New macro.
	* side.c (init_sides): Set next_doctrine_id to 1, so save/restore
	doesn't get confused.
	(create_side): Don't alloc space for numlive.
	(become_designer): Don't enable may_set_show_all if see_all.
	(cover_area): Test side->see_all instead of g_see_all.
	(new_doctrine): Ensure new doctrine has unique id.
	(clone_doctrine): Comment out, never used.
	* unit.c (set_unit_side): Remove adjust of numlive.
	(find_unit_name): Remove, unused and useless.
	(num_occupants, num_units_at, get_x_property_by_name): Comment
	out, never used.
	* write.c: Cosmetic improvements.
	* conq.h, unit.h: Update to reflect movements.
----------------------------
revision 1.13
date: 2000/07/23 13:55:03;  author: shebs;  state: Exp;  lines: +9 -7
	Increase unit ids to 32 bits in size.
	* unit.h (Unit id): Declare as int instead of short.
	(UnitView id): Ditto.
	(Action actee, args): Ditto.
	(Task args): Ditto.
	* history.h (HistEvent data): Ditto.
	(PastUnit id): Ditto.
	* world.h (Area user): Ditto.
	* tkconq.h (Map curunit_id, argunitid): Ditto.
	* xtconq.h (Map argunitid): Ditto.
	* plan.c (make_plausible_random_args): Declare args arg as int.
	* task.c (do_approach_subtask): Declare statep arg as int.
	* unit.c (create_unit): Add note about id overflow.
----------------------------
revision 1.12
date: 2000/07/03 16:43:38;  author: shebs;  state: Exp;  lines: +15 -1
	Change unit viewing to use view objects instead of a layer.
	* unit.h (UnitView): New struct.
	* side.h (Side unitview, unitviewdate): Remove.
	(Side unit_views): New field.
	(for_all_view_stack): New macro.
	(unit_view, set_unit_view, builduview, vside, vtype, vhp, EMPTY,
	appears_empty, vside_indep, unit_view_date, set_unit_view_date):
	Remove, no longer used.
	* config.h (MAXVIEWHISTORY): Remove, no longer used.
	* side.c (init_view): Remove unit view layer init.
	(unit_view_at, unit_view_next, add_unit_view, remove_unit_view,
	mistake_view): New functions.
	(fn_set_unit_view, fn_set_unit_view_date): Remove.
	(side_sees_image, all_see_leave, reset_all_views,
	react_to_seen_unit, see_cell, see_exact, paint_view_1): Rewrite to
	use view objects.
	* ai.c (enemies_present): Ditto.
	* iplayer.c (preferred_build_type): Ditto.
	* mkroads.c (unit_sees_other_unit): Ditto.
	* mplayer.c (review_theaters, estimate_strengths,
	preferred_build_type): Ditto.
	* plan.c (alternate_target_here, victim_here, target_here,
	indep_captureable_here, useful_captureable_here,
	can_capture_neighbor): Ditto.
	* ps.c (sideno_of_seen_unit_at): Ditto.
	* run2.c (unit_revolt, visible_to): Ditto.
	* task.c (target_visible): Ditto.
	* ui.c (oneliner, dump_text_view
	* cdraw.c (draw_units, draw_legend, show_closeup): Ditto.
	* xdraw.c (draw_map_info, etc): Ditto.
	* macdesign.c (apply_designer_tool): Ditto.
	* macrow.c (draw_units): Ditto.
	* tkmain.c (update_mouseover): Ditto.
	* tkmap.c (draw_units, handle_designer_mouse_down): Ditto.
	(x_xform_unit_view): New function.

	* init.c (init_all_views): Fold in init_view_2, comment out
	unit view clearing.
	* plan.c (threat, usable_cell): Comment out, not used apparently.
	* read.c (fill_in_side): Comment out unit view reading.
	* ui.c, ui.h (xform_unit_view_: New function.
	(utype_seen_at): Comment out unit view case.
	* write.c (fn_unit_view, fn_unit_view_date): Remove.
	(write_side_view): Write unit view list instead of layer.

	* cmdline.h (make_default_player_spec): Move decl to here
	from cmdline.c.
	* skelconq.c, wconq.c, xconq.c, xtconq.c, xtmain.c: Remove decls
	that are in cmdline.h.
	* tkmain.c: Ditto, and include cmdline.h.
	* cconq.c (make_default_player_spec): New function.

	* tkmain.c (tk_reset_popup_flag): New tcl command.

	* nlang.c (medium_long_unit_handle): Remove unused local.
----------------------------
revision 1.11
date: 2000/04/02 23:35:12;  author: shebs;  state: Exp;  lines: +5 -5
	* read.c, side.c, unit.h, write.c: Cosmetic changes.
	* iplayer.c: Remove unused code.
----------------------------
revision 1.10
date: 2000/03/12 20:17:00;  author: shebs;  state: Exp;  lines: +6 -4
	* unit.h (has_acp_left): Test against 0 instead of acp-min.
	* unit.c (change_unit_type): Make side change to indepside
	instead of NULL.
----------------------------
revision 1.9
date: 1999/10/30 14:41:46;  author: shebs;  state: Exp;  lines: +2 -1
        * combat.c (mobile_enemy_thread): Use side_sees_image instead of
        unit_actually_visible.
        * run.c (auto_pick_new_build_task, etc): Ditto.
        * task.c: Ditto.
        * side.c (side_sees_unit): Add side->see_all case, remove
        designer and debugging cases.
        (side_sees_image): Error if NULL side, add view-matching case.
        * ui.c (unit_actually_visible): Comment out.
        (unit_visible, occupants_visible): New function.
        (cell_terrain): Remove, fold code into oneliner.
        (oneliner): Test vp->show_all.
        * ui.h: Declare new functions.

        * conq.h (gameinited, warnings_logged): Declare.
        (add_remote_players, etc): Ditto.
        * cmd.c, cmdline.h, init.c, read.c, read2.c, side.c, unit.c,
        util.c: Remove unneeded decls.
        * misc.h (log_warning): Declare.
----------------------------
revision 1.8
date: 1999/10/25 23:11:05;  author: ronne;  state: Exp;  lines: +1 -1
Clean out more NULL side stuff.
----------------------------
revision 1.7
date: 1999/10/25 21:10:41;  author: ronne;  state: Exp;  lines: +1 -1
Clean out NULL side stuff, fix some bugs.
----------------------------
revision 1.6
date: 1999/10/07 02:27:04;  author: shebs;  state: Exp;  lines: +5 -0
	* unit.h (has_acp_left): New macro, accounts for acp-min.
	* plan.c (occupant_can_capture_neighbor): Use it.
	* run.c (side_move_some_units, unit_still_acting,
	unit_still_acting_no_plan, move_one_unit_multiple): Ditto.
	* side.c (find_next_mover, find_prev_mover, find_next_awake_mover,
 	find_prev_awake_mover): Ditto.
	* ui.c (could_be_next_unit): Ditto.
	* macconq.c (maybe_select_next_unit): Ditto.
	* macmap.c (draw_selected_unit, draw_selection_animation): Ditto.
	* macmouse.c (select_another): Ditto.
	* tkmain.c (tk_run_game_idle): Ditto.
	* tkmap.c (draw_current): Ditto.
	* xcloseup.c (build_unit_list): Ditto.
	* xdraw.c (draw_current): Ditto.
	* cconq.c (maybe_handle_input): Ditto.
	* cdraw.c (draw_unit_list_entry): Ditto.

	* run.c (num_local_ais): New global.
	(run_local_ai): Use it to decide whether to run.

	* tkmain.c (tk_run_game): Return a smaller re-run interval.
	(tk_animate_selection): Record in activity trace.
----------------------------
revision 1.5
date: 1999/08/21 12:16:40;  author: shebs;  state: Exp;  lines: +2 -2
        Eliminate still more warnings.
        * cmd.c, help.c, history.c, mknames.c, mkterr.c, mkunits.c,
        nlang.c, read.c, read2.c, score.c, side.c, supply.c, tp.c, ui.c,
        unit.c, unit.h, world.c, write.c: Remove PARAMS usages, remove
        unused variables, add missing function decls, comment out unused
        functions, etc.
        * obstack.h (obstack_begin): Add parameter types to fn pointer.
        * mknames.c (propose_unit_name): Fix "junky" naming method.
        * read.c (find_unit_spec_by_name, find_unit_spec_by_number):
        Use PARSE_PROPERTY_RETURN instead of PARSE_PROPERTY.
        * score.c (all_sides_draw): Assign result of add_side_to_set.
        * side.c: Include ai.h.
----------------------------
revision 1.4
date: 1999/08/17 12:29:42;  author: shebs;  state: Exp;  lines: +152 -155
        Eliminate more compiler warnings.
        * unit.h (ActionDefn dofn, checkfn): Remove fields.
        * actions.c (execute_action): Dispatch on action type directly,
        instead of using checkfn and dofn fields.
        * actions.c, init.c, task.c: Remove unused vars.
        * game.h, skelconq.c, unit.h: Convert to pure standard C
        * kernel.h: Move decls of attack_can_damage_or_capture, etc.
        * misc.h: Remove decl of getenv.
        * obstack.h, obstack.c: Prototype fn argument of obstack_begin.
        * plan.c: Make static vars extern.
        (find_closest_unit): Prototype fn argument.
----------------------------
revision 1.3
date: 1999/07/03 12:44:14;  author: ronne;  state: Exp;  lines: +0 -16
Clean up file, remove old change markers.
----------------------------
revision 1.2
date: 1999/06/01 19:40:10;  author: shebs;  state: Exp;  lines: +37 -15
Tue Jun  1 18:41:59 1999  Hans Ronne  <ronne@bmc.uu.se>
	* combat.c, conq.h, game.h, help.c, init.c, keyword.def,
 	mkunits.c, move.c, mplayer.c, plan.def, read.c, run.c, run2.c,
 	score.c, side.h, supply.c, table.def, ui.c, unit.c, unit.h,
 	utype.def, world.c, world.h, write.c, maccmd.c, maccolors.c,
 	macconq.h, macdefs.h, macdraw.c, macinit.c. maclist.c, macmap.c,
 	macmenus.c, macmouse.c, macprefs.c, macrow.c. macwins.c: Remove
 	old change markers.
	* actions.c (transfer_supply): Disable use of indepside treasury.
	(do_create_in_action): Make separate call to has_advance_to_build.
	(do_create_in_action): Use the builders stash of cps if allowed.
	(do_create_in_action): Fix null side treasury crashes.
	(check_create_common): Make separate call to has_advance_to_build.
	(check_create_common): Fix null side treasury crashes.
	(set_created_unit_props): Turn on automation for indeps & AI
 	controlled sides.
	(do_create_at_action): Make separate call to has_advance_to_build.
	(do_create_at_action): Use the builders stash of cps if allowed.
	(do_create_at_action): Fix null side treasury crashes.
	(make_unit_complete): Fix null actionvector crashes at turn zero.
	(do_transfer_part_action): Make separate call to
 	has_advance_to_build.
	(check_change_type_action): Add separate call to
 	has_advance_to_build.
	* ai.c (numaitypes): Move to config.h to make it globally
 	accessible.
	(set_side_ai): Turn on automation for indeps & AI controlled
 	sides.
	(ai_update_plan): New function.
	(goal_truth): Handle GOAL_UNIT_OCCUPIED and GOAL_COLONIZE.
	(ai_init_shared): Call set_u_is_ground_mobile etc.
	(ai_init_shared): Set u_colonizer.
	(ai_init_shared): Call set_u_offensive_worth etc.
	(ai_init_shared): Set u_naval_mobile, u_ground_mobile and
 	u_facility.
	(offensive_worth): New function.
	(defensive_worth): New function.
	(exploring_worth): New function.
	(colonizing_worth): New function.
	(facility_worth): New function.
	(siege_worth): New function.
	(random_worth): New function.
	(set_u_offensive_worth): New function.
	(set_u_defensive_worth): New function.
	(set_u_explorer_worth): New function.
	(set_u_colonizer_worth): New function.
	(set_u_facility_worth): New unction.
	(set_u_random_worth): New function.
	(set_u_siege_worth): New function.
	(set_u_is_ground_mobile): New function.
	(set_u_is_naval_mobile): New function.
	(set_u_is_air_mobile): New function.
	(set_u_is_advanced): New function.
	(set_u_is_colonizer): New function.
	(set_u_is_facility): New function.
	* ai.h (a_ai_op): Add (*to_update_plan).
	(ai_update_plan): Prototype new function.
	(offensive_worth, defensive_worth, etc): New prototype.
	* combat.c (do_overrun_action): Make ovverun after fire possible.
	(check_overrun_action): Make overrun after fire & into empty cell
 	possible.
	(do_fire_at_action): Use SideMask code to handle fire display.
	(do_fire_at_action): Permit attempt to capture after fire from
 	adjacent cell.
	(do_fire_into_action): Use SideMask code to handle fire display.
	(maybe_hit_unit): Support uu_cellwide_protection_against.
	(maybe_hit_unit): Support uu_cellwide_protection_for.
	(maybe_hit_unit): Use SideMask code to handle hit display.
	(maybe_hit_unit): Fix occupant recursion bug.
	(attempt_to_capture_unit): Support uu_cellwide_protection_against.
	(attempt_to_capture_unit): Support uu_cellwide_protection_for.
	(detonate_on_cell): Use for_all_stack_with_occs instead of
 	for_all_stack.
	(can_capture_directly): New function.
	(type_can_capture_directly): New function.
	(type_can_carry): New function.
	(occ_can_defend_transport): New function.
	* config.h (MAXATYPES): Increase to 254.
	(numaitypes): Move here from ai.c to make it globally accessible.
	* conq.h (advanced_utypes etc): Remove.
	(numadv etc): Remove.
	(can_extract_at): Prototype.
	(can_load_at): Prototype.
	(can_capture_directly): Prototype.
	(type_can_capture_directly): Prototype.
	(type_can_carry): Prototype.
	(occ_can_defend_transport): Prototype.
	(has_advance_to_build): Prototype.
	(unit_actually_visible): New prototype.
	* game.h (for_all_advanced_utypes, etc): Remove.
	* goal.def (GOAL_UNIT_OCCUPIED, GOAL_COLONIZE): New goals.
	* gvar.def (g_default_runlength): New name for
 	g_ai_build_runlength.
	(g_disable_standard_economy): New gvar.
	(g_disband_unfinished_units): New gvar.
	(g_salvage_unfinished_cps): New gvar.
	(g_salvage_unfinished_materials): New gvar.
	(g_ai_advanced_unit_separation): New gvar.
	(g_ai_badtask_remove_chance): New gvar.
	(g_ai_badtask_max_retries): New gvar.
	(g_ai_badtask_reserve_chance): New gvar.
	(g_units_may_go_into_reserve): New gvar.
	(g_units_may_go_to_sleep): New gvar.
	* help.c (may_detonate): Prototype.
	(describe_utype): Make display of Material Handling conditional.
	(describe_utype): Add "None" option to required advances code.
	(u_property_desc, etc): Add spaces after commas to permit new
 	lines.
	(append_help_phrase): Add more dashes and an extra linefeed.
	* imf.c (interp_image): Disable palette run warning on the Mac.
	* init.c (advanced_utypes etc): Remove.
	(final_init): Remove call to setup_utype_vectors.
	(setup_utype_vectors): Remove function.
	* kernel.h (go_after_captive): New prototype.
	(attack_can_damage_or_capture): New prototype.
	(fire_can_damage_or_capture): New prototype.
	(real_capture_chance): New prototype.
	* keyword.def (K_AUTOPLAN): New keyword.
	(K_CP_STASH): New keyword.
	* kpublic.h (net_resume_build_task): New extern prototype.
	* mac.c: Include MacTypes.h ifdef NEW_HEADERS, else include
 	Types.h.
	* mkunits.c (make_countries): Add separate call to
 	has_advance_to_build.
	(place_unit): Add separate call to has_advance_to_build.
	* move.c (do_move_action): Fix u2->nu2 typo & remove nu2
 	declaration.
	(do_enter_action): Fix u2->nu2 typo & remove nu2 declaration.
	* mplayer.c: Include kernel.h.
	(assign_to_defend_unit): Prototype new function.
	(assign_to_defend_cell): Prototype new function.
	(assign_to_defend_vicinity): Prototype new function.
	(mplayer_update_plan): Prototype new function.
	(defended_by_occupants): Prototype new function.
	(mplayer_ops): Add mplayer_update_plan.
	(update_unit_plans_randomly): Support g_units_may_go_into_reserve.
	(update_unit_plans_randomly): Support g_units_may_go_to_sleep.
	(mplayer_decide_plan): Skip for advanced units.
	(mplayer_decide_plan): Use u_colonizer_worth instead of
 	u_colonizer.
	(mplayer_update_plan): New function.
	(need_this_type_to_build_explorers): Check that we can build the
 	desired type.
	(assign_to_colonize): Rewrite. Use GOAL_COLONIZE and
 	PLAN_COLONIZING.
	(assign_to_improve): Clear task agenda and set NULL goal.
	(type_can_build_attackers): Check that we can build the desired
 	type.
	(type_can_build_colonizers): Add separate call to
 	has_advance_to_build.
	(type_can_build_colonizers): Use u_colonizer_worth instead of
 	u_colonizer.
	(preferred_build_type): Also count enemy occs by using
 	for_all_stack_with_occs.
	(preferred_build_type): Add separate call to has_advance_to_build.
	(preferred_build_type): Use u_colonizer_worth instead of
 	u_colonizer.
	(defended_by_occupants): New function.
	(assign_to_defense): Rewrite. Handle defense of units.
	(assign_to_defend_unit): New function.
	(assign_to_defend_cell): New function.
	(assign_to_defend_vicinity): New function.
	(assign_to_defend_theater): New function.
	(mplayer_adjust_plan): Skip for advanced units.
	(mplayer_adjust_plan): Add PLAN_COLONIZING & PLAN_IMPROVING.
	(mplayer_adjust_plan): Support g_units_may_go_into_reserve.
	(build_base_for_self): Check that we can build the desired type.
	(build_base_for_others): Check that we can build the desired type.
	(build_depot_for_self): Check that we can build the desired type.
	(rethink_plan): Support g_units_may_go_into_reserve.
	* plan.c: (execute_plan): Skip for advanced units.
	(execute_plan): Mark obsolete try code.
	(execute_plan): Support g_units_may_go_into_reserve.
	(execute_plan): Call ai_update_plan before execution.
	(plan_offense): Handle GOAL_UNIT_OCCUPIED and GOAL_CELL_OCCUPIED.
	(plan_offense): Support g_units_may_go_into_reserve.
	(plan_offense): Support g_units_may_go_to_sleep.
	(self_build_base_for_self): Check that we can build the desired
 	type.
	(plan_offense_support): Check that we can build the desired type.
	(plan_defense): Handle GOAL_UNIT_OCCUPIED and GOAL_CELL_OCCUPIED.
	(plan_defense): Call go_after_victim also for unit that can fire.
	(plan_defense): Use u_ai_tactical_range.
	(plan_defense): Support g_units_may_go_into_reserve.
	(plan_colonize): Rewrite. Use GOAL_COLONIZE.
	(plan_colonizer_support): Add separate call to
 	has_advance_to_build (2 times).
	(plan_colonizer_support): Use u_colonizer_worth instead of
 	u_colonizer.
 	(plan_improve): Add separate call to has_advance_to_build (2
 	times).
 	(good_cell_to_colonize): Rewrite. Check for presence of other
 	unit.  Check size goal for ALL advanced utypes. Remove check for
 	nearby enemy units.
	(plan_exploration): Support g_units_may_go_into_reserve.
	(plan_exploration): Handle GOAL_UNIT_OCCUPIED and
 	GOAL_CELL_OCCUPIED.
	(plan_exploration): Support g_units_may_go_to_sleep.
	(plan_explorer_support): Check that we can build the desired type.
	(victim_here): Also count with damage by fire and damage to occs.
	(victim_here): Give large size units higher rating.
	(victim_here): Give independent units lower rating.
	(victim_here): Give units that threaten our advanced units higher
 	rating.
	(go_after_captive): New function.
	(target_here): Also count with damage by fire and damage to occs.
	(target_here): Give large size units higher rating.
	(target_here): Give independent units lower rating.
	(target_here): Give units that threaten our advanced units higher
 	rating.
 	(capture_indep_if_nearby): Use u_ai_tactical_range.
 	(capture_useful_if_nearby): Use u_ai_tactical_range.
	* read.c (interp_unit): Restore code where ids start at 1 instead
 	of 0.
	(interp_unit): Add K_CP_STASH & K_AUTOPLAN.
	* run.c (unit_plan_dialog): New extern prototype.
	(net_resume_build_task): New extern prototype.
	(has_advance_to_research): New prototype.
	(select_by_weight): Prototype extern.
	(unit_build_dialog): Change prototype so that it returns int.
	(has_advance_to_build): Remove prototype.
	(create_selected_unit): Remove function and prototype.
	(auto_pick_new_plan): New function and prototype.
	(set_new_build_task): Remove function and prototype.
	(run_advanced_units): Enable run_construction for UNIX again.
	(run_population): Fix indepside crashes.
	(run_construction): Completely rewritten & extensively debugged.
	(auto_pick_new_research): Rewrite so that random task is picked.
	(auto_pick_new_build_task): Rewrite. Call auto_pick_new_plan.
	(auto_pick_new_plan): New function.
	* run2.c (vary_winds): Prototype.
	(update_area_display): Prototype extern.
	(run_turn_start): Check g_disable_standard_economy.
	* side.c (update_area_display): Prototype extern.
	(create_side): Fix toggle AI bug by initializing
 	newside->prefixarg.
	(side_controls_unit): Give debuggers full control.
	(side_sees_unit): Include trusted side, debuggers, g_peek_at_enemy
 	and endofgame.
	* side.h (has_advance): Fix null side crashes.
	* table.def (uu_builder_can_reuse_cp): New table.
	(uu_cellwide_protection_against): New table.
	(uu_cellwide_protection_for): New table.
	* task.c (attack_can_damage_or_capture): Move prototype to
 	kernel.h.
	(do_hit_unit_task): Count with fire and capture at pointblank
 	range.
	(do_hit_unit_task): Fix firing range bug.
	(do_hit_unit_task): Move in to capture if unit is undefended.
	(attack_can_damage_or_capture): Do attack if occ can be damaged.
	(fire_can_damage): Do attack if occ can be damaged.
	(fire_can_damage_or_capture):New function.
	(real_capture_chance): New function.
	(execute_task): Support g_ai_badtask_remove_chance.
	(execute_task): Support g_ai_badtask_max_retries.
	(execute_task): Support g_ai_badtask_reserve_chance.
	(execute_task): Support g_units_may_go_into_reserve.
	(set_build_task): Rewrite. Optionally disband any salvage
 	unfinished unit.
	(push_build_task): Rewrite. Optionally disband any salvage
 	unfinished unit.
	(set_occupy_task): New function.
	* tp.c (net_resume_build_task): New function (prototyped in
 	kpublic.h).
	* ui.c: Include MacTypes.h ifdef NEW_HEADERS, else include
 	Types.h.
	(xform_cell): Move core calculations to new function
 	xform_cell_flat.
	(xform_cell_flat): New function.
	(xform_cell_fractional_flat): New function.
	(favored_type): Check that we can build the desired type.
	* ui.h (xform_cell_flat, xform_cell_fractional_flat): New
 	prototypes.
	* unit.c (default_size): Change from 0 to 1.
	(has_advance_to_build): Remove prototype.
	(create_unit): Initialize unit->autoplan.
	(create_unit): Initialize unit->cp_stash.
	(can_carry): Check for u_facility_total_max & u_mobile_total_max.
	(type_can_occupy): Check for u_facility_total_max &
 	u_mobile_total_max.
	(type_allowed_on_side): Remove call to has_advance_to_build.
	(set_unit_side): Turn on autobuild & autoresearch if side is under
 	AI control.
	* unit.h (a_unit): Add unit->cp_stash.
	(a_unit): Add unit->autoplan.
	(for_all_occs_with_occs): Define new macro.
	(type_ever_available): Prototype extern.
	* utype.def (u_offensive_worth): New utype property.
	(u_defensive_worth): New utype property.
	(u_explorer_worth): New utype property.
	(u_colonizer_worth): New utype property.
	(u_facility_worth): New utype property.
	(u_random_worth): New utype property.
	(u_siege_worth): New utype property.
	(u_offensive): Change default from 1 to 0.
	(u_explorer): Change default from 1 to 0.
	(u_besieger): New utype property.
	(u_ship): New utype property.
	(u_ground): New utype property.
	(u_air): New utype property.
	(u_facility_total_max): New utype property.
	(u_mobile_total_max): New utype property.
	(u_ai_min_defenders) : Ner utype property.
	(u_ai_tactival_range): New utype property.
	* world.c (latlong_to_xy): Fix meridian drawing bug.
	* world.h (cell_is_within_n_steps): Rename to
 	cell_is_within_range.
	(for_all_cells_within_n_steps): Rename to
 	for_all_cells_within_range.
	(for_all_stack_with_occs): Define new macro.
	* write.c (write_area_users): Change so that nextid starts at 1
 	instead of 0.
	(write_units): Restore old code so that nextid starts at 1 instead
 	of 0.
	(write_unit_properties): Add K_AUTOPLAN & K_CP_STASH.
	* macadv.c: (MAX_DISPLAYED_FACS): New macro constant.
	(MAX_DISPLAYED_OCCS): New macro constant.
	(CLEAR_AGENDA): New macro constant.
	(unit_build_dialog): Change prototype.
	(has_advance_to_build): Remove prototype.
	(create_selected_unit): Remove prototype.
	(copy_rect_from_gworld): New function and prototype.
	(city_dialog): Rewrite. Many bug fixes and improvements.
	Most important ones:  Add conditional call to draw_unit_info.
	Use backcolor to draw region outside the area in the city map.
	Use copy_rect_from_gworld to do the offscreen graphics.
	Disable all auto checkboxes when dside is under AI control.
	Check that unit has a plan. Add new Plan Type popup menu.
	Add new Autoplan checkbox. Add new AI control checkbox.
	Split occupant panel into facilities and garrison panels.
	Fix runlength bug and limit it to CLEAR_AGENDA.
	Call net_clear_task_agenda & net_set_unit_asleep for idle units.
	Add separate call to has_advance_to_build.
	(draw_city_statistics): Rewrite. Many bug fixes and improvements.
	Most important ones: Add drawing of unit icon.
	Fix sporadic name bug by call to side_adjective.
	Fix parenthesis bug in construction status field.
	Fix crashing bug in occupant display code.
	Use u_facility_worth instead of !mobile to identify facilities.
	Add AI control info text field.	 Add new facilities and garrison
	panels.
	Fix bugs in construction status.
	Use white background color with unit icons.
	Add cps to occupant names when debugging.
	(draw_landuse_near_unit): Rename macro to for_all_cells_within_range.
	(unit_build_dialog): Rewrite. Many bug fixes. return int instead
	of *unit.
	Add separate call to has_advance_to_build.
	(unit_plan_dialog): New function and prototype.
	(global_advance_dialog): Fix autoresearch bug.
	Fix crashes due to incorrect oldprojects[] array size.
	Move SetPort call to position after conditional return.
	Fix sporadic name bug by two calls to side_adjective.
	* maccmd.c (do_set_view_angle): Only set vertscale if given a
 	valid prefixarg.
	* maccolors.c (default_draw_ai): Initialize to TRUE.
	(alert_256_colors): Initialize to TRUE.
	* macconq.c (main): Move check_screen_depths after get files and
 	make conditional.
	(update_area_display): Prototype extern. Add Side parameter.
	* macconq.h: Include MacWindows.h ifdef NEW_HEADERS, else include
 	Windows.h.
	(a_map): Add map->draw_ai.
	(default_draw_ai): New extern.
	(alert_256_colors): New extern.
	(xform_fractional): Move prototype here.
	(xform_flat): New prototype.
	(xform_fractional_flat): New prototype.
	* macdefs.h: (mPlanTypePopup): New menu.
	(miPlanTypeColonizing): New menu item.
	(miPlanTypeImproving): New menu item.
	(miPlanTypeRandom): New menu item.
	(diPrefsAIRegions): New dialog item.
	(diPrefs256colors): New dialog item.
	(dCity): All dialog items renumbered and renamed.
	(dPlan): New dialog with 3 dialog items.
	* macdraw.c (draw_unit_image): Rewrite. Support sidecolors in
 	closeups etc.
	(draw_unit_image): Restore colors BEFORE calling gray_out_rect (2
 	times).
	(draw_unit_image): Fix emblem bug due to new emblem_position code.
	* maclist.c (create_list): Use GetNewCWindow if hasColorQD.
	(draw_unit_list_entry): Fix task_desc prototype error.
	* macmap.c (xform_fractional): Move prototype to macconq.h.
	(xform_flat): New function.
	(xform_fractional_flat): New function.
	(adjust_latlong_interval): New function and prototype.
	(create_map): Use default_draw_ai.
	(create_map): Call adjust_latlong_interval.
	(set_map_power): Call adjust_latlong_interval.
	(set_map_angle): Compute a suitable vertscale.
	(draw_meridians): Fix sporadic longitude top error.
	(draw_meridians): Call xform_fractional_flat instead of
 	xform_fractional.
	(draw_selections_at): Fix (x,y) bug.
	(draw_selected_unit): Draw enemy units in red.
	(draw_selection_animation): Draw enemy units in red.
	(update_cell): Make DestRect larger to include row below.
	(update_cell): Use UNWRAP_RECT for meridians & feature names.
	* macmenus.c: (all_ai_ops): Prototype extern for use in
 	build_ai_type_menu.
	(query_position_modally): Unselect all selected units outside our
 	control.
	(do_closeup_mi): Prototype extern for use in ctrl-clicking of
 	unit.
	(build_ai_type_menu): Load AIs dynamically to the menu.
	(do_menu_command): Add support for dynamically loaded AIs.
	(do_menu_command): Support PLAN_COLONIZING & PLAN_IMPROVING.
	(apply_to_all_selected): Don't apply to selected units that we
 	don't control.
	(do_closeup_mi): Remove static declaration.
	(adjust_menus): Add support for dynamically loaded AIs.
	(adjust_menus): Don't enable commands for enemy unit closeups.
	(enable_commands_for_unit): Support PLAN_COLONIZING &
 	PLAN_IMPROVING.
	(enable_commands_for_unit): Fix menu number bug that disables More
 	menu items.
	* macmouse.c (do_closeup_mi): Prototype extern for use in
 	ctrl-clicking of unit.
	(do_mouse_down_map_content): Disable move and fire cmds for
 	selected enemy units.
	(do_mouse_down_map_content): Rewrite ctrl-clicking code using
 	side_sees_unit.  Call do_closeup_mi if ctrl-clicking non-advanced
 	unit, else call city_dialog.
	(select_all_units_in_rect): Always permit this if side_sees_unit.
	* macprefs.c (interp_mac_ui_data): Support default_draw_ai &
 	alert_256_colors.
	(ui_update_state): Support default_draw_ai & alert_256_colors.
	(set_preferences): Add case diPrefsAIRegions & diPrefs256colors.
	(set_preferences): Support default_draw_ai & alert_256_colors.
	(add_preferences_topic_items): Support default_draw_ai &
 	alert_256_colors.
	* macrow.c (draw_cliffs): Fix ouside-area crashes.
	(draw_contours): Trigger unwrapping 1 hex from right edge.
	(draw_gridlines): Trigger unwrapping 1 hex from right edge.
	(draw_shorelines): Trigger unwrapping 1 hex from right edge.
	(draw_feature_boundary_simple): Trigger unwrapping 1 hex from
 	right edge.
	* macwins.c (closeupwinwid): Change to 340.
	(init_construction_lists): Add separate call to
 	has_advance_to_build.
	(adjust_construction_controls): Check that we can build the
 	desired type.
	(side_rename_dialog): Fix colorscheme bug.
	(preferred_closeup_size): Add 4 pixels at bottom.
	(draw_unit_closeup): Make sure this is the selected unit on all
 	maps.
	(draw_unit_closeup): Optionally permit peeking at enemy units.
	(draw_unit_closeup): Fix duplicate goal_desc problem.
	(draw_unit_closeup): Align goal_desc and remove flanking junk.
	(draw_unit_closeup): Align task_desc and write "Task".
	(do_mouse_down_unit_closeup): Make sure this is the selected unit
 	on all maps.
	(destroy_unit_closeup): Make sure this is the selected unit on all
 	maps.
	* XconqProj.rsrc: (DITL 803 "City"): Extensively modified.
	(DITL 702 "Preferences Map Items"): Add AI regions checkbox.
	(DITL 704 "Preferences Offscreen Items"): Add recommend 256 colors
 	checkbox.
	(DITL 804 "City Research"): Minor changes.
	(DITL 805 "Global Science"): Minor changes.
	(DITL 807 "City Build"): Minor changes.
	(DITL 808 "City Plan"): New dialog item list.
	(DLOG 808 "City Plan"): New dialog.
	(MENU 206 "AI Types"): Remove static AI items.
	(MENU 249 "Plan Types"): Restore damaged resource. Add 3 new
 	items.
	* Xconq.r: Update from XconqProj.rsrc.
	* xconq.c (unit_build_dialog): Rewrite. Fix argument error.
	(unit_plan_dialog): New function.
----------------------------
revision 1.1
date: 1999/04/28 19:36:35;  author: shebs;  state: Exp;
Initial checkin.
=============================================================================
