
RCS file: /cvs/xconq/xconq/kernel/unix.c,v
Working file: unix.c
head: 1.25
branch:
locks: strict
access list:
symbolic names:
	xconq-7_4_1-release: 1.13
	xconq-7_4-branch: 1.13.0.4
	xconq-7_4-branchpoint: 1.13
	xtconq-pre-removal: 1.13
	xconq-7_3_3-release: 1.13
	xconq-7_3_2-release: 1.13
	xconq-7_3_1-release: 1.13
	xconq-7_3-branch: 1.13.0.2
	xconq-7_3-branchpoint: 1.13
keyword substitution: kv
total revisions: 25;	selected revisions: 25
description:
----------------------------
revision 1.25
date: 2004/05/23 02:51:03;  author: mcdonald;  state: Exp;  lines: +138 -7
Improve file path handling on the Unix platform.
Improve the building of a dist tarball.
Update and improve RPM spec file for Tcl/Tk interface.
----------------------------
revision 1.24
date: 2003/12/14 03:37:47;  author: ronne;  state: Exp;  lines: +33 -146
Add support for network games in file saving code.
----------------------------
revision 1.23
date: 2003/12/13 18:03:16;  author: mcdonald;  state: Exp;  lines: +18 -2
Start conversion to new file naming schema.
Fix typos in aclocal.m4.
----------------------------
revision 1.22
date: 2003/12/01 01:20:25;  author: ronne;  state: Exp;  lines: +25 -2
Make it possible to save/restore network games.
----------------------------
revision 1.21
date: 2003/11/22 12:34:28;  author: ronne;  state: Exp;  lines: +0 -18
More timestuff fixes.
----------------------------
revision 1.20
date: 2003/11/19 05:00:07;  author: mcdonald;  state: Exp;  lines: +3 -3
Move time-related missing implementations to new 'missing/util' dir.
Miscellaneous improvements to the configure system.
Minor tweak to Bellum Aeternum.
----------------------------
revision 1.19
date: 2003/11/12 04:04:43;  author: mcdonald;  state: Exp;  lines: +17 -0
Handle exotic Tk includes case in configuration system.
Make sure that snprintf build always overrides system snprintf.
Fix casting problem with snprintf implementation.
Fix g++ build problems.
Make sure that 'missing' makefile invokes cleaning on subdirs.
----------------------------
revision 1.18
date: 2002/05/10 19:26:23;  author: kingdon;  state: Exp;  lines: +3 -1
	* x11/ximf.c (x11_load_bitmap):
	tcltk/tkmain.c (initial_ui_init),
	tcltk/tkimf.c (tk_load_bitmap),
	kernel/unix.c (open_library_file),
	kernel/win32.c (open_library_file),
	kernel/mac.c (open_library_file): Make the buffer we pass to
	make_pathname BUFSIZE bytes in length (as it turned out, all the
	old buffers were big enough, but it was just an accident waiting
	to happen).
----------------------------
revision 1.17
date: 2002/05/08 23:51:17;  author: ronne;  state: Exp;  lines: +15 -7
Make sources C++ compatible.
----------------------------
revision 1.16
date: 2002/04/21 14:41:17;  author: ronne;  state: Exp;  lines: +16 -8
Fix -f command line option.
----------------------------
revision 1.15
date: 2002/02/01 22:36:56;  author: kingdon;  state: Exp;  lines: +20 -0
	* kernel/unix.c (make_pathname): Don't put more than BUFSIZE bytes
	into pathbuf.  Slightly modified version of a patch from Pete
	Ryland; thanks.  See http://bugs.debian.org/80576 and thanks to
	Martin Quinson for reporting it to the xconq list.
----------------------------
revision 1.14
date: 2001/01/08 16:24:40;  author: shebs;  state: Exp;  lines: +6 -4
	Add an SDL-based user interface.
	* sdl/: New directory.
	* sdl/Makefile.in, sdl/sdlconq.h, sdl/sdlcmd.c, sdl/sdlimf.c,
	sdl/sdlinit.c, sdl/sdlmain.c, sdl/sdlmap.c: New files.
	* images/cursor.bmp: New file, color cursor.
	* Makefile.in (SUBDIRS): Add sdl.
	(all-sdlconq): New target.
	* configure.in: Add option --enable-sdl.
	* configure: Regenerate.
	* x11/Makefile.in (sdlconq): New target.

	* system.h, mac.c, unix.c, win32.c (default_images_pathname): Add
	argument, use instead of compiled-in pathname.
	* init.c (init_library_path): Change caller.

	* imf.h (Image r, g, b): Solid color for an image.
	* imf.c (blacken_masked_area, blacken_mono_masked_area) Move to
	here from tkimf.c, add rgb args.
	(make_raw_palette): Move to here from tkimf.c.

	* ui.c. ui.h (dside): Define here instead of in each interface.
	(generic_transition): Similarly.
	(compute_x1_len): Move to here from tkmap.c.
	* macconq.c, macconq.h (dside): Remove.
	* macinit.c (generic_transition): Remove.
	* tkmain.c, tkconq.h (dside): Remove.
	* tkinit.c, tkmap.c (generic_transition): Remove.
	* cconq.c, cconq.h (dside): Remove.

	* tkcmd.c (require_unit): Test for NULL map.
	(get_selected_units): Similarly.
	(do_follow_action, do_message, do_quit, do_set_view_angle,
	do_survey, do_design): Similarly.
	* tkimg.c (tk_interp_image_1): Fill in generic image rgb,
	* tkmap.c (draw_current): Fix test for health bar color change.
	(draw_side_emblem): Draw black border around solid-color emblem.

	* ui.c (favored_type): Use unit_can_build_type.

	* read.c (interp_unit_defaults): Fix setup of default tooling.
----------------------------
revision 1.13
date: 2000/06/09 14:52:41;  author: shebs;  state: Exp;  lines: +3 -7
	Fix Unix installation issues, make consistent with FHS 2.1.
	* Makefile.in (datadir): Set to $(prefix)/share/xconq.
	(scoresdir): Set to /var/lib/xconq/scores, pass down to sub-makes.
	* kernel/Makefile.in (ALL_CFLAGS): Define XCONQSCORES.
	* unix.c (score_file_pathname): Use value of XCONQSCORES verbatim.
	* */Makefile.in (datadir): Set to $(prefix)/share/xconq.
	* curses/Imakefile (DEFINES): Don't define XCONQDATA.
	* tcltk/Makefile.in (ALL_CFLAGS): Ditto.
	* images/Makefile.in (imagesdir): Rename from gameimdir, set
	to $(datadir)/images.
	* x11/Makefile.in (install-only): Install ximfapp instead of
	xshowimf.
	(clean): Be more thorough.
----------------------------
revision 1.12
date: 1999/11/18 03:36:40;  author: shebs;  state: Exp;  lines: +0 -4
	* config.h (SCOREFILE): Now default to scores.xcq.
	(STATSFILE): Now default to stats.txt.
	(SAVEFILE): Now default to save.xcq.
	(CHECKPOINTFILE): Now default to check.xcq.
	(ERRORFILE): Now default to ERRsave.xcq.
	(PREFERENCESFILE): Define here instead of in unix.c and win32.c.
	* unix.c (PREFERENCESFILE): Remove defn.
	* win32.c (PREFERENCESFILE, SCOREFILE): Remove defns.
----------------------------
revision 1.11
date: 1999/10/26 15:32:09;  author: shebs;  state: Exp;  lines: +4 -2
        Reorganize see-all handling, add separate concept of show-all
        that only affects display.
        * side.h (Side show_all): New field.
        (Side may_set_show_all): Rename from may_set_see_all.
        * ui.h (VP show_all): Rename from see_all.
        * init.c (init_all_views): Use new field, don't set all_see_all.
        * actions.c, ai.c. combat.c, mplayer.c, nlang.c, plan.c, ps.c,
        read.c, run.c, run2.c, score.c, side.c, side.h, ui.c, unit.c,
        write.c: Use g_see_all() or side->see_all instead of all_see_all,
        side->may_set_show_all instead of side->may_set_see_all.
        * macconq.c, macdesign.c, macmap.c, macmouse.c, macrow.c: Ditto.
        * tkcmd.c, tkmain.c, tkmap.c: Ditto.
        * xcmd.c, xmap.c, xtmain.c: Ditto.
        * run.c (end_the_game): Set side->show_all.
        * side.c (become_designer, become_nondesigner): Ditto.

        * tkcmd.c (aux_design, really_do_design): Call set_show_all and
        update_show_all_info.
        * tkconq.tcl (may_set_show_all): Rename from may_set_see_all.
        (default_map_options): New global array, use everywhere instead
        of map_options.
        (map_options): Index by map widget also.
        (update_view_controls_info): Don't set may_set_show_all.
        (update_show_all_info, update_show_all): New procs.
        * tkinit.c (init_display): Update show_all info.
        * tkmain.c (update_turn_display): Set show_all.
        * tkmap.c (m_terrain_visible, m_units_visible): New macros, use
        everywhere.
        (set_show_all): New function.

        * combat.c (do_overrun_action): Fix call to do_fire_at_action
        to not shoot at self(!).

        * side.c (paint_view_1): Add special case to do exact view.

        * unix.c (score_file_pathname): Look for env var XCONQ_SCORES
        instead of XCONQSCORES.

        * tkconq.h (UI told_outcome): Remove, never used.
        * tkmain.c (told_outcome): Make static local.
        * tkconq.tcl (disable_move_mode): New proc.
        (popup_game_over_dialog): Use it.
        (popup_design_palette): Add view painting button.
        (make_view_paint_frame): New proc.
        (make_terrain_paint_frame): Increase size of terrain samples.
        (make_people_paint_frame, make_control_paint_frame): Turn on
        people/control display in all maps.
        * tkinit.c (init_bitmaps): Add paint_view bitmap.
        * tkmap.c (handle_designer_mouse_down, paint_on_drag): Rewrite
        view painting.
----------------------------
revision 1.10
date: 1999/10/15 02:55:31;  author: shebs;  state: Exp;  lines: +13 -10
	* system.h (checkpoint_filename): Add argument.
	(remove_saved_game): Remove decl, no longer used.
	(remove_file): Declare.
	* mac.c, unix.c, win32.c: Similarly.
	* run2.c (save_checkpoint): New function, handles deletion of
	previous checkpoint file.
	(run_turn_start): Call it.
	* win32.c (stop_handler, crash_handler, hup_handler): Fix decls.
----------------------------
revision 1.9
date: 1999/09/29 03:05:21;  author: shebs;  state: Exp;  lines: +3 -2
	* tp.c (online, quitter): New globals.
	(for_all_remotes): Only do rids for programs still connected.
	(add_remote_program): Mark new program as online.
	(send_quit): Send rid, ensure packet is sent.
	(receive_quit): Signal that program is not online.
	* unix.c (crash_handler, hup_handler): Use error_save_filename.
	* win32.c: Ditto.
	(ERRORFILE): Define.

	* tkcmd.c (save_the_game): Call exit_xconq.
	* tkconq.tcl: Call exit_xconq to leave.
	* tkmain.c (tk_exit_xconq): New tcl command.
	(check_network): Close connection if quitter nonzero.
	(host_the_game): Mark host as online.
	(exit_xconq): Send a quit message.

	* tp.c (net_run_game): Detect if checksum changes but run_game
 	doesn't do anything.
	(receive_game_checksum): Test for before-run-game checksum.
	* tkmain.c (tk_run_game): Only compare run_local_ai checksum
	if not master.
----------------------------
revision 1.8
date: 1999/09/18 00:06:28;  author: shebs;  state: Exp;  lines: +29 -422
	* kernel/socket.c: New file, networking code common to Unix and
	Windows (Cygwin).
	* kernel/Makefile.in (socket.o): Add dependencies.
	* configure.in (HOBJS): Add socket.o.
	* configure: Regenerate.
	* unix.c, win32.c: Remove networking code.
----------------------------
revision 1.7
date: 1999/09/09 15:02:54;  author: shebs;  state: Exp;  lines: +190 -57
        Support chat window interaction and >2 network players on Unix.
        * tp.c (broadcast_message): Remove, move into net_send_message.
        (add_remote_program, send_remote_id, net_send_chat): New functions.
        (send_packet): Also wait if hosting, before rids set up.
        (receive_packet): Add c, p, and r packets.
        (receive_chat, receive_remote_program): New functions.
        * unix.c (public_fd, public_fd_valid, remote_fd, fd_valid): New
        globals.
        (open_remote_connection, low_send, wait_for, low_receive,
        close_remote_connection): Rewrite to use them.
        (accept_remote_connection): New function.
        (low_receive): Call it for input from public fd.

        * tkconq.tcl (popup_connect_dialog, etc): Remove.
        (host_game): New proc.
        (popup_pregame_chat): Implement connection functionality at
        top of dialog.
        (add_program): New proc.
        (send_chat_bdg): New proc.
        (insert_chat_string): Rewrite to handle different rids.
        * tkmain.c (tk_try_host_game, tk_send_chat): New functions.
        (check_network): New function.
        (initial_ui_init): Set up to call it.
        (ui_mainloop): Call Tcl_DoOneEvent directly.
        (add_remote_locally, send_chat): New functions.

        * xconq.c: Change function definitions to new style.
        (host_the_game): Call add_remote_locally.
        (try_join_game): Build a default player spec, loop only until
        my_rid is nonzero.

        * skelconq.c, xtconq.c, macconq.c, cconq.c (add_remote_locally,
        send_chat): New functions, dummy versions.
----------------------------
revision 1.6
date: 1999/08/28 23:22:44;  author: shebs;  state: Exp;  lines: +72 -56
        * configure.in: Add --enable-build-warnings to control extra
        warnings, choose which subdirs to configure based on Unix vs
        Windows.
        * configure: Regenerate.
        * Makefile.in: Eliminate refs to lib-x11.
        * x11/Makefile.in: Ditto.
        * curses/Makefile.in, kernel/Makefile.in, tcltk/Makefile.in,
        x11/Makefile.in: Change UNIX_CFLAGS to autoconf-using HFLAGS,
        remove WARNING_CFLAGS.
        * actions.c, ai.c, ai.h, cmdline.c, cmdline.h, conq.h, generic.c,
        help.h, imf.c, imf.h, imf2imf.c, lisp.c, lisp.h, misc.h, system.h,
        imf2x.c, xcutil.h: Remove PARAMS usages.
        * gif.c, help.c, imf.c, imf2imf.c, lisp.c, unix.c, tkmain.c,
        wimfapp.c, imf2x.c, x2imf.c, xconq.c, xcutil.c: Remove unused
        variables, add prototypes, etc.
        * run2.c, side.c, macconq.c: Remove decl of update_area_display.
        * skelconq.c: Declare _dialog functions.
        * tkcmd.c: Remove exit_xconq decl.
        * wconq.c (check_player_displays): Remove uses.
        * xconq.c: Include tkconq.h.

        * tkconq.h (IMFLIB): Remove.
        (exit_xconq): Declare.
        * tkimf.c, tkinit.c: Remove imflib uses.
        * xconq.h, xcutil.c: Ditto.
        * ximf.c, xinit.c: Ditto.
        * PROJECTS: Remove lib-x11 item.
----------------------------
revision 1.5
date: 1999/08/12 03:08:23;  author: shebs;  state: Exp;  lines: +1 -1
	* system.h (preferences_filename): Declare.
----------------------------
revision 1.4
date: 1999/07/17 14:35:22;  author: ronne;  state: Exp;  lines: +15 -6
Change fopen to open_file.
----------------------------
revision 1.3
date: 1999/07/13 20:28:30;  author: shebs;  state: Exp;  lines: +14 -0
	* unix.c (preferences_filename): New function.
----------------------------
revision 1.2
date: 1999/06/14 18:48:29;  author: shebs;  state: Exp;  lines: +18 -2
	* system.h (default_images_pathname): Declare.
	* init.c (init_library_path): Add search for image library.
	* mac.c (XCONQIMAGES): New define.
	(default_library_pathname): Rename from default_library_filename.
	(default_images_pathname): New function.
	* unix.c: Similarly.
	* ui.c (get_generic_images): Iterate over all library paths.
	* ui.c (calc_view_misc): Restore hexagon_adjust addition.
----------------------------
revision 1.1
date: 1999/04/28 19:36:35;  author: shebs;  state: Exp;
Initial checkin.
=============================================================================
