
RCS file: /cvs/xconq/xconq/kernel/xcscribe.c,v
Working file: xcscribe.c
head: 1.7
branch:
locks: strict
access list:
symbolic names:
keyword substitution: kv
total revisions: 7;	selected revisions: 7
description:
----------------------------
revision 1.7
date: 2004/07/27 02:15:02;  author: mcdonald;  state: Exp;  lines: +1 -1
Improvements to Xcscribe and help output.
----------------------------
revision 1.6
date: 2004/07/26 02:03:37;  author: mcdonald;  state: Exp;  lines: +1 -1
Convert entire help system to use format-indep indentation and newlines.
New help output functions.
Improve formatting of help system display.
Improve help file output.
----------------------------
revision 1.5
date: 2004/07/25 20:08:16;  author: mcdonald;  state: Exp;  lines: +188 -16
New Xcscribe feature: write out game index.
Xcscribe improvements.
Fix bug in module includes processing.
----------------------------
revision 1.4
date: 2004/07/24 22:58:32;  author: mcdonald;  state: Exp;  lines: +240 -137
Improve help system.
Change Xcscribe from "relay race" to "master-worker" process model.
Fix init warning and typo in Galaxy game.
----------------------------
revision 1.3
date: 2004/07/23 03:36:39;  author: mcdonald;  state: Exp;  lines: +4 -4
Improve help system.
----------------------------
revision 1.2
date: 2004/07/11 17:16:45;  author: mcdonald;  state: Exp;  lines: +2 -725
Cleanup of Xcscribe source file.
----------------------------
revision 1.1
date: 2004/07/11 08:15:43;  author: mcdonald;  state: Exp;
New program! Xcscribe, an automatic documentation generator for Xconq games.
=============================================================================
