
RCS file: /cvsroot/xconq/xconq/kernel/actions.c,v
Working file: actions.c
head: 1.23
branch:
locks: strict
access list:
symbolic names:
	BPT_EMCDONALD_AI_16: 1.23
	BPT_EMCDONALD_AI_15: 1.23
	SS_7_5_0_0pre_0_20050612: 1.16
	BPT_MSKALA_IMF_3: 1.13
	BPT_MSKALA_SUPPLY_12: 1.13
	BPT_EMCDONALD_AI_14: 1.13
	MPT_EMCDONALD_AI_7: 1.6.2.14
	BPT_EMCDONALD_AI_13: 1.12
	SS_7_5_0_0pre_0_20050501: 1.12
	BPT_EMCDONALD_AI_12: 1.12
	MPT_EMCDONALD_AI_6: 1.6.2.7
	BPT_EMCDONALD_AI_11: 1.12
	SS_7_5_0_0pre_0_20050416: 1.12
	BPT_EMCDONALD_AI_10: 1.12
	MPT_EMCDONALD_AI_5: 1.6.2.7
	BPT_EMCDONALD_AI_9: 1.11
	BPT_EMCDONALD_AI_8: 1.11
	MPT_EMCDONALD_AI_4: 1.6.2.6
	BPT_EMCDONALD_AI_7: 1.10
	MPT_EMCDONALD_AI_3: 1.6.2.5
	BPT_EMCDONALD_AI_6: 1.9
	BPT_MSKALA_SUPPLY_11: 1.9
	BPT_EMCDONALD_AI_5: 1.9
	MPT_EMCDONALD_AI_2: 1.6.2.3
	SS_7_5_0_0pre_0_20050322: 1.8
	BPT_MSKALA_SUPPLY_10: 1.8
	BPT_EMCDONALD_AI_4: 1.8
	MPT_EMCDONALD_AI_1: 1.6.2.2
	BPT_EMCDONALD_AI_3: 1.7
	BPT_MSKALA_SUPPLY_9: 1.7
	MPT_MSKALA_SUPPLY_3: 1.1.1.1.4.5
	BPT_EMCDONALD_AI_2: 1.6
	BPT_MSKALA_SUPPLY_8: 1.6
	MPT_MSKALA_SUPPLY_2: 1.1.1.1.4.4
	BPT_MSKALA_SUPPLY_7: 1.6
	BRANCH_EMCDONALD_AI: 1.6.0.2
	BPT_EMCDONALD_AI_1: 1.6
	BPT_MSKALA_SUPPLY_6: 1.6
	SS_7_5_0_0pre_0_20050225: 1.5
	BPT_MSKALA_SUPPLY_5: 1.5
	MPT_MSKALA_SUPPLY_1: 1.1.1.1.4.3
	BPT_MSKALA_SUPPLY_4: 1.4
	BPT_MSKALA_SUPPLY_3: 1.4
	BPT_MSKALA_SUPPLY_2: 1.2
	SS_7_5_0_0pre_0_20050208: 1.2
	BPT_MSKALA_IMF_2: 1.1.1.1
	BRANCH_MSKALA_SUPPLY: 1.1.1.1.0.4
	BPT_MSKALA_SUPPLY_1: 1.1.1.1
	SS_7_5_0_0pre_0_20050117: 1.1.1.1
	SS_7_5_0_0pre_0_20050108: 1.1.1.1
	SS_7_5_0_0pre_0_20041228: 1.1.1.1
	BRANCH_MSKALA_IMF: 1.1.1.1.0.2
	BPT_MSKALA_IMF_1: 1.1.1.1
	SS_7_5_0_0pre_0_20041211: 1.1.1.1
	SS_7_5_0_0pre_0_20041126: 1.1.1.1
	GENESIS: 1.1.1.1
	PRIVATE_TREE_1: 1.1.1
keyword substitution: kv
total revisions: 49;	selected revisions: 49
description:
----------------------------
revision 1.23
date: 2005/07/02 20:14:22;  author: eric_mcdonald;  state: Exp;  lines: +8 -4
Fix bug in materials requirements checking.
Split out completion and repair evaluation in the AI.
Fix crashing bug in overwatch fire.
Update to Starfleet Battles game.
----------------------------
revision 1.22
date: 2005/07/02 02:33:03;  author: eric_mcdonald;  state: Exp;  lines: +6 -6
Fix bug in occs-on-completion functionality.
----------------------------
revision 1.21
date: 2005/06/25 22:57:47;  author: eric_mcdonald;  state: Exp;  lines: +6 -7
Remove multi-part units functionality.
----------------------------
revision 1.20
date: 2005/06/21 01:30:40;  author: eric_mcdonald;  state: Exp;  lines: +0 -116
Fix typos in reference manual.
Remove outdated comment.
Fix bug in dice scaling.
Remove 'transfer-part' action.
----------------------------
revision 1.19
date: 2005/06/20 02:04:44;  author: eric_mcdonald;  state: Exp;  lines: +5 -0
Fix construction-related bugs.
----------------------------
revision 1.18
date: 2005/06/19 20:42:50;  author: eric_mcdonald;  state: Exp;  lines: +247 -212
Refine support of occs-on-completion.
Various bits of cleanup.
----------------------------
revision 1.17
date: 2005/06/17 02:54:11;  author: eric_mcdonald;  state: Exp;  lines: +21 -8
Implement per-side general action restrictions.
Implement per-side construction restrictions.
Decommision Iplayer.
----------------------------
revision 1.16
date: 2005/06/12 22:10:38;  author: eric_mcdonald;  state: Exp;  lines: +5 -5
Fix create check, so that some games will work properly again.
Fix bug with oproles not being unassigned when units change side.
Fix bug with construction from Tkconq UI.
Improve occs-on-completion feature.
Polish up the Default game some more.
----------------------------
revision 1.15
date: 2005/06/08 03:08:56;  author: eric_mcdonald;  state: Exp;  lines: +81 -9
Add occs-on-completion feature.
Bring docs up-to-date.
Polish Default game a little bit.
Remove StarFleet Battles test from games lib.
----------------------------
revision 1.14
date: 2005/06/07 02:46:21;  author: eric_mcdonald;  state: Exp;  lines: +4 -4
Fix colonizer-doesn't-garrision-anymore bug.
Add test for merge "action" to AI.
----------------------------
revision 1.13
date: 2005/06/06 03:03:44;  author: eric_mcdonald;  state: Exp;  lines: +1020 -930
Merge from 'MPT_EMCDONALD_AI_6' to 'MPT_EMCDONALD_AI_7'.
----------------------------
revision 1.12
date: 2005/04/16 01:17:10;  author: eric_mcdonald;  state: Exp;  lines: +98 -0
Merge from 'MPT_EMCDONALD_AI_4' to 'MPT_EMCDONALD_AI_5'.
----------------------------
revision 1.11
date: 2005/04/05 01:53:38;  author: eric_mcdonald;  state: Exp;  lines: +2 -1
Merge from 'MPT_EMCDONALD_AI_3' to 'MPT_EMCDONALD_AI_4'.
----------------------------
revision 1.10
date: 2005/04/01 02:20:43;  author: eric_mcdonald;  state: Exp;  lines: +283 -76
Merge from 'MPT_EMCDONALD_AI_2' to 'MPT_EMCDONALD_AI_3'.
----------------------------
revision 1.9
date: 2005/03/28 03:56:50;  author: eric_mcdonald;  state: Exp;  lines: +19 -0
Merge from 'MPT_EMCDONALD_AI_1' to 'MPT_EMCDONALD_AI_2'.
----------------------------
revision 1.8
date: 2005/03/21 03:42:06;  author: eric_mcdonald;  state: Exp;  lines: +196 -152
Merge from root of 'BRANCH_EMCDONALD_AI' to 'MPT_EMCDONALD_AI_1'.
----------------------------
revision 1.7
date: 2005/03/21 02:11:54;  author: eric_mcdonald;  state: Exp;  lines: +15 -3
Merge from 'MPT_MSKALA_SUPPLY_2' to 'MPT_MSKALA_SUPPLY_3'.
----------------------------
revision 1.6
date: 2005/02/27 20:50:32;  author: eric_mcdonald;  state: Exp;  lines: +6 -4
branches:  1.6.2;
Provide unimplemented 'free-acp' feature.
----------------------------
revision 1.5
date: 2005/02/23 05:06:04;  author: eric_mcdonald;  state: Exp;  lines: +4 -2
Merge in changes from root of 'BRANCH_MSKALA_SUPPLY' to 'MPT_MSKALA_SUPPLY_1'.
----------------------------
revision 1.4
date: 2005/02/12 16:51:40;  author: eric_mcdonald;  state: Exp;  lines: +17 -11
Modify transfer parts action some more.
Relax the "ACP left" check.
Update documentation.
----------------------------
revision 1.3
date: 2005/02/11 03:42:56;  author: eric_mcdonald;  state: Exp;  lines: +6 -1
Fix bug with the 'transfer-part' action.
----------------------------
revision 1.2
date: 2005/01/30 05:21:50;  author: eric_mcdonald;  state: Exp;  lines: +1 -1
Fix bug in ACP-indep construction.
Fix obscure bug with AI-controlled sides not finishing their turns.
Add a short circuit to one of the ACP-indep construction util functions.
----------------------------
revision 1.1
date: 2004/11/21 03:01:01;  author: eric_mcdonald;  state: Exp;
branches:  1.1.1;
Initial revision
----------------------------
revision 1.1.1.1
date: 2004/11/21 03:01:01;  author: eric_mcdonald;  state: Exp;  lines: +0 -0
branches:  1.1.1.1.2;  1.1.1.1.4;
Initial import from private repo into SF repo.
----------------------------
revision 1.1.1.1.4.8
date: 2005/06/06 03:18:20;  author: eric_mcdonald;  state: Exp;  lines: +1365 -969
Merge in CVS trunk between 'BPT_MSKALA_SUPPLY_11' and 'BPT_MSKALA_SUPPLY_12'.
----------------------------
revision 1.1.1.1.4.7
date: 2005/03/28 04:17:54;  author: eric_mcdonald;  state: Exp;  lines: +19 -0
Merge in CVS trunk between 'BPT_MSKALA_SUPPLY_10' and 'BPT_MSKALA_SUPPLY_11'.
----------------------------
revision 1.1.1.1.4.6
date: 2005/03/21 03:58:07;  author: eric_mcdonald;  state: Exp;  lines: +196 -152
Merge in CVS trunk between 'BPT_MSKALA_SUPPLY_9' and 'BPT_MSKALA_SUPPLY_10'.
----------------------------
revision 1.1.1.1.4.5
date: 2005/03/16 13:50:41;  author: matthewskala;  state: Exp;  lines: +15 -3
Bug fixes, aux terrain modification of terrain-to-terrain diffusion.
----------------------------
revision 1.1.1.1.4.4
date: 2005/03/09 21:24:59;  author: matthewskala;  state: Exp;  lines: +6 -4
Merge in changes from CVS trunk.
----------------------------
revision 1.1.1.1.4.3
date: 2005/02/18 04:43:22;  author: matthewskala;  state: Exp;  lines: +22 -11
Merge changes from mainline, fix doctrine check bug.
----------------------------
revision 1.1.1.1.4.2
date: 2005/02/14 01:53:46;  author: matthewskala;  state: Exp;  lines: +4 -2
Unit/treasury (almost complete) and unit/cell (partial) material exchange, documentation.
----------------------------
revision 1.1.1.1.4.1
date: 2005/02/09 18:11:27;  author: matthewskala;  state: Exp;  lines: +1 -1
Merge in changes from trunk, fix bug by allowing unit material stores to go negative during economy phase.
----------------------------
revision 1.1.1.1.2.1
date: 2005/06/06 03:39:34;  author: eric_mcdonald;  state: Exp;  lines: +1471 -985
Merged in all trunk changes between BPT_MSKALA_IMF_2 and BPT_MSKALA_IMF_3.
----------------------------
revision 1.6.2.16
date: 2005/07/23 22:21:54;  author: eric_mcdonald;  state: Exp;  lines: +1 -1
Start improvement of AI tactical handler.
Fix combat awards bugs.
Fix crashing bugs.
Fix change type bug.
----------------------------
revision 1.6.2.15
date: 2005/07/10 15:42:50;  author: eric_mcdonald;  state: Exp;  lines: +300 -288
Merge in CVS trunk between 'BPT_EMCDONALD_AI_14' and 'BPT_EMCDONALD_AI_15'.
----------------------------
revision 1.6.2.14
date: 2005/06/06 02:25:44;  author: eric_mcdonald;  state: Exp;  lines: +8 -6
Update documentation.
Let standard set of units use 'create-as-build'.
----------------------------
revision 1.6.2.13
date: 2005/06/06 01:23:10;  author: eric_mcdonald;  state: Exp;  lines: +96 -32
Allow create action to act as a build action.
Possibly fix "repair of healthy units" bug.
Rename 'unit-consumption-per-cp' for consistency.
More cleanup and archival of the games library.
----------------------------
revision 1.6.2.12
date: 2005/06/05 03:03:01;  author: eric_mcdonald;  state: Exp;  lines: +10 -23
Fix bugs in building and self-improvement.
Fix bug with Tkconq action-enablement in UI.
Make ACP-indep construction work correctly again.
Fix some (but not all) end-of-turn pauses.
----------------------------
revision 1.6.2.11
date: 2005/06/03 02:32:42;  author: eric_mcdonald;  state: Exp;  lines: +147 -66
Make creation and building ACP-less.
Rework build task.
Some more repair-related tests.
Improvement task management. Include support for enqueuing ops.
Fix crashing bug in SDL interface.
Fix apparent bug in net receive code.
Cleanup code.
----------------------------
revision 1.6.2.10
date: 2005/05/30 19:49:13;  author: eric_mcdonald;  state: Exp;  lines: +14 -14
Separate out AI header make dependencies.
Fix bugs in tooling checks.
New action result type.
Remove random plan, support plans, and other cruft from plan code.
Shuffle some more unmaintained games into bitrot archive.
Fix bug in Classic Xconq game and its children.
----------------------------
revision 1.6.2.9
date: 2005/05/29 22:32:11;  author: eric_mcdonald;  state: Exp;  lines: +482 -427
Implement new construction features.
Fix bugs in operational roles.
Fix bug in hp-recovery mechanism.
Improve construction AI.
Fix bugs related to change-type action.
----------------------------
revision 1.6.2.8
date: 2005/05/21 17:29:28;  author: eric_mcdonald;  state: Exp;  lines: +502 -601
Archive or delete some unmaintained games that do not work well.
Implement new construction and repair features.
Improve support for operational roles.
Add tatical-level calculations for AI.
Enhance materials consumption code.
----------------------------
revision 1.6.2.7
date: 2005/04/13 01:55:18;  author: eric_mcdonald;  state: Exp;  lines: +98 -0
More treasury-checking functions.
Many AI tweaks, plus foundation for further enhancements.
Fix bug in my earlier bugfix in the economy code.
----------------------------
revision 1.6.2.6
date: 2005/04/04 02:44:54;  author: eric_mcdonald;  state: Exp;  lines: +2 -1
Fix crashing bug in unit creation code.
Various and sundry AI improvements.
----------------------------
revision 1.6.2.5
date: 2005/03/31 02:55:42;  author: eric_mcdonald;  state: Exp;  lines: +174 -7
New functions for handling materials checking and consumption for any actions.
Add support for tech restriction associated with change-type action.
Add support for materials consumption restriction for change-type action.
----------------------------
revision 1.6.2.4
date: 2005/03/29 04:15:45;  author: eric_mcdonald;  state: Exp;  lines: +116 -76
Various and sundry improvements to the AI.
Specific focus on enabling AI use of manual change-type.
Also, allow ACP-less manual change-type.
Update games lib to account for the allowance of ACP-less manual change-type.
----------------------------
revision 1.6.2.3
date: 2005/03/28 03:39:27;  author: eric_mcdonald;  state: Exp;  lines: +19 -0
Various and sundry improvements to the AI.
Improve the Advances game.
----------------------------
revision 1.6.2.2
date: 2005/03/21 03:19:39;  author: eric_mcdonald;  state: Exp;  lines: +209 -154
Merge in CVS trunk between 'BPT_EMCDONALD_AI_1' and 'BPT_EMCDONALD_AI_3'.
Add new unit analysis capabilities to AI.
Implement a plan-decision lottery. (Still needs work.)
Break out common, useful parts of kernel action-checking code.
Provide a normalization macro.
Fix bug with quoted encounter lists.
----------------------------
revision 1.6.2.1
date: 2005/03/08 02:23:11;  author: eric_mcdonald;  state: Exp;  lines: +2 -1
Fix crashing bug in unit creation code.
Remove another worthless side goal.
* aiscore.h (for_all_ai_sk_analyses): New macro.
=============================================================================
