
RCS file: /cvsroot/xconq/xconq/kernel/ai.c,v
Working file: ai.c
head: 1.20
branch:
locks: strict
access list:
symbolic names:
	BPT_EMCDONALD_AI_16: 1.20
	BPT_EMCDONALD_AI_15: 1.20
	SS_7_5_0_0pre_0_20050612: 1.15
	BPT_MSKALA_IMF_3: 1.15
	BPT_MSKALA_SUPPLY_12: 1.15
	BPT_EMCDONALD_AI_14: 1.15
	MPT_EMCDONALD_AI_7: 1.6.2.18
	BPT_EMCDONALD_AI_13: 1.14
	SS_7_5_0_0pre_0_20050501: 1.14
	BPT_EMCDONALD_AI_12: 1.14
	MPT_EMCDONALD_AI_6: 1.6.2.13
	BPT_EMCDONALD_AI_11: 1.13
	SS_7_5_0_0pre_0_20050416: 1.13
	BPT_EMCDONALD_AI_10: 1.13
	MPT_EMCDONALD_AI_5: 1.6.2.10
	BPT_EMCDONALD_AI_9: 1.12
	BPT_EMCDONALD_AI_8: 1.10
	MPT_EMCDONALD_AI_4: 1.6.2.8
	BPT_EMCDONALD_AI_7: 1.9
	MPT_EMCDONALD_AI_3: 1.6.2.7
	BPT_EMCDONALD_AI_6: 1.8
	BPT_MSKALA_SUPPLY_11: 1.8
	BPT_EMCDONALD_AI_5: 1.8
	MPT_EMCDONALD_AI_2: 1.6.2.6
	SS_7_5_0_0pre_0_20050322: 1.7
	BPT_MSKALA_SUPPLY_10: 1.7
	BPT_EMCDONALD_AI_4: 1.7
	MPT_EMCDONALD_AI_1: 1.6.2.3
	BPT_EMCDONALD_AI_3: 1.6
	BPT_MSKALA_SUPPLY_9: 1.6
	MPT_MSKALA_SUPPLY_3: 1.3.2.2
	BPT_EMCDONALD_AI_2: 1.6
	BPT_MSKALA_SUPPLY_8: 1.6
	MPT_MSKALA_SUPPLY_2: 1.3.2.2
	BPT_MSKALA_SUPPLY_7: 1.6
	BRANCH_EMCDONALD_AI: 1.6.0.2
	BPT_EMCDONALD_AI_1: 1.6
	BPT_MSKALA_SUPPLY_6: 1.6
	SS_7_5_0_0pre_0_20050225: 1.6
	BPT_MSKALA_SUPPLY_5: 1.6
	MPT_MSKALA_SUPPLY_1: 1.3.2.2
	BPT_MSKALA_SUPPLY_4: 1.6
	BPT_MSKALA_SUPPLY_3: 1.4
	BPT_MSKALA_SUPPLY_2: 1.3
	SS_7_5_0_0pre_0_20050208: 1.3
	BPT_MSKALA_IMF_2: 1.3
	BRANCH_MSKALA_SUPPLY: 1.3.0.2
	BPT_MSKALA_SUPPLY_1: 1.3
	SS_7_5_0_0pre_0_20050117: 1.2
	SS_7_5_0_0pre_0_20050108: 1.2
	SS_7_5_0_0pre_0_20041228: 1.1.1.1
	BRANCH_MSKALA_IMF: 1.1.1.1.0.2
	BPT_MSKALA_IMF_1: 1.1.1.1
	SS_7_5_0_0pre_0_20041211: 1.1.1.1
	SS_7_5_0_0pre_0_20041126: 1.1.1.1
	GENESIS: 1.1.1.1
	PRIVATE_TREE_1: 1.1.1
keyword substitution: kv
total revisions: 48;	selected revisions: 48
description:
----------------------------
revision 1.20
date: 2005/07/04 00:51:12;  author: eric_mcdonald;  state: Exp;  lines: +36 -30
Simplify and improve capture logic.
Further improve hit-unit logic.
Allow fire to capture out to ZOC range, plus 1.
----------------------------
revision 1.19
date: 2005/07/03 02:20:38;  author: eric_mcdonald;  state: Exp;  lines: +48 -54
Simplify and improve hit-unit logic.
----------------------------
revision 1.18
date: 2005/07/02 21:55:21;  author: eric_mcdonald;  state: Exp;  lines: +37 -2
Improve calculation of constructor worths.
Try to make mobile transports more responsive to their occs.
Attempt to fix crashing bug in overwatch fire.
----------------------------
revision 1.17
date: 2005/06/18 23:50:07;  author: eric_mcdonald;  state: Exp;  lines: +5 -3
Alter the way dice specs work.
Honor dice specs for unit explosion damage.
Move another game to the bitrot archive.
----------------------------
revision 1.16
date: 2005/06/17 02:54:11;  author: eric_mcdonald;  state: Exp;  lines: +0 -2
Implement per-side general action restrictions.
Implement per-side construction restrictions.
Decommision Iplayer.
----------------------------
revision 1.15
date: 2005/06/06 03:03:44;  author: eric_mcdonald;  state: Exp;  lines: +27 -75
Merge from 'MPT_EMCDONALD_AI_6' to 'MPT_EMCDONALD_AI_7'.
----------------------------
revision 1.14
date: 2005/04/30 23:35:08;  author: eric_mcdonald;  state: Exp;  lines: +99 -90
Merge from 'MPT_EMCDONALD_AI_5' to 'MPT_EMCDONALD_AI_6'.
Many non-AI-related changes included in this merge.
----------------------------
revision 1.13
date: 2005/04/16 01:17:11;  author: eric_mcdonald;  state: Exp;  lines: +3 -64
Merge from 'MPT_EMCDONALD_AI_4' to 'MPT_EMCDONALD_AI_5'.
----------------------------
revision 1.12
date: 2005/04/09 16:35:29;  author: eric_mcdonald;  state: Exp;  lines: +5 -0
Help the AI consider the new 'detonate-with-attack' uprop.
----------------------------
revision 1.11
date: 2005/04/09 16:05:29;  author: eric_mcdonald;  state: Exp;  lines: +1 -4
Help the AI consider the new 'detonate-with-attack' uprop.
----------------------------
revision 1.10
date: 2005/04/05 01:53:38;  author: eric_mcdonald;  state: Exp;  lines: +30 -1
Merge from 'MPT_EMCDONALD_AI_3' to 'MPT_EMCDONALD_AI_4'.
----------------------------
revision 1.9
date: 2005/04/01 02:20:44;  author: eric_mcdonald;  state: Exp;  lines: +8 -6
Merge from 'MPT_EMCDONALD_AI_2' to 'MPT_EMCDONALD_AI_3'.
----------------------------
revision 1.8
date: 2005/03/28 03:56:50;  author: eric_mcdonald;  state: Exp;  lines: +313 -191
Merge from 'MPT_EMCDONALD_AI_1' to 'MPT_EMCDONALD_AI_2'.
----------------------------
revision 1.7
date: 2005/03/21 03:42:06;  author: eric_mcdonald;  state: Exp;  lines: +139 -28
Merge from root of 'BRANCH_EMCDONALD_AI' to 'MPT_EMCDONALD_AI_1'.
----------------------------
revision 1.6
date: 2005/02/22 04:31:51;  author: eric_mcdonald;  state: Exp;  lines: +0 -20
branches:  1.6.2;
Continue building up the AI's scorekeeper analysis.
----------------------------
revision 1.5
date: 2005/02/19 05:33:31;  author: eric_mcdonald;  state: Exp;  lines: +4 -7
Fix bug with plan assignment failing for potential colonizers.
----------------------------
revision 1.4
date: 2005/02/15 04:36:35;  author: eric_mcdonald;  state: Exp;  lines: +21 -0
Fix bug that prevented death-by-detonation from causing any death effects.
Lay foundation for scorekeeper analysis by AI.
Fix bug in scorekeeper parsing.
Fix a small misdocumenation of 'change-type' action.
----------------------------
revision 1.3
date: 2005/01/22 18:42:02;  author: eric_mcdonald;  state: Exp;  lines: +6 -4
branches:  1.3.2;
Fix crashing bug in ACP-indep construction.
----------------------------
revision 1.2
date: 2005/01/08 22:14:18;  author: eric_mcdonald;  state: Exp;  lines: +10 -1
Improve AI handling of transports.
Do not apply hex masks to borders.
Networking fixes/improvements.
Attempt to make the AI better at building things with mobile units.
Stabilize unit views so that they updated on a per-turn basis again.
Fix occupant/transport display glitches.
Improve transport and occupant indicators.
----------------------------
revision 1.1
date: 2004/11/21 03:01:03;  author: eric_mcdonald;  state: Exp;
branches:  1.1.1;
Initial revision
----------------------------
revision 1.1.1.1
date: 2004/11/21 03:01:03;  author: eric_mcdonald;  state: Exp;  lines: +0 -0
branches:  1.1.1.1.2;
Initial import from private repo into SF repo.
----------------------------
revision 1.1.1.1.2.2
date: 2005/06/06 03:39:34;  author: eric_mcdonald;  state: Exp;  lines: +600 -436
Merged in all trunk changes between BPT_MSKALA_IMF_2 and BPT_MSKALA_IMF_3.
----------------------------
revision 1.1.1.1.2.1
date: 2005/01/28 03:35:59;  author: eric_mcdonald;  state: Exp;  lines: +16 -5
Merge in trunk changes between BPT_MSKALA_IMF_1 and BPT_MSKALA_IMF_2.
----------------------------
revision 1.3.2.5
date: 2005/06/06 03:18:20;  author: eric_mcdonald;  state: Exp;  lines: +170 -237
Merge in CVS trunk between 'BPT_MSKALA_SUPPLY_11' and 'BPT_MSKALA_SUPPLY_12'.
----------------------------
revision 1.3.2.4
date: 2005/03/28 04:17:54;  author: eric_mcdonald;  state: Exp;  lines: +313 -191
Merge in CVS trunk between 'BPT_MSKALA_SUPPLY_10' and 'BPT_MSKALA_SUPPLY_11'.
----------------------------
revision 1.3.2.3
date: 2005/03/21 03:58:08;  author: eric_mcdonald;  state: Exp;  lines: +139 -28
Merge in CVS trunk between 'BPT_MSKALA_SUPPLY_9' and 'BPT_MSKALA_SUPPLY_10'.
----------------------------
revision 1.3.2.2
date: 2005/02/23 03:40:21;  author: eric_mcdonald;  state: Exp;  lines: +4 -27
Merge in CVS trunk between 'BPT_MSKALA_SUPPLY_3' and 'BPT_MSKALA_SUPPLY_4'.
----------------------------
revision 1.3.2.1
date: 2005/02/18 04:43:23;  author: matthewskala;  state: Exp;  lines: +21 -0
Merge changes from mainline, fix doctrine check bug.
----------------------------
revision 1.6.2.20
date: 2005/07/23 22:21:54;  author: eric_mcdonald;  state: Exp;  lines: +23 -13
Start improvement of AI tactical handler.
Fix combat awards bugs.
Fix crashing bugs.
Fix change type bug.
----------------------------
revision 1.6.2.19
date: 2005/07/10 15:42:50;  author: eric_mcdonald;  state: Exp;  lines: +103 -68
Merge in CVS trunk between 'BPT_EMCDONALD_AI_14' and 'BPT_EMCDONALD_AI_15'.
----------------------------
revision 1.6.2.18
date: 2005/06/05 21:30:38;  author: eric_mcdonald;  state: Exp;  lines: +1 -65
Bring documentation up-to-date wrt recent changes.
Finish cleaning out the rest of the colonization logic.
Fix bug in UI code.
----------------------------
revision 1.6.2.17
date: 2005/06/05 20:53:00;  author: eric_mcdonald;  state: Exp;  lines: +6 -0
Ensure that Tkconq and the generic UI code rebuild when AI files are changed.
Add support for autoconf assignment of "sizeof" macros.
Start to add support for making primitve integer types of known size.
Remove or disable more code associated with the colonization plan.
Improve colonization support in constructor oprole.
Prepare support for action masks.
Remove now-unused 'buildingdone' flag.
Delete remnants of special ACP-indep construction code.
----------------------------
revision 1.6.2.16
date: 2005/06/05 03:03:01;  author: eric_mcdonald;  state: Exp;  lines: +19 -0
Fix bugs in building and self-improvement.
Fix bug with Tkconq action-enablement in UI.
Make ACP-indep construction work correctly again.
Fix some (but not all) end-of-turn pauses.
----------------------------
revision 1.6.2.15
date: 2005/06/03 02:32:42;  author: eric_mcdonald;  state: Exp;  lines: +2 -11
Make creation and building ACP-less.
Rework build task.
Some more repair-related tests.
Improvement task management. Include support for enqueuing ops.
Fix crashing bug in SDL interface.
Fix apparent bug in net receive code.
Cleanup code.
----------------------------
revision 1.6.2.14
date: 2005/05/21 17:29:28;  author: eric_mcdonald;  state: Exp;  lines: +3 -3
Archive or delete some unmaintained games that do not work well.
Implement new construction and repair features.
Improve support for operational roles.
Add tatical-level calculations for AI.
Enhance materials consumption code.
----------------------------
revision 1.6.2.13
date: 2005/04/27 02:57:22;  author: eric_mcdonald;  state: Exp;  lines: +4 -0
Couple of minor AI tweaks regarding resupply.
----------------------------
revision 1.6.2.12
date: 2005/04/22 16:36:16;  author: eric_mcdonald;  state: Exp;  lines: +28 -29
Some experimental AI improvements.
Some proven-to-be-good AI improvements.
----------------------------
revision 1.6.2.11
date: 2005/04/17 16:38:30;  author: eric_mcdonald;  state: Exp;  lines: +67 -61
Continue laying foundation for more AI improvements.
----------------------------
revision 1.6.2.10
date: 2005/04/13 01:55:19;  author: eric_mcdonald;  state: Exp;  lines: +3 -64
More treasury-checking functions.
Many AI tweaks, plus foundation for further enhancements.
Fix bug in my earlier bugfix in the economy code.
----------------------------
revision 1.6.2.9
date: 2005/04/09 16:45:35;  author: eric_mcdonald;  state: Exp;  lines: +6 -4
Merge in CVS trunk between 'BPT_EMCDONALD_AI_8' and 'BPT_EMCDONALD_AI_9'.
----------------------------
revision 1.6.2.8
date: 2005/04/04 02:44:54;  author: eric_mcdonald;  state: Exp;  lines: +30 -1
Fix crashing bug in unit creation code.
Various and sundry AI improvements.
----------------------------
revision 1.6.2.7
date: 2005/03/29 04:15:46;  author: eric_mcdonald;  state: Exp;  lines: +8 -6
Various and sundry improvements to the AI.
Specific focus on enabling AI use of manual change-type.
Also, allow ACP-less manual change-type.
Update games lib to account for the allowance of ACP-less manual change-type.
----------------------------
revision 1.6.2.6
date: 2005/03/28 03:39:27;  author: eric_mcdonald;  state: Exp;  lines: +158 -91
Various and sundry improvements to the AI.
Improve the Advances game.
----------------------------
revision 1.6.2.5
date: 2005/03/27 03:51:22;  author: eric_mcdonald;  state: Exp;  lines: +55 -31
Various and sundry improvements to the AI.
Fix bug in backdrop model 0 scarce materials distribution.
----------------------------
revision 1.6.2.4
date: 2005/03/26 20:26:23;  author: eric_mcdonald;  state: Exp;  lines: +105 -74
Various and sundry improvements to the AI.
----------------------------
revision 1.6.2.3
date: 2005/03/21 03:19:39;  author: eric_mcdonald;  state: Exp;  lines: +134 -22
Merge in CVS trunk between 'BPT_EMCDONALD_AI_1' and 'BPT_EMCDONALD_AI_3'.
Add new unit analysis capabilities to AI.
Implement a plan-decision lottery. (Still needs work.)
Break out common, useful parts of kernel action-checking code.
Provide a normalization macro.
Fix bug with quoted encounter lists.
----------------------------
revision 1.6.2.2
date: 2005/03/08 02:23:11;  author: eric_mcdonald;  state: Exp;  lines: +5 -0
Fix crashing bug in unit creation code.
Remove another worthless side goal.
* aiscore.h (for_all_ai_sk_analyses): New macro.
----------------------------
revision 1.6.2.1
date: 2005/03/07 01:52:09;  author: eric_mcdonald;  state: Exp;  lines: +0 -6
Remove some worthless side goals.
=============================================================================
