
RCS file: /cvsroot/xconq/xconq/kernel/ai.h,v
Working file: ai.h
head: 1.8
branch:
locks: strict
access list:
symbolic names:
	BPT_EMCDONALD_AI_16: 1.8
	BPT_EMCDONALD_AI_15: 1.8
	SS_7_5_0_0pre_0_20050612: 1.8
	BPT_MSKALA_IMF_3: 1.8
	BPT_MSKALA_SUPPLY_12: 1.8
	BPT_EMCDONALD_AI_14: 1.8
	MPT_EMCDONALD_AI_7: 1.5.2.4
	BPT_EMCDONALD_AI_13: 1.8
	SS_7_5_0_0pre_0_20050501: 1.8
	BPT_EMCDONALD_AI_12: 1.8
	MPT_EMCDONALD_AI_6: 1.5.2.4
	BPT_EMCDONALD_AI_11: 1.8
	SS_7_5_0_0pre_0_20050416: 1.8
	BPT_EMCDONALD_AI_10: 1.8
	MPT_EMCDONALD_AI_5: 1.5.2.4
	BPT_EMCDONALD_AI_9: 1.8
	BPT_EMCDONALD_AI_8: 1.8
	MPT_EMCDONALD_AI_4: 1.5.2.4
	BPT_EMCDONALD_AI_7: 1.8
	MPT_EMCDONALD_AI_3: 1.5.2.4
	BPT_EMCDONALD_AI_6: 1.7
	BPT_MSKALA_SUPPLY_11: 1.7
	BPT_EMCDONALD_AI_5: 1.7
	MPT_EMCDONALD_AI_2: 1.5.2.3
	SS_7_5_0_0pre_0_20050322: 1.6
	BPT_MSKALA_SUPPLY_10: 1.6
	BPT_EMCDONALD_AI_4: 1.6
	MPT_EMCDONALD_AI_1: 1.5.2.1
	BPT_EMCDONALD_AI_3: 1.5
	BPT_MSKALA_SUPPLY_9: 1.5
	MPT_MSKALA_SUPPLY_3: 1.1.1.1.4.2
	BPT_EMCDONALD_AI_2: 1.5
	BPT_MSKALA_SUPPLY_8: 1.5
	MPT_MSKALA_SUPPLY_2: 1.1.1.1.4.2
	BPT_MSKALA_SUPPLY_7: 1.5
	BRANCH_EMCDONALD_AI: 1.5.0.2
	BPT_EMCDONALD_AI_1: 1.5
	BPT_MSKALA_SUPPLY_6: 1.5
	SS_7_5_0_0pre_0_20050225: 1.5
	BPT_MSKALA_SUPPLY_5: 1.5
	MPT_MSKALA_SUPPLY_1: 1.1.1.1.4.2
	BPT_MSKALA_SUPPLY_4: 1.5
	BPT_MSKALA_SUPPLY_3: 1.2
	BPT_MSKALA_SUPPLY_2: 1.1.1.1
	SS_7_5_0_0pre_0_20050208: 1.1.1.1
	BPT_MSKALA_IMF_2: 1.1.1.1
	BRANCH_MSKALA_SUPPLY: 1.1.1.1.0.4
	BPT_MSKALA_SUPPLY_1: 1.1.1.1
	SS_7_5_0_0pre_0_20050117: 1.1.1.1
	SS_7_5_0_0pre_0_20050108: 1.1.1.1
	SS_7_5_0_0pre_0_20041228: 1.1.1.1
	BRANCH_MSKALA_IMF: 1.1.1.1.0.2
	BPT_MSKALA_IMF_1: 1.1.1.1
	SS_7_5_0_0pre_0_20041211: 1.1.1.1
	SS_7_5_0_0pre_0_20041126: 1.1.1.1
	GENESIS: 1.1.1.1
	PRIVATE_TREE_1: 1.1.1
keyword substitution: kv
total revisions: 20;	selected revisions: 20
description:
----------------------------
revision 1.8
date: 2005/04/01 02:20:44;  author: eric_mcdonald;  state: Exp;  lines: +1 -1
Merge from 'MPT_EMCDONALD_AI_2' to 'MPT_EMCDONALD_AI_3'.
----------------------------
revision 1.7
date: 2005/03/28 03:56:50;  author: eric_mcdonald;  state: Exp;  lines: +9 -2
Merge from 'MPT_EMCDONALD_AI_1' to 'MPT_EMCDONALD_AI_2'.
----------------------------
revision 1.6
date: 2005/03/21 03:42:06;  author: eric_mcdonald;  state: Exp;  lines: +1 -3
Merge from root of 'BRANCH_EMCDONALD_AI' to 'MPT_EMCDONALD_AI_1'.
----------------------------
revision 1.5
date: 2005/02/22 04:31:51;  author: eric_mcdonald;  state: Exp;  lines: +0 -57
branches:  1.5.2;
Continue building up the AI's scorekeeper analysis.
----------------------------
revision 1.4
date: 2005/02/20 03:50:11;  author: eric_mcdonald;  state: Exp;  lines: +39 -20
Continue building up the AI's scorekeeper analysis.
----------------------------
revision 1.3
date: 2005/02/19 05:33:31;  author: eric_mcdonald;  state: Exp;  lines: +1 -1
Fix bug with plan assignment failing for potential colonizers.
----------------------------
revision 1.2
date: 2005/02/15 04:36:35;  author: eric_mcdonald;  state: Exp;  lines: +73 -32
Fix bug that prevented death-by-detonation from causing any death effects.
Lay foundation for scorekeeper analysis by AI.
Fix bug in scorekeeper parsing.
Fix a small misdocumenation of 'change-type' action.
----------------------------
revision 1.1
date: 2004/11/21 03:01:03;  author: eric_mcdonald;  state: Exp;
branches:  1.1.1;
Initial revision
----------------------------
revision 1.1.1.1
date: 2004/11/21 03:01:03;  author: eric_mcdonald;  state: Exp;  lines: +0 -0
branches:  1.1.1.1.2;  1.1.1.1.4;
Initial import from private repo into SF repo.
----------------------------
revision 1.1.1.1.4.5
date: 2005/06/06 03:18:20;  author: eric_mcdonald;  state: Exp;  lines: +1 -1
Merge in CVS trunk between 'BPT_MSKALA_SUPPLY_11' and 'BPT_MSKALA_SUPPLY_12'.
----------------------------
revision 1.1.1.1.4.4
date: 2005/03/28 04:17:54;  author: eric_mcdonald;  state: Exp;  lines: +9 -2
Merge in CVS trunk between 'BPT_MSKALA_SUPPLY_10' and 'BPT_MSKALA_SUPPLY_11'.
----------------------------
revision 1.1.1.1.4.3
date: 2005/03/21 03:58:08;  author: eric_mcdonald;  state: Exp;  lines: +1 -3
Merge in CVS trunk between 'BPT_MSKALA_SUPPLY_9' and 'BPT_MSKALA_SUPPLY_10'.
----------------------------
revision 1.1.1.1.4.2
date: 2005/02/23 03:40:21;  author: eric_mcdonald;  state: Exp;  lines: +1 -39
Merge in CVS trunk between 'BPT_MSKALA_SUPPLY_3' and 'BPT_MSKALA_SUPPLY_4'.
----------------------------
revision 1.1.1.1.4.1
date: 2005/02/18 04:43:23;  author: matthewskala;  state: Exp;  lines: +73 -32
Merge changes from mainline, fix doctrine check bug.
----------------------------
revision 1.1.1.1.2.1
date: 2005/06/06 03:39:34;  author: eric_mcdonald;  state: Exp;  lines: +45 -37
Merged in all trunk changes between BPT_MSKALA_IMF_2 and BPT_MSKALA_IMF_3.
----------------------------
revision 1.5.2.5
date: 2005/07/23 22:21:55;  author: eric_mcdonald;  state: Exp;  lines: +2 -2
Start improvement of AI tactical handler.
Fix combat awards bugs.
Fix crashing bugs.
Fix change type bug.
----------------------------
revision 1.5.2.4
date: 2005/03/29 04:15:47;  author: eric_mcdonald;  state: Exp;  lines: +1 -1
Various and sundry improvements to the AI.
Specific focus on enabling AI use of manual change-type.
Also, allow ACP-less manual change-type.
Update games lib to account for the allowance of ACP-less manual change-type.
----------------------------
revision 1.5.2.3
date: 2005/03/27 03:51:24;  author: eric_mcdonald;  state: Exp;  lines: +5 -1
Various and sundry improvements to the AI.
Fix bug in backdrop model 0 scarce materials distribution.
----------------------------
revision 1.5.2.2
date: 2005/03/26 20:26:24;  author: eric_mcdonald;  state: Exp;  lines: +4 -1
Various and sundry improvements to the AI.
----------------------------
revision 1.5.2.1
date: 2005/03/06 20:45:59;  author: eric_mcdonald;  state: Exp;  lines: +1 -3
Hook scorekeeper analysis code into mplayer logic.
Fix a couple of minor bugs.
=============================================================================
