
RCS file: /cvsroot/xconq/xconq/kernel/aioprt.cc,v
Working file: aioprt.cc
head: 1.6
branch:
locks: strict
access list:
symbolic names:
	BPT_EMCDONALD_AI_16: 1.6
	BPT_EMCDONALD_AI_15: 1.6
	SS_7_5_0_0pre_0_20050612: 1.3
	BRANCH_MSKALA_IMF: 1.3.0.4
	BPT_MSKALA_IMF_3: 1.3
	BRANCH_MSKALA_SUPPLY: 1.3.0.2
	BPT_MSKALA_SUPPLY_12: 1.3
	BPT_EMCDONALD_AI_14: 1.3
	MPT_EMCDONALD_AI_7: 1.1.2.9
	BPT_EMCDONALD_AI_13: 1.2
	SS_7_5_0_0pre_0_20050501: 1.2
	BPT_EMCDONALD_AI_12: 1.2
	MPT_EMCDONALD_AI_6: 1.1.2.2
	BRANCH_EMCDONALD_AI: 1.1.0.2
keyword substitution: kv
total revisions: 21;	selected revisions: 21
description:
----------------------------
revision 1.6
date: 2005/07/10 13:28:37;  author: eric_mcdonald;  state: Exp;  lines: +0 -1
Update and extend image library.
Improvement of AI tactical response.
----------------------------
revision 1.5
date: 2005/07/02 20:14:22;  author: eric_mcdonald;  state: Exp;  lines: +188 -160
Fix bug in materials requirements checking.
Split out completion and repair evaluation in the AI.
Fix crashing bug in overwatch fire.
Update to Starfleet Battles game.
----------------------------
revision 1.4
date: 2005/06/20 02:04:49;  author: eric_mcdonald;  state: Exp;  lines: +4 -0
Fix construction-related bugs.
----------------------------
revision 1.3
date: 2005/06/06 03:03:45;  author: eric_mcdonald;  state: Exp;  lines: +644 -46
branches:  1.3.2;  1.3.4;
Merge from 'MPT_EMCDONALD_AI_6' to 'MPT_EMCDONALD_AI_7'.
----------------------------
revision 1.2
date: 2005/04/30 23:35:09;  author: eric_mcdonald;  state: Exp;  lines: +306 -0
Merge from 'MPT_EMCDONALD_AI_5' to 'MPT_EMCDONALD_AI_6'.
Many non-AI-related changes included in this merge.
----------------------------
revision 1.1
date: 2005/04/17 16:38:30;  author: eric_mcdonald;  state: dead;
branches:  1.1.2;
file aioprt.cc was initially added on branch BRANCH_EMCDONALD_AI.
----------------------------
revision 1.1.2.11
date: 2005/07/23 22:21:55;  author: eric_mcdonald;  state: Exp;  lines: +208 -74
Start improvement of AI tactical handler.
Fix combat awards bugs.
Fix crashing bugs.
Fix change type bug.
----------------------------
revision 1.1.2.10
date: 2005/07/10 15:42:51;  author: eric_mcdonald;  state: Exp;  lines: +192 -161
Merge in CVS trunk between 'BPT_EMCDONALD_AI_14' and 'BPT_EMCDONALD_AI_15'.
----------------------------
revision 1.1.2.9
date: 2005/06/06 01:23:10;  author: eric_mcdonald;  state: Exp;  lines: +8 -2
Allow create action to act as a build action.
Possibly fix "repair of healthy units" bug.
Rename 'unit-consumption-per-cp' for consistency.
More cleanup and archival of the games library.
----------------------------
revision 1.1.2.8
date: 2005/06/05 20:53:01;  author: eric_mcdonald;  state: Exp;  lines: +3 -5
Ensure that Tkconq and the generic UI code rebuild when AI files are changed.
Add support for autoconf assignment of "sizeof" macros.
Start to add support for making primitve integer types of known size.
Remove or disable more code associated with the colonization plan.
Improve colonization support in constructor oprole.
Prepare support for action masks.
Remove now-unused 'buildingdone' flag.
Delete remnants of special ACP-indep construction code.
----------------------------
revision 1.1.2.7
date: 2005/06/05 03:03:01;  author: eric_mcdonald;  state: Exp;  lines: +17 -4
Fix bugs in building and self-improvement.
Fix bug with Tkconq action-enablement in UI.
Make ACP-indep construction work correctly again.
Fix some (but not all) end-of-turn pauses.
----------------------------
revision 1.1.2.6
date: 2005/06/03 02:32:43;  author: eric_mcdonald;  state: Exp;  lines: +1 -1
Make creation and building ACP-less.
Rework build task.
Some more repair-related tests.
Improvement task management. Include support for enqueuing ops.
Fix crashing bug in SDL interface.
Fix apparent bug in net receive code.
Cleanup code.
----------------------------
revision 1.1.2.5
date: 2005/05/30 19:49:13;  author: eric_mcdonald;  state: Exp;  lines: +51 -32
Separate out AI header make dependencies.
Fix bugs in tooling checks.
New action result type.
Remove random plan, support plans, and other cruft from plan code.
Shuffle some more unmaintained games into bitrot archive.
Fix bug in Classic Xconq game and its children.
----------------------------
revision 1.1.2.4
date: 2005/05/29 22:32:27;  author: eric_mcdonald;  state: Exp;  lines: +172 -51
Implement new construction features.
Fix bugs in operational roles.
Fix bug in hp-recovery mechanism.
Improve construction AI.
Fix bugs related to change-type action.
----------------------------
revision 1.1.2.3
date: 2005/05/21 17:29:28;  author: eric_mcdonald;  state: Exp;  lines: +486 -45
Archive or delete some unmaintained games that do not work well.
Implement new construction and repair features.
Improve support for operational roles.
Add tatical-level calculations for AI.
Enhance materials consumption code.
----------------------------
revision 1.1.2.2
date: 2005/04/22 16:36:16;  author: eric_mcdonald;  state: Exp;  lines: +184 -76
Some experimental AI improvements.
Some proven-to-be-good AI improvements.
----------------------------
revision 1.1.2.1
date: 2005/04/17 16:38:30;  author: eric_mcdonald;  state: Exp;  lines: +198 -0
Continue laying foundation for more AI improvements.
----------------------------
revision 1.3.4.2
date: 2005/06/06 03:39:34;  author: eric_mcdonald;  state: Exp;  lines: +904 -0
Merged in all trunk changes between BPT_MSKALA_IMF_2 and BPT_MSKALA_IMF_3.
----------------------------
revision 1.3.4.1
date: 2005/06/06 03:03:45;  author: eric_mcdonald;  state: dead;  lines: +0 -904
file aioprt.cc was added on branch BRANCH_MSKALA_IMF on 2005-06-06 03:39:34 +0000
----------------------------
revision 1.3.2.2
date: 2005/06/06 03:18:20;  author: eric_mcdonald;  state: Exp;  lines: +904 -0
Merge in CVS trunk between 'BPT_MSKALA_SUPPLY_11' and 'BPT_MSKALA_SUPPLY_12'.
----------------------------
revision 1.3.2.1
date: 2005/06/06 03:03:45;  author: eric_mcdonald;  state: dead;  lines: +0 -904
file aioprt.cc was added on branch BRANCH_MSKALA_SUPPLY on 2005-06-06 03:18:20 +0000
=============================================================================
