
RCS file: /cvsroot/xconq/xconq/kernel/aioprt.h,v
Working file: aioprt.h
head: 1.3
branch:
locks: strict
access list:
symbolic names:
	BPT_EMCDONALD_AI_16: 1.3
	BPT_EMCDONALD_AI_15: 1.3
	SS_7_5_0_0pre_0_20050612: 1.3
	BRANCH_MSKALA_IMF: 1.3.0.4
	BPT_MSKALA_IMF_3: 1.3
	BRANCH_MSKALA_SUPPLY: 1.3.0.2
	BPT_MSKALA_SUPPLY_12: 1.3
	BPT_EMCDONALD_AI_14: 1.3
	MPT_EMCDONALD_AI_7: 1.1.2.4
	BPT_EMCDONALD_AI_13: 1.2
	SS_7_5_0_0pre_0_20050501: 1.2
	BPT_EMCDONALD_AI_12: 1.2
	MPT_EMCDONALD_AI_6: 1.1.2.2
	BRANCH_EMCDONALD_AI: 1.1.0.2
keyword substitution: kv
total revisions: 12;	selected revisions: 12
description:
----------------------------
revision 1.3
date: 2005/06/06 03:03:45;  author: eric_mcdonald;  state: Exp;  lines: +68 -25
branches:  1.3.2;  1.3.4;
Merge from 'MPT_EMCDONALD_AI_6' to 'MPT_EMCDONALD_AI_7'.
----------------------------
revision 1.2
date: 2005/04/30 23:35:09;  author: eric_mcdonald;  state: Exp;  lines: +111 -0
Merge from 'MPT_EMCDONALD_AI_5' to 'MPT_EMCDONALD_AI_6'.
Many non-AI-related changes included in this merge.
----------------------------
revision 1.1
date: 2005/04/17 16:38:30;  author: eric_mcdonald;  state: dead;
branches:  1.1.2;
file aioprt.h was initially added on branch BRANCH_EMCDONALD_AI.
----------------------------
revision 1.1.2.5
date: 2005/07/23 22:21:55;  author: eric_mcdonald;  state: Exp;  lines: +22 -5
Start improvement of AI tactical handler.
Fix combat awards bugs.
Fix crashing bugs.
Fix change type bug.
----------------------------
revision 1.1.2.4
date: 2005/05/29 22:32:27;  author: eric_mcdonald;  state: Exp;  lines: +22 -7
Implement new construction features.
Fix bugs in operational roles.
Fix bug in hp-recovery mechanism.
Improve construction AI.
Fix bugs related to change-type action.
----------------------------
revision 1.1.2.3
date: 2005/05/21 17:29:28;  author: eric_mcdonald;  state: Exp;  lines: +49 -21
Archive or delete some unmaintained games that do not work well.
Implement new construction and repair features.
Improve support for operational roles.
Add tatical-level calculations for AI.
Enhance materials consumption code.
----------------------------
revision 1.1.2.2
date: 2005/04/22 16:36:16;  author: eric_mcdonald;  state: Exp;  lines: +53 -41
Some experimental AI improvements.
Some proven-to-be-good AI improvements.
----------------------------
revision 1.1.2.1
date: 2005/04/17 16:38:30;  author: eric_mcdonald;  state: Exp;  lines: +99 -0
Continue laying foundation for more AI improvements.
----------------------------
revision 1.3.4.2
date: 2005/06/06 03:39:34;  author: eric_mcdonald;  state: Exp;  lines: +154 -0
Merged in all trunk changes between BPT_MSKALA_IMF_2 and BPT_MSKALA_IMF_3.
----------------------------
revision 1.3.4.1
date: 2005/06/06 03:03:45;  author: eric_mcdonald;  state: dead;  lines: +0 -154
file aioprt.h was added on branch BRANCH_MSKALA_IMF on 2005-06-06 03:39:34 +0000
----------------------------
revision 1.3.2.2
date: 2005/06/06 03:18:20;  author: eric_mcdonald;  state: Exp;  lines: +154 -0
Merge in CVS trunk between 'BPT_MSKALA_SUPPLY_11' and 'BPT_MSKALA_SUPPLY_12'.
----------------------------
revision 1.3.2.1
date: 2005/06/06 03:03:45;  author: eric_mcdonald;  state: dead;  lines: +0 -154
file aioprt.h was added on branch BRANCH_MSKALA_SUPPLY on 2005-06-06 03:18:20 +0000
=============================================================================
