
RCS file: /cvsroot/xconq/xconq/kernel/aiunit.cc,v
Working file: aiunit.cc
head: 1.7
branch:
locks: strict
access list:
symbolic names:
	BPT_EMCDONALD_AI_16: 1.7
	BPT_EMCDONALD_AI_15: 1.7
	SS_7_5_0_0pre_0_20050612: 1.6
	BRANCH_MSKALA_IMF: 1.6.0.2
	BPT_MSKALA_IMF_3: 1.6
	BPT_MSKALA_SUPPLY_12: 1.6
	BPT_EMCDONALD_AI_14: 1.6
	MPT_EMCDONALD_AI_7: 1.1.2.9
	BPT_EMCDONALD_AI_13: 1.5
	SS_7_5_0_0pre_0_20050501: 1.5
	BPT_EMCDONALD_AI_12: 1.5
	MPT_EMCDONALD_AI_6: 1.1.2.5
	BPT_EMCDONALD_AI_11: 1.5
	SS_7_5_0_0pre_0_20050416: 1.5
	BPT_EMCDONALD_AI_10: 1.5
	MPT_EMCDONALD_AI_5: 1.1.2.5
	BPT_EMCDONALD_AI_9: 1.4
	BPT_EMCDONALD_AI_8: 1.4
	MPT_EMCDONALD_AI_4: 1.1.2.4
	BPT_EMCDONALD_AI_7: 1.3
	MPT_EMCDONALD_AI_3: 1.1.2.3
	BPT_EMCDONALD_AI_6: 1.3
	BPT_MSKALA_SUPPLY_11: 1.3
	BPT_EMCDONALD_AI_5: 1.3
	MPT_EMCDONALD_AI_2: 1.1.2.3
	SS_7_5_0_0pre_0_20050322: 1.2
	BRANCH_MSKALA_SUPPLY: 1.2.0.2
	BPT_MSKALA_SUPPLY_10: 1.2
	BPT_EMCDONALD_AI_4: 1.2
	MPT_EMCDONALD_AI_1: 1.1.2.1
	BRANCH_EMCDONALD_AI: 1.1.0.2
keyword substitution: kv
total revisions: 22;	selected revisions: 22
description:
----------------------------
revision 1.7
date: 2005/07/10 13:28:37;  author: eric_mcdonald;  state: Exp;  lines: +89 -22
Update and extend image library.
Improvement of AI tactical response.
----------------------------
revision 1.6
date: 2005/06/06 03:03:45;  author: eric_mcdonald;  state: Exp;  lines: +156 -55
branches:  1.6.2;
Merge from 'MPT_EMCDONALD_AI_6' to 'MPT_EMCDONALD_AI_7'.
----------------------------
revision 1.5
date: 2005/04/16 01:17:11;  author: eric_mcdonald;  state: Exp;  lines: +228 -3
Merge from 'MPT_EMCDONALD_AI_4' to 'MPT_EMCDONALD_AI_5'.
----------------------------
revision 1.4
date: 2005/04/05 01:53:38;  author: eric_mcdonald;  state: Exp;  lines: +42 -0
Merge from 'MPT_EMCDONALD_AI_3' to 'MPT_EMCDONALD_AI_4'.
----------------------------
revision 1.3
date: 2005/03/28 03:56:50;  author: eric_mcdonald;  state: Exp;  lines: +12 -1
Merge from 'MPT_EMCDONALD_AI_1' to 'MPT_EMCDONALD_AI_2'.
----------------------------
revision 1.2
date: 2005/03/21 03:42:07;  author: eric_mcdonald;  state: Exp;  lines: +1120 -0
branches:  1.2.2;
Merge from root of 'BRANCH_EMCDONALD_AI' to 'MPT_EMCDONALD_AI_1'.
----------------------------
revision 1.1
date: 2005/03/21 03:19:39;  author: eric_mcdonald;  state: dead;
branches:  1.1.2;
file aiunit.cc was initially added on branch BRANCH_EMCDONALD_AI.
----------------------------
revision 1.1.2.10
date: 2005/07/10 15:42:51;  author: eric_mcdonald;  state: Exp;  lines: +89 -22
Merge in CVS trunk between 'BPT_EMCDONALD_AI_14' and 'BPT_EMCDONALD_AI_15'.
----------------------------
revision 1.1.2.9
date: 2005/06/03 02:32:43;  author: eric_mcdonald;  state: Exp;  lines: +26 -0
Make creation and building ACP-less.
Rework build task.
Some more repair-related tests.
Improvement task management. Include support for enqueuing ops.
Fix crashing bug in SDL interface.
Fix apparent bug in net receive code.
Cleanup code.
----------------------------
revision 1.1.2.8
date: 2005/05/30 19:49:13;  author: eric_mcdonald;  state: Exp;  lines: +12 -12
Separate out AI header make dependencies.
Fix bugs in tooling checks.
New action result type.
Remove random plan, support plans, and other cruft from plan code.
Shuffle some more unmaintained games into bitrot archive.
Fix bug in Classic Xconq game and its children.
----------------------------
revision 1.1.2.7
date: 2005/05/29 22:32:27;  author: eric_mcdonald;  state: Exp;  lines: +128 -53
Implement new construction features.
Fix bugs in operational roles.
Fix bug in hp-recovery mechanism.
Improve construction AI.
Fix bugs related to change-type action.
----------------------------
revision 1.1.2.6
date: 2005/05/21 17:29:29;  author: eric_mcdonald;  state: Exp;  lines: +1 -1
Archive or delete some unmaintained games that do not work well.
Implement new construction and repair features.
Improve support for operational roles.
Add tatical-level calculations for AI.
Enhance materials consumption code.
----------------------------
revision 1.1.2.5
date: 2005/04/13 01:55:20;  author: eric_mcdonald;  state: Exp;  lines: +228 -3
More treasury-checking functions.
Many AI tweaks, plus foundation for further enhancements.
Fix bug in my earlier bugfix in the economy code.
----------------------------
revision 1.1.2.4
date: 2005/04/04 02:44:54;  author: eric_mcdonald;  state: Exp;  lines: +42 -0
Fix crashing bug in unit creation code.
Various and sundry AI improvements.
----------------------------
revision 1.1.2.3
date: 2005/03/28 03:39:27;  author: eric_mcdonald;  state: Exp;  lines: +1 -1
Various and sundry improvements to the AI.
Improve the Advances game.
----------------------------
revision 1.1.2.2
date: 2005/03/26 20:26:24;  author: eric_mcdonald;  state: Exp;  lines: +11 -0
Various and sundry improvements to the AI.
----------------------------
revision 1.1.2.1
date: 2005/03/21 03:19:39;  author: eric_mcdonald;  state: Exp;  lines: +1120 -0
Merge in CVS trunk between 'BPT_EMCDONALD_AI_1' and 'BPT_EMCDONALD_AI_3'.
Add new unit analysis capabilities to AI.
Implement a plan-decision lottery. (Still needs work.)
Break out common, useful parts of kernel action-checking code.
Provide a normalization macro.
Fix bug with quoted encounter lists.
----------------------------
revision 1.2.2.3
date: 2005/06/06 03:18:20;  author: eric_mcdonald;  state: Exp;  lines: +402 -34
Merge in CVS trunk between 'BPT_MSKALA_SUPPLY_11' and 'BPT_MSKALA_SUPPLY_12'.
----------------------------
revision 1.2.2.2
date: 2005/03/28 04:17:54;  author: eric_mcdonald;  state: Exp;  lines: +12 -1
Merge in CVS trunk between 'BPT_MSKALA_SUPPLY_10' and 'BPT_MSKALA_SUPPLY_11'.
----------------------------
revision 1.2.2.1
date: 2005/03/21 03:58:08;  author: eric_mcdonald;  state: Exp;  lines: +0 -0
Merge in CVS trunk between 'BPT_MSKALA_SUPPLY_9' and 'BPT_MSKALA_SUPPLY_10'.
----------------------------
revision 1.6.2.2
date: 2005/06/06 03:39:34;  author: eric_mcdonald;  state: Exp;  lines: +1499 -0
Merged in all trunk changes between BPT_MSKALA_IMF_2 and BPT_MSKALA_IMF_3.
----------------------------
revision 1.6.2.1
date: 2005/06/06 03:03:45;  author: eric_mcdonald;  state: dead;  lines: +0 -1499
file aiunit.cc was added on branch BRANCH_MSKALA_IMF on 2005-06-06 03:39:34 +0000
=============================================================================
