
RCS file: /cvsroot/xconq/xconq/kernel/aiunit2.h,v
Working file: aiunit2.h
head: 1.6
branch:
locks: strict
access list:
symbolic names:
	BPT_EMCDONALD_AI_16: 1.6
	BPT_EMCDONALD_AI_15: 1.6
	SS_7_5_0_0pre_0_20050612: 1.5
	BRANCH_MSKALA_IMF: 1.5.0.2
	BPT_MSKALA_IMF_3: 1.5
	BPT_MSKALA_SUPPLY_12: 1.5
	BPT_EMCDONALD_AI_14: 1.5
	MPT_EMCDONALD_AI_7: 1.1.2.7
	BPT_EMCDONALD_AI_13: 1.4
	SS_7_5_0_0pre_0_20050501: 1.4
	BPT_EMCDONALD_AI_12: 1.4
	MPT_EMCDONALD_AI_6: 1.1.2.4
	BPT_EMCDONALD_AI_11: 1.4
	SS_7_5_0_0pre_0_20050416: 1.4
	BPT_EMCDONALD_AI_10: 1.4
	MPT_EMCDONALD_AI_5: 1.1.2.4
	BPT_EMCDONALD_AI_9: 1.3
	BPT_EMCDONALD_AI_8: 1.3
	MPT_EMCDONALD_AI_4: 1.1.2.3
	BPT_EMCDONALD_AI_7: 1.2
	MPT_EMCDONALD_AI_3: 1.1.2.2
	BPT_EMCDONALD_AI_6: 1.2
	BRANCH_MSKALA_SUPPLY: 1.2.0.2
	BPT_MSKALA_SUPPLY_11: 1.2
	BPT_EMCDONALD_AI_5: 1.2
	MPT_EMCDONALD_AI_2: 1.1.2.2
	BRANCH_EMCDONALD_AI: 1.1.0.2
keyword substitution: kv
total revisions: 19;	selected revisions: 19
description:
----------------------------
revision 1.6
date: 2005/07/10 13:28:37;  author: eric_mcdonald;  state: Exp;  lines: +91 -0
Update and extend image library.
Improvement of AI tactical response.
----------------------------
revision 1.5
date: 2005/06/06 03:03:45;  author: eric_mcdonald;  state: Exp;  lines: +38 -0
branches:  1.5.2;
Merge from 'MPT_EMCDONALD_AI_6' to 'MPT_EMCDONALD_AI_7'.
----------------------------
revision 1.4
date: 2005/04/16 01:17:11;  author: eric_mcdonald;  state: Exp;  lines: +82 -2
Merge from 'MPT_EMCDONALD_AI_4' to 'MPT_EMCDONALD_AI_5'.
----------------------------
revision 1.3
date: 2005/04/05 01:53:38;  author: eric_mcdonald;  state: Exp;  lines: +14 -0
Merge from 'MPT_EMCDONALD_AI_3' to 'MPT_EMCDONALD_AI_4'.
----------------------------
revision 1.2
date: 2005/03/28 03:56:50;  author: eric_mcdonald;  state: Exp;  lines: +62 -0
branches:  1.2.2;
Merge from 'MPT_EMCDONALD_AI_1' to 'MPT_EMCDONALD_AI_2'.
----------------------------
revision 1.1
date: 2005/03/26 20:28:09;  author: eric_mcdonald;  state: dead;
branches:  1.1.2;
file aiunit2.h was initially added on branch BRANCH_EMCDONALD_AI.
----------------------------
revision 1.1.2.9
date: 2005/07/23 22:21:55;  author: eric_mcdonald;  state: Exp;  lines: +66 -0
Start improvement of AI tactical handler.
Fix combat awards bugs.
Fix crashing bugs.
Fix change type bug.
----------------------------
revision 1.1.2.8
date: 2005/07/10 15:42:51;  author: eric_mcdonald;  state: Exp;  lines: +91 -0
Merge in CVS trunk between 'BPT_EMCDONALD_AI_14' and 'BPT_EMCDONALD_AI_15'.
----------------------------
revision 1.1.2.7
date: 2005/06/05 20:53:01;  author: eric_mcdonald;  state: Exp;  lines: +6 -0
Ensure that Tkconq and the generic UI code rebuild when AI files are changed.
Add support for autoconf assignment of "sizeof" macros.
Start to add support for making primitve integer types of known size.
Remove or disable more code associated with the colonization plan.
Improve colonization support in constructor oprole.
Prepare support for action masks.
Remove now-unused 'buildingdone' flag.
Delete remnants of special ACP-indep construction code.
----------------------------
revision 1.1.2.6
date: 2005/05/29 22:32:27;  author: eric_mcdonald;  state: Exp;  lines: +13 -0
Implement new construction features.
Fix bugs in operational roles.
Fix bug in hp-recovery mechanism.
Improve construction AI.
Fix bugs related to change-type action.
----------------------------
revision 1.1.2.5
date: 2005/05/21 17:29:29;  author: eric_mcdonald;  state: Exp;  lines: +19 -0
Archive or delete some unmaintained games that do not work well.
Implement new construction and repair features.
Improve support for operational roles.
Add tatical-level calculations for AI.
Enhance materials consumption code.
----------------------------
revision 1.1.2.4
date: 2005/04/13 01:55:20;  author: eric_mcdonald;  state: Exp;  lines: +82 -2
More treasury-checking functions.
Many AI tweaks, plus foundation for further enhancements.
Fix bug in my earlier bugfix in the economy code.
----------------------------
revision 1.1.2.3
date: 2005/04/04 02:44:55;  author: eric_mcdonald;  state: Exp;  lines: +14 -0
Fix crashing bug in unit creation code.
Various and sundry AI improvements.
----------------------------
revision 1.1.2.2
date: 2005/03/27 03:51:24;  author: eric_mcdonald;  state: Exp;  lines: +16 -0
Various and sundry improvements to the AI.
Fix bug in backdrop model 0 scarce materials distribution.
----------------------------
revision 1.1.2.1
date: 2005/03/26 20:28:09;  author: eric_mcdonald;  state: Exp;  lines: +46 -0
New files for AI utype/unit worth functions.
----------------------------
revision 1.2.2.2
date: 2005/06/06 03:18:20;  author: eric_mcdonald;  state: Exp;  lines: +134 -2
Merge in CVS trunk between 'BPT_MSKALA_SUPPLY_11' and 'BPT_MSKALA_SUPPLY_12'.
----------------------------
revision 1.2.2.1
date: 2005/03/28 04:17:55;  author: eric_mcdonald;  state: Exp;  lines: +0 -0
Merge in CVS trunk between 'BPT_MSKALA_SUPPLY_10' and 'BPT_MSKALA_SUPPLY_11'.
----------------------------
revision 1.5.2.2
date: 2005/06/06 03:39:34;  author: eric_mcdonald;  state: Exp;  lines: +194 -0
Merged in all trunk changes between BPT_MSKALA_IMF_2 and BPT_MSKALA_IMF_3.
----------------------------
revision 1.5.2.1
date: 2005/06/06 03:03:45;  author: eric_mcdonald;  state: dead;  lines: +0 -194
file aiunit2.h was added on branch BRANCH_MSKALA_IMF on 2005-06-06 03:39:34 +0000
=============================================================================
