
RCS file: /cvsroot/xconq/xconq/kernel/aiunit2.cc,v
Working file: aiunit2.cc
head: 1.7
branch:
locks: strict
access list:
symbolic names:
	BPT_EMCDONALD_AI_16: 1.7
	BPT_EMCDONALD_AI_15: 1.7
	SS_7_5_0_0pre_0_20050612: 1.6
	BRANCH_MSKALA_IMF: 1.5.0.2
	BPT_MSKALA_IMF_3: 1.5
	BPT_MSKALA_SUPPLY_12: 1.5
	BPT_EMCDONALD_AI_14: 1.5
	MPT_EMCDONALD_AI_7: 1.1.2.10
	BPT_EMCDONALD_AI_13: 1.4
	SS_7_5_0_0pre_0_20050501: 1.4
	BPT_EMCDONALD_AI_12: 1.4
	MPT_EMCDONALD_AI_6: 1.1.2.6
	BPT_EMCDONALD_AI_11: 1.4
	SS_7_5_0_0pre_0_20050416: 1.4
	BPT_EMCDONALD_AI_10: 1.4
	MPT_EMCDONALD_AI_5: 1.1.2.6
	BPT_EMCDONALD_AI_9: 1.3
	BPT_EMCDONALD_AI_8: 1.3
	MPT_EMCDONALD_AI_4: 1.1.2.5
	BPT_EMCDONALD_AI_7: 1.2
	MPT_EMCDONALD_AI_3: 1.1.2.3
	BPT_EMCDONALD_AI_6: 1.2
	BRANCH_MSKALA_SUPPLY: 1.2.0.2
	BPT_MSKALA_SUPPLY_11: 1.2
	BPT_EMCDONALD_AI_5: 1.2
	MPT_EMCDONALD_AI_2: 1.1.2.3
	BRANCH_EMCDONALD_AI: 1.1.0.2
keyword substitution: kv
total revisions: 23;	selected revisions: 23
description:
----------------------------
revision 1.7
date: 2005/07/10 13:28:37;  author: eric_mcdonald;  state: Exp;  lines: +751 -8
Update and extend image library.
Improvement of AI tactical response.
----------------------------
revision 1.6
date: 2005/06/07 02:46:21;  author: eric_mcdonald;  state: Exp;  lines: +6 -0
Fix colonizer-doesn't-garrision-anymore bug.
Add test for merge "action" to AI.
----------------------------
revision 1.5
date: 2005/06/06 03:03:45;  author: eric_mcdonald;  state: Exp;  lines: +398 -23
branches:  1.5.2;
Merge from 'MPT_EMCDONALD_AI_6' to 'MPT_EMCDONALD_AI_7'.
----------------------------
revision 1.4
date: 2005/04/16 01:17:11;  author: eric_mcdonald;  state: Exp;  lines: +532 -8
Merge from 'MPT_EMCDONALD_AI_4' to 'MPT_EMCDONALD_AI_5'.
----------------------------
revision 1.3
date: 2005/04/05 01:53:38;  author: eric_mcdonald;  state: Exp;  lines: +163 -3
Merge from 'MPT_EMCDONALD_AI_3' to 'MPT_EMCDONALD_AI_4'.
----------------------------
revision 1.2
date: 2005/03/28 03:56:50;  author: eric_mcdonald;  state: Exp;  lines: +464 -0
branches:  1.2.2;
Merge from 'MPT_EMCDONALD_AI_1' to 'MPT_EMCDONALD_AI_2'.
----------------------------
revision 1.1
date: 2005/03/26 20:28:09;  author: eric_mcdonald;  state: dead;
branches:  1.1.2;
file aiunit2.cc was initially added on branch BRANCH_EMCDONALD_AI.
----------------------------
revision 1.1.2.12
date: 2005/07/23 22:21:55;  author: eric_mcdonald;  state: Exp;  lines: +339 -9
Start improvement of AI tactical handler.
Fix combat awards bugs.
Fix crashing bugs.
Fix change type bug.
----------------------------
revision 1.1.2.11
date: 2005/07/10 15:42:51;  author: eric_mcdonald;  state: Exp;  lines: +757 -8
Merge in CVS trunk between 'BPT_EMCDONALD_AI_14' and 'BPT_EMCDONALD_AI_15'.
----------------------------
revision 1.1.2.10
date: 2005/06/05 20:53:01;  author: eric_mcdonald;  state: Exp;  lines: +41 -1
Ensure that Tkconq and the generic UI code rebuild when AI files are changed.
Add support for autoconf assignment of "sizeof" macros.
Start to add support for making primitve integer types of known size.
Remove or disable more code associated with the colonization plan.
Improve colonization support in constructor oprole.
Prepare support for action masks.
Remove now-unused 'buildingdone' flag.
Delete remnants of special ACP-indep construction code.
----------------------------
revision 1.1.2.9
date: 2005/06/05 03:03:01;  author: eric_mcdonald;  state: Exp;  lines: +15 -7
Fix bugs in building and self-improvement.
Fix bug with Tkconq action-enablement in UI.
Make ACP-indep construction work correctly again.
Fix some (but not all) end-of-turn pauses.
----------------------------
revision 1.1.2.8
date: 2005/05/29 22:32:27;  author: eric_mcdonald;  state: Exp;  lines: +147 -35
Implement new construction features.
Fix bugs in operational roles.
Fix bug in hp-recovery mechanism.
Improve construction AI.
Fix bugs related to change-type action.
----------------------------
revision 1.1.2.7
date: 2005/05/21 17:29:29;  author: eric_mcdonald;  state: Exp;  lines: +220 -5
Archive or delete some unmaintained games that do not work well.
Implement new construction and repair features.
Improve support for operational roles.
Add tatical-level calculations for AI.
Enhance materials consumption code.
----------------------------
revision 1.1.2.6
date: 2005/04/13 01:55:20;  author: eric_mcdonald;  state: Exp;  lines: +532 -8
More treasury-checking functions.
Many AI tweaks, plus foundation for further enhancements.
Fix bug in my earlier bugfix in the economy code.
----------------------------
revision 1.1.2.5
date: 2005/04/04 02:44:55;  author: eric_mcdonald;  state: Exp;  lines: +163 -1
Fix crashing bug in unit creation code.
Various and sundry AI improvements.
----------------------------
revision 1.1.2.4
date: 2005/04/02 17:58:29;  author: eric_mcdonald;  state: Exp;  lines: +0 -2
Fix crashing bug in explorer worths.
Update for Opal Rules game. (From Elijah.)
----------------------------
revision 1.1.2.3
date: 2005/03/28 03:39:27;  author: eric_mcdonald;  state: Exp;  lines: +1 -1
Various and sundry improvements to the AI.
Improve the Advances game.
----------------------------
revision 1.1.2.2
date: 2005/03/27 03:51:24;  author: eric_mcdonald;  state: Exp;  lines: +165 -0
Various and sundry improvements to the AI.
Fix bug in backdrop model 0 scarce materials distribution.
----------------------------
revision 1.1.2.1
date: 2005/03/26 20:28:09;  author: eric_mcdonald;  state: Exp;  lines: +299 -0
New files for AI utype/unit worth functions.
----------------------------
revision 1.2.2.2
date: 2005/06/06 03:18:20;  author: eric_mcdonald;  state: Exp;  lines: +1076 -17
Merge in CVS trunk between 'BPT_MSKALA_SUPPLY_11' and 'BPT_MSKALA_SUPPLY_12'.
----------------------------
revision 1.2.2.1
date: 2005/03/28 04:17:55;  author: eric_mcdonald;  state: Exp;  lines: +0 -0
Merge in CVS trunk between 'BPT_MSKALA_SUPPLY_10' and 'BPT_MSKALA_SUPPLY_11'.
----------------------------
revision 1.5.2.2
date: 2005/06/06 03:39:34;  author: eric_mcdonald;  state: Exp;  lines: +1523 -0
Merged in all trunk changes between BPT_MSKALA_IMF_2 and BPT_MSKALA_IMF_3.
----------------------------
revision 1.5.2.1
date: 2005/06/06 03:03:45;  author: eric_mcdonald;  state: dead;  lines: +0 -1523
file aiunit2.cc was added on branch BRANCH_MSKALA_IMF on 2005-06-06 03:39:34 +0000
=============================================================================
