
RCS file: /cvsroot/xconq/xconq/kernel/aiutil.h,v
Working file: aiutil.h
head: 1.5
branch:
locks: strict
access list:
symbolic names:
	BPT_EMCDONALD_AI_16: 1.5
	BPT_EMCDONALD_AI_15: 1.5
	SS_7_5_0_0pre_0_20050612: 1.3
	BPT_MSKALA_IMF_3: 1.3
	BPT_MSKALA_SUPPLY_12: 1.3
	BPT_EMCDONALD_AI_14: 1.3
	MPT_EMCDONALD_AI_7: 1.2.6.1
	BPT_EMCDONALD_AI_13: 1.3
	SS_7_5_0_0pre_0_20050501: 1.3
	BPT_EMCDONALD_AI_12: 1.3
	MPT_EMCDONALD_AI_6: 1.2.6.1
	BPT_EMCDONALD_AI_11: 1.3
	SS_7_5_0_0pre_0_20050416: 1.3
	BPT_EMCDONALD_AI_10: 1.3
	MPT_EMCDONALD_AI_5: 1.2.6.1
	BPT_EMCDONALD_AI_9: 1.3
	BPT_EMCDONALD_AI_8: 1.3
	MPT_EMCDONALD_AI_4: 1.2.6.1
	BPT_EMCDONALD_AI_7: 1.3
	MPT_EMCDONALD_AI_3: 1.2.6.1
	BPT_EMCDONALD_AI_6: 1.3
	BPT_MSKALA_SUPPLY_11: 1.3
	BPT_EMCDONALD_AI_5: 1.3
	MPT_EMCDONALD_AI_2: 1.2.6.1
	SS_7_5_0_0pre_0_20050322: 1.3
	BPT_MSKALA_SUPPLY_10: 1.3
	BPT_EMCDONALD_AI_4: 1.3
	MPT_EMCDONALD_AI_1: 1.2.6.1
	BPT_EMCDONALD_AI_3: 1.2
	BPT_MSKALA_SUPPLY_9: 1.2
	MPT_MSKALA_SUPPLY_3: 1.2
	BPT_EMCDONALD_AI_2: 1.2
	BPT_MSKALA_SUPPLY_8: 1.2
	MPT_MSKALA_SUPPLY_2: 1.2
	BPT_MSKALA_SUPPLY_7: 1.2
	BRANCH_EMCDONALD_AI: 1.2.0.6
	BPT_EMCDONALD_AI_1: 1.2
	BPT_MSKALA_SUPPLY_6: 1.2
	SS_7_5_0_0pre_0_20050225: 1.2
	BPT_MSKALA_SUPPLY_5: 1.2
	MPT_MSKALA_SUPPLY_1: 1.2
	BPT_MSKALA_SUPPLY_4: 1.2
	BPT_MSKALA_SUPPLY_3: 1.2
	BPT_MSKALA_SUPPLY_2: 1.2
	SS_7_5_0_0pre_0_20050208: 1.2
	BPT_MSKALA_IMF_2: 1.2
	BRANCH_MSKALA_SUPPLY: 1.2.0.4
	BPT_MSKALA_SUPPLY_1: 1.2
	SS_7_5_0_0pre_0_20050117: 1.2
	SS_7_5_0_0pre_0_20050108: 1.2
	SS_7_5_0_0pre_0_20041228: 1.2
	BRANCH_MSKALA_IMF: 1.2.0.2
	BPT_MSKALA_IMF_1: 1.2
	SS_7_5_0_0pre_0_20041211: 1.2
	SS_7_5_0_0pre_0_20041126: 1.1.1.1
	GENESIS: 1.1.1.1
	PRIVATE_TREE_1: 1.1.1
keyword substitution: kv
total revisions: 10;	selected revisions: 10
description:
----------------------------
revision 1.5
date: 2005/07/10 13:28:37;  author: eric_mcdonald;  state: Exp;  lines: +0 -2
Update and extend image library.
Improvement of AI tactical response.
----------------------------
revision 1.4
date: 2005/06/18 23:50:07;  author: eric_mcdonald;  state: Exp;  lines: +0 -4
Alter the way dice specs work.
Honor dice specs for unit explosion damage.
Move another game to the bitrot archive.
----------------------------
revision 1.3
date: 2005/03/21 03:42:07;  author: eric_mcdonald;  state: Exp;  lines: +0 -4
Merge from root of 'BRANCH_EMCDONALD_AI' to 'MPT_EMCDONALD_AI_1'.
----------------------------
revision 1.2
date: 2004/12/04 22:24:00;  author: eric_mcdonald;  state: Exp;  lines: +5 -10
branches:  1.2.2;  1.2.4;  1.2.6;
Fix building of KWIC pogram with C++ compiler.
Refine and expand "parambox" system for search functions that take predicates.
Two new versions of 'search_around' that use paramboxen.
Begin a namespace for Xconq vars outside of function scope.
Revise 'see_cell' code. (NOTE: This is not perfected yet.)
Fix to 3rd Age game. (Thanks to Kevin O'Gorman for reporting the bug.)
----------------------------
revision 1.1
date: 2004/11/21 03:01:03;  author: eric_mcdonald;  state: Exp;
branches:  1.1.1;
Initial revision
----------------------------
revision 1.1.1.1
date: 2004/11/21 03:01:03;  author: eric_mcdonald;  state: Exp;  lines: +0 -0
Initial import from private repo into SF repo.
----------------------------
revision 1.2.6.2
date: 2005/07/10 15:42:51;  author: eric_mcdonald;  state: Exp;  lines: +0 -6
Merge in CVS trunk between 'BPT_EMCDONALD_AI_14' and 'BPT_EMCDONALD_AI_15'.
----------------------------
revision 1.2.6.1
date: 2005/03/21 03:19:39;  author: eric_mcdonald;  state: Exp;  lines: +0 -4
Merge in CVS trunk between 'BPT_EMCDONALD_AI_1' and 'BPT_EMCDONALD_AI_3'.
Add new unit analysis capabilities to AI.
Implement a plan-decision lottery. (Still needs work.)
Break out common, useful parts of kernel action-checking code.
Provide a normalization macro.
Fix bug with quoted encounter lists.
----------------------------
revision 1.2.4.1
date: 2005/03/21 03:58:08;  author: eric_mcdonald;  state: Exp;  lines: +0 -4
Merge in CVS trunk between 'BPT_MSKALA_SUPPLY_9' and 'BPT_MSKALA_SUPPLY_10'.
----------------------------
revision 1.2.2.1
date: 2005/06/06 03:39:34;  author: eric_mcdonald;  state: Exp;  lines: +0 -4
Merged in all trunk changes between BPT_MSKALA_IMF_2 and BPT_MSKALA_IMF_3.
=============================================================================
