
RCS file: /cvsroot/xconq/xconq/kernel/cmdline.c,v
Working file: cmdline.c
head: 1.2
branch:
locks: strict
access list:
symbolic names:
	BPT_EMCDONALD_AI_16: 1.2
	BPT_EMCDONALD_AI_15: 1.2
	SS_7_5_0_0pre_0_20050612: 1.2
	BPT_MSKALA_IMF_3: 1.2
	BPT_MSKALA_SUPPLY_12: 1.2
	BPT_EMCDONALD_AI_14: 1.2
	MPT_EMCDONALD_AI_7: 1.1.1.1.6.1
	BPT_EMCDONALD_AI_13: 1.2
	SS_7_5_0_0pre_0_20050501: 1.2
	BPT_EMCDONALD_AI_12: 1.2
	MPT_EMCDONALD_AI_6: 1.1.1.1.6.1
	BPT_EMCDONALD_AI_11: 1.2
	SS_7_5_0_0pre_0_20050416: 1.2
	BPT_EMCDONALD_AI_10: 1.2
	MPT_EMCDONALD_AI_5: 1.1.1.1.6.1
	BPT_EMCDONALD_AI_9: 1.2
	BPT_EMCDONALD_AI_8: 1.2
	MPT_EMCDONALD_AI_4: 1.1.1.1.6.1
	BPT_EMCDONALD_AI_7: 1.2
	MPT_EMCDONALD_AI_3: 1.1.1.1.6.1
	BPT_EMCDONALD_AI_6: 1.2
	BPT_MSKALA_SUPPLY_11: 1.2
	BPT_EMCDONALD_AI_5: 1.2
	MPT_EMCDONALD_AI_2: 1.1.1.1.6.1
	SS_7_5_0_0pre_0_20050322: 1.2
	BPT_MSKALA_SUPPLY_10: 1.2
	BPT_EMCDONALD_AI_4: 1.2
	MPT_EMCDONALD_AI_1: 1.1.1.1.6.1
	BPT_EMCDONALD_AI_3: 1.2
	BPT_MSKALA_SUPPLY_9: 1.2
	MPT_MSKALA_SUPPLY_3: 1.1.1.1.4.1
	BPT_EMCDONALD_AI_2: 1.2
	BPT_MSKALA_SUPPLY_8: 1.2
	MPT_MSKALA_SUPPLY_2: 1.1.1.1.4.1
	BPT_MSKALA_SUPPLY_7: 1.2
	BRANCH_EMCDONALD_AI: 1.1.1.1.0.6
	BPT_EMCDONALD_AI_1: 1.1.1.1
	BPT_MSKALA_SUPPLY_6: 1.1.1.1
	SS_7_5_0_0pre_0_20050225: 1.1.1.1
	BPT_MSKALA_SUPPLY_5: 1.1.1.1
	MPT_MSKALA_SUPPLY_1: 1.1.1.1
	BPT_MSKALA_SUPPLY_4: 1.1.1.1
	BPT_MSKALA_SUPPLY_3: 1.1.1.1
	BPT_MSKALA_SUPPLY_2: 1.1.1.1
	SS_7_5_0_0pre_0_20050208: 1.1.1.1
	BPT_MSKALA_IMF_2: 1.1.1.1
	BRANCH_MSKALA_SUPPLY: 1.1.1.1.0.4
	BPT_MSKALA_SUPPLY_1: 1.1.1.1
	SS_7_5_0_0pre_0_20050117: 1.1.1.1
	SS_7_5_0_0pre_0_20050108: 1.1.1.1
	SS_7_5_0_0pre_0_20041228: 1.1.1.1
	BRANCH_MSKALA_IMF: 1.1.1.1.0.2
	BPT_MSKALA_IMF_1: 1.1.1.1
	SS_7_5_0_0pre_0_20041211: 1.1.1.1
	SS_7_5_0_0pre_0_20041126: 1.1.1.1
	GENESIS: 1.1.1.1
	PRIVATE_TREE_1: 1.1.1
keyword substitution: kv
total revisions: 6;	selected revisions: 6
description:
----------------------------
revision 1.2
date: 2005/03/12 03:12:20;  author: eric_mcdonald;  state: Exp;  lines: +2 -1
Fix crashing bug with restored games that have only one side.
Partially fix a bug with the scaling of connections.
Fix crashing bugs with uviews that have no associated images.
----------------------------
revision 1.1
date: 2004/11/21 03:01:03;  author: eric_mcdonald;  state: Exp;
branches:  1.1.1;
Initial revision
----------------------------
revision 1.1.1.1
date: 2004/11/21 03:01:03;  author: eric_mcdonald;  state: Exp;  lines: +0 -0
branches:  1.1.1.1.2;  1.1.1.1.4;  1.1.1.1.6;
Initial import from private repo into SF repo.
----------------------------
revision 1.1.1.1.6.1
date: 2005/03/21 03:19:39;  author: eric_mcdonald;  state: Exp;  lines: +2 -1
Merge in CVS trunk between 'BPT_EMCDONALD_AI_1' and 'BPT_EMCDONALD_AI_3'.
Add new unit analysis capabilities to AI.
Implement a plan-decision lottery. (Still needs work.)
Break out common, useful parts of kernel action-checking code.
Provide a normalization macro.
Fix bug with quoted encounter lists.
----------------------------
revision 1.1.1.1.4.1
date: 2005/03/14 01:12:28;  author: eric_mcdonald;  state: Exp;  lines: +2 -1
Merge in CVS trunk between 'BPT_MSKALA_SUPPLY_6' and 'BPT_MSKALA_SUPPLY_7'.
----------------------------
revision 1.1.1.1.2.1
date: 2005/06/06 03:39:34;  author: eric_mcdonald;  state: Exp;  lines: +2 -1
Merged in all trunk changes between BPT_MSKALA_IMF_2 and BPT_MSKALA_IMF_3.
=============================================================================
