
RCS file: /cvsroot/xconq/xconq/kernel/combat.c,v
Working file: combat.c
head: 1.11
branch:
locks: strict
access list:
symbolic names:
	BPT_EMCDONALD_AI_16: 1.11
	BPT_EMCDONALD_AI_15: 1.11
	SS_7_5_0_0pre_0_20050612: 1.7
	BPT_MSKALA_IMF_3: 1.7
	BPT_MSKALA_SUPPLY_12: 1.7
	BPT_EMCDONALD_AI_14: 1.7
	MPT_EMCDONALD_AI_7: 1.3.2.6
	BPT_EMCDONALD_AI_13: 1.7
	SS_7_5_0_0pre_0_20050501: 1.7
	BPT_EMCDONALD_AI_12: 1.7
	MPT_EMCDONALD_AI_6: 1.3.2.6
	BPT_EMCDONALD_AI_11: 1.6
	SS_7_5_0_0pre_0_20050416: 1.6
	BPT_EMCDONALD_AI_10: 1.6
	MPT_EMCDONALD_AI_5: 1.3.2.3
	BPT_EMCDONALD_AI_9: 1.5
	BPT_EMCDONALD_AI_8: 1.4
	MPT_EMCDONALD_AI_4: 1.3.2.1
	BPT_EMCDONALD_AI_7: 1.4
	MPT_EMCDONALD_AI_3: 1.3.2.1
	BPT_EMCDONALD_AI_6: 1.4
	BPT_MSKALA_SUPPLY_11: 1.4
	BPT_EMCDONALD_AI_5: 1.4
	MPT_EMCDONALD_AI_2: 1.3.2.1
	SS_7_5_0_0pre_0_20050322: 1.4
	BPT_MSKALA_SUPPLY_10: 1.4
	BPT_EMCDONALD_AI_4: 1.4
	MPT_EMCDONALD_AI_1: 1.3.2.1
	BPT_EMCDONALD_AI_3: 1.3
	BPT_MSKALA_SUPPLY_9: 1.3
	MPT_MSKALA_SUPPLY_3: 1.2.2.1
	BPT_EMCDONALD_AI_2: 1.3
	BPT_MSKALA_SUPPLY_8: 1.3
	MPT_MSKALA_SUPPLY_2: 1.2.2.1
	BPT_MSKALA_SUPPLY_7: 1.3
	BRANCH_EMCDONALD_AI: 1.3.0.2
	BPT_EMCDONALD_AI_1: 1.3
	BPT_MSKALA_SUPPLY_6: 1.3
	SS_7_5_0_0pre_0_20050225: 1.3
	BPT_MSKALA_SUPPLY_5: 1.3
	MPT_MSKALA_SUPPLY_1: 1.2.2.1
	BPT_MSKALA_SUPPLY_4: 1.3
	BPT_MSKALA_SUPPLY_3: 1.3
	BPT_MSKALA_SUPPLY_2: 1.2
	SS_7_5_0_0pre_0_20050208: 1.2
	BPT_MSKALA_IMF_2: 1.2
	BRANCH_MSKALA_SUPPLY: 1.2.0.2
	BPT_MSKALA_SUPPLY_1: 1.2
	SS_7_5_0_0pre_0_20050117: 1.2
	SS_7_5_0_0pre_0_20050108: 1.2
	SS_7_5_0_0pre_0_20041228: 1.1.1.1
	BRANCH_MSKALA_IMF: 1.1.1.1.0.2
	BPT_MSKALA_IMF_1: 1.1.1.1
	SS_7_5_0_0pre_0_20041211: 1.1.1.1
	SS_7_5_0_0pre_0_20041126: 1.1.1.1
	GENESIS: 1.1.1.1
	PRIVATE_TREE_1: 1.1.1
keyword substitution: kv
total revisions: 25;	selected revisions: 25
description:
----------------------------
revision 1.11
date: 2005/07/10 13:28:37;  author: eric_mcdonald;  state: Exp;  lines: +287 -51
Update and extend image library.
Improvement of AI tactical response.
----------------------------
revision 1.10
date: 2005/07/04 00:51:12;  author: eric_mcdonald;  state: Exp;  lines: +4 -3
Simplify and improve capture logic.
Further improve hit-unit logic.
Allow fire to capture out to ZOC range, plus 1.
----------------------------
revision 1.9
date: 2005/06/18 23:50:07;  author: eric_mcdonald;  state: Exp;  lines: +26 -15
Alter the way dice specs work.
Honor dice specs for unit explosion damage.
Move another game to the bitrot archive.
----------------------------
revision 1.8
date: 2005/06/15 03:18:45;  author: eric_mcdonald;  state: Exp;  lines: +9 -5
Prepare for some new side-based action-restriction properties.
Restrict damaged terrain outcomes based on detonator type.
----------------------------
revision 1.7
date: 2005/04/30 23:35:09;  author: eric_mcdonald;  state: Exp;  lines: +37 -5
Merge from 'MPT_EMCDONALD_AI_5' to 'MPT_EMCDONALD_AI_6'.
Many non-AI-related changes included in this merge.
----------------------------
revision 1.6
date: 2005/04/16 01:17:11;  author: eric_mcdonald;  state: Exp;  lines: +30 -20
Merge from 'MPT_EMCDONALD_AI_4' to 'MPT_EMCDONALD_AI_5'.
----------------------------
revision 1.5
date: 2005/04/06 02:29:50;  author: eric_mcdonald;  state: Exp;  lines: +58 -4
New features to enhance unit cxp and side treasuries as a result of combat.
New testbed game: awls-testbed.g.
----------------------------
revision 1.4
date: 2005/03/21 03:42:07;  author: eric_mcdonald;  state: Exp;  lines: +381 -301
Merge from root of 'BRANCH_EMCDONALD_AI' to 'MPT_EMCDONALD_AI_1'.
----------------------------
revision 1.3
date: 2005/02/15 04:36:35;  author: eric_mcdonald;  state: Exp;  lines: +9 -4
branches:  1.3.2;
Fix bug that prevented death-by-detonation from causing any death effects.
Lay foundation for scorekeeper analysis by AI.
Fix bug in scorekeeper parsing.
Fix a small misdocumenation of 'change-type' action.
----------------------------
revision 1.2
date: 2005/01/01 02:40:37;  author: eric_mcdonald;  state: Exp;  lines: +7 -0
branches:  1.2.2;
Fix date bug in configure scripts.
Fix bug in overrun action that would attempt a bad fire action.
----------------------------
revision 1.1
date: 2004/11/21 03:01:05;  author: eric_mcdonald;  state: Exp;
branches:  1.1.1;
Initial revision
----------------------------
revision 1.1.1.1
date: 2004/11/21 03:01:05;  author: eric_mcdonald;  state: Exp;  lines: +0 -0
branches:  1.1.1.1.2;
Initial import from private repo into SF repo.
----------------------------
revision 1.1.1.1.2.2
date: 2005/06/06 03:39:34;  author: eric_mcdonald;  state: Exp;  lines: +513 -332
Merged in all trunk changes between BPT_MSKALA_IMF_2 and BPT_MSKALA_IMF_3.
----------------------------
revision 1.1.1.1.2.1
date: 2005/01/28 03:35:59;  author: eric_mcdonald;  state: Exp;  lines: +7 -0
Merge in trunk changes between BPT_MSKALA_IMF_1 and BPT_MSKALA_IMF_2.
----------------------------
revision 1.2.2.3
date: 2005/06/06 03:18:20;  author: eric_mcdonald;  state: Exp;  lines: +123 -27
Merge in CVS trunk between 'BPT_MSKALA_SUPPLY_11' and 'BPT_MSKALA_SUPPLY_12'.
----------------------------
revision 1.2.2.2
date: 2005/03/21 03:58:08;  author: eric_mcdonald;  state: Exp;  lines: +381 -301
Merge in CVS trunk between 'BPT_MSKALA_SUPPLY_9' and 'BPT_MSKALA_SUPPLY_10'.
----------------------------
revision 1.2.2.1
date: 2005/02/18 04:43:23;  author: matthewskala;  state: Exp;  lines: +9 -4
Merge changes from mainline, fix doctrine check bug.
----------------------------
revision 1.3.2.8
date: 2005/07/23 22:21:55;  author: eric_mcdonald;  state: Exp;  lines: +26 -18
Start improvement of AI tactical handler.
Fix combat awards bugs.
Fix crashing bugs.
Fix change type bug.
----------------------------
revision 1.3.2.7
date: 2005/07/10 15:42:51;  author: eric_mcdonald;  state: Exp;  lines: +326 -74
Merge in CVS trunk between 'BPT_EMCDONALD_AI_14' and 'BPT_EMCDONALD_AI_15'.
----------------------------
revision 1.3.2.6
date: 2005/04/30 22:39:48;  author: eric_mcdonald;  state: Exp;  lines: +8 -1
Change behavior of attack vision.
----------------------------
revision 1.3.2.5
date: 2005/04/24 19:03:47;  author: eric_mcdonald;  state: Exp;  lines: +17 -6
Fix occs-in-dead-transport bug.
Fix combat reporting.
----------------------------
revision 1.3.2.4
date: 2005/04/23 04:41:01;  author: eric_mcdonald;  state: Exp;  lines: +18 -4
Fix some detonation bugs.
----------------------------
revision 1.3.2.3
date: 2005/04/13 01:55:20;  author: eric_mcdonald;  state: Exp;  lines: +30 -20
More treasury-checking functions.
Many AI tweaks, plus foundation for further enhancements.
Fix bug in my earlier bugfix in the economy code.
----------------------------
revision 1.3.2.2
date: 2005/04/09 16:45:35;  author: eric_mcdonald;  state: Exp;  lines: +58 -4
Merge in CVS trunk between 'BPT_EMCDONALD_AI_8' and 'BPT_EMCDONALD_AI_9'.
----------------------------
revision 1.3.2.1
date: 2005/03/21 03:19:39;  author: eric_mcdonald;  state: Exp;  lines: +381 -301
Merge in CVS trunk between 'BPT_EMCDONALD_AI_1' and 'BPT_EMCDONALD_AI_3'.
Add new unit analysis capabilities to AI.
Implement a plan-decision lottery. (Still needs work.)
Break out common, useful parts of kernel action-checking code.
Provide a normalization macro.
Fix bug with quoted encounter lists.
=============================================================================
