
RCS file: /cvsroot/xconq/xconq/kernel/config.h,v
Working file: config.h
head: 1.5
branch:
locks: strict
access list:
symbolic names:
	BPT_EMCDONALD_AI_16: 1.5
	BPT_EMCDONALD_AI_15: 1.5
	SS_7_5_0_0pre_0_20050612: 1.4
	BPT_MSKALA_IMF_3: 1.4
	BPT_MSKALA_SUPPLY_12: 1.4
	BPT_EMCDONALD_AI_14: 1.4
	MPT_EMCDONALD_AI_7: 1.3.4.1
	BPT_EMCDONALD_AI_13: 1.3
	SS_7_5_0_0pre_0_20050501: 1.3
	BPT_EMCDONALD_AI_12: 1.3
	MPT_EMCDONALD_AI_6: 1.3
	BPT_EMCDONALD_AI_11: 1.3
	SS_7_5_0_0pre_0_20050416: 1.3
	BPT_EMCDONALD_AI_10: 1.3
	MPT_EMCDONALD_AI_5: 1.3
	BPT_EMCDONALD_AI_9: 1.3
	BPT_EMCDONALD_AI_8: 1.3
	MPT_EMCDONALD_AI_4: 1.3
	BPT_EMCDONALD_AI_7: 1.3
	MPT_EMCDONALD_AI_3: 1.3
	BPT_EMCDONALD_AI_6: 1.3
	BPT_MSKALA_SUPPLY_11: 1.3
	BPT_EMCDONALD_AI_5: 1.3
	MPT_EMCDONALD_AI_2: 1.3
	SS_7_5_0_0pre_0_20050322: 1.3
	BPT_MSKALA_SUPPLY_10: 1.3
	BPT_EMCDONALD_AI_4: 1.3
	MPT_EMCDONALD_AI_1: 1.3
	BPT_EMCDONALD_AI_3: 1.3
	BPT_MSKALA_SUPPLY_9: 1.3
	MPT_MSKALA_SUPPLY_3: 1.3
	BPT_EMCDONALD_AI_2: 1.3
	BPT_MSKALA_SUPPLY_8: 1.3
	MPT_MSKALA_SUPPLY_2: 1.3
	BPT_MSKALA_SUPPLY_7: 1.3
	BRANCH_EMCDONALD_AI: 1.3.0.4
	BPT_EMCDONALD_AI_1: 1.3
	BPT_MSKALA_SUPPLY_6: 1.3
	SS_7_5_0_0pre_0_20050225: 1.3
	BPT_MSKALA_SUPPLY_5: 1.3
	MPT_MSKALA_SUPPLY_1: 1.3
	BPT_MSKALA_SUPPLY_4: 1.3
	BPT_MSKALA_SUPPLY_3: 1.3
	BPT_MSKALA_SUPPLY_2: 1.3
	SS_7_5_0_0pre_0_20050208: 1.3
	BPT_MSKALA_IMF_2: 1.3
	BRANCH_MSKALA_SUPPLY: 1.3.0.2
	BPT_MSKALA_SUPPLY_1: 1.3
	SS_7_5_0_0pre_0_20050117: 1.3
	SS_7_5_0_0pre_0_20050108: 1.3
	SS_7_5_0_0pre_0_20041228: 1.1.1.1
	BRANCH_MSKALA_IMF: 1.1.1.1.0.2
	BPT_MSKALA_IMF_1: 1.1.1.1
	SS_7_5_0_0pre_0_20041211: 1.1.1.1
	SS_7_5_0_0pre_0_20041126: 1.1.1.1
	GENESIS: 1.1.1.1
	PRIVATE_TREE_1: 1.1.1
keyword substitution: kv
total revisions: 10;	selected revisions: 10
description:
----------------------------
revision 1.5
date: 2005/07/10 13:28:37;  author: eric_mcdonald;  state: Exp;  lines: +1 -0
Update and extend image library.
Improvement of AI tactical response.
----------------------------
revision 1.4
date: 2005/06/06 03:03:45;  author: eric_mcdonald;  state: Exp;  lines: +30 -0
Merge from 'MPT_EMCDONALD_AI_6' to 'MPT_EMCDONALD_AI_7'.
----------------------------
revision 1.3
date: 2005/01/06 03:08:45;  author: eric_mcdonald;  state: Exp;  lines: +0 -1
branches:  1.3.2;  1.3.4;
Fix compilation errors on some older systems.
Get rid of unused Mac resource file.
----------------------------
revision 1.2
date: 2005/01/01 01:15:14;  author: eric_mcdonald;  state: Exp;  lines: +1 -0
Happy [Gregorian] New Year.
Rotate 2004 changelog out to 'changelogs' dir.
Make SDL interface compile with ParaGUI headers included.
Fix "missing color in emblems" bug.
----------------------------
revision 1.1
date: 2004/11/21 03:01:05;  author: eric_mcdonald;  state: Exp;
branches:  1.1.1;
Initial revision
----------------------------
revision 1.1.1.1
date: 2004/11/21 03:01:05;  author: eric_mcdonald;  state: Exp;  lines: +0 -0
branches:  1.1.1.1.2;
Initial import from private repo into SF repo.
----------------------------
revision 1.1.1.1.2.1
date: 2005/06/06 03:39:34;  author: eric_mcdonald;  state: Exp;  lines: +30 -0
Merged in all trunk changes between BPT_MSKALA_IMF_2 and BPT_MSKALA_IMF_3.
----------------------------
revision 1.3.4.2
date: 2005/07/10 15:42:51;  author: eric_mcdonald;  state: Exp;  lines: +1 -0
Merge in CVS trunk between 'BPT_EMCDONALD_AI_14' and 'BPT_EMCDONALD_AI_15'.
----------------------------
revision 1.3.4.1
date: 2005/06/05 20:53:01;  author: eric_mcdonald;  state: Exp;  lines: +30 -0
Ensure that Tkconq and the generic UI code rebuild when AI files are changed.
Add support for autoconf assignment of "sizeof" macros.
Start to add support for making primitve integer types of known size.
Remove or disable more code associated with the colonization plan.
Improve colonization support in constructor oprole.
Prepare support for action masks.
Remove now-unused 'buildingdone' flag.
Delete remnants of special ACP-indep construction code.
----------------------------
revision 1.3.2.1
date: 2005/06/06 03:18:20;  author: eric_mcdonald;  state: Exp;  lines: +30 -0
Merge in CVS trunk between 'BPT_MSKALA_SUPPLY_11' and 'BPT_MSKALA_SUPPLY_12'.
=============================================================================
