
RCS file: /cvsroot/xconq/xconq/kernel/conq.h,v
Working file: conq.h
head: 1.15
branch:
locks: strict
access list:
symbolic names:
	BPT_EMCDONALD_AI_16: 1.15
	BPT_EMCDONALD_AI_15: 1.15
	SS_7_5_0_0pre_0_20050612: 1.9
	BPT_MSKALA_IMF_3: 1.9
	BPT_MSKALA_SUPPLY_12: 1.9
	BPT_EMCDONALD_AI_14: 1.9
	MPT_EMCDONALD_AI_7: 1.4.4.10
	BPT_EMCDONALD_AI_13: 1.8
	SS_7_5_0_0pre_0_20050501: 1.8
	BPT_EMCDONALD_AI_12: 1.8
	MPT_EMCDONALD_AI_6: 1.4.4.6
	BPT_EMCDONALD_AI_11: 1.8
	SS_7_5_0_0pre_0_20050416: 1.8
	BPT_EMCDONALD_AI_10: 1.8
	MPT_EMCDONALD_AI_5: 1.4.4.6
	BPT_EMCDONALD_AI_9: 1.7
	BPT_EMCDONALD_AI_8: 1.7
	MPT_EMCDONALD_AI_4: 1.4.4.5
	BPT_EMCDONALD_AI_7: 1.7
	MPT_EMCDONALD_AI_3: 1.4.4.5
	BPT_EMCDONALD_AI_6: 1.6
	BPT_MSKALA_SUPPLY_11: 1.6
	BPT_EMCDONALD_AI_5: 1.6
	MPT_EMCDONALD_AI_2: 1.4.4.3
	SS_7_5_0_0pre_0_20050322: 1.5
	BPT_MSKALA_SUPPLY_10: 1.5
	BPT_EMCDONALD_AI_4: 1.5
	MPT_EMCDONALD_AI_1: 1.4.4.1
	BPT_EMCDONALD_AI_3: 1.4
	BPT_MSKALA_SUPPLY_9: 1.4
	MPT_MSKALA_SUPPLY_3: 1.4
	BPT_EMCDONALD_AI_2: 1.4
	BPT_MSKALA_SUPPLY_8: 1.4
	MPT_MSKALA_SUPPLY_2: 1.4
	BPT_MSKALA_SUPPLY_7: 1.4
	BRANCH_EMCDONALD_AI: 1.4.0.4
	BPT_EMCDONALD_AI_1: 1.4
	BPT_MSKALA_SUPPLY_6: 1.4
	SS_7_5_0_0pre_0_20050225: 1.4
	BPT_MSKALA_SUPPLY_5: 1.4
	MPT_MSKALA_SUPPLY_1: 1.4
	BPT_MSKALA_SUPPLY_4: 1.4
	BPT_MSKALA_SUPPLY_3: 1.4
	BPT_MSKALA_SUPPLY_2: 1.4
	SS_7_5_0_0pre_0_20050208: 1.4
	BPT_MSKALA_IMF_2: 1.4
	BRANCH_MSKALA_SUPPLY: 1.4.0.2
	BPT_MSKALA_SUPPLY_1: 1.4
	SS_7_5_0_0pre_0_20050117: 1.4
	SS_7_5_0_0pre_0_20050108: 1.4
	SS_7_5_0_0pre_0_20041228: 1.4
	BRANCH_MSKALA_IMF: 1.3.0.2
	BPT_MSKALA_IMF_1: 1.3
	SS_7_5_0_0pre_0_20041211: 1.2
	SS_7_5_0_0pre_0_20041126: 1.1.1.1
	GENESIS: 1.1.1.1
	PRIVATE_TREE_1: 1.1.1
keyword substitution: kv
total revisions: 33;	selected revisions: 33
description:
----------------------------
revision 1.15
date: 2005/07/10 13:28:37;  author: eric_mcdonald;  state: Exp;  lines: +42 -4
Update and extend image library.
Improvement of AI tactical response.
----------------------------
revision 1.14
date: 2005/07/04 00:51:12;  author: eric_mcdonald;  state: Exp;  lines: +27 -0
Simplify and improve capture logic.
Further improve hit-unit logic.
Allow fire to capture out to ZOC range, plus 1.
----------------------------
revision 1.13
date: 2005/07/03 02:20:38;  author: eric_mcdonald;  state: Exp;  lines: +18 -0
Simplify and improve hit-unit logic.
----------------------------
revision 1.12
date: 2005/07/02 02:33:03;  author: eric_mcdonald;  state: Exp;  lines: +2 -2
Fix bug in occs-on-completion functionality.
----------------------------
revision 1.11
date: 2005/06/19 20:42:51;  author: eric_mcdonald;  state: Exp;  lines: +9 -14
Refine support of occs-on-completion.
Various bits of cleanup.
----------------------------
revision 1.10
date: 2005/06/18 23:50:07;  author: eric_mcdonald;  state: Exp;  lines: +0 -1
Alter the way dice specs work.
Honor dice specs for unit explosion damage.
Move another game to the bitrot archive.
----------------------------
revision 1.9
date: 2005/06/06 03:03:45;  author: eric_mcdonald;  state: Exp;  lines: +97 -7
Merge from 'MPT_EMCDONALD_AI_6' to 'MPT_EMCDONALD_AI_7'.
----------------------------
revision 1.8
date: 2005/04/16 01:17:11;  author: eric_mcdonald;  state: Exp;  lines: +16 -0
Merge from 'MPT_EMCDONALD_AI_4' to 'MPT_EMCDONALD_AI_5'.
----------------------------
revision 1.7
date: 2005/04/01 02:20:44;  author: eric_mcdonald;  state: Exp;  lines: +10 -2
Merge from 'MPT_EMCDONALD_AI_2' to 'MPT_EMCDONALD_AI_3'.
----------------------------
revision 1.6
date: 2005/03/28 03:56:50;  author: eric_mcdonald;  state: Exp;  lines: +3 -1
Merge from 'MPT_EMCDONALD_AI_1' to 'MPT_EMCDONALD_AI_2'.
----------------------------
revision 1.5
date: 2005/03/21 03:42:07;  author: eric_mcdonald;  state: Exp;  lines: +42 -15
Merge from root of 'BRANCH_EMCDONALD_AI' to 'MPT_EMCDONALD_AI_1'.
----------------------------
revision 1.4
date: 2004/12/25 19:25:19;  author: eric_mcdonald;  state: Exp;  lines: +4 -2
branches:  1.4.2;  1.4.4;
Major changes to the UI API.
Major cleanup and refactoring of the Tkconq unit display code.
Improvements to my little local-build script.
----------------------------
revision 1.3
date: 2004/12/11 22:03:51;  author: eric_mcdonald;  state: Exp;  lines: +1 -0
branches:  1.3.2;
Implement action description function and use it in Tkconq.
----------------------------
revision 1.2
date: 2004/12/04 22:24:00;  author: eric_mcdonald;  state: Exp;  lines: +4 -0
Fix building of KWIC pogram with C++ compiler.
Refine and expand "parambox" system for search functions that take predicates.
Two new versions of 'search_around' that use paramboxen.
Begin a namespace for Xconq vars outside of function scope.
Revise 'see_cell' code. (NOTE: This is not perfected yet.)
Fix to 3rd Age game. (Thanks to Kevin O'Gorman for reporting the bug.)
----------------------------
revision 1.1
date: 2004/11/21 03:01:05;  author: eric_mcdonald;  state: Exp;
branches:  1.1.1;
Initial revision
----------------------------
revision 1.1.1.1
date: 2004/11/21 03:01:05;  author: eric_mcdonald;  state: Exp;  lines: +0 -0
Initial import from private repo into SF repo.
----------------------------
revision 1.3.2.2
date: 2005/06/06 03:39:34;  author: eric_mcdonald;  state: Exp;  lines: +161 -18
Merged in all trunk changes between BPT_MSKALA_IMF_2 and BPT_MSKALA_IMF_3.
----------------------------
revision 1.3.2.1
date: 2005/01/28 03:35:59;  author: eric_mcdonald;  state: Exp;  lines: +4 -2
Merge in trunk changes between BPT_MSKALA_IMF_1 and BPT_MSKALA_IMF_2.
----------------------------
revision 1.4.4.12
date: 2005/07/23 22:21:55;  author: eric_mcdonald;  state: Exp;  lines: +25 -41
Start improvement of AI tactical handler.
Fix combat awards bugs.
Fix crashing bugs.
Fix change type bug.
----------------------------
revision 1.4.4.11
date: 2005/07/10 15:42:51;  author: eric_mcdonald;  state: Exp;  lines: +96 -19
Merge in CVS trunk between 'BPT_EMCDONALD_AI_14' and 'BPT_EMCDONALD_AI_15'.
----------------------------
revision 1.4.4.10
date: 2005/06/05 20:53:01;  author: eric_mcdonald;  state: Exp;  lines: +17 -3
Ensure that Tkconq and the generic UI code rebuild when AI files are changed.
Add support for autoconf assignment of "sizeof" macros.
Start to add support for making primitve integer types of known size.
Remove or disable more code associated with the colonization plan.
Improve colonization support in constructor oprole.
Prepare support for action masks.
Remove now-unused 'buildingdone' flag.
Delete remnants of special ACP-indep construction code.
----------------------------
revision 1.4.4.9
date: 2005/06/03 02:32:43;  author: eric_mcdonald;  state: Exp;  lines: +22 -1
Make creation and building ACP-less.
Rework build task.
Some more repair-related tests.
Improvement task management. Include support for enqueuing ops.
Fix crashing bug in SDL interface.
Fix apparent bug in net receive code.
Cleanup code.
----------------------------
revision 1.4.4.8
date: 2005/05/29 22:32:27;  author: eric_mcdonald;  state: Exp;  lines: +42 -1
Implement new construction features.
Fix bugs in operational roles.
Fix bug in hp-recovery mechanism.
Improve construction AI.
Fix bugs related to change-type action.
----------------------------
revision 1.4.4.7
date: 2005/05/21 17:29:29;  author: eric_mcdonald;  state: Exp;  lines: +17 -3
Archive or delete some unmaintained games that do not work well.
Implement new construction and repair features.
Improve support for operational roles.
Add tatical-level calculations for AI.
Enhance materials consumption code.
----------------------------
revision 1.4.4.6
date: 2005/04/13 01:55:20;  author: eric_mcdonald;  state: Exp;  lines: +16 -0
More treasury-checking functions.
Many AI tweaks, plus foundation for further enhancements.
Fix bug in my earlier bugfix in the economy code.
----------------------------
revision 1.4.4.5
date: 2005/03/31 02:55:43;  author: eric_mcdonald;  state: Exp;  lines: +6 -0
New functions for handling materials checking and consumption for any actions.
Add support for tech restriction associated with change-type action.
Add support for materials consumption restriction for change-type action.
----------------------------
revision 1.4.4.4
date: 2005/03/29 04:15:47;  author: eric_mcdonald;  state: Exp;  lines: +4 -2
Various and sundry improvements to the AI.
Specific focus on enabling AI use of manual change-type.
Also, allow ACP-less manual change-type.
Update games lib to account for the allowance of ACP-less manual change-type.
----------------------------
revision 1.4.4.3
date: 2005/03/28 03:39:27;  author: eric_mcdonald;  state: Exp;  lines: +1 -0
Various and sundry improvements to the AI.
Improve the Advances game.
----------------------------
revision 1.4.4.2
date: 2005/03/26 20:26:28;  author: eric_mcdonald;  state: Exp;  lines: +2 -1
Various and sundry improvements to the AI.
----------------------------
revision 1.4.4.1
date: 2005/03/21 03:19:40;  author: eric_mcdonald;  state: Exp;  lines: +42 -15
Merge in CVS trunk between 'BPT_EMCDONALD_AI_1' and 'BPT_EMCDONALD_AI_3'.
Add new unit analysis capabilities to AI.
Implement a plan-decision lottery. (Still needs work.)
Break out common, useful parts of kernel action-checking code.
Provide a normalization macro.
Fix bug with quoted encounter lists.
----------------------------
revision 1.4.2.3
date: 2005/06/06 03:18:20;  author: eric_mcdonald;  state: Exp;  lines: +121 -7
Merge in CVS trunk between 'BPT_MSKALA_SUPPLY_11' and 'BPT_MSKALA_SUPPLY_12'.
----------------------------
revision 1.4.2.2
date: 2005/03/28 04:17:55;  author: eric_mcdonald;  state: Exp;  lines: +3 -1
Merge in CVS trunk between 'BPT_MSKALA_SUPPLY_10' and 'BPT_MSKALA_SUPPLY_11'.
----------------------------
revision 1.4.2.1
date: 2005/03/21 03:58:08;  author: eric_mcdonald;  state: Exp;  lines: +42 -15
Merge in CVS trunk between 'BPT_MSKALA_SUPPLY_9' and 'BPT_MSKALA_SUPPLY_10'.
=============================================================================
