
RCS file: /cvsroot/xconq/xconq/kernel/economy.c,v
Working file: economy.c
head: 1.7
branch:
locks: strict
access list:
symbolic names:
	BPT_EMCDONALD_AI_16: 1.6
	BPT_EMCDONALD_AI_15: 1.6
	SS_7_5_0_0pre_0_20050612: 1.6
	BRANCH_MSKALA_IMF: 1.6.0.2
	BPT_MSKALA_IMF_3: 1.6
	BPT_MSKALA_SUPPLY_12: 1.6
	BPT_EMCDONALD_AI_14: 1.6
	MPT_EMCDONALD_AI_7: 1.2.2.3
	BPT_EMCDONALD_AI_13: 1.6
	SS_7_5_0_0pre_0_20050501: 1.6
	BPT_EMCDONALD_AI_12: 1.6
	MPT_EMCDONALD_AI_6: 1.2.2.3
	BPT_EMCDONALD_AI_11: 1.6
	SS_7_5_0_0pre_0_20050416: 1.6
	BPT_EMCDONALD_AI_10: 1.6
	MPT_EMCDONALD_AI_5: 1.2.2.3
	BPT_EMCDONALD_AI_9: 1.5
	BPT_EMCDONALD_AI_8: 1.5
	MPT_EMCDONALD_AI_4: 1.2.2.2
	BPT_EMCDONALD_AI_7: 1.5
	MPT_EMCDONALD_AI_3: 1.2.2.2
	BPT_EMCDONALD_AI_6: 1.5
	BPT_MSKALA_SUPPLY_11: 1.5
	BPT_EMCDONALD_AI_5: 1.5
	MPT_EMCDONALD_AI_2: 1.2.2.2
	SS_7_5_0_0pre_0_20050322: 1.4
	BPT_MSKALA_SUPPLY_10: 1.4
	BPT_EMCDONALD_AI_4: 1.4
	MPT_EMCDONALD_AI_1: 1.2.2.1
	BPT_EMCDONALD_AI_3: 1.4
	BPT_MSKALA_SUPPLY_9: 1.4
	MPT_MSKALA_SUPPLY_3: 1.1.2.8
	BPT_EMCDONALD_AI_2: 1.3
	BPT_MSKALA_SUPPLY_8: 1.3
	MPT_MSKALA_SUPPLY_2: 1.1.2.7
	BPT_MSKALA_SUPPLY_7: 1.2
	BRANCH_EMCDONALD_AI: 1.2.0.2
	BPT_EMCDONALD_AI_1: 1.2
	BPT_MSKALA_SUPPLY_6: 1.2
	SS_7_5_0_0pre_0_20050225: 1.2
	BPT_MSKALA_SUPPLY_5: 1.2
	BPT_MSKALA_SUPPLY_1: 1.1.0.4
	MPT_MSKALA_SUPPLY_1: 1.1.2.5
	BRANCH_MSKALA_SUPPLY: 1.1.0.2
keyword substitution: kv
total revisions: 23;	selected revisions: 23
description:
----------------------------
revision 1.7
date: 2005/08/06 19:53:51;  author: matthewskala;  state: Exp;  lines: +1 -1
Add Delta Clipper image to SRE, fix two small bugs
----------------------------
revision 1.6
date: 2005/04/16 01:17:11;  author: eric_mcdonald;  state: Exp;  lines: +2 -2
branches:  1.6.2;
Merge from 'MPT_EMCDONALD_AI_4' to 'MPT_EMCDONALD_AI_5'.
----------------------------
revision 1.5
date: 2005/03/28 03:56:50;  author: eric_mcdonald;  state: Exp;  lines: +7 -0
Merge from 'MPT_EMCDONALD_AI_1' to 'MPT_EMCDONALD_AI_2'.
----------------------------
revision 1.4
date: 2005/03/21 02:11:54;  author: eric_mcdonald;  state: Exp;  lines: +69 -3
Merge from 'MPT_MSKALA_SUPPLY_2' to 'MPT_MSKALA_SUPPLY_3'.
----------------------------
revision 1.3
date: 2005/03/14 01:48:30;  author: eric_mcdonald;  state: Exp;  lines: +59 -32
Merge from 'MPT_MSKALA_SUPPLY_1' to 'MPT_MSKALA_SUPPLY_2'.
----------------------------
revision 1.2
date: 2005/02/23 05:29:58;  author: eric_mcdonald;  state: Exp;  lines: +1078 -0
branches:  1.2.2;
Re-add 'economy.c'. Got lost during commit because of its sticky tag.
----------------------------
revision 1.1
date: 2005/02/15 19:03:36;  author: matthewskala;  state: dead;
branches:  1.1.2;  1.1.4;
file economy.c was initially added on branch BRANCH_MSKALA_SUPPLY.
----------------------------
revision 1.1.4.1
date: 2005/02/23 05:06:04;  author: eric_mcdonald;  state: Exp;  lines: +1078 -0
Merge in changes from root of 'BRANCH_MSKALA_SUPPLY' to 'MPT_MSKALA_SUPPLY_1'.
----------------------------
revision 1.1.2.10
date: 2005/06/06 03:18:20;  author: eric_mcdonald;  state: Exp;  lines: +2 -2
Merge in CVS trunk between 'BPT_MSKALA_SUPPLY_11' and 'BPT_MSKALA_SUPPLY_12'.
----------------------------
revision 1.1.2.9
date: 2005/03/28 04:17:55;  author: eric_mcdonald;  state: Exp;  lines: +7 -0
Merge in CVS trunk between 'BPT_MSKALA_SUPPLY_10' and 'BPT_MSKALA_SUPPLY_11'.
----------------------------
revision 1.1.2.8
date: 2005/03/16 13:50:42;  author: matthewskala;  state: Exp;  lines: +69 -3
Bug fixes, aux terrain modification of terrain-to-terrain diffusion.
----------------------------
revision 1.1.2.7
date: 2005/02/26 00:22:47;  author: matthewskala;  state: Exp;  lines: +9 -5
Fix a bug (actually in world.h) that had units resupplying their enemies.
----------------------------
revision 1.1.2.6
date: 2005/02/25 16:36:43;  author: matthewskala;  state: Exp;  lines: +52 -29
Add cell->unit, unit->cell, cell->cell transfers to new economy code.
New version of solar.g.
----------------------------
revision 1.1.2.5
date: 2005/02/21 03:35:39;  author: matthewskala;  state: Exp;  lines: +4 -2
Split advanced unit and terrain cell production, add new economy as a variant
for a bunch of games, resulting bug fixes.
----------------------------
revision 1.1.2.4
date: 2005/02/18 04:43:23;  author: matthewskala;  state: Exp;  lines: +1 -1
Merge changes from mainline, fix doctrine check bug.
----------------------------
revision 1.1.2.3
date: 2005/02/18 02:56:34;  author: matthewskala;  state: Exp;  lines: +12 -9
Implement backdrop-ignore-doctrine.
----------------------------
revision 1.1.2.2
date: 2005/02/16 03:40:17;  author: eric_mcdonald;  state: Exp;  lines: +7 -1
Make 'terrain-production' account for all aux terrain types.
----------------------------
revision 1.1.2.1
date: 2005/02/15 19:03:37;  author: matthewskala;  state: Exp;  lines: +1067 -0
Move economy code to new economy.c file.
----------------------------
revision 1.2.2.3
date: 2005/04/13 01:55:20;  author: eric_mcdonald;  state: Exp;  lines: +2 -2
More treasury-checking functions.
Many AI tweaks, plus foundation for further enhancements.
Fix bug in my earlier bugfix in the economy code.
----------------------------
revision 1.2.2.2
date: 2005/03/27 03:51:24;  author: eric_mcdonald;  state: Exp;  lines: +7 -0
Various and sundry improvements to the AI.
Fix bug in backdrop model 0 scarce materials distribution.
----------------------------
revision 1.2.2.1
date: 2005/03/21 03:19:40;  author: eric_mcdonald;  state: Exp;  lines: +125 -32
Merge in CVS trunk between 'BPT_EMCDONALD_AI_1' and 'BPT_EMCDONALD_AI_3'.
Add new unit analysis capabilities to AI.
Implement a plan-decision lottery. (Still needs work.)
Break out common, useful parts of kernel action-checking code.
Provide a normalization macro.
Fix bug with quoted encounter lists.
----------------------------
revision 1.6.2.2
date: 2005/06/06 03:39:34;  author: eric_mcdonald;  state: Exp;  lines: +1178 -0
Merged in all trunk changes between BPT_MSKALA_IMF_2 and BPT_MSKALA_IMF_3.
----------------------------
revision 1.6.2.1
date: 2005/04/16 01:17:11;  author: eric_mcdonald;  state: dead;  lines: +0 -1178
file economy.c was added on branch BRANCH_MSKALA_IMF on 2005-06-06 03:39:34 +0000
=============================================================================
