
RCS file: /cvsroot/xconq/xconq/kernel/gvar.def,v
Working file: gvar.def
head: 1.4
branch:
locks: strict
access list:
symbolic names:
	BPT_EMCDONALD_AI_16: 1.4
	BPT_EMCDONALD_AI_15: 1.4
	SS_7_5_0_0pre_0_20050612: 1.3
	BPT_MSKALA_IMF_3: 1.3
	BPT_MSKALA_SUPPLY_12: 1.3
	BPT_EMCDONALD_AI_14: 1.3
	MPT_EMCDONALD_AI_7: 1.3
	BPT_EMCDONALD_AI_13: 1.3
	SS_7_5_0_0pre_0_20050501: 1.3
	BPT_EMCDONALD_AI_12: 1.3
	MPT_EMCDONALD_AI_6: 1.3
	BPT_EMCDONALD_AI_11: 1.3
	SS_7_5_0_0pre_0_20050416: 1.3
	BPT_EMCDONALD_AI_10: 1.3
	MPT_EMCDONALD_AI_5: 1.3
	BPT_EMCDONALD_AI_9: 1.3
	BPT_EMCDONALD_AI_8: 1.3
	MPT_EMCDONALD_AI_4: 1.3
	BPT_EMCDONALD_AI_7: 1.3
	MPT_EMCDONALD_AI_3: 1.3
	BPT_EMCDONALD_AI_6: 1.3
	BPT_MSKALA_SUPPLY_11: 1.3
	BPT_EMCDONALD_AI_5: 1.3
	MPT_EMCDONALD_AI_2: 1.3
	SS_7_5_0_0pre_0_20050322: 1.3
	BPT_MSKALA_SUPPLY_10: 1.3
	BPT_EMCDONALD_AI_4: 1.3
	MPT_EMCDONALD_AI_1: 1.3
	BPT_EMCDONALD_AI_3: 1.3
	BPT_MSKALA_SUPPLY_9: 1.3
	MPT_MSKALA_SUPPLY_3: 1.2.2.2
	BPT_EMCDONALD_AI_2: 1.3
	BPT_MSKALA_SUPPLY_8: 1.3
	MPT_MSKALA_SUPPLY_2: 1.2.2.2
	BPT_MSKALA_SUPPLY_7: 1.3
	BRANCH_EMCDONALD_AI: 1.3.0.2
	BPT_EMCDONALD_AI_1: 1.3
	BPT_MSKALA_SUPPLY_6: 1.3
	SS_7_5_0_0pre_0_20050225: 1.3
	BPT_MSKALA_SUPPLY_5: 1.3
	MPT_MSKALA_SUPPLY_1: 1.2.2.2
	BPT_MSKALA_SUPPLY_4: 1.2
	BPT_MSKALA_SUPPLY_3: 1.2
	BPT_MSKALA_SUPPLY_2: 1.2
	SS_7_5_0_0pre_0_20050208: 1.2
	BPT_MSKALA_IMF_2: 1.2
	BRANCH_MSKALA_SUPPLY: 1.2.0.2
	BPT_MSKALA_SUPPLY_1: 1.2
	SS_7_5_0_0pre_0_20050117: 1.2
	SS_7_5_0_0pre_0_20050108: 1.2
	SS_7_5_0_0pre_0_20041228: 1.2
	BRANCH_MSKALA_IMF: 1.1.1.1.0.2
	BPT_MSKALA_IMF_1: 1.1.1.1
	SS_7_5_0_0pre_0_20041211: 1.1.1.1
	SS_7_5_0_0pre_0_20041126: 1.1.1.1
	GENESIS: 1.1.1.1
	PRIVATE_TREE_1: 1.1.1
keyword substitution: kv
total revisions: 10;	selected revisions: 10
description:
----------------------------
revision 1.4
date: 2005/06/17 02:54:11;  author: eric_mcdonald;  state: Exp;  lines: +0 -4
Implement per-side general action restrictions.
Implement per-side construction restrictions.
Decommision Iplayer.
----------------------------
revision 1.3
date: 2005/02/23 05:06:04;  author: eric_mcdonald;  state: Exp;  lines: +8 -0
branches:  1.3.2;
Merge in changes from root of 'BRANCH_MSKALA_SUPPLY' to 'MPT_MSKALA_SUPPLY_1'.
----------------------------
revision 1.2
date: 2004/12/27 01:05:07;  author: eric_mcdonald;  state: Exp;  lines: +10 -0
branches:  1.2.2;
Major simplification/improvement to the Sdlconq unit drawing code.
New Sdlconq feature: unit grouping boxes with customizable colors.
Cleanup of unused functions in Tkconq and Sdlconq.
Lookup colors by name from large color database in SDL interface.
New documentation regarding colors available in Sdlconq and Tkconq.
----------------------------
revision 1.1
date: 2004/11/21 03:01:06;  author: eric_mcdonald;  state: Exp;
branches:  1.1.1;
Initial revision
----------------------------
revision 1.1.1.1
date: 2004/11/21 03:01:06;  author: eric_mcdonald;  state: Exp;  lines: +0 -0
branches:  1.1.1.1.2;
Initial import from private repo into SF repo.
----------------------------
revision 1.1.1.1.2.2
date: 2005/06/06 03:39:34;  author: eric_mcdonald;  state: Exp;  lines: +8 -0
Merged in all trunk changes between BPT_MSKALA_IMF_2 and BPT_MSKALA_IMF_3.
----------------------------
revision 1.1.1.1.2.1
date: 2005/01/28 03:35:59;  author: eric_mcdonald;  state: Exp;  lines: +10 -0
Merge in trunk changes between BPT_MSKALA_IMF_1 and BPT_MSKALA_IMF_2.
----------------------------
revision 1.2.2.2
date: 2005/02/18 02:56:34;  author: matthewskala;  state: Exp;  lines: +1 -1
Implement backdrop-ignore-doctrine.
----------------------------
revision 1.2.2.1
date: 2005/01/28 03:17:57;  author: eric_mcdonald;  state: Exp;  lines: +8 -0
Applied patch from Matthew.
----------------------------
revision 1.3.2.1
date: 2005/07/10 15:42:51;  author: eric_mcdonald;  state: Exp;  lines: +0 -4
Merge in CVS trunk between 'BPT_EMCDONALD_AI_14' and 'BPT_EMCDONALD_AI_15'.
=============================================================================
