
RCS file: /cvsroot/xconq/xconq/kernel/help.c,v
Working file: help.c
head: 1.12
branch:
locks: strict
access list:
symbolic names:
	BPT_EMCDONALD_AI_16: 1.12
	BPT_EMCDONALD_AI_15: 1.12
	SS_7_5_0_0pre_0_20050612: 1.9
	BPT_MSKALA_IMF_3: 1.9
	BPT_MSKALA_SUPPLY_12: 1.9
	BPT_EMCDONALD_AI_14: 1.9
	MPT_EMCDONALD_AI_7: 1.5.2.6
	BPT_EMCDONALD_AI_13: 1.8
	SS_7_5_0_0pre_0_20050501: 1.8
	BPT_EMCDONALD_AI_12: 1.8
	MPT_EMCDONALD_AI_6: 1.5.2.3
	BPT_EMCDONALD_AI_11: 1.8
	SS_7_5_0_0pre_0_20050416: 1.8
	BPT_EMCDONALD_AI_10: 1.8
	MPT_EMCDONALD_AI_5: 1.5.2.3
	BPT_EMCDONALD_AI_9: 1.8
	BPT_EMCDONALD_AI_8: 1.8
	MPT_EMCDONALD_AI_4: 1.5.2.3
	BPT_EMCDONALD_AI_7: 1.8
	MPT_EMCDONALD_AI_3: 1.5.2.3
	BPT_EMCDONALD_AI_6: 1.7
	BPT_MSKALA_SUPPLY_11: 1.7
	BPT_EMCDONALD_AI_5: 1.7
	MPT_EMCDONALD_AI_2: 1.5.2.2
	SS_7_5_0_0pre_0_20050322: 1.6
	BPT_MSKALA_SUPPLY_10: 1.6
	BPT_EMCDONALD_AI_4: 1.6
	MPT_EMCDONALD_AI_1: 1.5.2.1
	BPT_EMCDONALD_AI_3: 1.5
	BPT_MSKALA_SUPPLY_9: 1.5
	MPT_MSKALA_SUPPLY_3: 1.3.2.2
	BPT_EMCDONALD_AI_2: 1.5
	BPT_MSKALA_SUPPLY_8: 1.5
	MPT_MSKALA_SUPPLY_2: 1.3.2.2
	BPT_MSKALA_SUPPLY_7: 1.5
	BRANCH_EMCDONALD_AI: 1.5.0.2
	BPT_EMCDONALD_AI_1: 1.5
	BPT_MSKALA_SUPPLY_6: 1.5
	SS_7_5_0_0pre_0_20050225: 1.5
	BPT_MSKALA_SUPPLY_5: 1.5
	MPT_MSKALA_SUPPLY_1: 1.3.2.2
	BPT_MSKALA_SUPPLY_4: 1.4
	BPT_MSKALA_SUPPLY_3: 1.4
	BPT_MSKALA_SUPPLY_2: 1.3
	SS_7_5_0_0pre_0_20050208: 1.3
	BPT_MSKALA_IMF_2: 1.3
	BRANCH_MSKALA_SUPPLY: 1.3.0.2
	BPT_MSKALA_SUPPLY_1: 1.3
	SS_7_5_0_0pre_0_20050117: 1.1.1.1
	SS_7_5_0_0pre_0_20050108: 1.1.1.1
	SS_7_5_0_0pre_0_20041228: 1.1.1.1
	BRANCH_MSKALA_IMF: 1.1.1.1.0.2
	BPT_MSKALA_IMF_1: 1.1.1.1
	SS_7_5_0_0pre_0_20041211: 1.1.1.1
	SS_7_5_0_0pre_0_20041126: 1.1.1.1
	GENESIS: 1.1.1.1
	PRIVATE_TREE_1: 1.1.1
keyword substitution: kv
total revisions: 27;	selected revisions: 27
description:
----------------------------
revision 1.12
date: 2005/06/25 22:57:47;  author: eric_mcdonald;  state: Exp;  lines: +0 -3
Remove multi-part units functionality.
----------------------------
revision 1.11
date: 2005/06/21 01:30:40;  author: eric_mcdonald;  state: Exp;  lines: +0 -5
Fix typos in reference manual.
Remove outdated comment.
Fix bug in dice scaling.
Remove 'transfer-part' action.
----------------------------
revision 1.10
date: 2005/06/18 23:50:07;  author: eric_mcdonald;  state: Exp;  lines: +3 -1
Alter the way dice specs work.
Honor dice specs for unit explosion damage.
Move another game to the bitrot archive.
----------------------------
revision 1.9
date: 2005/06/06 03:03:45;  author: eric_mcdonald;  state: Exp;  lines: +17 -13
Merge from 'MPT_EMCDONALD_AI_6' to 'MPT_EMCDONALD_AI_7'.
----------------------------
revision 1.8
date: 2005/04/01 02:20:44;  author: eric_mcdonald;  state: Exp;  lines: +4 -0
Merge from 'MPT_EMCDONALD_AI_2' to 'MPT_EMCDONALD_AI_3'.
----------------------------
revision 1.7
date: 2005/03/28 03:56:50;  author: eric_mcdonald;  state: Exp;  lines: +0 -155
Merge from 'MPT_EMCDONALD_AI_1' to 'MPT_EMCDONALD_AI_2'.
----------------------------
revision 1.6
date: 2005/03/21 03:42:07;  author: eric_mcdonald;  state: Exp;  lines: +5 -5
Merge from root of 'BRANCH_EMCDONALD_AI' to 'MPT_EMCDONALD_AI_1'.
----------------------------
revision 1.5
date: 2005/02/23 05:06:04;  author: eric_mcdonald;  state: Exp;  lines: +8 -1
branches:  1.5.2;
Merge in changes from root of 'BRANCH_MSKALA_SUPPLY' to 'MPT_MSKALA_SUPPLY_1'.
----------------------------
revision 1.4
date: 2005/02/13 03:13:32;  author: eric_mcdonald;  state: Exp;  lines: +4 -4
Fix oddity with the 'vision-bend' uprop.
----------------------------
revision 1.3
date: 2005/01/23 02:40:46;  author: eric_mcdonald;  state: Exp;  lines: +0 -6
branches:  1.3.2;
Unimplement 'last-regular-side-wins' as separate scorekeeper.
Instead, just make the 'applies-to' property meaningful.
Another implementation of Lisp boolean evaluator that uses parameter boxes.
New parambox for sides.
----------------------------
revision 1.2
date: 2005/01/22 21:45:51;  author: eric_mcdonald;  state: Exp;  lines: +9 -1
Implement new scorekeeper, 'last-regular-side-wins'.
----------------------------
revision 1.1
date: 2004/11/21 03:01:07;  author: eric_mcdonald;  state: Exp;
branches:  1.1.1;
Initial revision
----------------------------
revision 1.1.1.1
date: 2004/11/21 03:01:07;  author: eric_mcdonald;  state: Exp;  lines: +0 -0
branches:  1.1.1.1.2;
Initial import from private repo into SF repo.
----------------------------
revision 1.1.1.1.2.2
date: 2005/06/06 03:39:34;  author: eric_mcdonald;  state: Exp;  lines: +38 -178
Merged in all trunk changes between BPT_MSKALA_IMF_2 and BPT_MSKALA_IMF_3.
----------------------------
revision 1.1.1.1.2.1
date: 2005/01/28 03:35:59;  author: eric_mcdonald;  state: Exp;  lines: +3 -1
Merge in trunk changes between BPT_MSKALA_IMF_1 and BPT_MSKALA_IMF_2.
----------------------------
revision 1.3.2.5
date: 2005/06/06 03:18:20;  author: eric_mcdonald;  state: Exp;  lines: +21 -13
Merge in CVS trunk between 'BPT_MSKALA_SUPPLY_11' and 'BPT_MSKALA_SUPPLY_12'.
----------------------------
revision 1.3.2.4
date: 2005/03/28 04:17:55;  author: eric_mcdonald;  state: Exp;  lines: +0 -155
Merge in CVS trunk between 'BPT_MSKALA_SUPPLY_10' and 'BPT_MSKALA_SUPPLY_11'.
----------------------------
revision 1.3.2.3
date: 2005/03/21 03:58:08;  author: eric_mcdonald;  state: Exp;  lines: +5 -5
Merge in CVS trunk between 'BPT_MSKALA_SUPPLY_9' and 'BPT_MSKALA_SUPPLY_10'.
----------------------------
revision 1.3.2.2
date: 2005/02/21 03:35:39;  author: matthewskala;  state: Exp;  lines: +8 -1
Split advanced unit and terrain cell production, add new economy as a variant
for a bunch of games, resulting bug fixes.
----------------------------
revision 1.3.2.1
date: 2005/02/18 04:43:23;  author: matthewskala;  state: Exp;  lines: +4 -4
Merge changes from mainline, fix doctrine check bug.
----------------------------
revision 1.5.2.7
date: 2005/07/10 15:42:51;  author: eric_mcdonald;  state: Exp;  lines: +3 -9
Merge in CVS trunk between 'BPT_EMCDONALD_AI_14' and 'BPT_EMCDONALD_AI_15'.
----------------------------
revision 1.5.2.6
date: 2005/06/03 02:32:43;  author: eric_mcdonald;  state: Exp;  lines: +3 -5
Make creation and building ACP-less.
Rework build task.
Some more repair-related tests.
Improvement task management. Include support for enqueuing ops.
Fix crashing bug in SDL interface.
Fix apparent bug in net receive code.
Cleanup code.
----------------------------
revision 1.5.2.5
date: 2005/05/29 22:32:27;  author: eric_mcdonald;  state: Exp;  lines: +1 -1
Implement new construction features.
Fix bugs in operational roles.
Fix bug in hp-recovery mechanism.
Improve construction AI.
Fix bugs related to change-type action.
----------------------------
revision 1.5.2.4
date: 2005/05/21 17:29:29;  author: eric_mcdonald;  state: Exp;  lines: +13 -7
Archive or delete some unmaintained games that do not work well.
Implement new construction and repair features.
Improve support for operational roles.
Add tatical-level calculations for AI.
Enhance materials consumption code.
----------------------------
revision 1.5.2.3
date: 2005/03/31 02:55:43;  author: eric_mcdonald;  state: Exp;  lines: +4 -0
New functions for handling materials checking and consumption for any actions.
Add support for tech restriction associated with change-type action.
Add support for materials consumption restriction for change-type action.
----------------------------
revision 1.5.2.2
date: 2005/03/25 17:37:42;  author: eric_mcdonald;  state: Exp;  lines: +0 -155
Move some useful functions to a more common location.
Start laying groundwork for new set of designer-specifiable AI worth functions.
Fix warning in Default and related games.
----------------------------
revision 1.5.2.1
date: 2005/03/21 03:19:40;  author: eric_mcdonald;  state: Exp;  lines: +5 -5
Merge in CVS trunk between 'BPT_EMCDONALD_AI_1' and 'BPT_EMCDONALD_AI_3'.
Add new unit analysis capabilities to AI.
Implement a plan-decision lottery. (Still needs work.)
Break out common, useful parts of kernel action-checking code.
Provide a normalization macro.
Fix bug with quoted encounter lists.
=============================================================================
