
RCS file: /cvsroot/xconq/xconq/kernel/imf.c,v
Working file: imf.c
head: 1.11
branch:
locks: strict
access list:
symbolic names:
	BPT_EMCDONALD_AI_16: 1.11
	BPT_EMCDONALD_AI_15: 1.11
	SS_7_5_0_0pre_0_20050612: 1.11
	BPT_MSKALA_IMF_3: 1.11
	BPT_MSKALA_SUPPLY_12: 1.11
	BPT_EMCDONALD_AI_14: 1.11
	MPT_EMCDONALD_AI_7: 1.9.4.2
	BPT_EMCDONALD_AI_13: 1.11
	SS_7_5_0_0pre_0_20050501: 1.11
	BPT_EMCDONALD_AI_12: 1.11
	MPT_EMCDONALD_AI_6: 1.9.4.2
	BPT_EMCDONALD_AI_11: 1.11
	SS_7_5_0_0pre_0_20050416: 1.11
	BPT_EMCDONALD_AI_10: 1.11
	MPT_EMCDONALD_AI_5: 1.9.4.2
	BPT_EMCDONALD_AI_9: 1.11
	BPT_EMCDONALD_AI_8: 1.11
	MPT_EMCDONALD_AI_4: 1.9.4.2
	BPT_EMCDONALD_AI_7: 1.11
	MPT_EMCDONALD_AI_3: 1.9.4.2
	BPT_EMCDONALD_AI_6: 1.11
	BPT_MSKALA_SUPPLY_11: 1.10
	BPT_EMCDONALD_AI_5: 1.10
	MPT_EMCDONALD_AI_2: 1.9.4.1
	SS_7_5_0_0pre_0_20050322: 1.10
	BPT_MSKALA_SUPPLY_10: 1.10
	BPT_EMCDONALD_AI_4: 1.10
	MPT_EMCDONALD_AI_1: 1.9.4.1
	BPT_EMCDONALD_AI_3: 1.10
	BPT_MSKALA_SUPPLY_9: 1.10
	MPT_MSKALA_SUPPLY_3: 1.9.2.1
	BPT_EMCDONALD_AI_2: 1.10
	BPT_MSKALA_SUPPLY_8: 1.10
	MPT_MSKALA_SUPPLY_2: 1.9.2.1
	BPT_MSKALA_SUPPLY_7: 1.10
	BRANCH_EMCDONALD_AI: 1.9.0.4
	BPT_EMCDONALD_AI_1: 1.9
	BPT_MSKALA_SUPPLY_6: 1.9
	SS_7_5_0_0pre_0_20050225: 1.9
	BPT_MSKALA_SUPPLY_5: 1.9
	MPT_MSKALA_SUPPLY_1: 1.9
	BPT_MSKALA_SUPPLY_4: 1.9
	BPT_MSKALA_SUPPLY_3: 1.9
	BPT_MSKALA_SUPPLY_2: 1.9
	SS_7_5_0_0pre_0_20050208: 1.9
	BPT_MSKALA_IMF_2: 1.9
	BRANCH_MSKALA_SUPPLY: 1.9.0.2
	BPT_MSKALA_SUPPLY_1: 1.9
	SS_7_5_0_0pre_0_20050117: 1.9
	SS_7_5_0_0pre_0_20050108: 1.9
	SS_7_5_0_0pre_0_20041228: 1.7
	BRANCH_MSKALA_IMF: 1.5.0.2
	BPT_MSKALA_IMF_1: 1.5
	SS_7_5_0_0pre_0_20041211: 1.5
	SS_7_5_0_0pre_0_20041126: 1.2
	GENESIS: 1.1.1.1
	PRIVATE_TREE_1: 1.1.1
keyword substitution: kv
total revisions: 18;	selected revisions: 18
description:
----------------------------
revision 1.11
date: 2005/03/30 01:08:28;  author: matthewskala;  state: Exp;  lines: +8 -3
Fixed crashing bug with isometric view of terrain that has no isometric image.
----------------------------
revision 1.10
date: 2005/03/12 03:12:20;  author: eric_mcdonald;  state: Exp;  lines: +11 -4
Fix crashing bug with restored games that have only one side.
Partially fix a bug with the scaling of connections.
Fix crashing bugs with uviews that have no associated images.
----------------------------
revision 1.9
date: 2005/01/08 22:14:18;  author: eric_mcdonald;  state: Exp;  lines: +2 -2
branches:  1.9.2;  1.9.4;
Improve AI handling of transports.
Do not apply hex masks to borders.
Networking fixes/improvements.
Attempt to make the AI better at building things with mobile units.
Stabilize unit views so that they updated on a per-turn basis again.
Fix occupant/transport display glitches.
Improve transport and occupant indicators.
----------------------------
revision 1.8
date: 2005/01/01 01:15:14;  author: eric_mcdonald;  state: Exp;  lines: +15 -2
Happy [Gregorian] New Year.
Rotate 2004 changelog out to 'changelogs' dir.
Make SDL interface compile with ParaGUI headers included.
Fix "missing color in emblems" bug.
----------------------------
revision 1.7
date: 2004/12/25 19:25:19;  author: eric_mcdonald;  state: Exp;  lines: +23 -2
Major changes to the UI API.
Major cleanup and refactoring of the Tkconq unit display code.
Improvements to my little local-build script.
----------------------------
revision 1.6
date: 2004/12/13 01:49:39;  author: eric_mcdonald;  state: Exp;  lines: +32 -11
Start to fix problems with unit image scaling.
----------------------------
revision 1.5
date: 2004/12/07 03:15:59;  author: eric_mcdonald;  state: Exp;  lines: +12 -0
branches:  1.5.2;
Patch from Matthew Skala to improve image scaling at low resolution.
----------------------------
revision 1.4
date: 2004/12/04 23:22:58;  author: eric_mcdonald;  state: Exp;  lines: +14 -1
Fix for isometric views with new scaler. (Patch from Matthew Skala.)
----------------------------
revision 1.3
date: 2004/12/04 18:50:47;  author: eric_mcdonald;  state: Exp;  lines: +419 -189
Improve image scaling, especially of terrain.
Lay groundwork for "hexgrid" inline map images.
----------------------------
revision 1.2
date: 2004/11/25 06:59:29;  author: eric_mcdonald;  state: Exp;  lines: +11 -11
Make sure orig image's palette is there before handing to reduced image. (Thanks to Matthew Skala.)
Fix typo in Advances game.
----------------------------
revision 1.1
date: 2004/11/21 03:01:08;  author: eric_mcdonald;  state: Exp;
branches:  1.1.1;
Initial revision
----------------------------
revision 1.1.1.1
date: 2004/11/21 03:01:08;  author: eric_mcdonald;  state: Exp;  lines: +0 -0
Initial import from private repo into SF repo.
----------------------------
revision 1.5.2.2
date: 2005/06/06 03:39:35;  author: eric_mcdonald;  state: Exp;  lines: +19 -7
Merged in all trunk changes between BPT_MSKALA_IMF_2 and BPT_MSKALA_IMF_3.
----------------------------
revision 1.5.2.1
date: 2005/01/28 03:35:59;  author: eric_mcdonald;  state: Exp;  lines: +71 -16
Merge in trunk changes between BPT_MSKALA_IMF_1 and BPT_MSKALA_IMF_2.
----------------------------
revision 1.9.4.2
date: 2005/04/01 02:05:20;  author: eric_mcdonald;  state: Exp;  lines: +8 -3
Merge in CVS trunk between 'BPT_EMCDONALD_AI_5' and 'BPT_EMCDONALD_AI_6'.
Fix (?) crashing bug in improvement plan.
----------------------------
revision 1.9.4.1
date: 2005/03/21 03:19:40;  author: eric_mcdonald;  state: Exp;  lines: +11 -4
Merge in CVS trunk between 'BPT_EMCDONALD_AI_1' and 'BPT_EMCDONALD_AI_3'.
Add new unit analysis capabilities to AI.
Implement a plan-decision lottery. (Still needs work.)
Break out common, useful parts of kernel action-checking code.
Provide a normalization macro.
Fix bug with quoted encounter lists.
----------------------------
revision 1.9.2.2
date: 2005/06/06 03:18:20;  author: eric_mcdonald;  state: Exp;  lines: +8 -3
Merge in CVS trunk between 'BPT_MSKALA_SUPPLY_11' and 'BPT_MSKALA_SUPPLY_12'.
----------------------------
revision 1.9.2.1
date: 2005/03/14 01:12:28;  author: eric_mcdonald;  state: Exp;  lines: +11 -4
Merge in CVS trunk between 'BPT_MSKALA_SUPPLY_6' and 'BPT_MSKALA_SUPPLY_7'.
=============================================================================
