
RCS file: /cvsroot/xconq/xconq/kernel/init.c,v
Working file: init.c
head: 1.11
branch:
locks: strict
access list:
symbolic names:
	BPT_EMCDONALD_AI_16: 1.11
	BPT_EMCDONALD_AI_15: 1.11
	SS_7_5_0_0pre_0_20050612: 1.8
	BPT_MSKALA_IMF_3: 1.6
	BPT_MSKALA_SUPPLY_12: 1.6
	BPT_EMCDONALD_AI_14: 1.6
	MPT_EMCDONALD_AI_7: 1.5.4.2
	BPT_EMCDONALD_AI_13: 1.5
	SS_7_5_0_0pre_0_20050501: 1.5
	BPT_EMCDONALD_AI_12: 1.5
	MPT_EMCDONALD_AI_6: 1.5
	BPT_EMCDONALD_AI_11: 1.5
	SS_7_5_0_0pre_0_20050416: 1.5
	BPT_EMCDONALD_AI_10: 1.5
	MPT_EMCDONALD_AI_5: 1.5
	BPT_EMCDONALD_AI_9: 1.5
	BPT_EMCDONALD_AI_8: 1.5
	MPT_EMCDONALD_AI_4: 1.5
	BPT_EMCDONALD_AI_7: 1.5
	MPT_EMCDONALD_AI_3: 1.5
	BPT_EMCDONALD_AI_6: 1.5
	BPT_MSKALA_SUPPLY_11: 1.5
	BPT_EMCDONALD_AI_5: 1.5
	MPT_EMCDONALD_AI_2: 1.5
	SS_7_5_0_0pre_0_20050322: 1.5
	BPT_MSKALA_SUPPLY_10: 1.5
	BPT_EMCDONALD_AI_4: 1.5
	MPT_EMCDONALD_AI_1: 1.5
	BPT_EMCDONALD_AI_3: 1.5
	BPT_MSKALA_SUPPLY_9: 1.5
	MPT_MSKALA_SUPPLY_3: 1.5
	BPT_EMCDONALD_AI_2: 1.5
	BPT_MSKALA_SUPPLY_8: 1.5
	MPT_MSKALA_SUPPLY_2: 1.5
	BPT_MSKALA_SUPPLY_7: 1.5
	BRANCH_EMCDONALD_AI: 1.5.0.4
	BPT_EMCDONALD_AI_1: 1.5
	BPT_MSKALA_SUPPLY_6: 1.5
	SS_7_5_0_0pre_0_20050225: 1.5
	BPT_MSKALA_SUPPLY_5: 1.5
	MPT_MSKALA_SUPPLY_1: 1.5
	BPT_MSKALA_SUPPLY_4: 1.5
	BPT_MSKALA_SUPPLY_3: 1.5
	BPT_MSKALA_SUPPLY_2: 1.5
	SS_7_5_0_0pre_0_20050208: 1.5
	BPT_MSKALA_IMF_2: 1.5
	BRANCH_MSKALA_SUPPLY: 1.5.0.2
	BPT_MSKALA_SUPPLY_1: 1.5
	SS_7_5_0_0pre_0_20050117: 1.3
	SS_7_5_0_0pre_0_20050108: 1.1.1.1
	SS_7_5_0_0pre_0_20041228: 1.1.1.1
	BRANCH_MSKALA_IMF: 1.1.1.1.0.2
	BPT_MSKALA_IMF_1: 1.1.1.1
	SS_7_5_0_0pre_0_20041211: 1.1.1.1
	SS_7_5_0_0pre_0_20041126: 1.1.1.1
	GENESIS: 1.1.1.1
	PRIVATE_TREE_1: 1.1.1
keyword substitution: kv
total revisions: 18;	selected revisions: 18
description:
----------------------------
revision 1.11
date: 2005/07/10 13:28:37;  author: eric_mcdonald;  state: Exp;  lines: +2 -2
Update and extend image library.
Improvement of AI tactical response.
----------------------------
revision 1.10
date: 2005/06/25 22:57:48;  author: eric_mcdonald;  state: Exp;  lines: +0 -8
Remove multi-part units functionality.
----------------------------
revision 1.9
date: 2005/06/17 02:54:11;  author: eric_mcdonald;  state: Exp;  lines: +11 -8
Implement per-side general action restrictions.
Implement per-side construction restrictions.
Decommision Iplayer.
----------------------------
revision 1.8
date: 2005/06/12 22:10:39;  author: eric_mcdonald;  state: Exp;  lines: +2 -0
Fix create check, so that some games will work properly again.
Fix bug with oproles not being unassigned when units change side.
Fix bug with construction from Tkconq UI.
Improve occs-on-completion feature.
Polish up the Default game some more.
----------------------------
revision 1.7
date: 2005/06/08 03:08:57;  author: eric_mcdonald;  state: Exp;  lines: +47 -0
Add occs-on-completion feature.
Bring docs up-to-date.
Polish Default game a little bit.
Remove StarFleet Battles test from games lib.
----------------------------
revision 1.6
date: 2005/06/06 03:03:45;  author: eric_mcdonald;  state: Exp;  lines: +26 -18
Merge from 'MPT_EMCDONALD_AI_6' to 'MPT_EMCDONALD_AI_7'.
----------------------------
revision 1.5
date: 2005/01/23 06:44:34;  author: eric_mcdonald;  state: Exp;  lines: +14 -2
branches:  1.5.2;  1.5.4;
Generate sidemask for 'known-to' property of scorekeepers.
Improve sideclass membership tester to handle side ID's and mixed lists.
Use the new sideclass membership tester for testing utype availability.
----------------------------
revision 1.4
date: 2005/01/23 02:40:46;  author: eric_mcdonald;  state: Exp;  lines: +84 -58
Unimplement 'last-regular-side-wins' as separate scorekeeper.
Instead, just make the 'applies-to' property meaningful.
Another implementation of Lisp boolean evaluator that uses parameter boxes.
New parambox for sides.
----------------------------
revision 1.3
date: 2005/01/16 19:34:06;  author: eric_mcdonald;  state: Exp;  lines: +18 -9
Fix bug in setup of some games with more than one remote player.
----------------------------
revision 1.2
date: 2005/01/15 23:02:42;  author: eric_mcdonald;  state: Exp;  lines: +8 -0
New family of games, Valhalla, from Elijah Meeks.
Fix bug with unit views in designer mode.
Fix bug with overwatch in designer mode.
Continue fixing uview lookups to match new uview code.
----------------------------
revision 1.1
date: 2004/11/21 03:01:08;  author: eric_mcdonald;  state: Exp;
branches:  1.1.1;
Initial revision
----------------------------
revision 1.1.1.1
date: 2004/11/21 03:01:08;  author: eric_mcdonald;  state: Exp;  lines: +0 -0
branches:  1.1.1.1.2;
Initial import from private repo into SF repo.
----------------------------
revision 1.1.1.1.2.2
date: 2005/06/06 03:39:35;  author: eric_mcdonald;  state: Exp;  lines: +26 -18
Merged in all trunk changes between BPT_MSKALA_IMF_2 and BPT_MSKALA_IMF_3.
----------------------------
revision 1.1.1.1.2.1
date: 2005/01/28 03:35:59;  author: eric_mcdonald;  state: Exp;  lines: +122 -67
Merge in trunk changes between BPT_MSKALA_IMF_1 and BPT_MSKALA_IMF_2.
----------------------------
revision 1.5.4.3
date: 2005/07/10 15:42:52;  author: eric_mcdonald;  state: Exp;  lines: +62 -18
Merge in CVS trunk between 'BPT_EMCDONALD_AI_14' and 'BPT_EMCDONALD_AI_15'.
----------------------------
revision 1.5.4.2
date: 2005/05/29 22:32:27;  author: eric_mcdonald;  state: Exp;  lines: +22 -16
Implement new construction features.
Fix bugs in operational roles.
Fix bug in hp-recovery mechanism.
Improve construction AI.
Fix bugs related to change-type action.
----------------------------
revision 1.5.4.1
date: 2005/05/21 17:29:29;  author: eric_mcdonald;  state: Exp;  lines: +14 -12
Archive or delete some unmaintained games that do not work well.
Implement new construction and repair features.
Improve support for operational roles.
Add tatical-level calculations for AI.
Enhance materials consumption code.
----------------------------
revision 1.5.2.1
date: 2005/06/06 03:18:20;  author: eric_mcdonald;  state: Exp;  lines: +26 -18
Merge in CVS trunk between 'BPT_MSKALA_SUPPLY_11' and 'BPT_MSKALA_SUPPLY_12'.
=============================================================================
