
RCS file: /cvsroot/xconq/xconq/kernel/keyword.def,v
Working file: keyword.def
head: 1.10
branch:
locks: strict
access list:
symbolic names:
	BPT_EMCDONALD_AI_16: 1.10
	BPT_EMCDONALD_AI_15: 1.10
	SS_7_5_0_0pre_0_20050612: 1.8
	BPT_MSKALA_IMF_3: 1.8
	BPT_MSKALA_SUPPLY_12: 1.8
	BPT_EMCDONALD_AI_14: 1.8
	MPT_EMCDONALD_AI_7: 1.7.2.1
	BPT_EMCDONALD_AI_13: 1.7
	SS_7_5_0_0pre_0_20050501: 1.7
	BPT_EMCDONALD_AI_12: 1.7
	MPT_EMCDONALD_AI_6: 1.7
	BPT_EMCDONALD_AI_11: 1.7
	SS_7_5_0_0pre_0_20050416: 1.7
	BPT_EMCDONALD_AI_10: 1.7
	MPT_EMCDONALD_AI_5: 1.7
	BPT_EMCDONALD_AI_9: 1.7
	BPT_EMCDONALD_AI_8: 1.7
	MPT_EMCDONALD_AI_4: 1.7
	BPT_EMCDONALD_AI_7: 1.7
	MPT_EMCDONALD_AI_3: 1.7
	BPT_EMCDONALD_AI_6: 1.7
	BPT_MSKALA_SUPPLY_11: 1.7
	BPT_EMCDONALD_AI_5: 1.7
	MPT_EMCDONALD_AI_2: 1.7
	SS_7_5_0_0pre_0_20050322: 1.7
	BPT_MSKALA_SUPPLY_10: 1.7
	BPT_EMCDONALD_AI_4: 1.7
	MPT_EMCDONALD_AI_1: 1.7
	BPT_EMCDONALD_AI_3: 1.7
	BPT_MSKALA_SUPPLY_9: 1.7
	MPT_MSKALA_SUPPLY_3: 1.5.2.1
	BPT_EMCDONALD_AI_2: 1.7
	BPT_MSKALA_SUPPLY_8: 1.7
	MPT_MSKALA_SUPPLY_2: 1.5.2.1
	BPT_MSKALA_SUPPLY_7: 1.7
	BRANCH_EMCDONALD_AI: 1.7.0.2
	BPT_EMCDONALD_AI_1: 1.7
	BPT_MSKALA_SUPPLY_6: 1.7
	SS_7_5_0_0pre_0_20050225: 1.7
	BPT_MSKALA_SUPPLY_5: 1.7
	MPT_MSKALA_SUPPLY_1: 1.5.2.1
	BPT_MSKALA_SUPPLY_4: 1.7
	BPT_MSKALA_SUPPLY_3: 1.7
	BPT_MSKALA_SUPPLY_2: 1.7
	SS_7_5_0_0pre_0_20050208: 1.7
	BPT_MSKALA_IMF_2: 1.5
	BRANCH_MSKALA_SUPPLY: 1.5.0.2
	BPT_MSKALA_SUPPLY_1: 1.5
	SS_7_5_0_0pre_0_20050117: 1.2
	SS_7_5_0_0pre_0_20050108: 1.2
	SS_7_5_0_0pre_0_20041228: 1.2
	BRANCH_MSKALA_IMF: 1.2.0.2
	BPT_MSKALA_IMF_1: 1.2
	SS_7_5_0_0pre_0_20041211: 1.2
	SS_7_5_0_0pre_0_20041126: 1.1.1.1
	GENESIS: 1.1.1.1
	PRIVATE_TREE_1: 1.1.1
keyword substitution: kv
total revisions: 17;	selected revisions: 17
description:
----------------------------
revision 1.10
date: 2005/06/17 02:54:11;  author: eric_mcdonald;  state: Exp;  lines: +2 -2
Implement per-side general action restrictions.
Implement per-side construction restrictions.
Decommision Iplayer.
----------------------------
revision 1.9
date: 2005/06/15 03:18:46;  author: eric_mcdonald;  state: Exp;  lines: +4 -0
Prepare for some new side-based action-restriction properties.
Restrict damaged terrain outcomes based on detonator type.
----------------------------
revision 1.8
date: 2005/06/06 03:03:45;  author: eric_mcdonald;  state: Exp;  lines: +0 -2
Merge from 'MPT_EMCDONALD_AI_6' to 'MPT_EMCDONALD_AI_7'.
----------------------------
revision 1.7
date: 2005/02/07 02:31:55;  author: eric_mcdonald;  state: Exp;  lines: +1 -0
branches:  1.7.2;
Finish scorekeeper improvements (for now).
New util function for flagging an array of utypes based on a GDL object.
----------------------------
revision 1.6
date: 2005/02/06 02:59:32;  author: eric_mcdonald;  state: Exp;  lines: +18 -15
More scorekeeper improvements.
----------------------------
revision 1.5
date: 2005/01/24 02:33:38;  author: eric_mcdonald;  state: Exp;  lines: +1 -0
branches:  1.5.2;
Further improvements to scorekeepers.
----------------------------
revision 1.4
date: 2005/01/23 02:40:46;  author: eric_mcdonald;  state: Exp;  lines: +0 -1
Unimplement 'last-regular-side-wins' as separate scorekeeper.
Instead, just make the 'applies-to' property meaningful.
Another implementation of Lisp boolean evaluator that uses parameter boxes.
New parambox for sides.
----------------------------
revision 1.3
date: 2005/01/22 21:45:51;  author: eric_mcdonald;  state: Exp;  lines: +1 -0
Implement new scorekeeper, 'last-regular-side-wins'.
----------------------------
revision 1.2
date: 2004/12/04 18:50:47;  author: eric_mcdonald;  state: Exp;  lines: +1 -0
branches:  1.2.2;
Improve image scaling, especially of terrain.
Lay groundwork for "hexgrid" inline map images.
----------------------------
revision 1.1
date: 2004/11/21 03:01:09;  author: eric_mcdonald;  state: Exp;
branches:  1.1.1;
Initial revision
----------------------------
revision 1.1.1.1
date: 2004/11/21 03:01:09;  author: eric_mcdonald;  state: Exp;  lines: +0 -0
Initial import from private repo into SF repo.
----------------------------
revision 1.2.2.2
date: 2005/06/06 03:39:35;  author: eric_mcdonald;  state: Exp;  lines: +17 -15
Merged in all trunk changes between BPT_MSKALA_IMF_2 and BPT_MSKALA_IMF_3.
----------------------------
revision 1.2.2.1
date: 2005/01/28 03:35:59;  author: eric_mcdonald;  state: Exp;  lines: +1 -0
Merge in trunk changes between BPT_MSKALA_IMF_1 and BPT_MSKALA_IMF_2.
----------------------------
revision 1.5.2.2
date: 2005/06/06 03:18:20;  author: eric_mcdonald;  state: Exp;  lines: +0 -2
Merge in CVS trunk between 'BPT_MSKALA_SUPPLY_11' and 'BPT_MSKALA_SUPPLY_12'.
----------------------------
revision 1.5.2.1
date: 2005/02/09 18:11:27;  author: matthewskala;  state: Exp;  lines: +19 -15
Merge in changes from trunk, fix bug by allowing unit material stores to go negative during economy phase.
----------------------------
revision 1.7.2.2
date: 2005/07/10 15:42:52;  author: eric_mcdonald;  state: Exp;  lines: +4 -0
Merge in CVS trunk between 'BPT_EMCDONALD_AI_14' and 'BPT_EMCDONALD_AI_15'.
----------------------------
revision 1.7.2.1
date: 2005/06/03 02:32:43;  author: eric_mcdonald;  state: Exp;  lines: +0 -2
Make creation and building ACP-less.
Rework build task.
Some more repair-related tests.
Improvement task management. Include support for enqueuing ops.
Fix crashing bug in SDL interface.
Fix apparent bug in net receive code.
Cleanup code.
=============================================================================
