
RCS file: /cvsroot/xconq/xconq/kernel/kpublic.h,v
Working file: kpublic.h
head: 1.3
branch:
locks: strict
access list:
symbolic names:
	BPT_EMCDONALD_AI_16: 1.3
	BPT_EMCDONALD_AI_15: 1.3
	SS_7_5_0_0pre_0_20050612: 1.3
	BPT_MSKALA_IMF_3: 1.3
	BPT_MSKALA_SUPPLY_12: 1.3
	BPT_EMCDONALD_AI_14: 1.3
	MPT_EMCDONALD_AI_7: 1.2.4.2
	BPT_EMCDONALD_AI_13: 1.2
	SS_7_5_0_0pre_0_20050501: 1.2
	BPT_EMCDONALD_AI_12: 1.2
	MPT_EMCDONALD_AI_6: 1.2
	BPT_EMCDONALD_AI_11: 1.2
	SS_7_5_0_0pre_0_20050416: 1.2
	BPT_EMCDONALD_AI_10: 1.2
	MPT_EMCDONALD_AI_5: 1.2
	BPT_EMCDONALD_AI_9: 1.2
	BPT_EMCDONALD_AI_8: 1.2
	MPT_EMCDONALD_AI_4: 1.2
	BPT_EMCDONALD_AI_7: 1.2
	MPT_EMCDONALD_AI_3: 1.2
	BPT_EMCDONALD_AI_6: 1.2
	BPT_MSKALA_SUPPLY_11: 1.2
	BPT_EMCDONALD_AI_5: 1.2
	MPT_EMCDONALD_AI_2: 1.2
	SS_7_5_0_0pre_0_20050322: 1.2
	BPT_MSKALA_SUPPLY_10: 1.2
	BPT_EMCDONALD_AI_4: 1.2
	MPT_EMCDONALD_AI_1: 1.2
	BPT_EMCDONALD_AI_3: 1.2
	BPT_MSKALA_SUPPLY_9: 1.2
	MPT_MSKALA_SUPPLY_3: 1.2
	BPT_EMCDONALD_AI_2: 1.2
	BPT_MSKALA_SUPPLY_8: 1.2
	MPT_MSKALA_SUPPLY_2: 1.2
	BPT_MSKALA_SUPPLY_7: 1.2
	BRANCH_EMCDONALD_AI: 1.2.0.4
	BPT_EMCDONALD_AI_1: 1.2
	BPT_MSKALA_SUPPLY_6: 1.2
	SS_7_5_0_0pre_0_20050225: 1.2
	BPT_MSKALA_SUPPLY_5: 1.2
	MPT_MSKALA_SUPPLY_1: 1.2
	BPT_MSKALA_SUPPLY_4: 1.2
	BPT_MSKALA_SUPPLY_3: 1.2
	BPT_MSKALA_SUPPLY_2: 1.2
	SS_7_5_0_0pre_0_20050208: 1.2
	BPT_MSKALA_IMF_2: 1.2
	BRANCH_MSKALA_SUPPLY: 1.2.0.2
	BPT_MSKALA_SUPPLY_1: 1.2
	SS_7_5_0_0pre_0_20050117: 1.2
	SS_7_5_0_0pre_0_20050108: 1.2
	SS_7_5_0_0pre_0_20041228: 1.1.1.1
	BRANCH_MSKALA_IMF: 1.1.1.1.0.2
	BPT_MSKALA_IMF_1: 1.1.1.1
	SS_7_5_0_0pre_0_20041211: 1.1.1.1
	SS_7_5_0_0pre_0_20041126: 1.1.1.1
	GENESIS: 1.1.1.1
	PRIVATE_TREE_1: 1.1.1
keyword substitution: kv
total revisions: 9;	selected revisions: 9
description:
----------------------------
revision 1.3
date: 2005/06/06 03:03:45;  author: eric_mcdonald;  state: Exp;  lines: +0 -5
Merge from 'MPT_EMCDONALD_AI_6' to 'MPT_EMCDONALD_AI_7'.
----------------------------
revision 1.2
date: 2005/01/08 22:14:19;  author: eric_mcdonald;  state: Exp;  lines: +3 -0
branches:  1.2.2;  1.2.4;
Improve AI handling of transports.
Do not apply hex masks to borders.
Networking fixes/improvements.
Attempt to make the AI better at building things with mobile units.
Stabilize unit views so that they updated on a per-turn basis again.
Fix occupant/transport display glitches.
Improve transport and occupant indicators.
----------------------------
revision 1.1
date: 2004/11/21 03:01:09;  author: eric_mcdonald;  state: Exp;
branches:  1.1.1;
Initial revision
----------------------------
revision 1.1.1.1
date: 2004/11/21 03:01:09;  author: eric_mcdonald;  state: Exp;  lines: +0 -0
branches:  1.1.1.1.2;
Initial import from private repo into SF repo.
----------------------------
revision 1.1.1.1.2.2
date: 2005/06/06 03:39:35;  author: eric_mcdonald;  state: Exp;  lines: +0 -5
Merged in all trunk changes between BPT_MSKALA_IMF_2 and BPT_MSKALA_IMF_3.
----------------------------
revision 1.1.1.1.2.1
date: 2005/01/28 03:35:59;  author: eric_mcdonald;  state: Exp;  lines: +3 -0
Merge in trunk changes between BPT_MSKALA_IMF_1 and BPT_MSKALA_IMF_2.
----------------------------
revision 1.2.4.2
date: 2005/06/05 20:53:01;  author: eric_mcdonald;  state: Exp;  lines: +0 -1
Ensure that Tkconq and the generic UI code rebuild when AI files are changed.
Add support for autoconf assignment of "sizeof" macros.
Start to add support for making primitve integer types of known size.
Remove or disable more code associated with the colonization plan.
Improve colonization support in constructor oprole.
Prepare support for action masks.
Remove now-unused 'buildingdone' flag.
Delete remnants of special ACP-indep construction code.
----------------------------
revision 1.2.4.1
date: 2005/06/03 02:32:43;  author: eric_mcdonald;  state: Exp;  lines: +0 -4
Make creation and building ACP-less.
Rework build task.
Some more repair-related tests.
Improvement task management. Include support for enqueuing ops.
Fix crashing bug in SDL interface.
Fix apparent bug in net receive code.
Cleanup code.
----------------------------
revision 1.2.2.1
date: 2005/06/06 03:18:20;  author: eric_mcdonald;  state: Exp;  lines: +0 -5
Merge in CVS trunk between 'BPT_MSKALA_SUPPLY_11' and 'BPT_MSKALA_SUPPLY_12'.
=============================================================================
