
RCS file: /cvsroot/xconq/xconq/kernel/Makefile.in,v
Working file: Makefile.in
head: 1.10
branch:
locks: strict
access list:
symbolic names:
	BPT_EMCDONALD_AI_16: 1.10
	BPT_EMCDONALD_AI_15: 1.10
	SS_7_5_0_0pre_0_20050612: 1.7
	BPT_MSKALA_IMF_3: 1.7
	BPT_MSKALA_SUPPLY_12: 1.7
	BPT_EMCDONALD_AI_14: 1.7
	MPT_EMCDONALD_AI_7: 1.3.2.7
	BPT_EMCDONALD_AI_13: 1.6
	SS_7_5_0_0pre_0_20050501: 1.6
	BPT_EMCDONALD_AI_12: 1.6
	MPT_EMCDONALD_AI_6: 1.3.2.4
	BPT_EMCDONALD_AI_11: 1.5
	SS_7_5_0_0pre_0_20050416: 1.5
	BPT_EMCDONALD_AI_10: 1.5
	MPT_EMCDONALD_AI_5: 1.3.2.3
	BPT_EMCDONALD_AI_9: 1.5
	BPT_EMCDONALD_AI_8: 1.5
	MPT_EMCDONALD_AI_4: 1.3.2.3
	BPT_EMCDONALD_AI_7: 1.5
	MPT_EMCDONALD_AI_3: 1.3.2.3
	BPT_EMCDONALD_AI_6: 1.5
	BPT_MSKALA_SUPPLY_11: 1.5
	BPT_EMCDONALD_AI_5: 1.5
	MPT_EMCDONALD_AI_2: 1.3.2.3
	SS_7_5_0_0pre_0_20050322: 1.4
	BPT_MSKALA_SUPPLY_10: 1.4
	BPT_EMCDONALD_AI_4: 1.4
	MPT_EMCDONALD_AI_1: 1.3.2.2
	BPT_EMCDONALD_AI_3: 1.3
	BPT_MSKALA_SUPPLY_9: 1.3
	MPT_MSKALA_SUPPLY_3: 1.2.4.1
	BPT_EMCDONALD_AI_2: 1.3
	BPT_MSKALA_SUPPLY_8: 1.3
	MPT_MSKALA_SUPPLY_2: 1.2.4.1
	BPT_MSKALA_SUPPLY_7: 1.3
	BRANCH_EMCDONALD_AI: 1.3.0.2
	BPT_EMCDONALD_AI_1: 1.3
	BPT_MSKALA_SUPPLY_6: 1.3
	SS_7_5_0_0pre_0_20050225: 1.3
	BPT_MSKALA_SUPPLY_5: 1.3
	MPT_MSKALA_SUPPLY_1: 1.2.4.1
	BPT_MSKALA_SUPPLY_4: 1.2
	BPT_MSKALA_SUPPLY_3: 1.2
	BPT_MSKALA_SUPPLY_2: 1.2
	SS_7_5_0_0pre_0_20050208: 1.2
	BPT_MSKALA_IMF_2: 1.2
	BRANCH_MSKALA_SUPPLY: 1.2.0.4
	BPT_MSKALA_SUPPLY_1: 1.2
	SS_7_5_0_0pre_0_20050117: 1.2
	SS_7_5_0_0pre_0_20050108: 1.2
	SS_7_5_0_0pre_0_20041228: 1.2
	BRANCH_MSKALA_IMF: 1.2.0.2
	BPT_MSKALA_IMF_1: 1.2
	SS_7_5_0_0pre_0_20041211: 1.2
	SS_7_5_0_0pre_0_20041126: 1.1.1.1
	GENESIS: 1.1.1.1
	PRIVATE_TREE_1: 1.1.1
keyword substitution: kv
total revisions: 24;	selected revisions: 24
description:
----------------------------
revision 1.10
date: 2005/06/26 16:00:30;  author: eric_mcdonald;  state: Exp;  lines: +4 -3
Cleanup and fix various autoconf and make issues.
----------------------------
revision 1.9
date: 2005/06/21 01:30:40;  author: eric_mcdonald;  state: Exp;  lines: +0 -4
Fix typos in reference manual.
Remove outdated comment.
Fix bug in dice scaling.
Remove 'transfer-part' action.
----------------------------
revision 1.8
date: 2005/06/17 02:54:11;  author: eric_mcdonald;  state: Exp;  lines: +0 -2
Implement per-side general action restrictions.
Implement per-side construction restrictions.
Decommision Iplayer.
----------------------------
revision 1.7
date: 2005/06/06 03:03:44;  author: eric_mcdonald;  state: Exp;  lines: +13 -10
Merge from 'MPT_EMCDONALD_AI_6' to 'MPT_EMCDONALD_AI_7'.
----------------------------
revision 1.6
date: 2005/04/30 23:35:08;  author: eric_mcdonald;  state: Exp;  lines: +3 -1
Merge from 'MPT_EMCDONALD_AI_5' to 'MPT_EMCDONALD_AI_6'.
Many non-AI-related changes included in this merge.
----------------------------
revision 1.5
date: 2005/03/28 03:56:50;  author: eric_mcdonald;  state: Exp;  lines: +4 -1
Merge from 'MPT_EMCDONALD_AI_1' to 'MPT_EMCDONALD_AI_2'.
----------------------------
revision 1.4
date: 2005/03/21 03:42:06;  author: eric_mcdonald;  state: Exp;  lines: +9 -2
Merge from root of 'BRANCH_EMCDONALD_AI' to 'MPT_EMCDONALD_AI_1'.
----------------------------
revision 1.3
date: 2005/02/23 05:06:04;  author: eric_mcdonald;  state: Exp;  lines: +2 -0
branches:  1.3.2;
Merge in changes from root of 'BRANCH_MSKALA_SUPPLY' to 'MPT_MSKALA_SUPPLY_1'.
----------------------------
revision 1.2
date: 2004/12/04 22:24:00;  author: eric_mcdonald;  state: Exp;  lines: +4 -3
branches:  1.2.2;  1.2.4;
Fix building of KWIC pogram with C++ compiler.
Refine and expand "parambox" system for search functions that take predicates.
Two new versions of 'search_around' that use paramboxen.
Begin a namespace for Xconq vars outside of function scope.
Revise 'see_cell' code. (NOTE: This is not perfected yet.)
Fix to 3rd Age game. (Thanks to Kevin O'Gorman for reporting the bug.)
----------------------------
revision 1.1
date: 2004/11/21 03:01:01;  author: eric_mcdonald;  state: Exp;
branches:  1.1.1;
Initial revision
----------------------------
revision 1.1.1.1
date: 2004/11/21 03:01:01;  author: eric_mcdonald;  state: Exp;  lines: +0 -0
Initial import from private repo into SF repo.
----------------------------
revision 1.2.4.4
date: 2005/06/06 03:18:20;  author: eric_mcdonald;  state: Exp;  lines: +14 -9
Merge in CVS trunk between 'BPT_MSKALA_SUPPLY_11' and 'BPT_MSKALA_SUPPLY_12'.
----------------------------
revision 1.2.4.3
date: 2005/03/28 04:17:54;  author: eric_mcdonald;  state: Exp;  lines: +4 -1
Merge in CVS trunk between 'BPT_MSKALA_SUPPLY_10' and 'BPT_MSKALA_SUPPLY_11'.
----------------------------
revision 1.2.4.2
date: 2005/03/21 03:58:07;  author: eric_mcdonald;  state: Exp;  lines: +9 -2
Merge in CVS trunk between 'BPT_MSKALA_SUPPLY_9' and 'BPT_MSKALA_SUPPLY_10'.
----------------------------
revision 1.2.4.1
date: 2005/02/15 19:03:35;  author: matthewskala;  state: Exp;  lines: +2 -0
Move economy code to new economy.c file.
----------------------------
revision 1.2.2.1
date: 2005/06/06 03:39:34;  author: eric_mcdonald;  state: Exp;  lines: +23 -6
Merged in all trunk changes between BPT_MSKALA_IMF_2 and BPT_MSKALA_IMF_3.
----------------------------
revision 1.3.2.8
date: 2005/07/10 15:42:50;  author: eric_mcdonald;  state: Exp;  lines: +4 -9
Merge in CVS trunk between 'BPT_EMCDONALD_AI_14' and 'BPT_EMCDONALD_AI_15'.
----------------------------
revision 1.3.2.7
date: 2005/06/05 20:53:00;  author: eric_mcdonald;  state: Exp;  lines: +1 -1
Ensure that Tkconq and the generic UI code rebuild when AI files are changed.
Add support for autoconf assignment of "sizeof" macros.
Start to add support for making primitve integer types of known size.
Remove or disable more code associated with the colonization plan.
Improve colonization support in constructor oprole.
Prepare support for action masks.
Remove now-unused 'buildingdone' flag.
Delete remnants of special ACP-indep construction code.
----------------------------
revision 1.3.2.6
date: 2005/05/30 19:49:13;  author: eric_mcdonald;  state: Exp;  lines: +11 -10
Separate out AI header make dependencies.
Fix bugs in tooling checks.
New action result type.
Remove random plan, support plans, and other cruft from plan code.
Shuffle some more unmaintained games into bitrot archive.
Fix bug in Classic Xconq game and its children.
----------------------------
revision 1.3.2.5
date: 2005/05/21 17:29:28;  author: eric_mcdonald;  state: Exp;  lines: +4 -2
Archive or delete some unmaintained games that do not work well.
Implement new construction and repair features.
Improve support for operational roles.
Add tatical-level calculations for AI.
Enhance materials consumption code.
----------------------------
revision 1.3.2.4
date: 2005/04/17 16:38:30;  author: eric_mcdonald;  state: Exp;  lines: +3 -1
Continue laying foundation for more AI improvements.
----------------------------
revision 1.3.2.3
date: 2005/03/26 20:26:22;  author: eric_mcdonald;  state: Exp;  lines: +4 -1
Various and sundry improvements to the AI.
----------------------------
revision 1.3.2.2
date: 2005/03/21 03:19:39;  author: eric_mcdonald;  state: Exp;  lines: +4 -2
Merge in CVS trunk between 'BPT_EMCDONALD_AI_1' and 'BPT_EMCDONALD_AI_3'.
Add new unit analysis capabilities to AI.
Implement a plan-decision lottery. (Still needs work.)
Break out common, useful parts of kernel action-checking code.
Provide a normalization macro.
Fix bug with quoted encounter lists.
----------------------------
revision 1.3.2.1
date: 2005/03/06 02:09:45;  author: eric_mcdonald;  state: Exp;  lines: +7 -2
Make AI scorekeeper analysis stuff compile and link.
=============================================================================
