
RCS file: /cvsroot/xconq/xconq/kernel/mplayer.c,v
Working file: mplayer.c
head: 1.18
branch:
locks: strict
access list:
symbolic names:
	BPT_EMCDONALD_AI_16: 1.18
	BPT_EMCDONALD_AI_15: 1.18
	SS_7_5_0_0pre_0_20050612: 1.16
	BPT_MSKALA_IMF_3: 1.16
	BPT_MSKALA_SUPPLY_12: 1.16
	BPT_EMCDONALD_AI_14: 1.16
	MPT_EMCDONALD_AI_7: 1.9.2.16
	BPT_EMCDONALD_AI_13: 1.15
	SS_7_5_0_0pre_0_20050501: 1.15
	BPT_EMCDONALD_AI_12: 1.15
	MPT_EMCDONALD_AI_6: 1.9.2.11
	BPT_EMCDONALD_AI_11: 1.14
	SS_7_5_0_0pre_0_20050416: 1.14
	BPT_EMCDONALD_AI_10: 1.14
	MPT_EMCDONALD_AI_5: 1.9.2.9
	BPT_EMCDONALD_AI_9: 1.13
	BPT_EMCDONALD_AI_8: 1.13
	MPT_EMCDONALD_AI_4: 1.9.2.8
	BPT_EMCDONALD_AI_7: 1.12
	MPT_EMCDONALD_AI_3: 1.9.2.7
	BPT_EMCDONALD_AI_6: 1.11
	BPT_MSKALA_SUPPLY_11: 1.11
	BPT_EMCDONALD_AI_5: 1.11
	MPT_EMCDONALD_AI_2: 1.9.2.6
	SS_7_5_0_0pre_0_20050322: 1.10
	BPT_MSKALA_SUPPLY_10: 1.10
	BPT_EMCDONALD_AI_4: 1.10
	MPT_EMCDONALD_AI_1: 1.9.2.4
	BPT_EMCDONALD_AI_3: 1.9
	BPT_MSKALA_SUPPLY_9: 1.9
	MPT_MSKALA_SUPPLY_3: 1.4.2.3
	BPT_EMCDONALD_AI_2: 1.9
	BPT_MSKALA_SUPPLY_8: 1.9
	MPT_MSKALA_SUPPLY_2: 1.4.2.3
	BPT_MSKALA_SUPPLY_7: 1.9
	BRANCH_EMCDONALD_AI: 1.9.0.2
	BPT_EMCDONALD_AI_1: 1.9
	BPT_MSKALA_SUPPLY_6: 1.9
	SS_7_5_0_0pre_0_20050225: 1.9
	BPT_MSKALA_SUPPLY_5: 1.9
	MPT_MSKALA_SUPPLY_1: 1.4.2.3
	BPT_MSKALA_SUPPLY_4: 1.9
	BPT_MSKALA_SUPPLY_3: 1.6
	BPT_MSKALA_SUPPLY_2: 1.5
	SS_7_5_0_0pre_0_20050208: 1.5
	BPT_MSKALA_IMF_2: 1.4
	BRANCH_MSKALA_SUPPLY: 1.4.0.2
	BPT_MSKALA_SUPPLY_1: 1.4
	SS_7_5_0_0pre_0_20050117: 1.1.1.1
	SS_7_5_0_0pre_0_20050108: 1.1.1.1
	SS_7_5_0_0pre_0_20041228: 1.1.1.1
	BRANCH_MSKALA_IMF: 1.1.1.1.0.2
	BPT_MSKALA_IMF_1: 1.1.1.1
	SS_7_5_0_0pre_0_20041211: 1.1.1.1
	SS_7_5_0_0pre_0_20041126: 1.1.1.1
	GENESIS: 1.1.1.1
	PRIVATE_TREE_1: 1.1.1
keyword substitution: kv
total revisions: 45;	selected revisions: 45
description:
----------------------------
revision 1.18
date: 2005/07/10 13:28:37;  author: eric_mcdonald;  state: Exp;  lines: +4 -0
Update and extend image library.
Improvement of AI tactical response.
----------------------------
revision 1.17
date: 2005/06/25 22:57:48;  author: eric_mcdonald;  state: Exp;  lines: +1 -1
Remove multi-part units functionality.
----------------------------
revision 1.16
date: 2005/06/06 03:03:45;  author: eric_mcdonald;  state: Exp;  lines: +60 -105
Merge from 'MPT_EMCDONALD_AI_6' to 'MPT_EMCDONALD_AI_7'.
----------------------------
revision 1.15
date: 2005/04/30 23:35:09;  author: eric_mcdonald;  state: Exp;  lines: +23 -9
Merge from 'MPT_EMCDONALD_AI_5' to 'MPT_EMCDONALD_AI_6'.
Many non-AI-related changes included in this merge.
----------------------------
revision 1.14
date: 2005/04/16 01:17:11;  author: eric_mcdonald;  state: Exp;  lines: +67 -50
Merge from 'MPT_EMCDONALD_AI_4' to 'MPT_EMCDONALD_AI_5'.
----------------------------
revision 1.13
date: 2005/04/05 01:53:38;  author: eric_mcdonald;  state: Exp;  lines: +59 -27
Merge from 'MPT_EMCDONALD_AI_3' to 'MPT_EMCDONALD_AI_4'.
----------------------------
revision 1.12
date: 2005/04/01 02:20:44;  author: eric_mcdonald;  state: Exp;  lines: +37 -41
Merge from 'MPT_EMCDONALD_AI_2' to 'MPT_EMCDONALD_AI_3'.
----------------------------
revision 1.11
date: 2005/03/28 03:56:51;  author: eric_mcdonald;  state: Exp;  lines: +28 -175
Merge from 'MPT_EMCDONALD_AI_1' to 'MPT_EMCDONALD_AI_2'.
----------------------------
revision 1.10
date: 2005/03/21 03:42:07;  author: eric_mcdonald;  state: Exp;  lines: +204 -245
Merge from root of 'BRANCH_EMCDONALD_AI' to 'MPT_EMCDONALD_AI_1'.
----------------------------
revision 1.9
date: 2005/02/22 04:31:51;  author: eric_mcdonald;  state: Exp;  lines: +4 -453
branches:  1.9.2;
Continue building up the AI's scorekeeper analysis.
----------------------------
revision 1.8
date: 2005/02/20 03:50:11;  author: eric_mcdonald;  state: Exp;  lines: +440 -42
Continue building up the AI's scorekeeper analysis.
----------------------------
revision 1.7
date: 2005/02/19 05:33:37;  author: eric_mcdonald;  state: Exp;  lines: +9 -8
Fix bug with plan assignment failing for potential colonizers.
----------------------------
revision 1.6
date: 2005/02/15 04:36:36;  author: eric_mcdonald;  state: Exp;  lines: +202 -23
Fix bug that prevented death-by-detonation from causing any death effects.
Lay foundation for scorekeeper analysis by AI.
Fix bug in scorekeeper parsing.
Fix a small misdocumenation of 'change-type' action.
----------------------------
revision 1.5
date: 2005/02/06 02:59:32;  author: eric_mcdonald;  state: Exp;  lines: +2 -1
More scorekeeper improvements.
----------------------------
revision 1.4
date: 2005/01/23 02:40:46;  author: eric_mcdonald;  state: Exp;  lines: +2 -4
branches:  1.4.2;
Unimplement 'last-regular-side-wins' as separate scorekeeper.
Instead, just make the 'applies-to' property meaningful.
Another implementation of Lisp boolean evaluator that uses parameter boxes.
New parambox for sides.
----------------------------
revision 1.3
date: 2005/01/22 21:45:51;  author: eric_mcdonald;  state: Exp;  lines: +5 -2
Implement new scorekeeper, 'last-regular-side-wins'.
----------------------------
revision 1.2
date: 2005/01/22 18:42:02;  author: eric_mcdonald;  state: Exp;  lines: +8 -10
Fix crashing bug in ACP-indep construction.
----------------------------
revision 1.1
date: 2004/11/21 03:01:12;  author: eric_mcdonald;  state: Exp;
branches:  1.1.1;
Initial revision
----------------------------
revision 1.1.1.1
date: 2004/11/21 03:01:12;  author: eric_mcdonald;  state: Exp;  lines: +0 -0
branches:  1.1.1.1.2;
Initial import from private repo into SF repo.
----------------------------
revision 1.1.1.1.2.2
date: 2005/06/06 03:39:36;  author: eric_mcdonald;  state: Exp;  lines: +314 -358
Merged in all trunk changes between BPT_MSKALA_IMF_2 and BPT_MSKALA_IMF_3.
----------------------------
revision 1.1.1.1.2.1
date: 2005/01/28 03:35:59;  author: eric_mcdonald;  state: Exp;  lines: +13 -14
Merge in trunk changes between BPT_MSKALA_IMF_1 and BPT_MSKALA_IMF_2.
----------------------------
revision 1.4.2.6
date: 2005/06/06 03:18:20;  author: eric_mcdonald;  state: Exp;  lines: +211 -197
Merge in CVS trunk between 'BPT_MSKALA_SUPPLY_11' and 'BPT_MSKALA_SUPPLY_12'.
----------------------------
revision 1.4.2.5
date: 2005/03/28 04:17:56;  author: eric_mcdonald;  state: Exp;  lines: +28 -175
Merge in CVS trunk between 'BPT_MSKALA_SUPPLY_10' and 'BPT_MSKALA_SUPPLY_11'.
----------------------------
revision 1.4.2.4
date: 2005/03/21 03:58:09;  author: eric_mcdonald;  state: Exp;  lines: +204 -245
Merge in CVS trunk between 'BPT_MSKALA_SUPPLY_9' and 'BPT_MSKALA_SUPPLY_10'.
----------------------------
revision 1.4.2.3
date: 2005/02/23 03:40:21;  author: eric_mcdonald;  state: Exp;  lines: +117 -167
Merge in CVS trunk between 'BPT_MSKALA_SUPPLY_3' and 'BPT_MSKALA_SUPPLY_4'.
----------------------------
revision 1.4.2.2
date: 2005/02/18 04:43:23;  author: matthewskala;  state: Exp;  lines: +202 -23
Merge changes from mainline, fix doctrine check bug.
----------------------------
revision 1.4.2.1
date: 2005/02/09 18:11:28;  author: matthewskala;  state: Exp;  lines: +2 -1
Merge in changes from trunk, fix bug by allowing unit material stores to go negative during economy phase.
----------------------------
revision 1.9.2.18
date: 2005/07/23 22:21:55;  author: eric_mcdonald;  state: Exp;  lines: +1 -1
Start improvement of AI tactical handler.
Fix combat awards bugs.
Fix crashing bugs.
Fix change type bug.
----------------------------
revision 1.9.2.17
date: 2005/07/10 15:42:52;  author: eric_mcdonald;  state: Exp;  lines: +5 -1
Merge in CVS trunk between 'BPT_EMCDONALD_AI_14' and 'BPT_EMCDONALD_AI_15'.
----------------------------
revision 1.9.2.16
date: 2005/06/05 21:30:38;  author: eric_mcdonald;  state: Exp;  lines: +1 -21
Bring documentation up-to-date wrt recent changes.
Finish cleaning out the rest of the colonization logic.
Fix bug in UI code.
----------------------------
revision 1.9.2.15
date: 2005/06/05 03:03:01;  author: eric_mcdonald;  state: Exp;  lines: +38 -80
Fix bugs in building and self-improvement.
Fix bug with Tkconq action-enablement in UI.
Make ACP-indep construction work correctly again.
Fix some (but not all) end-of-turn pauses.
----------------------------
revision 1.9.2.14
date: 2005/06/03 02:32:43;  author: eric_mcdonald;  state: Exp;  lines: +3 -28
Make creation and building ACP-less.
Rework build task.
Some more repair-related tests.
Improvement task management. Include support for enqueuing ops.
Fix crashing bug in SDL interface.
Fix apparent bug in net receive code.
Cleanup code.
----------------------------
revision 1.9.2.13
date: 2005/05/29 22:32:28;  author: eric_mcdonald;  state: Exp;  lines: +10 -1
Implement new construction features.
Fix bugs in operational roles.
Fix bug in hp-recovery mechanism.
Improve construction AI.
Fix bugs related to change-type action.
----------------------------
revision 1.9.2.12
date: 2005/05/21 17:29:29;  author: eric_mcdonald;  state: Exp;  lines: +42 -9
Archive or delete some unmaintained games that do not work well.
Implement new construction and repair features.
Improve support for operational roles.
Add tatical-level calculations for AI.
Enhance materials consumption code.
----------------------------
revision 1.9.2.11
date: 2005/04/22 16:36:16;  author: eric_mcdonald;  state: Exp;  lines: +15 -7
Some experimental AI improvements.
Some proven-to-be-good AI improvements.
----------------------------
revision 1.9.2.10
date: 2005/04/17 16:38:30;  author: eric_mcdonald;  state: Exp;  lines: +8 -2
Continue laying foundation for more AI improvements.
----------------------------
revision 1.9.2.9
date: 2005/04/13 01:55:20;  author: eric_mcdonald;  state: Exp;  lines: +67 -50
More treasury-checking functions.
Many AI tweaks, plus foundation for further enhancements.
Fix bug in my earlier bugfix in the economy code.
----------------------------
revision 1.9.2.8
date: 2005/04/04 02:44:55;  author: eric_mcdonald;  state: Exp;  lines: +59 -27
Fix crashing bug in unit creation code.
Various and sundry AI improvements.
----------------------------
revision 1.9.2.7
date: 2005/03/29 04:15:48;  author: eric_mcdonald;  state: Exp;  lines: +37 -41
Various and sundry improvements to the AI.
Specific focus on enabling AI use of manual change-type.
Also, allow ACP-less manual change-type.
Update games lib to account for the allowance of ACP-less manual change-type.
----------------------------
revision 1.9.2.6
date: 2005/03/27 03:51:25;  author: eric_mcdonald;  state: Exp;  lines: +7 -55
Various and sundry improvements to the AI.
Fix bug in backdrop model 0 scarce materials distribution.
----------------------------
revision 1.9.2.5
date: 2005/03/26 20:26:29;  author: eric_mcdonald;  state: Exp;  lines: +21 -120
Various and sundry improvements to the AI.
----------------------------
revision 1.9.2.4
date: 2005/03/21 03:19:40;  author: eric_mcdonald;  state: Exp;  lines: +183 -56
Merge in CVS trunk between 'BPT_EMCDONALD_AI_1' and 'BPT_EMCDONALD_AI_3'.
Add new unit analysis capabilities to AI.
Implement a plan-decision lottery. (Still needs work.)
Break out common, useful parts of kernel action-checking code.
Provide a normalization macro.
Fix bug with quoted encounter lists.
----------------------------
revision 1.9.2.3
date: 2005/03/08 02:23:12;  author: eric_mcdonald;  state: Exp;  lines: +14 -49
Fix crashing bug in unit creation code.
Remove another worthless side goal.
* aiscore.h (for_all_ai_sk_analyses): New macro.
----------------------------
revision 1.9.2.2
date: 2005/03/07 01:52:10;  author: eric_mcdonald;  state: Exp;  lines: +1 -14
Remove some worthless side goals.
----------------------------
revision 1.9.2.1
date: 2005/03/06 20:46:00;  author: eric_mcdonald;  state: Exp;  lines: +6 -126
Hook scorekeeper analysis code into mplayer logic.
Fix a couple of minor bugs.
=============================================================================
