
RCS file: /cvsroot/xconq/xconq/kernel/nlang.c,v
Working file: nlang.c
head: 1.11
branch:
locks: strict
access list:
symbolic names:
	BPT_EMCDONALD_AI_16: 1.11
	BPT_EMCDONALD_AI_15: 1.11
	SS_7_5_0_0pre_0_20050612: 1.8
	BPT_MSKALA_IMF_3: 1.8
	BPT_MSKALA_SUPPLY_12: 1.8
	BPT_EMCDONALD_AI_14: 1.8
	MPT_EMCDONALD_AI_7: 1.7.2.4
	BPT_EMCDONALD_AI_13: 1.7
	SS_7_5_0_0pre_0_20050501: 1.7
	BPT_EMCDONALD_AI_12: 1.7
	MPT_EMCDONALD_AI_6: 1.7
	BPT_EMCDONALD_AI_11: 1.7
	SS_7_5_0_0pre_0_20050416: 1.7
	BPT_EMCDONALD_AI_10: 1.7
	MPT_EMCDONALD_AI_5: 1.7
	BPT_EMCDONALD_AI_9: 1.7
	BPT_EMCDONALD_AI_8: 1.7
	MPT_EMCDONALD_AI_4: 1.7
	BPT_EMCDONALD_AI_7: 1.7
	MPT_EMCDONALD_AI_3: 1.7
	BPT_EMCDONALD_AI_6: 1.7
	BPT_MSKALA_SUPPLY_11: 1.7
	BPT_EMCDONALD_AI_5: 1.7
	MPT_EMCDONALD_AI_2: 1.7
	SS_7_5_0_0pre_0_20050322: 1.7
	BPT_MSKALA_SUPPLY_10: 1.7
	BPT_EMCDONALD_AI_4: 1.7
	MPT_EMCDONALD_AI_1: 1.7
	BPT_EMCDONALD_AI_3: 1.7
	BPT_MSKALA_SUPPLY_9: 1.7
	MPT_MSKALA_SUPPLY_3: 1.6.2.1
	BPT_EMCDONALD_AI_2: 1.7
	BPT_MSKALA_SUPPLY_8: 1.7
	MPT_MSKALA_SUPPLY_2: 1.6.2.1
	BPT_MSKALA_SUPPLY_7: 1.7
	BRANCH_EMCDONALD_AI: 1.7.0.2
	BPT_EMCDONALD_AI_1: 1.7
	BPT_MSKALA_SUPPLY_6: 1.7
	SS_7_5_0_0pre_0_20050225: 1.7
	BPT_MSKALA_SUPPLY_5: 1.7
	MPT_MSKALA_SUPPLY_1: 1.6.2.1
	BPT_MSKALA_SUPPLY_4: 1.7
	BPT_MSKALA_SUPPLY_3: 1.7
	BPT_MSKALA_SUPPLY_2: 1.7
	SS_7_5_0_0pre_0_20050208: 1.7
	BPT_MSKALA_IMF_2: 1.6
	BRANCH_MSKALA_SUPPLY: 1.6.0.2
	BPT_MSKALA_SUPPLY_1: 1.6
	SS_7_5_0_0pre_0_20050117: 1.4
	SS_7_5_0_0pre_0_20050108: 1.4
	SS_7_5_0_0pre_0_20041228: 1.4
	BRANCH_MSKALA_IMF: 1.2.0.2
	BPT_MSKALA_IMF_1: 1.2
	SS_7_5_0_0pre_0_20041211: 1.1.1.1
	SS_7_5_0_0pre_0_20041126: 1.1.1.1
	GENESIS: 1.1.1.1
	PRIVATE_TREE_1: 1.1.1
keyword substitution: kv
total revisions: 22;	selected revisions: 22
description:
----------------------------
revision 1.11
date: 2005/07/04 00:51:12;  author: eric_mcdonald;  state: Exp;  lines: +4 -14
Simplify and improve capture logic.
Further improve hit-unit logic.
Allow fire to capture out to ZOC range, plus 1.
----------------------------
revision 1.10
date: 2005/07/03 02:20:38;  author: eric_mcdonald;  state: Exp;  lines: +4 -14
Simplify and improve hit-unit logic.
----------------------------
revision 1.9
date: 2005/06/18 23:50:07;  author: eric_mcdonald;  state: Exp;  lines: +0 -19
Alter the way dice specs work.
Honor dice specs for unit explosion damage.
Move another game to the bitrot archive.
----------------------------
revision 1.8
date: 2005/06/06 03:03:45;  author: eric_mcdonald;  state: Exp;  lines: +74 -22
Merge from 'MPT_EMCDONALD_AI_6' to 'MPT_EMCDONALD_AI_7'.
----------------------------
revision 1.7
date: 2005/02/06 02:59:32;  author: eric_mcdonald;  state: Exp;  lines: +4 -0
branches:  1.7.2;
More scorekeeper improvements.
----------------------------
revision 1.6
date: 2005/01/23 02:40:47;  author: eric_mcdonald;  state: Exp;  lines: +1 -2
branches:  1.6.2;
Unimplement 'last-regular-side-wins' as separate scorekeeper.
Instead, just make the 'applies-to' property meaningful.
Another implementation of Lisp boolean evaluator that uses parameter boxes.
New parambox for sides.
----------------------------
revision 1.5
date: 2005/01/22 21:45:51;  author: eric_mcdonald;  state: Exp;  lines: +3 -2
Implement new scorekeeper, 'last-regular-side-wins'.
----------------------------
revision 1.4
date: 2004/12/27 23:33:16;  author: eric_mcdonald;  state: Exp;  lines: +9 -9
Change some messages in action description.
----------------------------
revision 1.3
date: 2004/12/16 02:54:10;  author: eric_mcdonald;  state: Exp;  lines: +1 -1
Fix segfault in action description feature.
Ignore files recently taken out of CVS.
----------------------------
revision 1.2
date: 2004/12/11 22:03:51;  author: eric_mcdonald;  state: Exp;  lines: +158 -8
branches:  1.2.2;
Implement action description function and use it in Tkconq.
----------------------------
revision 1.1
date: 2004/11/21 03:01:13;  author: eric_mcdonald;  state: Exp;
branches:  1.1.1;
Initial revision
----------------------------
revision 1.1.1.1
date: 2004/11/21 03:01:13;  author: eric_mcdonald;  state: Exp;  lines: +0 -0
Initial import from private repo into SF repo.
----------------------------
revision 1.2.2.2
date: 2005/06/06 03:39:36;  author: eric_mcdonald;  state: Exp;  lines: +78 -22
Merged in all trunk changes between BPT_MSKALA_IMF_2 and BPT_MSKALA_IMF_3.
----------------------------
revision 1.2.2.1
date: 2005/01/28 03:35:59;  author: eric_mcdonald;  state: Exp;  lines: +11 -11
Merge in trunk changes between BPT_MSKALA_IMF_1 and BPT_MSKALA_IMF_2.
----------------------------
revision 1.6.2.2
date: 2005/06/06 03:18:20;  author: eric_mcdonald;  state: Exp;  lines: +74 -22
Merge in CVS trunk between 'BPT_MSKALA_SUPPLY_11' and 'BPT_MSKALA_SUPPLY_12'.
----------------------------
revision 1.6.2.1
date: 2005/02/09 18:11:28;  author: matthewskala;  state: Exp;  lines: +4 -0
Merge in changes from trunk, fix bug by allowing unit material stores to go negative during economy phase.
----------------------------
revision 1.7.2.6
date: 2005/07/23 22:21:55;  author: eric_mcdonald;  state: Exp;  lines: +6 -3
Start improvement of AI tactical handler.
Fix combat awards bugs.
Fix crashing bugs.
Fix change type bug.
----------------------------
revision 1.7.2.5
date: 2005/07/10 15:42:52;  author: eric_mcdonald;  state: Exp;  lines: +8 -47
Merge in CVS trunk between 'BPT_EMCDONALD_AI_14' and 'BPT_EMCDONALD_AI_15'.
----------------------------
revision 1.7.2.4
date: 2005/06/03 02:32:43;  author: eric_mcdonald;  state: Exp;  lines: +10 -6
Make creation and building ACP-less.
Rework build task.
Some more repair-related tests.
Improvement task management. Include support for enqueuing ops.
Fix crashing bug in SDL interface.
Fix apparent bug in net receive code.
Cleanup code.
----------------------------
revision 1.7.2.3
date: 2005/05/30 19:49:14;  author: eric_mcdonald;  state: Exp;  lines: +3 -0
Separate out AI header make dependencies.
Fix bugs in tooling checks.
New action result type.
Remove random plan, support plans, and other cruft from plan code.
Shuffle some more unmaintained games into bitrot archive.
Fix bug in Classic Xconq game and its children.
----------------------------
revision 1.7.2.2
date: 2005/05/29 22:32:28;  author: eric_mcdonald;  state: Exp;  lines: +11 -1
Implement new construction features.
Fix bugs in operational roles.
Fix bug in hp-recovery mechanism.
Improve construction AI.
Fix bugs related to change-type action.
----------------------------
revision 1.7.2.1
date: 2005/05/21 17:29:29;  author: eric_mcdonald;  state: Exp;  lines: +50 -15
Archive or delete some unmaintained games that do not work well.
Implement new construction and repair features.
Improve support for operational roles.
Add tatical-level calculations for AI.
Enhance materials consumption code.
=============================================================================
