
RCS file: /cvsroot/xconq/xconq/kernel/plan.c,v
Working file: plan.c
head: 1.16
branch:
locks: strict
access list:
symbolic names:
	BPT_EMCDONALD_AI_16: 1.15
	BPT_EMCDONALD_AI_15: 1.15
	SS_7_5_0_0pre_0_20050612: 1.11
	BPT_MSKALA_IMF_3: 1.11
	BPT_MSKALA_SUPPLY_12: 1.11
	BPT_EMCDONALD_AI_14: 1.11
	MPT_EMCDONALD_AI_7: 1.3.4.19
	BPT_EMCDONALD_AI_13: 1.10
	SS_7_5_0_0pre_0_20050501: 1.10
	BPT_EMCDONALD_AI_12: 1.10
	MPT_EMCDONALD_AI_6: 1.3.4.13
	BPT_EMCDONALD_AI_11: 1.9
	SS_7_5_0_0pre_0_20050416: 1.9
	BPT_EMCDONALD_AI_10: 1.9
	MPT_EMCDONALD_AI_5: 1.3.4.10
	BPT_EMCDONALD_AI_9: 1.8
	BPT_EMCDONALD_AI_8: 1.7
	MPT_EMCDONALD_AI_4: 1.3.4.8
	BPT_EMCDONALD_AI_7: 1.6
	MPT_EMCDONALD_AI_3: 1.3.4.7
	BPT_EMCDONALD_AI_6: 1.5
	BPT_MSKALA_SUPPLY_11: 1.5
	BPT_EMCDONALD_AI_5: 1.5
	MPT_EMCDONALD_AI_2: 1.3.4.5
	SS_7_5_0_0pre_0_20050322: 1.4
	BPT_MSKALA_SUPPLY_10: 1.4
	BPT_EMCDONALD_AI_4: 1.4
	MPT_EMCDONALD_AI_1: 1.3.4.2
	BPT_EMCDONALD_AI_3: 1.3
	BPT_MSKALA_SUPPLY_9: 1.3
	MPT_MSKALA_SUPPLY_3: 1.3
	BPT_EMCDONALD_AI_2: 1.3
	BPT_MSKALA_SUPPLY_8: 1.3
	MPT_MSKALA_SUPPLY_2: 1.3
	BPT_MSKALA_SUPPLY_7: 1.3
	BRANCH_EMCDONALD_AI: 1.3.0.4
	BPT_EMCDONALD_AI_1: 1.3
	BPT_MSKALA_SUPPLY_6: 1.3
	SS_7_5_0_0pre_0_20050225: 1.3
	BPT_MSKALA_SUPPLY_5: 1.3
	MPT_MSKALA_SUPPLY_1: 1.3
	BPT_MSKALA_SUPPLY_4: 1.3
	BPT_MSKALA_SUPPLY_3: 1.3
	BPT_MSKALA_SUPPLY_2: 1.3
	SS_7_5_0_0pre_0_20050208: 1.3
	BPT_MSKALA_IMF_2: 1.3
	BRANCH_MSKALA_SUPPLY: 1.3.0.2
	BPT_MSKALA_SUPPLY_1: 1.3
	SS_7_5_0_0pre_0_20050117: 1.3
	SS_7_5_0_0pre_0_20050108: 1.3
	SS_7_5_0_0pre_0_20041228: 1.2
	BRANCH_MSKALA_IMF: 1.2.0.2
	BPT_MSKALA_IMF_1: 1.2
	SS_7_5_0_0pre_0_20041211: 1.2
	SS_7_5_0_0pre_0_20041126: 1.2
	GENESIS: 1.1.1.1
	PRIVATE_TREE_1: 1.1.1
keyword substitution: kv
total revisions: 43;	selected revisions: 43
description:
----------------------------
revision 1.16
date: 2005/08/06 19:27:12;  author: eric_mcdonald;  state: Exp;  lines: +3 -1
Mention when and why an unit's task agenda is being canceled.
----------------------------
revision 1.15
date: 2005/07/10 13:28:37;  author: eric_mcdonald;  state: Exp;  lines: +2 -2
Update and extend image library.
Improvement of AI tactical response.
----------------------------
revision 1.14
date: 2005/07/03 02:20:38;  author: eric_mcdonald;  state: Exp;  lines: +27 -145
Simplify and improve hit-unit logic.
----------------------------
revision 1.13
date: 2005/07/02 21:55:21;  author: eric_mcdonald;  state: Exp;  lines: +13 -7
Improve calculation of constructor worths.
Try to make mobile transports more responsive to their occs.
Attempt to fix crashing bug in overwatch fire.
----------------------------
revision 1.12
date: 2005/06/17 02:54:11;  author: eric_mcdonald;  state: Exp;  lines: +0 -1
Implement per-side general action restrictions.
Implement per-side construction restrictions.
Decommision Iplayer.
----------------------------
revision 1.11
date: 2005/06/06 03:03:45;  author: eric_mcdonald;  state: Exp;  lines: +175 -766
Merge from 'MPT_EMCDONALD_AI_6' to 'MPT_EMCDONALD_AI_7'.
----------------------------
revision 1.10
date: 2005/04/30 23:35:09;  author: eric_mcdonald;  state: Exp;  lines: +107 -82
Merge from 'MPT_EMCDONALD_AI_5' to 'MPT_EMCDONALD_AI_6'.
Many non-AI-related changes included in this merge.
----------------------------
revision 1.9
date: 2005/04/16 01:17:11;  author: eric_mcdonald;  state: Exp;  lines: +19 -6
Merge from 'MPT_EMCDONALD_AI_4' to 'MPT_EMCDONALD_AI_5'.
----------------------------
revision 1.8
date: 2005/04/09 05:33:14;  author: eric_mcdonald;  state: Exp;  lines: +163 -71
Vastly improve AI performance.
----------------------------
revision 1.7
date: 2005/04/05 01:53:38;  author: eric_mcdonald;  state: Exp;  lines: +109 -20
Merge from 'MPT_EMCDONALD_AI_3' to 'MPT_EMCDONALD_AI_4'.
----------------------------
revision 1.6
date: 2005/04/01 02:20:45;  author: eric_mcdonald;  state: Exp;  lines: +135 -84
Merge from 'MPT_EMCDONALD_AI_2' to 'MPT_EMCDONALD_AI_3'.
----------------------------
revision 1.5
date: 2005/03/28 03:56:51;  author: eric_mcdonald;  state: Exp;  lines: +349 -263
Merge from 'MPT_EMCDONALD_AI_1' to 'MPT_EMCDONALD_AI_2'.
----------------------------
revision 1.4
date: 2005/03/21 03:42:07;  author: eric_mcdonald;  state: Exp;  lines: +30 -29
Merge from root of 'BRANCH_EMCDONALD_AI' to 'MPT_EMCDONALD_AI_1'.
----------------------------
revision 1.3
date: 2005/01/08 22:14:19;  author: eric_mcdonald;  state: Exp;  lines: +11 -7
branches:  1.3.2;  1.3.4;
Improve AI handling of transports.
Do not apply hex masks to borders.
Networking fixes/improvements.
Attempt to make the AI better at building things with mobile units.
Stabilize unit views so that they updated on a per-turn basis again.
Fix occupant/transport display glitches.
Improve transport and occupant indicators.
----------------------------
revision 1.2
date: 2004/11/22 01:06:55;  author: eric_mcdonald;  state: Exp;  lines: +1 -1
branches:  1.2.2;
Fix UI next unit bug which was triggered by using the delay command.
Make use of the unused flag for the 'delay_unit' function.
----------------------------
revision 1.1
date: 2004/11/21 03:01:15;  author: eric_mcdonald;  state: Exp;
branches:  1.1.1;
Initial revision
----------------------------
revision 1.1.1.1
date: 2004/11/21 03:01:15;  author: eric_mcdonald;  state: Exp;  lines: +0 -0
Initial import from private repo into SF repo.
----------------------------
revision 1.2.2.2
date: 2005/06/06 03:39:36;  author: eric_mcdonald;  state: Exp;  lines: +709 -943
Merged in all trunk changes between BPT_MSKALA_IMF_2 and BPT_MSKALA_IMF_3.
----------------------------
revision 1.2.2.1
date: 2005/01/28 03:35:59;  author: eric_mcdonald;  state: Exp;  lines: +11 -7
Merge in trunk changes between BPT_MSKALA_IMF_1 and BPT_MSKALA_IMF_2.
----------------------------
revision 1.3.4.21
date: 2005/07/23 22:21:55;  author: eric_mcdonald;  state: Exp;  lines: +16 -0
Start improvement of AI tactical handler.
Fix combat awards bugs.
Fix crashing bugs.
Fix change type bug.
----------------------------
revision 1.3.4.20
date: 2005/07/10 15:42:52;  author: eric_mcdonald;  state: Exp;  lines: +38 -151
Merge in CVS trunk between 'BPT_EMCDONALD_AI_14' and 'BPT_EMCDONALD_AI_15'.
----------------------------
revision 1.3.4.19
date: 2005/06/05 21:30:38;  author: eric_mcdonald;  state: Exp;  lines: +1 -96
Bring documentation up-to-date wrt recent changes.
Finish cleaning out the rest of the colonization logic.
Fix bug in UI code.
----------------------------
revision 1.3.4.18
date: 2005/06/05 20:53:01;  author: eric_mcdonald;  state: Exp;  lines: +0 -60
Ensure that Tkconq and the generic UI code rebuild when AI files are changed.
Add support for autoconf assignment of "sizeof" macros.
Start to add support for making primitve integer types of known size.
Remove or disable more code associated with the colonization plan.
Improve colonization support in constructor oprole.
Prepare support for action masks.
Remove now-unused 'buildingdone' flag.
Delete remnants of special ACP-indep construction code.
----------------------------
revision 1.3.4.17
date: 2005/06/05 03:03:01;  author: eric_mcdonald;  state: Exp;  lines: +60 -79
Fix bugs in building and self-improvement.
Fix bug with Tkconq action-enablement in UI.
Make ACP-indep construction work correctly again.
Fix some (but not all) end-of-turn pauses.
----------------------------
revision 1.3.4.16
date: 2005/06/03 02:32:43;  author: eric_mcdonald;  state: Exp;  lines: +8 -28
Make creation and building ACP-less.
Rework build task.
Some more repair-related tests.
Improvement task management. Include support for enqueuing ops.
Fix crashing bug in SDL interface.
Fix apparent bug in net receive code.
Cleanup code.
----------------------------
revision 1.3.4.15
date: 2005/05/30 19:49:14;  author: eric_mcdonald;  state: Exp;  lines: +19 -463
Separate out AI header make dependencies.
Fix bugs in tooling checks.
New action result type.
Remove random plan, support plans, and other cruft from plan code.
Shuffle some more unmaintained games into bitrot archive.
Fix bug in Classic Xconq game and its children.
----------------------------
revision 1.3.4.14
date: 2005/05/21 17:29:29;  author: eric_mcdonald;  state: Exp;  lines: +123 -76
Archive or delete some unmaintained games that do not work well.
Implement new construction and repair features.
Improve support for operational roles.
Add tatical-level calculations for AI.
Enhance materials consumption code.
----------------------------
revision 1.3.4.13
date: 2005/04/30 20:42:52;  author: eric_mcdonald;  state: Exp;  lines: +11 -2
Fix bug in resupply.
----------------------------
revision 1.3.4.12
date: 2005/04/27 02:57:24;  author: eric_mcdonald;  state: Exp;  lines: +77 -67
Couple of minor AI tweaks regarding resupply.
----------------------------
revision 1.3.4.11
date: 2005/04/22 16:36:16;  author: eric_mcdonald;  state: Exp;  lines: +22 -16
Some experimental AI improvements.
Some proven-to-be-good AI improvements.
----------------------------
revision 1.3.4.10
date: 2005/04/13 01:55:21;  author: eric_mcdonald;  state: Exp;  lines: +19 -6
More treasury-checking functions.
Many AI tweaks, plus foundation for further enhancements.
Fix bug in my earlier bugfix in the economy code.
----------------------------
revision 1.3.4.9
date: 2005/04/09 16:45:35;  author: eric_mcdonald;  state: Exp;  lines: +163 -71
Merge in CVS trunk between 'BPT_EMCDONALD_AI_8' and 'BPT_EMCDONALD_AI_9'.
----------------------------
revision 1.3.4.8
date: 2005/04/04 02:45:13;  author: eric_mcdonald;  state: Exp;  lines: +109 -20
Fix crashing bug in unit creation code.
Various and sundry AI improvements.
----------------------------
revision 1.3.4.7
date: 2005/04/01 02:05:20;  author: eric_mcdonald;  state: Exp;  lines: +1 -0
Merge in CVS trunk between 'BPT_EMCDONALD_AI_5' and 'BPT_EMCDONALD_AI_6'.
Fix (?) crashing bug in improvement plan.
----------------------------
revision 1.3.4.6
date: 2005/03/29 04:15:48;  author: eric_mcdonald;  state: Exp;  lines: +134 -84
Various and sundry improvements to the AI.
Specific focus on enabling AI use of manual change-type.
Also, allow ACP-less manual change-type.
Update games lib to account for the allowance of ACP-less manual change-type.
----------------------------
revision 1.3.4.5
date: 2005/03/28 03:39:28;  author: eric_mcdonald;  state: Exp;  lines: +140 -71
Various and sundry improvements to the AI.
Improve the Advances game.
----------------------------
revision 1.3.4.4
date: 2005/03/27 03:51:25;  author: eric_mcdonald;  state: Exp;  lines: +48 -30
Various and sundry improvements to the AI.
Fix bug in backdrop model 0 scarce materials distribution.
----------------------------
revision 1.3.4.3
date: 2005/03/26 20:26:29;  author: eric_mcdonald;  state: Exp;  lines: +202 -203
Various and sundry improvements to the AI.
----------------------------
revision 1.3.4.2
date: 2005/03/21 03:19:40;  author: eric_mcdonald;  state: Exp;  lines: +28 -27
Merge in CVS trunk between 'BPT_EMCDONALD_AI_1' and 'BPT_EMCDONALD_AI_3'.
Add new unit analysis capabilities to AI.
Implement a plan-decision lottery. (Still needs work.)
Break out common, useful parts of kernel action-checking code.
Provide a normalization macro.
Fix bug with quoted encounter lists.
----------------------------
revision 1.3.4.1
date: 2005/03/08 02:23:12;  author: eric_mcdonald;  state: Exp;  lines: +2 -2
Fix crashing bug in unit creation code.
Remove another worthless side goal.
* aiscore.h (for_all_ai_sk_analyses): New macro.
----------------------------
revision 1.3.2.3
date: 2005/06/06 03:18:20;  author: eric_mcdonald;  state: Exp;  lines: +570 -891
Merge in CVS trunk between 'BPT_MSKALA_SUPPLY_11' and 'BPT_MSKALA_SUPPLY_12'.
----------------------------
revision 1.3.2.2
date: 2005/03/28 04:17:56;  author: eric_mcdonald;  state: Exp;  lines: +349 -263
Merge in CVS trunk between 'BPT_MSKALA_SUPPLY_10' and 'BPT_MSKALA_SUPPLY_11'.
----------------------------
revision 1.3.2.1
date: 2005/03/21 03:58:09;  author: eric_mcdonald;  state: Exp;  lines: +30 -29
Merge in CVS trunk between 'BPT_MSKALA_SUPPLY_9' and 'BPT_MSKALA_SUPPLY_10'.
=============================================================================
