
RCS file: /cvsroot/xconq/xconq/kernel/player.h,v
Working file: player.h
head: 1.2
branch:
locks: strict
access list:
symbolic names:
	BPT_EMCDONALD_AI_16: 1.2
	BPT_EMCDONALD_AI_15: 1.2
	SS_7_5_0_0pre_0_20050612: 1.2
	BPT_MSKALA_IMF_3: 1.2
	BPT_MSKALA_SUPPLY_12: 1.2
	BPT_EMCDONALD_AI_14: 1.2
	MPT_EMCDONALD_AI_7: 1.2
	BPT_EMCDONALD_AI_13: 1.2
	SS_7_5_0_0pre_0_20050501: 1.2
	BPT_EMCDONALD_AI_12: 1.2
	MPT_EMCDONALD_AI_6: 1.2
	BPT_EMCDONALD_AI_11: 1.2
	SS_7_5_0_0pre_0_20050416: 1.2
	BPT_EMCDONALD_AI_10: 1.2
	MPT_EMCDONALD_AI_5: 1.2
	BPT_EMCDONALD_AI_9: 1.2
	BPT_EMCDONALD_AI_8: 1.2
	MPT_EMCDONALD_AI_4: 1.2
	BPT_EMCDONALD_AI_7: 1.2
	MPT_EMCDONALD_AI_3: 1.2
	BPT_EMCDONALD_AI_6: 1.2
	BPT_MSKALA_SUPPLY_11: 1.2
	BPT_EMCDONALD_AI_5: 1.2
	MPT_EMCDONALD_AI_2: 1.2
	SS_7_5_0_0pre_0_20050322: 1.2
	BPT_MSKALA_SUPPLY_10: 1.2
	BPT_EMCDONALD_AI_4: 1.2
	MPT_EMCDONALD_AI_1: 1.2
	BPT_EMCDONALD_AI_3: 1.2
	BPT_MSKALA_SUPPLY_9: 1.2
	MPT_MSKALA_SUPPLY_3: 1.2
	BPT_EMCDONALD_AI_2: 1.2
	BPT_MSKALA_SUPPLY_8: 1.2
	MPT_MSKALA_SUPPLY_2: 1.2
	BPT_MSKALA_SUPPLY_7: 1.2
	BRANCH_EMCDONALD_AI: 1.2.0.4
	BPT_EMCDONALD_AI_1: 1.2
	BPT_MSKALA_SUPPLY_6: 1.2
	SS_7_5_0_0pre_0_20050225: 1.2
	BPT_MSKALA_SUPPLY_5: 1.2
	MPT_MSKALA_SUPPLY_1: 1.2
	BPT_MSKALA_SUPPLY_4: 1.2
	BPT_MSKALA_SUPPLY_3: 1.2
	BPT_MSKALA_SUPPLY_2: 1.2
	SS_7_5_0_0pre_0_20050208: 1.2
	BPT_MSKALA_IMF_2: 1.2
	BRANCH_MSKALA_SUPPLY: 1.2.0.2
	BPT_MSKALA_SUPPLY_1: 1.2
	SS_7_5_0_0pre_0_20050117: 1.2
	SS_7_5_0_0pre_0_20050108: 1.2
	SS_7_5_0_0pre_0_20041228: 1.1.1.1
	BRANCH_MSKALA_IMF: 1.1.1.1.0.2
	BPT_MSKALA_IMF_1: 1.1.1.1
	SS_7_5_0_0pre_0_20041211: 1.1.1.1
	SS_7_5_0_0pre_0_20041126: 1.1.1.1
	GENESIS: 1.1.1.1
	PRIVATE_TREE_1: 1.1.1
keyword substitution: kv
total revisions: 4;	selected revisions: 4
description:
----------------------------
revision 1.2
date: 2005/01/04 04:03:43;  author: eric_mcdonald;  state: Exp;  lines: +4 -4
Add profiling support to Xconq configurator options.
Fix bug when testing networking on 'localhost' in certain X11 environments.
More tweaking of Tkconq CPU usage.
Fix crashing bug in Tkconq help window display.
----------------------------
revision 1.1
date: 2004/11/21 03:01:15;  author: eric_mcdonald;  state: Exp;
branches:  1.1.1;
Initial revision
----------------------------
revision 1.1.1.1
date: 2004/11/21 03:01:15;  author: eric_mcdonald;  state: Exp;  lines: +0 -0
branches:  1.1.1.1.2;
Initial import from private repo into SF repo.
----------------------------
revision 1.1.1.1.2.1
date: 2005/01/28 03:35:59;  author: eric_mcdonald;  state: Exp;  lines: +4 -4
Merge in trunk changes between BPT_MSKALA_IMF_1 and BPT_MSKALA_IMF_2.
=============================================================================
