
RCS file: /cvsroot/xconq/xconq/kernel/read.c,v
Working file: read.c
head: 1.12
branch:
locks: strict
access list:
symbolic names:
	BPT_EMCDONALD_AI_16: 1.12
	BPT_EMCDONALD_AI_15: 1.12
	SS_7_5_0_0pre_0_20050612: 1.10
	BPT_MSKALA_IMF_3: 1.10
	BPT_MSKALA_SUPPLY_12: 1.10
	BPT_EMCDONALD_AI_14: 1.10
	MPT_EMCDONALD_AI_7: 1.9.2.1
	BPT_EMCDONALD_AI_13: 1.9
	SS_7_5_0_0pre_0_20050501: 1.9
	BPT_EMCDONALD_AI_12: 1.9
	MPT_EMCDONALD_AI_6: 1.9
	BPT_EMCDONALD_AI_11: 1.9
	SS_7_5_0_0pre_0_20050416: 1.9
	BPT_EMCDONALD_AI_10: 1.9
	MPT_EMCDONALD_AI_5: 1.9
	BPT_EMCDONALD_AI_9: 1.9
	BPT_EMCDONALD_AI_8: 1.9
	MPT_EMCDONALD_AI_4: 1.9
	BPT_EMCDONALD_AI_7: 1.9
	MPT_EMCDONALD_AI_3: 1.9
	BPT_EMCDONALD_AI_6: 1.9
	BPT_MSKALA_SUPPLY_11: 1.9
	BPT_EMCDONALD_AI_5: 1.9
	MPT_EMCDONALD_AI_2: 1.9
	SS_7_5_0_0pre_0_20050322: 1.9
	BPT_MSKALA_SUPPLY_10: 1.9
	BPT_EMCDONALD_AI_4: 1.9
	MPT_EMCDONALD_AI_1: 1.9
	BPT_EMCDONALD_AI_3: 1.9
	BPT_MSKALA_SUPPLY_9: 1.9
	MPT_MSKALA_SUPPLY_3: 1.4.2.3
	BPT_EMCDONALD_AI_2: 1.9
	BPT_MSKALA_SUPPLY_8: 1.9
	MPT_MSKALA_SUPPLY_2: 1.4.2.3
	BPT_MSKALA_SUPPLY_7: 1.9
	BRANCH_EMCDONALD_AI: 1.9.0.2
	BPT_EMCDONALD_AI_1: 1.9
	BPT_MSKALA_SUPPLY_6: 1.9
	SS_7_5_0_0pre_0_20050225: 1.9
	BPT_MSKALA_SUPPLY_5: 1.9
	MPT_MSKALA_SUPPLY_1: 1.4.2.3
	BPT_MSKALA_SUPPLY_4: 1.8
	BPT_MSKALA_SUPPLY_3: 1.7
	BPT_MSKALA_SUPPLY_2: 1.7
	SS_7_5_0_0pre_0_20050208: 1.7
	BPT_MSKALA_IMF_2: 1.4
	BRANCH_MSKALA_SUPPLY: 1.4.0.2
	BPT_MSKALA_SUPPLY_1: 1.4
	SS_7_5_0_0pre_0_20050117: 1.3
	SS_7_5_0_0pre_0_20050108: 1.3
	SS_7_5_0_0pre_0_20041228: 1.3
	BRANCH_MSKALA_IMF: 1.2.0.2
	BPT_MSKALA_IMF_1: 1.2
	SS_7_5_0_0pre_0_20041211: 1.2
	SS_7_5_0_0pre_0_20041126: 1.1.1.1
	GENESIS: 1.1.1.1
	PRIVATE_TREE_1: 1.1.1
keyword substitution: kv
total revisions: 21;	selected revisions: 21
description:
----------------------------
revision 1.12
date: 2005/06/17 02:54:11;  author: eric_mcdonald;  state: Exp;  lines: +5 -5
Implement per-side general action restrictions.
Implement per-side construction restrictions.
Decommision Iplayer.
----------------------------
revision 1.11
date: 2005/06/15 03:18:46;  author: eric_mcdonald;  state: Exp;  lines: +63 -31
Prepare for some new side-based action-restriction properties.
Restrict damaged terrain outcomes based on detonator type.
----------------------------
revision 1.10
date: 2005/06/06 03:03:46;  author: eric_mcdonald;  state: Exp;  lines: +0 -9
Merge from 'MPT_EMCDONALD_AI_6' to 'MPT_EMCDONALD_AI_7'.
----------------------------
revision 1.9
date: 2005/02/23 05:06:04;  author: eric_mcdonald;  state: Exp;  lines: +1 -1
branches:  1.9.2;
Merge in changes from root of 'BRANCH_MSKALA_SUPPLY' to 'MPT_MSKALA_SUPPLY_1'.
----------------------------
revision 1.8
date: 2005/02/19 15:56:23;  author: eric_mcdonald;  state: Exp;  lines: +17 -5
Address issue with assigning a values list to each elt of a types list.
Fix quoting issue in games lib.
Add purely blank image to image lib.
----------------------------
revision 1.7
date: 2005/02/06 02:59:32;  author: eric_mcdonald;  state: Exp;  lines: +6 -1
More scorekeeper improvements.
----------------------------
revision 1.6
date: 2005/02/05 23:36:32;  author: eric_mcdonald;  state: Exp;  lines: +2 -2
Hoist boolean and arithmetic comparison keywords into general GDL evaluator.
Ensure that GDL bool constants match the value of the macros we use in hacking.
Rearchitect scorekeeper logic.
----------------------------
revision 1.5
date: 2005/01/30 05:21:50;  author: eric_mcdonald;  state: Exp;  lines: +1 -1
Fix bug in ACP-indep construction.
Fix obscure bug with AI-controlled sides not finishing their turns.
Add a short circuit to one of the ACP-indep construction util functions.
----------------------------
revision 1.4
date: 2005/01/22 21:45:51;  author: eric_mcdonald;  state: Exp;  lines: +1 -4
branches:  1.4.2;
Implement new scorekeeper, 'last-regular-side-wins'.
----------------------------
revision 1.3
date: 2004/12/25 19:25:19;  author: eric_mcdonald;  state: Exp;  lines: +2 -2
Major changes to the UI API.
Major cleanup and refactoring of the Tkconq unit display code.
Improvements to my little local-build script.
----------------------------
revision 1.2
date: 2004/12/05 23:20:20;  author: eric_mcdonald;  state: Exp;  lines: +2 -2
branches:  1.2.2;
Fix game restoration bug reported by Elijah Meeks.
----------------------------
revision 1.1
date: 2004/11/21 03:01:16;  author: eric_mcdonald;  state: Exp;
branches:  1.1.1;
Initial revision
----------------------------
revision 1.1.1.1
date: 2004/11/21 03:01:16;  author: eric_mcdonald;  state: Exp;  lines: +0 -0
Initial import from private repo into SF repo.
----------------------------
revision 1.2.2.2
date: 2005/06/06 03:39:36;  author: eric_mcdonald;  state: Exp;  lines: +27 -19
Merged in all trunk changes between BPT_MSKALA_IMF_2 and BPT_MSKALA_IMF_3.
----------------------------
revision 1.2.2.1
date: 2005/01/28 03:35:59;  author: eric_mcdonald;  state: Exp;  lines: +3 -6
Merge in trunk changes between BPT_MSKALA_IMF_1 and BPT_MSKALA_IMF_2.
----------------------------
revision 1.4.2.4
date: 2005/06/06 03:18:20;  author: eric_mcdonald;  state: Exp;  lines: +0 -9
Merge in CVS trunk between 'BPT_MSKALA_SUPPLY_11' and 'BPT_MSKALA_SUPPLY_12'.
----------------------------
revision 1.4.2.3
date: 2005/02/23 03:40:21;  author: eric_mcdonald;  state: Exp;  lines: +17 -5
Merge in CVS trunk between 'BPT_MSKALA_SUPPLY_3' and 'BPT_MSKALA_SUPPLY_4'.
----------------------------
revision 1.4.2.2
date: 2005/02/09 18:11:29;  author: matthewskala;  state: Exp;  lines: +9 -4
Merge in changes from trunk, fix bug by allowing unit material stores to go negative during economy phase.
----------------------------
revision 1.4.2.1
date: 2005/01/28 21:54:11;  author: matthewskala;  state: Exp;  lines: +1 -1
Switch from shorts to longs for unit material stores.
Streamline handling of different types of "material-handling thing",
and add support for treasuries.
----------------------------
revision 1.9.2.2
date: 2005/07/10 15:42:52;  author: eric_mcdonald;  state: Exp;  lines: +63 -31
Merge in CVS trunk between 'BPT_EMCDONALD_AI_14' and 'BPT_EMCDONALD_AI_15'.
----------------------------
revision 1.9.2.1
date: 2005/06/03 02:32:43;  author: eric_mcdonald;  state: Exp;  lines: +0 -9
Make creation and building ACP-less.
Rework build task.
Some more repair-related tests.
Improvement task management. Include support for enqueuing ops.
Fix crashing bug in SDL interface.
Fix apparent bug in net receive code.
Cleanup code.
=============================================================================
