
RCS file: /cvsroot/xconq/xconq/kernel/score.c,v
Working file: score.c
head: 1.10
branch:
locks: strict
access list:
symbolic names:
	BPT_EMCDONALD_AI_16: 1.10
	BPT_EMCDONALD_AI_15: 1.10
	SS_7_5_0_0pre_0_20050612: 1.10
	BPT_MSKALA_IMF_3: 1.10
	BPT_MSKALA_SUPPLY_12: 1.10
	BPT_EMCDONALD_AI_14: 1.10
	MPT_EMCDONALD_AI_7: 1.10
	BPT_EMCDONALD_AI_13: 1.10
	SS_7_5_0_0pre_0_20050501: 1.10
	BPT_EMCDONALD_AI_12: 1.10
	MPT_EMCDONALD_AI_6: 1.10
	BPT_EMCDONALD_AI_11: 1.10
	SS_7_5_0_0pre_0_20050416: 1.10
	BPT_EMCDONALD_AI_10: 1.10
	MPT_EMCDONALD_AI_5: 1.10
	BPT_EMCDONALD_AI_9: 1.10
	BPT_EMCDONALD_AI_8: 1.10
	MPT_EMCDONALD_AI_4: 1.10
	BPT_EMCDONALD_AI_7: 1.10
	MPT_EMCDONALD_AI_3: 1.10
	BPT_EMCDONALD_AI_6: 1.10
	BPT_MSKALA_SUPPLY_11: 1.10
	BPT_EMCDONALD_AI_5: 1.10
	MPT_EMCDONALD_AI_2: 1.10
	SS_7_5_0_0pre_0_20050322: 1.10
	BPT_MSKALA_SUPPLY_10: 1.10
	BPT_EMCDONALD_AI_4: 1.10
	MPT_EMCDONALD_AI_1: 1.10
	BPT_EMCDONALD_AI_3: 1.10
	BPT_MSKALA_SUPPLY_9: 1.10
	MPT_MSKALA_SUPPLY_3: 1.5.2.3
	BPT_EMCDONALD_AI_2: 1.10
	BPT_MSKALA_SUPPLY_8: 1.10
	MPT_MSKALA_SUPPLY_2: 1.5.2.3
	BPT_MSKALA_SUPPLY_7: 1.10
	BRANCH_EMCDONALD_AI: 1.10.0.2
	BPT_EMCDONALD_AI_1: 1.10
	BPT_MSKALA_SUPPLY_6: 1.10
	SS_7_5_0_0pre_0_20050225: 1.9
	BPT_MSKALA_SUPPLY_5: 1.9
	MPT_MSKALA_SUPPLY_1: 1.5.2.2
	BPT_MSKALA_SUPPLY_4: 1.9
	BPT_MSKALA_SUPPLY_3: 1.9
	BPT_MSKALA_SUPPLY_2: 1.8
	SS_7_5_0_0pre_0_20050208: 1.8
	BPT_MSKALA_IMF_2: 1.5
	BRANCH_MSKALA_SUPPLY: 1.5.0.2
	BPT_MSKALA_SUPPLY_1: 1.5
	SS_7_5_0_0pre_0_20050117: 1.1.1.1
	SS_7_5_0_0pre_0_20050108: 1.1.1.1
	SS_7_5_0_0pre_0_20041228: 1.1.1.1
	BRANCH_MSKALA_IMF: 1.1.1.1.0.2
	BPT_MSKALA_IMF_1: 1.1.1.1
	SS_7_5_0_0pre_0_20041211: 1.1.1.1
	SS_7_5_0_0pre_0_20041126: 1.1.1.1
	GENESIS: 1.1.1.1
	PRIVATE_TREE_1: 1.1.1
keyword substitution: kv
total revisions: 16;	selected revisions: 16
description:
----------------------------
revision 1.10
date: 2005/02/28 03:34:14;  author: eric_mcdonald;  state: Exp;  lines: +0 -203
Do some housecleaning.
----------------------------
revision 1.9
date: 2005/02/15 04:36:36;  author: eric_mcdonald;  state: Exp;  lines: +2 -16
Fix bug that prevented death-by-detonation from causing any death effects.
Lay foundation for scorekeeper analysis by AI.
Fix bug in scorekeeper parsing.
Fix a small misdocumenation of 'change-type' action.
----------------------------
revision 1.8
date: 2005/02/07 02:31:55;  author: eric_mcdonald;  state: Exp;  lines: +155 -22
Finish scorekeeper improvements (for now).
New util function for flagging an array of utypes based on a GDL object.
----------------------------
revision 1.7
date: 2005/02/06 02:59:32;  author: eric_mcdonald;  state: Exp;  lines: +7 -7
More scorekeeper improvements.
----------------------------
revision 1.6
date: 2005/02/05 23:36:32;  author: eric_mcdonald;  state: Exp;  lines: +166 -1
Hoist boolean and arithmetic comparison keywords into general GDL evaluator.
Ensure that GDL bool constants match the value of the macros we use in hacking.
Rearchitect scorekeeper logic.
----------------------------
revision 1.5
date: 2005/01/24 02:33:38;  author: eric_mcdonald;  state: Exp;  lines: +89 -3
branches:  1.5.2;
Further improvements to scorekeepers.
----------------------------
revision 1.4
date: 2005/01/23 06:44:34;  author: eric_mcdonald;  state: Exp;  lines: +1 -0
Generate sidemask for 'known-to' property of scorekeepers.
Improve sideclass membership tester to handle side ID's and mixed lists.
Use the new sideclass membership tester for testing utype availability.
----------------------------
revision 1.3
date: 2005/01/23 02:40:47;  author: eric_mcdonald;  state: Exp;  lines: +18 -11
Unimplement 'last-regular-side-wins' as separate scorekeeper.
Instead, just make the 'applies-to' property meaningful.
Another implementation of Lisp boolean evaluator that uses parameter boxes.
New parambox for sides.
----------------------------
revision 1.2
date: 2005/01/22 21:45:51;  author: eric_mcdonald;  state: Exp;  lines: +10 -5
Implement new scorekeeper, 'last-regular-side-wins'.
----------------------------
revision 1.1
date: 2004/11/21 03:01:18;  author: eric_mcdonald;  state: Exp;
branches:  1.1.1;
Initial revision
----------------------------
revision 1.1.1.1
date: 2004/11/21 03:01:18;  author: eric_mcdonald;  state: Exp;  lines: +0 -0
branches:  1.1.1.1.2;
Initial import from private repo into SF repo.
----------------------------
revision 1.1.1.1.2.2
date: 2005/06/06 03:39:36;  author: eric_mcdonald;  state: Exp;  lines: +281 -200
Merged in all trunk changes between BPT_MSKALA_IMF_2 and BPT_MSKALA_IMF_3.
----------------------------
revision 1.1.1.1.2.1
date: 2005/01/28 03:35:59;  author: eric_mcdonald;  state: Exp;  lines: +107 -8
Merge in trunk changes between BPT_MSKALA_IMF_1 and BPT_MSKALA_IMF_2.
----------------------------
revision 1.5.2.3
date: 2005/03/09 21:25:00;  author: matthewskala;  state: Exp;  lines: +0 -203
Merge in changes from CVS trunk.
----------------------------
revision 1.5.2.2
date: 2005/02/18 04:43:23;  author: matthewskala;  state: Exp;  lines: +2 -16
Merge changes from mainline, fix doctrine check bug.
----------------------------
revision 1.5.2.1
date: 2005/02/09 18:11:30;  author: matthewskala;  state: Exp;  lines: +306 -8
Merge in changes from trunk, fix bug by allowing unit material stores to go negative during economy phase.
=============================================================================
