
RCS file: /cvsroot/xconq/xconq/kernel/side.c,v
Working file: side.c
head: 1.24
branch:
locks: strict
access list:
symbolic names:
	BPT_EMCDONALD_AI_16: 1.24
	BPT_EMCDONALD_AI_15: 1.24
	SS_7_5_0_0pre_0_20050612: 1.21
	BPT_MSKALA_IMF_3: 1.21
	BPT_MSKALA_SUPPLY_12: 1.21
	BPT_EMCDONALD_AI_14: 1.21
	MPT_EMCDONALD_AI_7: 1.19.2.2
	BPT_EMCDONALD_AI_13: 1.20
	SS_7_5_0_0pre_0_20050501: 1.20
	BPT_EMCDONALD_AI_12: 1.20
	MPT_EMCDONALD_AI_6: 1.19.2.1
	BPT_EMCDONALD_AI_11: 1.20
	SS_7_5_0_0pre_0_20050416: 1.20
	BPT_EMCDONALD_AI_10: 1.20
	MPT_EMCDONALD_AI_5: 1.19.2.1
	BPT_EMCDONALD_AI_9: 1.20
	BPT_EMCDONALD_AI_8: 1.20
	MPT_EMCDONALD_AI_4: 1.19.2.1
	BPT_EMCDONALD_AI_7: 1.20
	MPT_EMCDONALD_AI_3: 1.19.2.1
	BPT_EMCDONALD_AI_6: 1.19
	BPT_MSKALA_SUPPLY_11: 1.19
	BPT_EMCDONALD_AI_5: 1.19
	MPT_EMCDONALD_AI_2: 1.19
	SS_7_5_0_0pre_0_20050322: 1.19
	BPT_MSKALA_SUPPLY_10: 1.19
	BPT_EMCDONALD_AI_4: 1.19
	MPT_EMCDONALD_AI_1: 1.19
	BPT_EMCDONALD_AI_3: 1.19
	BPT_MSKALA_SUPPLY_9: 1.19
	MPT_MSKALA_SUPPLY_3: 1.16.2.1
	BPT_EMCDONALD_AI_2: 1.19
	BPT_MSKALA_SUPPLY_8: 1.19
	MPT_MSKALA_SUPPLY_2: 1.16.2.1
	BPT_MSKALA_SUPPLY_7: 1.19
	BRANCH_EMCDONALD_AI: 1.19.0.2
	BPT_EMCDONALD_AI_1: 1.19
	BPT_MSKALA_SUPPLY_6: 1.19
	SS_7_5_0_0pre_0_20050225: 1.19
	BPT_MSKALA_SUPPLY_5: 1.19
	MPT_MSKALA_SUPPLY_1: 1.16.2.1
	BPT_MSKALA_SUPPLY_4: 1.19
	BPT_MSKALA_SUPPLY_3: 1.19
	BPT_MSKALA_SUPPLY_2: 1.16
	SS_7_5_0_0pre_0_20050208: 1.16
	BPT_MSKALA_IMF_2: 1.16
	BRANCH_MSKALA_SUPPLY: 1.16.0.2
	BPT_MSKALA_SUPPLY_1: 1.16
	SS_7_5_0_0pre_0_20050117: 1.13
	SS_7_5_0_0pre_0_20050108: 1.10
	SS_7_5_0_0pre_0_20041228: 1.6
	BRANCH_MSKALA_IMF: 1.3.0.2
	BPT_MSKALA_IMF_1: 1.3
	SS_7_5_0_0pre_0_20041211: 1.3
	SS_7_5_0_0pre_0_20041126: 1.1.1.1
	GENESIS: 1.1.1.1
	PRIVATE_TREE_1: 1.1.1
keyword substitution: kv
total revisions: 32;	selected revisions: 32
description:
----------------------------
revision 1.24
date: 2005/07/02 21:55:21;  author: eric_mcdonald;  state: Exp;  lines: +4 -0
Improve calculation of constructor worths.
Try to make mobile transports more responsive to their occs.
Attempt to fix crashing bug in overwatch fire.
----------------------------
revision 1.23
date: 2005/07/02 20:14:22;  author: eric_mcdonald;  state: Exp;  lines: +2 -1
Fix bug in materials requirements checking.
Split out completion and repair evaluation in the AI.
Fix crashing bug in overwatch fire.
Update to Starfleet Battles game.
----------------------------
revision 1.22
date: 2005/06/17 02:54:11;  author: eric_mcdonald;  state: Exp;  lines: +18 -5
Implement per-side general action restrictions.
Implement per-side construction restrictions.
Decommision Iplayer.
----------------------------
revision 1.21
date: 2005/06/06 03:03:46;  author: eric_mcdonald;  state: Exp;  lines: +17 -0
Merge from 'MPT_EMCDONALD_AI_6' to 'MPT_EMCDONALD_AI_7'.
----------------------------
revision 1.20
date: 2005/04/01 02:20:46;  author: eric_mcdonald;  state: Exp;  lines: +3 -6
Merge from 'MPT_EMCDONALD_AI_2' to 'MPT_EMCDONALD_AI_3'.
----------------------------
revision 1.19
date: 2005/02/14 02:40:28;  author: eric_mcdonald;  state: Exp;  lines: +2 -1
branches:  1.19.2;
Fix crashing bug in unit view code.
Fix small error in sunlit region calculation.
----------------------------
revision 1.18
date: 2005/02/13 03:13:32;  author: eric_mcdonald;  state: Exp;  lines: +2 -2
Fix oddity with the 'vision-bend' uprop.
----------------------------
revision 1.17
date: 2005/02/10 02:54:57;  author: eric_mcdonald;  state: Exp;  lines: +15 -41
Fix bug with 'see-always' units not being seen when terrain is known.
----------------------------
revision 1.16
date: 2005/01/24 02:33:38;  author: eric_mcdonald;  state: Exp;  lines: +1 -1
branches:  1.16.2;
Further improvements to scorekeepers.
----------------------------
revision 1.15
date: 2005/01/23 06:44:34;  author: eric_mcdonald;  state: Exp;  lines: +24 -1
Generate sidemask for 'known-to' property of scorekeepers.
Improve sideclass membership tester to handle side ID's and mixed lists.
Use the new sideclass membership tester for testing utype availability.
----------------------------
revision 1.14
date: 2005/01/23 02:40:47;  author: eric_mcdonald;  state: Exp;  lines: +42 -9
Unimplement 'last-regular-side-wins' as separate scorekeeper.
Instead, just make the 'applies-to' property meaningful.
Another implementation of Lisp boolean evaluator that uses parameter boxes.
New parambox for sides.
----------------------------
revision 1.13
date: 2005/01/17 20:26:46;  author: eric_mcdonald;  state: Exp;  lines: +12 -4
Fix bug in games where all unit see chances were the default (100%).
----------------------------
revision 1.12
date: 2005/01/16 23:25:22;  author: eric_mcdonald;  state: Exp;  lines: +2 -9
Fix bug in unit view flushing that caused 'see-always' uviews to be flushed.
Fix network sync errors and long timeouts.
Fix >2 networked AI's from immediately falling out of sync on localhost.
----------------------------
revision 1.11
date: 2005/01/15 23:02:42;  author: eric_mcdonald;  state: Exp;  lines: +132 -18
New family of games, Valhalla, from Elijah Meeks.
Fix bug with unit views in designer mode.
Fix bug with overwatch in designer mode.
Continue fixing uview lookups to match new uview code.
----------------------------
revision 1.10
date: 2005/01/08 22:14:19;  author: eric_mcdonald;  state: Exp;  lines: +10 -0
Improve AI handling of transports.
Do not apply hex masks to borders.
Networking fixes/improvements.
Attempt to make the AI better at building things with mobile units.
Stabilize unit views so that they updated on a per-turn basis again.
Fix occupant/transport display glitches.
Improve transport and occupant indicators.
----------------------------
revision 1.9
date: 2005/01/02 04:45:29;  author: eric_mcdonald;  state: Exp;  lines: +111 -156
Reactivated feature: unit and uview stack ordering.
Bug fix: cycles in uview lists.
Also some cleanup from earlier uview/vision hacking.
----------------------------
revision 1.8
date: 2005/01/01 06:44:01;  author: eric_mcdonald;  state: Exp;  lines: +190 -5
New feature: zone-of-overwatch and overwatch fire.
----------------------------
revision 1.7
date: 2005/01/01 01:15:14;  author: eric_mcdonald;  state: Exp;  lines: +6 -1
Happy [Gregorian] New Year.
Rotate 2004 changelog out to 'changelogs' dir.
Make SDL interface compile with ParaGUI headers included.
Fix "missing color in emblems" bug.
----------------------------
revision 1.6
date: 2004/12/27 23:19:24;  author: eric_mcdonald;  state: Exp;  lines: +28 -0
Fix 'see-mistake-chance' bug. (Reported by Elijah Meeks.)
Also document 'see-mistake-range-min' now that the stuff works.
----------------------------
revision 1.5
date: 2004/12/27 21:53:11;  author: eric_mcdonald;  state: Exp;  lines: +0 -2
Fix a unit view initialization bug. (Reported by Elijah Meeks.)
Clean out some more junk from Sdlconq drawing code.
Tweak Sdlconq unit display.
Fix bug in Tcl/Tk and SDL selection rectangle for oversized images.
Fix bug in Tcl/Tk and SDL health bar with oversized images.
Slightly increase efficiency of unit view code.
----------------------------
revision 1.4
date: 2004/12/25 19:25:19;  author: eric_mcdonald;  state: Exp;  lines: +62 -101
Major changes to the UI API.
Major cleanup and refactoring of the Tkconq unit display code.
Improvements to my little local-build script.
----------------------------
revision 1.3
date: 2004/12/05 21:25:43;  author: eric_mcdonald;  state: Exp;  lines: +4 -2
branches:  1.3.2;
Fix two more crashing bugs reported by Matthew Skala.
Fix a game loading problem reported by Matthew Skala.
Further tune Tkconq's event servicing.
----------------------------
revision 1.2
date: 2004/12/04 22:24:00;  author: eric_mcdonald;  state: Exp;  lines: +361 -58
Fix building of KWIC pogram with C++ compiler.
Refine and expand "parambox" system for search functions that take predicates.
Two new versions of 'search_around' that use paramboxen.
Begin a namespace for Xconq vars outside of function scope.
Revise 'see_cell' code. (NOTE: This is not perfected yet.)
Fix to 3rd Age game. (Thanks to Kevin O'Gorman for reporting the bug.)
----------------------------
revision 1.1
date: 2004/11/21 03:01:20;  author: eric_mcdonald;  state: Exp;
branches:  1.1.1;
Initial revision
----------------------------
revision 1.1.1.1
date: 2004/11/21 03:01:20;  author: eric_mcdonald;  state: Exp;  lines: +0 -0
Initial import from private repo into SF repo.
----------------------------
revision 1.3.2.2
date: 2005/06/06 03:39:36;  author: eric_mcdonald;  state: Exp;  lines: +39 -50
Merged in all trunk changes between BPT_MSKALA_IMF_2 and BPT_MSKALA_IMF_3.
----------------------------
revision 1.3.2.1
date: 2005/01/28 03:35:59;  author: eric_mcdonald;  state: Exp;  lines: +573 -260
Merge in trunk changes between BPT_MSKALA_IMF_1 and BPT_MSKALA_IMF_2.
----------------------------
revision 1.16.2.2
date: 2005/06/06 03:18:20;  author: eric_mcdonald;  state: Exp;  lines: +20 -6
Merge in CVS trunk between 'BPT_MSKALA_SUPPLY_11' and 'BPT_MSKALA_SUPPLY_12'.
----------------------------
revision 1.16.2.1
date: 2005/02/18 04:43:23;  author: matthewskala;  state: Exp;  lines: +19 -44
Merge changes from mainline, fix doctrine check bug.
----------------------------
revision 1.19.2.3
date: 2005/07/10 15:42:53;  author: eric_mcdonald;  state: Exp;  lines: +24 -6
Merge in CVS trunk between 'BPT_EMCDONALD_AI_14' and 'BPT_EMCDONALD_AI_15'.
----------------------------
revision 1.19.2.2
date: 2005/05/21 17:29:29;  author: eric_mcdonald;  state: Exp;  lines: +17 -0
Archive or delete some unmaintained games that do not work well.
Implement new construction and repair features.
Improve support for operational roles.
Add tatical-level calculations for AI.
Enhance materials consumption code.
----------------------------
revision 1.19.2.1
date: 2005/03/29 04:15:48;  author: eric_mcdonald;  state: Exp;  lines: +3 -6
Various and sundry improvements to the AI.
Specific focus on enabling AI use of manual change-type.
Also, allow ACP-less manual change-type.
Update games lib to account for the allowance of ACP-less manual change-type.
=============================================================================
