
RCS file: /cvsroot/xconq/xconq/kernel/tp.c,v
Working file: tp.c
head: 1.11
branch:
locks: strict
access list:
symbolic names:
	BPT_EMCDONALD_AI_16: 1.11
	BPT_EMCDONALD_AI_15: 1.11
	SS_7_5_0_0pre_0_20050612: 1.7
	BPT_MSKALA_IMF_3: 1.7
	BPT_MSKALA_SUPPLY_12: 1.7
	BPT_EMCDONALD_AI_14: 1.7
	MPT_EMCDONALD_AI_7: 1.6.4.4
	BPT_EMCDONALD_AI_13: 1.6
	SS_7_5_0_0pre_0_20050501: 1.6
	BPT_EMCDONALD_AI_12: 1.6
	MPT_EMCDONALD_AI_6: 1.6
	BPT_EMCDONALD_AI_11: 1.6
	SS_7_5_0_0pre_0_20050416: 1.6
	BPT_EMCDONALD_AI_10: 1.6
	MPT_EMCDONALD_AI_5: 1.6
	BPT_EMCDONALD_AI_9: 1.6
	BPT_EMCDONALD_AI_8: 1.6
	MPT_EMCDONALD_AI_4: 1.6
	BPT_EMCDONALD_AI_7: 1.6
	MPT_EMCDONALD_AI_3: 1.6
	BPT_EMCDONALD_AI_6: 1.6
	BPT_MSKALA_SUPPLY_11: 1.6
	BPT_EMCDONALD_AI_5: 1.6
	MPT_EMCDONALD_AI_2: 1.6
	SS_7_5_0_0pre_0_20050322: 1.6
	BPT_MSKALA_SUPPLY_10: 1.6
	BPT_EMCDONALD_AI_4: 1.6
	MPT_EMCDONALD_AI_1: 1.6
	BPT_EMCDONALD_AI_3: 1.6
	BPT_MSKALA_SUPPLY_9: 1.6
	MPT_MSKALA_SUPPLY_3: 1.6
	BPT_EMCDONALD_AI_2: 1.6
	BPT_MSKALA_SUPPLY_8: 1.6
	MPT_MSKALA_SUPPLY_2: 1.6
	BPT_MSKALA_SUPPLY_7: 1.6
	BRANCH_EMCDONALD_AI: 1.6.0.4
	BPT_EMCDONALD_AI_1: 1.6
	BPT_MSKALA_SUPPLY_6: 1.6
	SS_7_5_0_0pre_0_20050225: 1.6
	BPT_MSKALA_SUPPLY_5: 1.6
	MPT_MSKALA_SUPPLY_1: 1.6
	BPT_MSKALA_SUPPLY_4: 1.6
	BPT_MSKALA_SUPPLY_3: 1.6
	BPT_MSKALA_SUPPLY_2: 1.6
	SS_7_5_0_0pre_0_20050208: 1.6
	BPT_MSKALA_IMF_2: 1.6
	BRANCH_MSKALA_SUPPLY: 1.6.0.2
	BPT_MSKALA_SUPPLY_1: 1.6
	SS_7_5_0_0pre_0_20050117: 1.6
	SS_7_5_0_0pre_0_20050108: 1.4
	SS_7_5_0_0pre_0_20041228: 1.2
	BRANCH_MSKALA_IMF: 1.2.0.2
	BPT_MSKALA_IMF_1: 1.2
	SS_7_5_0_0pre_0_20041211: 1.2
	SS_7_5_0_0pre_0_20041126: 1.1.1.1
	GENESIS: 1.1.1.1
	PRIVATE_TREE_1: 1.1.1
keyword substitution: kv
total revisions: 20;	selected revisions: 20
description:
----------------------------
revision 1.11
date: 2005/07/10 13:28:38;  author: eric_mcdonald;  state: Exp;  lines: +13 -0
Update and extend image library.
Improvement of AI tactical response.
----------------------------
revision 1.10
date: 2005/07/04 00:51:12;  author: eric_mcdonald;  state: Exp;  lines: +9 -9
Simplify and improve capture logic.
Further improve hit-unit logic.
Allow fire to capture out to ZOC range, plus 1.
----------------------------
revision 1.9
date: 2005/07/03 02:20:38;  author: eric_mcdonald;  state: Exp;  lines: +6 -6
Simplify and improve hit-unit logic.
----------------------------
revision 1.8
date: 2005/06/21 01:30:40;  author: eric_mcdonald;  state: Exp;  lines: +0 -25
Fix typos in reference manual.
Remove outdated comment.
Fix bug in dice scaling.
Remove 'transfer-part' action.
----------------------------
revision 1.7
date: 2005/06/06 03:03:47;  author: eric_mcdonald;  state: Exp;  lines: +55 -71
Merge from 'MPT_EMCDONALD_AI_6' to 'MPT_EMCDONALD_AI_7'.
----------------------------
revision 1.6
date: 2005/01/16 23:25:22;  author: eric_mcdonald;  state: Exp;  lines: +3 -3
branches:  1.6.2;  1.6.4;
Fix bug in unit view flushing that caused 'see-always' uviews to be flushed.
Fix network sync errors and long timeouts.
Fix >2 networked AI's from immediately falling out of sync on localhost.
----------------------------
revision 1.5
date: 2005/01/15 23:02:43;  author: eric_mcdonald;  state: Exp;  lines: +2 -1
New family of games, Valhalla, from Elijah Meeks.
Fix bug with unit views in designer mode.
Fix bug with overwatch in designer mode.
Continue fixing uview lookups to match new uview code.
----------------------------
revision 1.4
date: 2005/01/08 22:14:19;  author: eric_mcdonald;  state: Exp;  lines: +32 -13
Improve AI handling of transports.
Do not apply hex masks to borders.
Networking fixes/improvements.
Attempt to make the AI better at building things with mobile units.
Stabilize unit views so that they updated on a per-turn basis again.
Fix occupant/transport display glitches.
Improve transport and occupant indicators.
----------------------------
revision 1.3
date: 2005/01/04 04:03:43;  author: eric_mcdonald;  state: Exp;  lines: +22 -17
Add profiling support to Xconq configurator options.
Fix bug when testing networking on 'localhost' in certain X11 environments.
More tweaking of Tkconq CPU usage.
Fix crashing bug in Tkconq help window display.
----------------------------
revision 1.2
date: 2004/12/10 04:02:02;  author: eric_mcdonald;  state: Exp;  lines: +4 -4
branches:  1.2.2;
Maintenance tweak to network code.
Further tweak the Tkconq event polling/handling timers and frequency.
----------------------------
revision 1.1
date: 2004/11/21 03:01:23;  author: eric_mcdonald;  state: Exp;
branches:  1.1.1;
Initial revision
----------------------------
revision 1.1.1.1
date: 2004/11/21 03:01:23;  author: eric_mcdonald;  state: Exp;  lines: +0 -0
Initial import from private repo into SF repo.
----------------------------
revision 1.2.2.2
date: 2005/06/06 03:39:36;  author: eric_mcdonald;  state: Exp;  lines: +55 -71
Merged in all trunk changes between BPT_MSKALA_IMF_2 and BPT_MSKALA_IMF_3.
----------------------------
revision 1.2.2.1
date: 2005/01/28 03:35:59;  author: eric_mcdonald;  state: Exp;  lines: +56 -31
Merge in trunk changes between BPT_MSKALA_IMF_1 and BPT_MSKALA_IMF_2.
----------------------------
revision 1.6.4.5
date: 2005/07/10 15:42:53;  author: eric_mcdonald;  state: Exp;  lines: +22 -34
Merge in CVS trunk between 'BPT_EMCDONALD_AI_14' and 'BPT_EMCDONALD_AI_15'.
----------------------------
revision 1.6.4.4
date: 2005/06/05 20:53:01;  author: eric_mcdonald;  state: Exp;  lines: +0 -14
Ensure that Tkconq and the generic UI code rebuild when AI files are changed.
Add support for autoconf assignment of "sizeof" macros.
Start to add support for making primitve integer types of known size.
Remove or disable more code associated with the colonization plan.
Improve colonization support in constructor oprole.
Prepare support for action masks.
Remove now-unused 'buildingdone' flag.
Delete remnants of special ACP-indep construction code.
----------------------------
revision 1.6.4.3
date: 2005/06/03 02:32:43;  author: eric_mcdonald;  state: Exp;  lines: +16 -75
Make creation and building ACP-less.
Rework build task.
Some more repair-related tests.
Improvement task management. Include support for enqueuing ops.
Fix crashing bug in SDL interface.
Fix apparent bug in net receive code.
Cleanup code.
----------------------------
revision 1.6.4.2
date: 2005/05/29 22:32:28;  author: eric_mcdonald;  state: Exp;  lines: +29 -0
Implement new construction features.
Fix bugs in operational roles.
Fix bug in hp-recovery mechanism.
Improve construction AI.
Fix bugs related to change-type action.
----------------------------
revision 1.6.4.1
date: 2005/05/21 17:29:29;  author: eric_mcdonald;  state: Exp;  lines: +28 -0
Archive or delete some unmaintained games that do not work well.
Implement new construction and repair features.
Improve support for operational roles.
Add tatical-level calculations for AI.
Enhance materials consumption code.
----------------------------
revision 1.6.2.1
date: 2005/06/06 03:18:21;  author: eric_mcdonald;  state: Exp;  lines: +55 -71
Merge in CVS trunk between 'BPT_MSKALA_SUPPLY_11' and 'BPT_MSKALA_SUPPLY_12'.
=============================================================================
