
RCS file: /cvsroot/xconq/xconq/kernel/unit.h,v
Working file: unit.h
head: 1.10
branch:
locks: strict
access list:
symbolic names:
	BPT_EMCDONALD_AI_16: 1.10
	BPT_EMCDONALD_AI_15: 1.10
	SS_7_5_0_0pre_0_20050612: 1.9
	BPT_MSKALA_IMF_3: 1.9
	BPT_MSKALA_SUPPLY_12: 1.9
	BPT_EMCDONALD_AI_14: 1.9
	MPT_EMCDONALD_AI_7: 1.6.2.5
	BPT_EMCDONALD_AI_13: 1.8
	SS_7_5_0_0pre_0_20050501: 1.8
	BPT_EMCDONALD_AI_12: 1.8
	MPT_EMCDONALD_AI_6: 1.6.2.2
	BPT_EMCDONALD_AI_11: 1.7
	SS_7_5_0_0pre_0_20050416: 1.7
	BPT_EMCDONALD_AI_10: 1.7
	MPT_EMCDONALD_AI_5: 1.6.2.1
	BPT_EMCDONALD_AI_9: 1.7
	BPT_EMCDONALD_AI_8: 1.7
	MPT_EMCDONALD_AI_4: 1.6.2.1
	BPT_EMCDONALD_AI_7: 1.7
	MPT_EMCDONALD_AI_3: 1.6.2.1
	BPT_EMCDONALD_AI_6: 1.6
	BPT_MSKALA_SUPPLY_11: 1.6
	BPT_EMCDONALD_AI_5: 1.6
	MPT_EMCDONALD_AI_2: 1.6
	SS_7_5_0_0pre_0_20050322: 1.6
	BPT_MSKALA_SUPPLY_10: 1.6
	BPT_EMCDONALD_AI_4: 1.6
	MPT_EMCDONALD_AI_1: 1.6
	BPT_EMCDONALD_AI_3: 1.6
	BPT_MSKALA_SUPPLY_9: 1.6
	MPT_MSKALA_SUPPLY_3: 1.5.2.1
	BPT_EMCDONALD_AI_2: 1.6
	BPT_MSKALA_SUPPLY_8: 1.6
	MPT_MSKALA_SUPPLY_2: 1.5.2.1
	BPT_MSKALA_SUPPLY_7: 1.6
	BRANCH_EMCDONALD_AI: 1.6.0.2
	BPT_EMCDONALD_AI_1: 1.6
	BPT_MSKALA_SUPPLY_6: 1.6
	SS_7_5_0_0pre_0_20050225: 1.6
	BPT_MSKALA_SUPPLY_5: 1.6
	MPT_MSKALA_SUPPLY_1: 1.5.2.1
	BPT_MSKALA_SUPPLY_4: 1.5
	BPT_MSKALA_SUPPLY_3: 1.5
	BPT_MSKALA_SUPPLY_2: 1.5
	SS_7_5_0_0pre_0_20050208: 1.5
	BPT_MSKALA_IMF_2: 1.5
	BRANCH_MSKALA_SUPPLY: 1.5.0.2
	BPT_MSKALA_SUPPLY_1: 1.5
	SS_7_5_0_0pre_0_20050117: 1.5
	SS_7_5_0_0pre_0_20050108: 1.5
	SS_7_5_0_0pre_0_20041228: 1.3
	BRANCH_MSKALA_IMF: 1.3.0.2
	BPT_MSKALA_IMF_1: 1.3
	SS_7_5_0_0pre_0_20041211: 1.2
	SS_7_5_0_0pre_0_20041126: 1.1.1.1
	GENESIS: 1.1.1.1
	PRIVATE_TREE_1: 1.1.1
keyword substitution: kv
total revisions: 21;	selected revisions: 21
description:
----------------------------
revision 1.10
date: 2005/06/25 22:57:48;  author: eric_mcdonald;  state: Exp;  lines: +0 -13
Remove multi-part units functionality.
----------------------------
revision 1.9
date: 2005/06/06 03:03:47;  author: eric_mcdonald;  state: Exp;  lines: +3 -20
Merge from 'MPT_EMCDONALD_AI_6' to 'MPT_EMCDONALD_AI_7'.
----------------------------
revision 1.8
date: 2005/04/30 23:35:09;  author: eric_mcdonald;  state: Exp;  lines: +1 -1
Merge from 'MPT_EMCDONALD_AI_5' to 'MPT_EMCDONALD_AI_6'.
Many non-AI-related changes included in this merge.
----------------------------
revision 1.7
date: 2005/04/01 02:20:46;  author: eric_mcdonald;  state: Exp;  lines: +1 -0
Merge from 'MPT_EMCDONALD_AI_2' to 'MPT_EMCDONALD_AI_3'.
----------------------------
revision 1.6
date: 2005/02/23 05:06:05;  author: eric_mcdonald;  state: Exp;  lines: +1 -1
branches:  1.6.2;
Merge in changes from root of 'BRANCH_MSKALA_SUPPLY' to 'MPT_MSKALA_SUPPLY_1'.
----------------------------
revision 1.5
date: 2005/01/08 22:14:19;  author: eric_mcdonald;  state: Exp;  lines: +21 -18
branches:  1.5.2;
Improve AI handling of transports.
Do not apply hex masks to borders.
Networking fixes/improvements.
Attempt to make the AI better at building things with mobile units.
Stabilize unit views so that they updated on a per-turn basis again.
Fix occupant/transport display glitches.
Improve transport and occupant indicators.
----------------------------
revision 1.4
date: 2005/01/02 04:45:30;  author: eric_mcdonald;  state: Exp;  lines: +6 -0
Reactivated feature: unit and uview stack ordering.
Bug fix: cycles in uview lists.
Also some cleanup from earlier uview/vision hacking.
----------------------------
revision 1.3
date: 2004/12/11 22:03:51;  author: eric_mcdonald;  state: Exp;  lines: +57 -57
branches:  1.3.2;
Implement action description function and use it in Tkconq.
----------------------------
revision 1.2
date: 2004/12/04 22:24:00;  author: eric_mcdonald;  state: Exp;  lines: +70 -1
Fix building of KWIC pogram with C++ compiler.
Refine and expand "parambox" system for search functions that take predicates.
Two new versions of 'search_around' that use paramboxen.
Begin a namespace for Xconq vars outside of function scope.
Revise 'see_cell' code. (NOTE: This is not perfected yet.)
Fix to 3rd Age game. (Thanks to Kevin O'Gorman for reporting the bug.)
----------------------------
revision 1.1
date: 2004/11/21 03:01:26;  author: eric_mcdonald;  state: Exp;
branches:  1.1.1;
Initial revision
----------------------------
revision 1.1.1.1
date: 2004/11/21 03:01:26;  author: eric_mcdonald;  state: Exp;  lines: +0 -0
Initial import from private repo into SF repo.
----------------------------
revision 1.3.2.2
date: 2005/06/06 03:39:36;  author: eric_mcdonald;  state: Exp;  lines: +5 -21
Merged in all trunk changes between BPT_MSKALA_IMF_2 and BPT_MSKALA_IMF_3.
----------------------------
revision 1.3.2.1
date: 2005/01/28 03:36:15;  author: eric_mcdonald;  state: Exp;  lines: +27 -18
Merge in trunk changes between BPT_MSKALA_IMF_1 and BPT_MSKALA_IMF_2.
----------------------------
revision 1.5.2.2
date: 2005/06/06 03:18:21;  author: eric_mcdonald;  state: Exp;  lines: +4 -20
Merge in CVS trunk between 'BPT_MSKALA_SUPPLY_11' and 'BPT_MSKALA_SUPPLY_12'.
----------------------------
revision 1.5.2.1
date: 2005/01/28 21:54:12;  author: matthewskala;  state: Exp;  lines: +1 -1
Switch from shorts to longs for unit material stores.
Streamline handling of different types of "material-handling thing",
and add support for treasuries.
----------------------------
revision 1.6.2.6
date: 2005/07/10 15:43:07;  author: eric_mcdonald;  state: Exp;  lines: +0 -13
Merge in CVS trunk between 'BPT_EMCDONALD_AI_14' and 'BPT_EMCDONALD_AI_15'.
----------------------------
revision 1.6.2.5
date: 2005/06/05 20:53:01;  author: eric_mcdonald;  state: Exp;  lines: +2 -8
Ensure that Tkconq and the generic UI code rebuild when AI files are changed.
Add support for autoconf assignment of "sizeof" macros.
Start to add support for making primitve integer types of known size.
Remove or disable more code associated with the colonization plan.
Improve colonization support in constructor oprole.
Prepare support for action masks.
Remove now-unused 'buildingdone' flag.
Delete remnants of special ACP-indep construction code.
----------------------------
revision 1.6.2.4
date: 2005/06/03 02:32:44;  author: eric_mcdonald;  state: Exp;  lines: +0 -11
Make creation and building ACP-less.
Rework build task.
Some more repair-related tests.
Improvement task management. Include support for enqueuing ops.
Fix crashing bug in SDL interface.
Fix apparent bug in net receive code.
Cleanup code.
----------------------------
revision 1.6.2.3
date: 2005/05/21 17:29:29;  author: eric_mcdonald;  state: Exp;  lines: +1 -1
Archive or delete some unmaintained games that do not work well.
Implement new construction and repair features.
Improve support for operational roles.
Add tatical-level calculations for AI.
Enhance materials consumption code.
----------------------------
revision 1.6.2.2
date: 2005/04/16 16:20:33;  author: eric_mcdonald;  state: Exp;  lines: +1 -1
Fix bug in auto-upgrade of units.
----------------------------
revision 1.6.2.1
date: 2005/03/29 04:15:50;  author: eric_mcdonald;  state: Exp;  lines: +1 -0
Various and sundry improvements to the AI.
Specific focus on enabling AI use of manual change-type.
Also, allow ACP-less manual change-type.
Update games lib to account for the allowance of ACP-less manual change-type.
=============================================================================
