
RCS file: /cvsroot/xconq/xconq/kernel/world.c,v
Working file: world.c
head: 1.3
branch:
locks: strict
access list:
symbolic names:
	BPT_EMCDONALD_AI_16: 1.3
	BPT_EMCDONALD_AI_15: 1.3
	SS_7_5_0_0pre_0_20050612: 1.3
	BPT_MSKALA_IMF_3: 1.3
	BPT_MSKALA_SUPPLY_12: 1.3
	BPT_EMCDONALD_AI_14: 1.3
	MPT_EMCDONALD_AI_7: 1.3
	BPT_EMCDONALD_AI_13: 1.3
	SS_7_5_0_0pre_0_20050501: 1.3
	BPT_EMCDONALD_AI_12: 1.3
	MPT_EMCDONALD_AI_6: 1.3
	BPT_EMCDONALD_AI_11: 1.3
	SS_7_5_0_0pre_0_20050416: 1.3
	BPT_EMCDONALD_AI_10: 1.3
	MPT_EMCDONALD_AI_5: 1.3
	BPT_EMCDONALD_AI_9: 1.3
	BPT_EMCDONALD_AI_8: 1.3
	MPT_EMCDONALD_AI_4: 1.3
	BPT_EMCDONALD_AI_7: 1.3
	MPT_EMCDONALD_AI_3: 1.3
	BPT_EMCDONALD_AI_6: 1.3
	BPT_MSKALA_SUPPLY_11: 1.3
	BPT_EMCDONALD_AI_5: 1.3
	MPT_EMCDONALD_AI_2: 1.3
	SS_7_5_0_0pre_0_20050322: 1.3
	BPT_MSKALA_SUPPLY_10: 1.3
	BPT_EMCDONALD_AI_4: 1.3
	MPT_EMCDONALD_AI_1: 1.3
	BPT_EMCDONALD_AI_3: 1.3
	BPT_MSKALA_SUPPLY_9: 1.3
	MPT_MSKALA_SUPPLY_3: 1.2.4.1
	BPT_EMCDONALD_AI_2: 1.3
	BPT_MSKALA_SUPPLY_8: 1.3
	MPT_MSKALA_SUPPLY_2: 1.2.4.1
	BPT_MSKALA_SUPPLY_7: 1.3
	BRANCH_EMCDONALD_AI: 1.3.0.2
	BPT_EMCDONALD_AI_1: 1.3
	BPT_MSKALA_SUPPLY_6: 1.3
	SS_7_5_0_0pre_0_20050225: 1.3
	BPT_MSKALA_SUPPLY_5: 1.3
	MPT_MSKALA_SUPPLY_1: 1.2.4.1
	BPT_MSKALA_SUPPLY_4: 1.2
	BPT_MSKALA_SUPPLY_3: 1.2
	BPT_MSKALA_SUPPLY_2: 1.2
	SS_7_5_0_0pre_0_20050208: 1.2
	BPT_MSKALA_IMF_2: 1.2
	BRANCH_MSKALA_SUPPLY: 1.2.0.4
	BPT_MSKALA_SUPPLY_1: 1.2
	SS_7_5_0_0pre_0_20050117: 1.2
	SS_7_5_0_0pre_0_20050108: 1.2
	SS_7_5_0_0pre_0_20041228: 1.2
	BRANCH_MSKALA_IMF: 1.2.0.2
	BPT_MSKALA_IMF_1: 1.2
	SS_7_5_0_0pre_0_20041211: 1.2
	SS_7_5_0_0pre_0_20041126: 1.1.1.1
	GENESIS: 1.1.1.1
	PRIVATE_TREE_1: 1.1.1
keyword substitution: kv
total revisions: 6;	selected revisions: 6
description:
----------------------------
revision 1.3
date: 2005/02/23 05:06:05;  author: eric_mcdonald;  state: Exp;  lines: +2 -2
Merge in changes from root of 'BRANCH_MSKALA_SUPPLY' to 'MPT_MSKALA_SUPPLY_1'.
----------------------------
revision 1.2
date: 2004/12/04 22:24:00;  author: eric_mcdonald;  state: Exp;  lines: +58 -4
branches:  1.2.2;  1.2.4;
Fix building of KWIC pogram with C++ compiler.
Refine and expand "parambox" system for search functions that take predicates.
Two new versions of 'search_around' that use paramboxen.
Begin a namespace for Xconq vars outside of function scope.
Revise 'see_cell' code. (NOTE: This is not perfected yet.)
Fix to 3rd Age game. (Thanks to Kevin O'Gorman for reporting the bug.)
----------------------------
revision 1.1
date: 2004/11/21 03:01:27;  author: eric_mcdonald;  state: Exp;
branches:  1.1.1;
Initial revision
----------------------------
revision 1.1.1.1
date: 2004/11/21 03:01:27;  author: eric_mcdonald;  state: Exp;  lines: +0 -0
Initial import from private repo into SF repo.
----------------------------
revision 1.2.4.1
date: 2005/02/14 01:53:47;  author: matthewskala;  state: Exp;  lines: +2 -2
Unit/treasury (almost complete) and unit/cell (partial) material exchange, documentation.
----------------------------
revision 1.2.2.1
date: 2005/06/06 03:39:36;  author: eric_mcdonald;  state: Exp;  lines: +2 -2
Merged in all trunk changes between BPT_MSKALA_IMF_2 and BPT_MSKALA_IMF_3.
=============================================================================
